2018-10-11 09:45:10,664: control.pubsub.sub.0000: update.0                        : MainThread     : INFO    : python.interpreter   version: 2.7.15 |Anaconda, Inc.| (default, May 1 2018, 23:32:55) [GCC 7.2.0]
2018-10-11 09:45:10,665: control.pubsub.sub.0000: update.0                        : MainThread     : INFO    :                      pid/tid: 76425/MainThread
2018-10-11 09:45:10,665: control.pubsub.sub.0000: update.0                        : MainThread     : INFO    : create control_pubsub - sub - tcp://204.90.41.4:38024
2018-10-11 09:45:10,665: control.pubsub.sub.0000: update.0                        : MainThread     : DEBUG   : start process
2018-10-11 09:45:10,665: control.pubsub.sub.0000: update.0                        : MainThread     : DEBUG   : ru_initialize_common (NOOP)
2018-10-11 09:45:10,665: control.pubsub.sub.0000: update.0                        : MainThread     : DEBUG   : ru_initialize_parent (NOOP)
2018-10-11 09:45:10,665: control.pubsub.sub.0000: update.0                        : MainThread     : DEBUG   : process class started (no child)
2018-10-11 09:45:11,384: control.pubsub.sub.0000: pmgr.0000.launching.0           : MainThread     : INFO    : python.interpreter   version: 2.7.15 |Anaconda, Inc.| (default, May 1 2018, 23:32:55) [GCC 7.2.0]
2018-10-11 09:45:11,384: control.pubsub.sub.0000: pmgr.0000.launching.0           : MainThread     : INFO    :                      pid/tid: 76455/MainThread
2018-10-11 09:45:11,385: control.pubsub.sub.0000: pmgr.0000.launching.0           : MainThread     : INFO    : create control_pubsub - sub - tcp://204.90.41.4:38024
2018-10-11 09:45:11,385: control.pubsub.sub.0000: pmgr.0000.launching.0           : MainThread     : DEBUG   : start process
2018-10-11 09:45:11,385: control.pubsub.sub.0000: pmgr.0000.launching.0           : MainThread     : DEBUG   : ru_initialize_common (NOOP)
2018-10-11 09:45:11,385: control.pubsub.sub.0000: pmgr.0000.launching.0           : MainThread     : DEBUG   : ru_initialize_parent (NOOP)
2018-10-11 09:45:11,385: control.pubsub.sub.0000: pmgr.0000.launching.0           : MainThread     : DEBUG   : process class started (no child)
2018-10-11 09:45:11,487: control.pubsub.sub.0000: MainProcess                     : MainThread     : INFO    : python.interpreter   version: 2.7.15 |Anaconda, Inc.| (default, May 1 2018, 23:32:55) [GCC 7.2.0]
2018-10-11 09:45:11,487: control.pubsub.sub.0000: MainProcess                     : MainThread     : INFO    :                      pid/tid: 76361/MainThread
2018-10-11 09:45:11,487: control.pubsub.sub.0000: MainProcess                     : MainThread     : INFO    : create control_pubsub - sub - tcp://204.90.41.4:38024
2018-10-11 09:45:11,488: control.pubsub.sub.0000: MainProcess                     : MainThread     : DEBUG   : start process
2018-10-11 09:45:11,488: control.pubsub.sub.0000: MainProcess                     : MainThread     : DEBUG   : ru_initialize_common (NOOP)
2018-10-11 09:45:11,488: control.pubsub.sub.0000: MainProcess                     : MainThread     : DEBUG   : ru_initialize_parent (NOOP)
2018-10-11 09:45:11,488: control.pubsub.sub.0000: MainProcess                     : MainThread     : DEBUG   : process class started (no child)
2018-10-11 10:02:42,595: control.pubsub.sub.0000: pmgr.0000.launching.0           : MainThread     : INFO    : parent stops child  76455 -> None [control.pubsub.sub.0000]
2018-10-11 10:02:42,595: control.pubsub.sub.0000: pmgr.0000.launching.0           : MainThread     : DEBUG   : ru_finalize_parent (NOOP)
2018-10-11 10:02:43,099: control.pubsub.sub.0000: MainProcess                     : MainThread     : INFO    : parent stops child  76361 -> None [control.pubsub.sub.0000]
2018-10-11 10:02:43,099: control.pubsub.sub.0000: MainProcess                     : MainThread     : DEBUG   : ru_finalize_parent (NOOP)
2018-10-11 10:02:43,360: control.pubsub.sub.0000: update.0                        : MainThread     : INFO    : parent stops child  76425 -> None [control.pubsub.sub.0000]
2018-10-11 10:02:43,360: control.pubsub.sub.0000: update.0                        : MainThread     : DEBUG   : ru_finalize_parent (NOOP)
