2018-10-11 10:36:08,597: umgr.0000.staging.output.0: MainProcess                     : MainThread     : INFO    : python.interpreter   version: 2.7.15 |Anaconda, Inc.| (default, May 1 2018, 23:32:55) [GCC 7.2.0]
2018-10-11 10:36:08,597: umgr.0000.staging.output.0: MainProcess                     : MainThread     : INFO    :                      pid/tid: 115443/MainThread
2018-10-11 10:36:08,597: umgr.0000.staging.output.0: MainProcess                     : MainThread     : DEBUG   : alive check in term
2018-10-11 10:36:08,597: umgr.0000.staging.output.0: MainProcess                     : MainThread     : DEBUG   : start process
2018-10-11 10:36:08,833: umgr.0000.staging.output.0: MainProcess                     : MainThread     : INFO    : recv message: alive
2018-10-11 10:36:08,834: umgr.0000.staging.output.0: MainProcess                     : MainThread     : INFO    : initialize umgr.0000.staging.output.0
2018-10-11 10:36:08,836: umgr.0000.staging.output.0: MainProcess                     : MainThread     : INFO    : cfg: {'agents': {},
 u'bridges': {u'control_pubsub': {'addr_in': 'tcp://204.90.41.4:37008',
                                  'addr_out': 'tcp://204.90.41.4:37037',
                                  u'bulk_size': 0,
                                  u'log_level': u'error',
                                  u'stall_hwm': 1},
              u'log_pubsub': {'addr_in': 'tcp://204.90.41.4:43562',
                              'addr_out': 'tcp://204.90.41.4:37393',
                              u'bulk_size': 0,
                              u'log_level': u'error',
                              u'stall_hwm': 1},
              u'state_pubsub': {'addr_in': 'tcp://204.90.41.4:40523',
                                'addr_out': 'tcp://204.90.41.4:40568',
                                u'bulk_size': 0,
                                u'log_level': u'error',
                                u'stall_hwm': 1},
              u'umgr_reschedule_pubsub': {'addr_in': 'tcp://204.90.41.4:41360',
                                          'addr_out': 'tcp://204.90.41.4:39639',
                                          u'bulk_size': 0,
                                          u'log_level': u'error',
                                          u'stall_hwm': 1},
              u'umgr_scheduling_queue': {'addr_in': 'tcp://204.90.41.4:36377',
                                         'addr_out': 'tcp://204.90.41.4:40689',
                                         u'bulk_size': 0,
                                         u'log_level': u'error',
                                         u'stall_hwm': 1},
              u'umgr_staging_input_queue': {'addr_in': 'tcp://204.90.41.4:34534',
                                            'addr_out': 'tcp://204.90.41.4:40254',
                                            u'bulk_size': 0,
                                            u'log_level': u'error',
                                            u'stall_hwm': 1},
              u'umgr_staging_output_queue': {'addr_in': 'tcp://204.90.41.4:46159',
                                             'addr_out': 'tcp://204.90.41.4:39372',
                                             u'bulk_size': 0,
                                             u'log_level': u'error',
                                             u'stall_hwm': 1},
              u'umgr_unschedule_pubsub': {'addr_in': 'tcp://204.90.41.4:36192',
                                          'addr_out': 'tcp://204.90.41.4:38338',
                                          u'bulk_size': 0,
                                          u'log_level': u'error',
                                          u'stall_hwm': 1}},
 u'bulk_collection_size': 100,
 u'bulk_collection_time': 1.0,
 'cname': u'UMGRStagingOutputComponent',
 u'components': {},
 u'count': 1,
 u'db_poll_sleeptime': 1.0,
 'number': 0,
 'owner': 'umgr.0000',
 u'scheduler': u'round_robin',
 'uid': 'umgr.0000'}
2018-10-11 10:36:08,836: umgr.0000.staging.output.0: MainProcess                     : MainThread     : DEBUG   : alive check in term
2018-10-11 10:36:08,837: umgr.0000.staging.output.0: MainProcess                     : MainThread     : DEBUG   : START: umgr.0000.staging.output.0 register publisher log_pubsub
2018-10-11 10:36:08,837: umgr.0000.staging.output.0: MainProcess                     : MainThread     : DEBUG   : using addr tcp://204.90.41.4:43562 for pubsub log_pubsub
2018-10-11 10:36:08,842: umgr.0000.staging.output.0: MainProcess                     : MainThread     : DEBUG   : registered publisher : log_pubsub : log.pubsub.pub.0004
2018-10-11 10:36:08,843: umgr.0000.staging.output.0: MainProcess                     : MainThread     : DEBUG   : alive check in term
2018-10-11 10:36:08,843: umgr.0000.staging.output.0: MainProcess                     : MainThread     : DEBUG   : START: umgr.0000.staging.output.0 register publisher state_pubsub
2018-10-11 10:36:08,843: umgr.0000.staging.output.0: MainProcess                     : MainThread     : DEBUG   : using addr tcp://204.90.41.4:40523 for pubsub state_pubsub
2018-10-11 10:36:08,849: umgr.0000.staging.output.0: MainProcess                     : MainThread     : DEBUG   : registered publisher : state_pubsub : state.pubsub.pub.0004
2018-10-11 10:36:08,849: umgr.0000.staging.output.0: MainProcess                     : MainThread     : DEBUG   : alive check in term
2018-10-11 10:36:08,849: umgr.0000.staging.output.0: MainProcess                     : MainThread     : DEBUG   : START: umgr.0000.staging.output.0 register publisher control_pubsub
2018-10-11 10:36:08,849: umgr.0000.staging.output.0: MainProcess                     : MainThread     : DEBUG   : using addr tcp://204.90.41.4:37008 for pubsub control_pubsub
2018-10-11 10:36:08,855: umgr.0000.staging.output.0: MainProcess                     : MainThread     : DEBUG   : registered publisher : control_pubsub : control.pubsub.pub.0004
2018-10-11 10:36:08,855: umgr.0000.staging.output.0: MainProcess                     : MainThread     : DEBUG   : parent name: umgr.0000.staging.output.0.watch
2018-10-11 10:36:08,856: umgr.0000.staging.output.0: MainProcess                     : MainThread     : DEBUG   : start thread
2018-10-11 10:36:08,866: umgr.0000.staging.output.0: MainProcess                     : umgr.0000.staging.output.0.watch: DEBUG   : child name: umgr.0000.staging.output.0.watch.thread
2018-10-11 10:36:08,866: umgr.0000.staging.output.0: MainProcess                     : umgr.0000.staging.output.0.watch: INFO    : child (me) initializing
2018-10-11 10:36:08,866: umgr.0000.staging.output.0: MainProcess                     : umgr.0000.staging.output.0.watch: DEBUG   : ru_initialize_common (NOOP)
2018-10-11 10:36:08,866: umgr.0000.staging.output.0: MainProcess                     : umgr.0000.staging.output.0.watch: DEBUG   : ru_initialize_child (NOOP)
2018-10-11 10:36:08,866: umgr.0000.staging.output.0: MainProcess                     : umgr.0000.staging.output.0.watch: INFO    : send alive
2018-10-11 10:36:08,866: umgr.0000.staging.output.0: MainProcess                     : umgr.0000.staging.output.0.watch: INFO    : put message: [umgr.0000.staging.output.0.watch.thread] alive
2018-10-11 10:36:08,867: umgr.0000.staging.output.0: MainProcess                     : MainThread     : INFO    : get msg: alive
2018-10-11 10:36:08,867: umgr.0000.staging.output.0: MainProcess                     : MainThread     : DEBUG   : ru_initialize_common (NOOP)
2018-10-11 10:36:08,867: umgr.0000.staging.output.0: MainProcess                     : MainThread     : DEBUG   : ru_initialize_parent (NOOP)
2018-10-11 10:36:08,868: umgr.0000.staging.output.0: MainProcess                     : MainThread     : DEBUG   : child thread umgr.0000.staging.output.0.watch started
2018-10-11 10:36:08,868: umgr.0000.staging.output.0: MainProcess                     : MainThread     : INFO    : child is alive
2018-10-11 10:36:08,868: umgr.0000.staging.output.0: MainProcess                     : MainThread     : DEBUG   : process class started child
2018-10-11 10:54:11,805: umgr.0000.staging.output.0: MainProcess                     : MainThread     : INFO    : stop umgr.0000.staging.output.0 (115443 : 115851 : MainThread) [radical.pilot.unit_manager.UnitManager.finalize_parent]
2018-10-11 10:54:11,807: umgr.0000.staging.output.0: MainProcess                     : MainThread     : INFO    : parent stops child  115443 -> 115851 [umgr.0000.staging.output.0]
2018-10-11 10:54:11,807: umgr.0000.staging.output.0: MainProcess                     : MainThread     : INFO    : send message: [umgr.0000.staging.output.0] STOP
2018-10-11 10:54:11,807: umgr.0000.staging.output.0: MainProcess                     : MainThread     : DEBUG   : ru_finalize_common()
2018-10-11 10:54:11,807: umgr.0000.staging.output.0: MainProcess                     : MainThread     : DEBUG   : TERM : umgr.0000.staging.output.0 unregister publisher log_pubsub
2018-10-11 10:54:11,816: umgr.0000.staging.output.0: MainProcess                     : MainThread     : DEBUG   : unregistered publisher log_pubsub
2018-10-11 10:54:11,816: umgr.0000.staging.output.0: MainProcess                     : MainThread     : DEBUG   : TERM : umgr.0000.staging.output.0 unregister publisher state_pubsub
2018-10-11 10:54:11,816: umgr.0000.staging.output.0: MainProcess                     : MainThread     : DEBUG   : unregistered publisher state_pubsub
2018-10-11 10:54:11,817: umgr.0000.staging.output.0: MainProcess                     : MainThread     : DEBUG   : TERM : umgr.0000.staging.output.0 unregister publisher control_pubsub
2018-10-11 10:54:11,821: umgr.0000.staging.output.0: MainProcess                     : MainThread     : DEBUG   : unregistered publisher control_pubsub
2018-10-11 10:54:11,821: umgr.0000.staging.output.0: MainProcess                     : MainThread     : DEBUG   : umgr.0000.staging.output.0 close prof
2018-10-11 10:54:11,821: umgr.0000.staging.output.0: MainProcess                     : MainThread     : INFO    : parent stops child
2018-10-11 10:54:11,822: umgr.0000.staging.output.0: MainProcess                     : MainThread     : DEBUG   : ru_finalize_parent (NOOP)
2018-10-11 10:54:11,822: umgr.0000.staging.output.0: MainProcess                     : MainThread     : DEBUG   : ru_finalize_common (NOOP)
2018-10-11 10:54:11,863: umgr.0000.staging.output.0: MainProcess                     : umgr.0000.staging.output.0.watch: INFO    : watcher closes
2018-10-11 10:54:11,863: umgr.0000.staging.output.0: MainProcess                     : umgr.0000.staging.output.0.watch: INFO    : put message: [umgr.0000.staging.output.0.watch.thread] work finished
2018-10-11 10:54:11,863: umgr.0000.staging.output.0: MainProcess                     : umgr.0000.staging.output.0.watch: DEBUG   : ru_finalize_child (NOOP)
2018-10-11 10:54:11,863: umgr.0000.staging.output.0: MainProcess                     : umgr.0000.staging.output.0.watch: DEBUG   : ru_finalize_common (NOOP)
2018-10-11 10:54:11,863: umgr.0000.staging.output.0: MainProcess                     : umgr.0000.staging.output.0.watch: INFO    : put message: [umgr.0000.staging.output.0.watch.thread] terminating
2018-10-11 10:54:16,636: umgr.0000.staging.output.0: MainProcess                     : MainThread     : INFO    : stop umgr.0000.staging.output.0 (115443 : 115851 : MainThread) [radical.pilot.utils.component.UnitManager.ru_finalize_common]
2018-10-11 10:54:21,452: umgr.0000.staging.output.0: MainProcess                     : MainThread     : INFO    : stop umgr.0000.staging.output.0 (115443 : 115851 : MainThread) [radical.pilot.session.Session.close]
