2018-10-11 10:36:04,094: update.0.child      : update.0                        : MainThread     : INFO    : python.interpreter   version: 2.7.15 |Anaconda, Inc.| (default, May 1 2018, 23:32:55) [GCC 7.2.0]
2018-10-11 10:36:04,095: update.0.child      : update.0                        : MainThread     : INFO    :                      pid/tid: 115505/MainThread
2018-10-11 10:36:04,095: update.0.child      : update.0                        : MainThread     : INFO    : initialize update.0.child
2018-10-11 10:36:04,096: update.0.child      : update.0                        : MainThread     : INFO    : cfg: {'agents': {},
 u'bridges': {u'control_pubsub': {'addr_in': 'tcp://204.90.41.4:37008',
                                  'addr_out': 'tcp://204.90.41.4:37037',
                                  u'bulk_size': 0,
                                  u'log_level': u'error',
                                  u'stall_hwm': 1},
              u'log_pubsub': {'addr_in': 'tcp://204.90.41.4:43562',
                              'addr_out': 'tcp://204.90.41.4:37393',
                              u'bulk_size': 0,
                              u'log_level': u'error',
                              u'stall_hwm': 1},
              u'state_pubsub': {'addr_in': 'tcp://204.90.41.4:40523',
                                'addr_out': 'tcp://204.90.41.4:40568',
                                u'bulk_size': 0,
                                u'log_level': u'error',
                                u'stall_hwm': 1}},
 'cname': u'UpdateWorker',
 u'components': {},
 u'count': 1,
 'dburl': 'mongodb://aymenfja:123456789@ds127490.mlab.com:27490/radicallab',
 u'default_dburl': u'mongodb://rp:rp@ds015335.mlab.com:15335/rp',
 'logdir': '/home/sdimitro/rp.session.smic004.sdimitro.017815.0063',
 'number': 0,
 'owner': 'rp.session.smic004.sdimitro.017815.0063',
 'session_id': 'rp.session.smic004.sdimitro.017815.0063'}
2018-10-11 10:36:04,096: update.0.child      : update.0                        : MainThread     : DEBUG   : start components: {}
2018-10-11 10:36:04,096: update.0.child      : update.0                        : MainThread     : DEBUG   : alive check in term
2018-10-11 10:36:04,096: update.0.child      : update.0                        : MainThread     : DEBUG   : START: update.0.child register publisher log_pubsub
2018-10-11 10:36:04,097: update.0.child      : update.0                        : MainThread     : DEBUG   : using addr tcp://204.90.41.4:43562 for pubsub log_pubsub
2018-10-11 10:36:04,103: update.0.child      : update.0                        : MainThread     : DEBUG   : registered publisher : log_pubsub : log.pubsub.pub.0000
2018-10-11 10:36:04,103: update.0.child      : update.0                        : MainThread     : DEBUG   : alive check in term
2018-10-11 10:36:04,103: update.0.child      : update.0                        : MainThread     : DEBUG   : START: update.0.child register publisher state_pubsub
2018-10-11 10:36:04,103: update.0.child      : update.0                        : MainThread     : DEBUG   : using addr tcp://204.90.41.4:40523 for pubsub state_pubsub
2018-10-11 10:36:04,109: update.0.child      : update.0                        : MainThread     : DEBUG   : registered publisher : state_pubsub : state.pubsub.pub.0000
2018-10-11 10:36:04,109: update.0.child      : update.0                        : MainThread     : DEBUG   : alive check in term
2018-10-11 10:36:04,109: update.0.child      : update.0                        : MainThread     : DEBUG   : START: update.0.child register publisher control_pubsub
2018-10-11 10:36:04,109: update.0.child      : update.0                        : MainThread     : DEBUG   : using addr tcp://204.90.41.4:37008 for pubsub control_pubsub
2018-10-11 10:36:04,115: update.0.child      : update.0                        : MainThread     : DEBUG   : registered publisher : control_pubsub : control.pubsub.pub.0000
2018-10-11 10:36:04,120: update.0.child      : update.0                        : MainThread     : DEBUG   : alive check in term
2018-10-11 10:36:04,120: update.0.child      : update.0                        : MainThread     : DEBUG   : START: update.0.child register subscriber update.0.child.subscriber._cancel_monitor_cb
2018-10-11 10:36:04,120: update.0.child      : update.0                        : MainThread     : DEBUG   : using addr tcp://204.90.41.4:37037 for pubsub control_pubsub
2018-10-11 10:36:04,126: update.0.child      : update.0                        : MainThread     : DEBUG   : parent name: update.0.child.subscriber._cancel_monitor_cb
2018-10-11 10:36:04,126: update.0.child      : update.0                        : MainThread     : DEBUG   : start thread
2018-10-11 10:36:04,137: update.0.child      : update.0                        : update.0.child.subscriber._cancel_monitor_cb: DEBUG   : child name: update.0.child.subscriber._cancel_monitor_cb.thread
2018-10-11 10:36:04,137: update.0.child      : update.0                        : update.0.child.subscriber._cancel_monitor_cb: INFO    : child (me) initializing
2018-10-11 10:36:04,137: update.0.child      : update.0                        : update.0.child.subscriber._cancel_monitor_cb: DEBUG   : ru_initialize_common (NOOP)
2018-10-11 10:36:04,137: update.0.child      : update.0                        : update.0.child.subscriber._cancel_monitor_cb: DEBUG   : ru_initialize_child (NOOP)
2018-10-11 10:36:04,137: update.0.child      : update.0                        : update.0.child.subscriber._cancel_monitor_cb: INFO    : send alive
2018-10-11 10:36:04,137: update.0.child      : update.0                        : update.0.child.subscriber._cancel_monitor_cb: INFO    : put message: [update.0.child.subscriber._cancel_monitor_cb.thread] alive
2018-10-11 10:36:04,138: update.0.child      : update.0                        : MainThread     : INFO    : get msg: alive
2018-10-11 10:36:04,138: update.0.child      : update.0                        : MainThread     : DEBUG   : ru_initialize_common (NOOP)
2018-10-11 10:36:04,138: update.0.child      : update.0                        : MainThread     : DEBUG   : ru_initialize_parent (NOOP)
2018-10-11 10:36:04,138: update.0.child      : update.0                        : MainThread     : DEBUG   : child thread update.0.child.subscriber._cancel_monitor_cb started
2018-10-11 10:36:04,138: update.0.child      : update.0                        : MainThread     : DEBUG   : update.0.child registered control_pubsub subscriber update.0.child.subscriber._cancel_monitor_cb
2018-10-11 10:36:04,474: update.0.child      : update.0                        : MainThread     : DEBUG   : alive check in term
2018-10-11 10:36:04,474: update.0.child      : update.0                        : MainThread     : DEBUG   : START: update.0.child register subscriber update.0.child.subscriber._state_cb
2018-10-11 10:36:04,474: update.0.child      : update.0                        : MainThread     : DEBUG   : using addr tcp://204.90.41.4:40568 for pubsub state_pubsub
2018-10-11 10:36:04,480: update.0.child      : update.0                        : MainThread     : DEBUG   : parent name: update.0.child.subscriber._state_cb
2018-10-11 10:36:04,481: update.0.child      : update.0                        : MainThread     : DEBUG   : start thread
2018-10-11 10:36:04,491: update.0.child      : update.0                        : update.0.child.subscriber._state_cb: DEBUG   : child name: update.0.child.subscriber._state_cb.thread
2018-10-11 10:36:04,496: update.0.child      : update.0                        : update.0.child.subscriber._state_cb: INFO    : child (me) initializing
2018-10-11 10:36:04,496: update.0.child      : update.0                        : update.0.child.subscriber._state_cb: DEBUG   : ru_initialize_common (NOOP)
2018-10-11 10:36:04,496: update.0.child      : update.0                        : update.0.child.subscriber._state_cb: DEBUG   : ru_initialize_child (NOOP)
2018-10-11 10:36:04,496: update.0.child      : update.0                        : update.0.child.subscriber._state_cb: INFO    : send alive
2018-10-11 10:36:04,496: update.0.child      : update.0                        : update.0.child.subscriber._state_cb: INFO    : put message: [update.0.child.subscriber._state_cb.thread] alive
2018-10-11 10:36:04,498: update.0.child      : update.0                        : MainThread     : INFO    : get msg: alive
2018-10-11 10:36:04,498: update.0.child      : update.0                        : MainThread     : DEBUG   : ru_initialize_common (NOOP)
2018-10-11 10:36:04,498: update.0.child      : update.0                        : MainThread     : DEBUG   : ru_initialize_parent (NOOP)
2018-10-11 10:36:04,498: update.0.child      : update.0                        : MainThread     : DEBUG   : child thread update.0.child.subscriber._state_cb started
2018-10-11 10:36:04,499: update.0.child      : update.0                        : MainThread     : DEBUG   : update.0.child registered state_pubsub subscriber update.0.child.subscriber._state_cb
2018-10-11 10:36:04,499: update.0.child      : update.0                        : MainThread     : DEBUG   : alive check in term
2018-10-11 10:36:04,499: update.0.child      : update.0                        : MainThread     : DEBUG   : START: update.0.child register idler update.0.child.idler._idle_cb
2018-10-11 10:36:04,499: update.0.child      : update.0                        : MainThread     : DEBUG   : parent name: update.0.child.idler._idle_cb
2018-10-11 10:36:04,499: update.0.child      : update.0                        : MainThread     : DEBUG   : start thread
2018-10-11 10:36:04,510: update.0.child      : update.0                        : update.0.child.idler._idle_cb: DEBUG   : child name: update.0.child.idler._idle_cb.thread
2018-10-11 10:36:04,510: update.0.child      : update.0                        : update.0.child.idler._idle_cb: INFO    : child (me) initializing
2018-10-11 10:36:04,510: update.0.child      : update.0                        : update.0.child.idler._idle_cb: DEBUG   : ru_initialize_common (NOOP)
2018-10-11 10:36:04,510: update.0.child      : update.0                        : update.0.child.idler._idle_cb: DEBUG   : ru_initialize_child (NOOP)
2018-10-11 10:36:04,510: update.0.child      : update.0                        : update.0.child.idler._idle_cb: INFO    : send alive
2018-10-11 10:36:04,510: update.0.child      : update.0                        : update.0.child.idler._idle_cb: INFO    : put message: [update.0.child.idler._idle_cb.thread] alive
2018-10-11 10:36:04,511: update.0.child      : update.0                        : MainThread     : INFO    : get msg: alive
2018-10-11 10:36:04,511: update.0.child      : update.0                        : MainThread     : DEBUG   : ru_initialize_common (NOOP)
2018-10-11 10:36:04,511: update.0.child      : update.0                        : MainThread     : DEBUG   : ru_initialize_parent (NOOP)
2018-10-11 10:36:04,511: update.0.child      : update.0                        : MainThread     : DEBUG   : child thread update.0.child.idler._idle_cb started
2018-10-11 10:36:04,511: update.0.child      : update.0                        : MainThread     : DEBUG   : update.0.child registered idler update.0.child.idler._idle_cb
2018-10-11 10:36:04,516: update.0.child      : update.0                        : MainThread     : INFO    : child (me) initializing
2018-10-11 10:36:04,516: update.0.child      : update.0                        : MainThread     : DEBUG   : parent name: update.0.child.watch
2018-10-11 10:36:04,516: update.0.child      : update.0                        : MainThread     : DEBUG   : start thread
2018-10-11 10:36:04,527: update.0.child      : update.0                        : update.0.child.watch: DEBUG   : child name: update.0.child.watch.thread
2018-10-11 10:36:04,527: update.0.child      : update.0                        : update.0.child.watch: INFO    : child (me) initializing
2018-10-11 10:36:04,527: update.0.child      : update.0                        : update.0.child.watch: DEBUG   : ru_initialize_common (NOOP)
2018-10-11 10:36:04,527: update.0.child      : update.0                        : update.0.child.watch: DEBUG   : ru_initialize_child (NOOP)
2018-10-11 10:36:04,527: update.0.child      : update.0                        : update.0.child.watch: INFO    : send alive
2018-10-11 10:36:04,527: update.0.child      : update.0                        : update.0.child.watch: INFO    : put message: [update.0.child.watch.thread] alive
2018-10-11 10:36:04,528: update.0.child      : update.0                        : MainThread     : INFO    : get msg: alive
2018-10-11 10:36:04,528: update.0.child      : update.0                        : MainThread     : DEBUG   : ru_initialize_common (NOOP)
2018-10-11 10:36:04,528: update.0.child      : update.0                        : MainThread     : DEBUG   : ru_initialize_parent (NOOP)
2018-10-11 10:36:04,528: update.0.child      : update.0                        : MainThread     : DEBUG   : child thread update.0.child.watch started
2018-10-11 10:36:04,528: update.0.child      : update.0                        : MainThread     : INFO    : child (me) is alive
2018-10-11 10:36:04,528: update.0.child      : update.0                        : MainThread     : INFO    : send alive
2018-10-11 10:36:04,529: update.0.child      : update.0                        : MainThread     : INFO    : send message: [update.0.child] alive
2018-10-11 10:36:07,672: update.0.child      : update.0                        : update.0.child.subscriber._state_cb: DEBUG   : bulk update result: {'nModified': 1, 'nUpserted': 0, 'nMatched': 1, 'writeErrors': [], 'upserted': [], 'writeConcernErrors': [], 'nRemoved': 0, 'nInserted': 0}
2018-10-11 10:36:09,471: update.0.child      : update.0                        : update.0.child.subscriber._cancel_monitor_cb: DEBUG   : command ignored: add_pilots
2018-10-11 10:36:09,574: update.0.child      : update.0                        : update.0.child.idler._idle_cb: DEBUG   : bulk update result: {'nModified': 1, 'nUpserted': 0, 'nMatched': 1, 'writeErrors': [], 'upserted': [], 'writeConcernErrors': [], 'nRemoved': 0, 'nInserted': 0}
2018-10-11 10:36:10,343: update.0.child      : update.0                        : update.0.child.subscriber._state_cb: DEBUG   : bulk update result: {'nModified': 160, 'nUpserted': 0, 'nMatched': 160, 'writeErrors': [], 'upserted': [], 'writeConcernErrors': [], 'nRemoved': 0, 'nInserted': 0}
2018-10-11 10:36:10,520: update.0.child      : update.0                        : update.0.child.subscriber._state_cb: DEBUG   : bulk update result: {'nModified': 160, 'nUpserted': 0, 'nMatched': 160, 'writeErrors': [], 'upserted': [], 'writeConcernErrors': [], 'nRemoved': 0, 'nInserted': 0}
2018-10-11 10:36:11,886: update.0.child      : update.0                        : update.0.child.idler._idle_cb: DEBUG   : bulk update result: {'nModified': 80, 'nUpserted': 0, 'nMatched': 80, 'writeErrors': [], 'upserted': [], 'writeConcernErrors': [], 'nRemoved': 0, 'nInserted': 0}
2018-10-11 10:37:57,080: update.0.child      : update.0                        : update.0.child.subscriber._state_cb: DEBUG   : bulk update result: {'nModified': 1, 'nUpserted': 0, 'nMatched': 1, 'writeErrors': [], 'upserted': [], 'writeConcernErrors': [], 'nRemoved': 0, 'nInserted': 0}
2018-10-11 10:38:57,026: update.0.child      : update.0                        : update.0.child.subscriber._state_cb: DEBUG   : bulk update result: {'nModified': 1, 'nUpserted': 0, 'nMatched': 1, 'writeErrors': [], 'upserted': [], 'writeConcernErrors': [], 'nRemoved': 0, 'nInserted': 0}
2018-10-11 10:44:04,119: update.0.child      : update.0                        : update.0.child.subscriber._state_cb: DEBUG   : bulk update result: {'nModified': 1, 'nUpserted': 0, 'nMatched': 1, 'writeErrors': [], 'upserted': [], 'writeConcernErrors': [], 'nRemoved': 0, 'nInserted': 0}
2018-10-11 10:44:05,274: update.0.child      : update.0                        : update.0.child.idler._idle_cb: DEBUG   : bulk update result: {'nModified': 2, 'nUpserted': 0, 'nMatched': 2, 'writeErrors': [], 'upserted': [], 'writeConcernErrors': [], 'nRemoved': 0, 'nInserted': 0}
2018-10-11 10:45:08,567: update.0.child      : update.0                        : update.0.child.subscriber._state_cb: DEBUG   : bulk update result: {'nModified': 1, 'nUpserted': 0, 'nMatched': 1, 'writeErrors': [], 'upserted': [], 'writeConcernErrors': [], 'nRemoved': 0, 'nInserted': 0}
2018-10-11 10:45:09,627: update.0.child      : update.0                        : update.0.child.idler._idle_cb: DEBUG   : bulk update result: {'nModified': 2, 'nUpserted': 0, 'nMatched': 2, 'writeErrors': [], 'upserted': [], 'writeConcernErrors': [], 'nRemoved': 0, 'nInserted': 0}
2018-10-11 10:45:34,997: update.0.child      : update.0                        : update.0.child.subscriber._state_cb: DEBUG   : bulk update result: {'nModified': 1, 'nUpserted': 0, 'nMatched': 1, 'writeErrors': [], 'upserted': [], 'writeConcernErrors': [], 'nRemoved': 0, 'nInserted': 0}
2018-10-11 10:45:36,797: update.0.child      : update.0                        : update.0.child.idler._idle_cb: DEBUG   : bulk update result: {'nModified': 2, 'nUpserted': 0, 'nMatched': 2, 'writeErrors': [], 'upserted': [], 'writeConcernErrors': [], 'nRemoved': 0, 'nInserted': 0}
2018-10-11 10:45:39,663: update.0.child      : update.0                        : update.0.child.subscriber._state_cb: DEBUG   : bulk update result: {'nModified': 1, 'nUpserted': 0, 'nMatched': 1, 'writeErrors': [], 'upserted': [], 'writeConcernErrors': [], 'nRemoved': 0, 'nInserted': 0}
2018-10-11 10:45:40,855: update.0.child      : update.0                        : update.0.child.idler._idle_cb: DEBUG   : bulk update result: {'nModified': 2, 'nUpserted': 0, 'nMatched': 2, 'writeErrors': [], 'upserted': [], 'writeConcernErrors': [], 'nRemoved': 0, 'nInserted': 0}
2018-10-11 10:46:03,775: update.0.child      : update.0                        : update.0.child.subscriber._state_cb: DEBUG   : bulk update result: {'nModified': 1, 'nUpserted': 0, 'nMatched': 1, 'writeErrors': [], 'upserted': [], 'writeConcernErrors': [], 'nRemoved': 0, 'nInserted': 0}
2018-10-11 10:46:05,012: update.0.child      : update.0                        : update.0.child.idler._idle_cb: DEBUG   : bulk update result: {'nModified': 2, 'nUpserted': 0, 'nMatched': 2, 'writeErrors': [], 'upserted': [], 'writeConcernErrors': [], 'nRemoved': 0, 'nInserted': 0}
2018-10-11 10:46:07,199: update.0.child      : update.0                        : update.0.child.subscriber._state_cb: DEBUG   : bulk update result: {'nModified': 1, 'nUpserted': 0, 'nMatched': 1, 'writeErrors': [], 'upserted': [], 'writeConcernErrors': [], 'nRemoved': 0, 'nInserted': 0}
2018-10-11 10:46:09,069: update.0.child      : update.0                        : update.0.child.idler._idle_cb: DEBUG   : bulk update result: {'nModified': 2, 'nUpserted': 0, 'nMatched': 2, 'writeErrors': [], 'upserted': [], 'writeConcernErrors': [], 'nRemoved': 0, 'nInserted': 0}
2018-10-11 10:46:16,441: update.0.child      : update.0                        : update.0.child.subscriber._state_cb: DEBUG   : bulk update result: {'nModified': 1, 'nUpserted': 0, 'nMatched': 1, 'writeErrors': [], 'upserted': [], 'writeConcernErrors': [], 'nRemoved': 0, 'nInserted': 0}
2018-10-11 10:46:18,152: update.0.child      : update.0                        : update.0.child.idler._idle_cb: DEBUG   : bulk update result: {'nModified': 2, 'nUpserted': 0, 'nMatched': 2, 'writeErrors': [], 'upserted': [], 'writeConcernErrors': [], 'nRemoved': 0, 'nInserted': 0}
2018-10-11 10:46:27,906: update.0.child      : update.0                        : update.0.child.subscriber._state_cb: DEBUG   : bulk update result: {'nModified': 1, 'nUpserted': 0, 'nMatched': 1, 'writeErrors': [], 'upserted': [], 'writeConcernErrors': [], 'nRemoved': 0, 'nInserted': 0}
2018-10-11 10:46:29,049: update.0.child      : update.0                        : update.0.child.subscriber._state_cb: DEBUG   : bulk update result: {'nModified': 3, 'nUpserted': 0, 'nMatched': 3, 'writeErrors': [], 'upserted': [], 'writeConcernErrors': [], 'nRemoved': 0, 'nInserted': 0}
2018-10-11 10:46:30,249: update.0.child      : update.0                        : update.0.child.idler._idle_cb: DEBUG   : bulk update result: {'nModified': 2, 'nUpserted': 0, 'nMatched': 2, 'writeErrors': [], 'upserted': [], 'writeConcernErrors': [], 'nRemoved': 0, 'nInserted': 0}
2018-10-11 10:46:37,333: update.0.child      : update.0                        : update.0.child.subscriber._state_cb: DEBUG   : bulk update result: {'nModified': 1, 'nUpserted': 0, 'nMatched': 1, 'writeErrors': [], 'upserted': [], 'writeConcernErrors': [], 'nRemoved': 0, 'nInserted': 0}
2018-10-11 10:46:39,332: update.0.child      : update.0                        : update.0.child.idler._idle_cb: DEBUG   : bulk update result: {'nModified': 2, 'nUpserted': 0, 'nMatched': 2, 'writeErrors': [], 'upserted': [], 'writeConcernErrors': [], 'nRemoved': 0, 'nInserted': 0}
2018-10-11 10:47:25,110: update.0.child      : update.0                        : update.0.child.subscriber._state_cb: DEBUG   : bulk update result: {'nModified': 1, 'nUpserted': 0, 'nMatched': 1, 'writeErrors': [], 'upserted': [], 'writeConcernErrors': [], 'nRemoved': 0, 'nInserted': 0}
2018-10-11 10:47:26,604: update.0.child      : update.0                        : update.0.child.idler._idle_cb: DEBUG   : bulk update result: {'nModified': 2, 'nUpserted': 0, 'nMatched': 2, 'writeErrors': [], 'upserted': [], 'writeConcernErrors': [], 'nRemoved': 0, 'nInserted': 0}
2018-10-11 10:47:47,030: update.0.child      : update.0                        : update.0.child.subscriber._state_cb: DEBUG   : bulk update result: {'nModified': 1, 'nUpserted': 0, 'nMatched': 1, 'writeErrors': [], 'upserted': [], 'writeConcernErrors': [], 'nRemoved': 0, 'nInserted': 0}
2018-10-11 10:47:48,752: update.0.child      : update.0                        : update.0.child.idler._idle_cb: DEBUG   : bulk update result: {'nModified': 2, 'nUpserted': 0, 'nMatched': 2, 'writeErrors': [], 'upserted': [], 'writeConcernErrors': [], 'nRemoved': 0, 'nInserted': 0}
2018-10-11 10:47:52,853: update.0.child      : update.0                        : update.0.child.subscriber._state_cb: DEBUG   : bulk update result: {'nModified': 1, 'nUpserted': 0, 'nMatched': 1, 'writeErrors': [], 'upserted': [], 'writeConcernErrors': [], 'nRemoved': 0, 'nInserted': 0}
2018-10-11 10:47:54,819: update.0.child      : update.0                        : update.0.child.idler._idle_cb: DEBUG   : bulk update result: {'nModified': 2, 'nUpserted': 0, 'nMatched': 2, 'writeErrors': [], 'upserted': [], 'writeConcernErrors': [], 'nRemoved': 0, 'nInserted': 0}
2018-10-11 10:47:58,808: update.0.child      : update.0                        : update.0.child.subscriber._state_cb: DEBUG   : bulk update result: {'nModified': 1, 'nUpserted': 0, 'nMatched': 1, 'writeErrors': [], 'upserted': [], 'writeConcernErrors': [], 'nRemoved': 0, 'nInserted': 0}
2018-10-11 10:47:59,882: update.0.child      : update.0                        : update.0.child.idler._idle_cb: DEBUG   : bulk update result: {'nModified': 2, 'nUpserted': 0, 'nMatched': 2, 'writeErrors': [], 'upserted': [], 'writeConcernErrors': [], 'nRemoved': 0, 'nInserted': 0}
2018-10-11 10:48:10,570: update.0.child      : update.0                        : update.0.child.subscriber._state_cb: DEBUG   : bulk update result: {'nModified': 1, 'nUpserted': 0, 'nMatched': 1, 'writeErrors': [], 'upserted': [], 'writeConcernErrors': [], 'nRemoved': 0, 'nInserted': 0}
2018-10-11 10:48:11,980: update.0.child      : update.0                        : update.0.child.idler._idle_cb: DEBUG   : bulk update result: {'nModified': 2, 'nUpserted': 0, 'nMatched': 2, 'writeErrors': [], 'upserted': [], 'writeConcernErrors': [], 'nRemoved': 0, 'nInserted': 0}
2018-10-11 10:48:20,083: update.0.child      : update.0                        : update.0.child.subscriber._state_cb: DEBUG   : bulk update result: {'nModified': 1, 'nUpserted': 0, 'nMatched': 1, 'writeErrors': [], 'upserted': [], 'writeConcernErrors': [], 'nRemoved': 0, 'nInserted': 0}
2018-10-11 10:48:22,067: update.0.child      : update.0                        : update.0.child.idler._idle_cb: DEBUG   : bulk update result: {'nModified': 2, 'nUpserted': 0, 'nMatched': 2, 'writeErrors': [], 'upserted': [], 'writeConcernErrors': [], 'nRemoved': 0, 'nInserted': 0}
2018-10-11 10:48:37,777: update.0.child      : update.0                        : update.0.child.subscriber._state_cb: DEBUG   : bulk update result: {'nModified': 1, 'nUpserted': 0, 'nMatched': 1, 'writeErrors': [], 'upserted': [], 'writeConcernErrors': [], 'nRemoved': 0, 'nInserted': 0}
2018-10-11 10:48:39,190: update.0.child      : update.0                        : update.0.child.idler._idle_cb: DEBUG   : bulk update result: {'nModified': 2, 'nUpserted': 0, 'nMatched': 2, 'writeErrors': [], 'upserted': [], 'writeConcernErrors': [], 'nRemoved': 0, 'nInserted': 0}
2018-10-11 10:48:42,527: update.0.child      : update.0                        : update.0.child.subscriber._state_cb: DEBUG   : bulk update result: {'nModified': 1, 'nUpserted': 0, 'nMatched': 1, 'writeErrors': [], 'upserted': [], 'writeConcernErrors': [], 'nRemoved': 0, 'nInserted': 0}
2018-10-11 10:48:44,252: update.0.child      : update.0                        : update.0.child.idler._idle_cb: DEBUG   : bulk update result: {'nModified': 2, 'nUpserted': 0, 'nMatched': 2, 'writeErrors': [], 'upserted': [], 'writeConcernErrors': [], 'nRemoved': 0, 'nInserted': 0}
2018-10-11 10:48:50,734: update.0.child      : update.0                        : update.0.child.subscriber._state_cb: DEBUG   : bulk update result: {'nModified': 1, 'nUpserted': 0, 'nMatched': 1, 'writeErrors': [], 'upserted': [], 'writeConcernErrors': [], 'nRemoved': 0, 'nInserted': 0}
2018-10-11 10:48:52,329: update.0.child      : update.0                        : update.0.child.idler._idle_cb: DEBUG   : bulk update result: {'nModified': 2, 'nUpserted': 0, 'nMatched': 2, 'writeErrors': [], 'upserted': [], 'writeConcernErrors': [], 'nRemoved': 0, 'nInserted': 0}
2018-10-11 10:48:56,676: update.0.child      : update.0                        : update.0.child.subscriber._state_cb: DEBUG   : bulk update result: {'nModified': 1, 'nUpserted': 0, 'nMatched': 1, 'writeErrors': [], 'upserted': [], 'writeConcernErrors': [], 'nRemoved': 0, 'nInserted': 0}
2018-10-11 10:48:58,397: update.0.child      : update.0                        : update.0.child.idler._idle_cb: DEBUG   : bulk update result: {'nModified': 2, 'nUpserted': 0, 'nMatched': 2, 'writeErrors': [], 'upserted': [], 'writeConcernErrors': [], 'nRemoved': 0, 'nInserted': 0}
2018-10-11 10:49:01,449: update.0.child      : update.0                        : update.0.child.subscriber._state_cb: DEBUG   : bulk update result: {'nModified': 1, 'nUpserted': 0, 'nMatched': 1, 'writeErrors': [], 'upserted': [], 'writeConcernErrors': [], 'nRemoved': 0, 'nInserted': 0}
2018-10-11 10:49:02,454: update.0.child      : update.0                        : update.0.child.idler._idle_cb: DEBUG   : bulk update result: {'nModified': 2, 'nUpserted': 0, 'nMatched': 2, 'writeErrors': [], 'upserted': [], 'writeConcernErrors': [], 'nRemoved': 0, 'nInserted': 0}
2018-10-11 10:49:10,837: update.0.child      : update.0                        : update.0.child.subscriber._state_cb: DEBUG   : bulk update result: {'nModified': 1, 'nUpserted': 0, 'nMatched': 1, 'writeErrors': [], 'upserted': [], 'writeConcernErrors': [], 'nRemoved': 0, 'nInserted': 0}
2018-10-11 10:49:12,541: update.0.child      : update.0                        : update.0.child.idler._idle_cb: DEBUG   : bulk update result: {'nModified': 2, 'nUpserted': 0, 'nMatched': 2, 'writeErrors': [], 'upserted': [], 'writeConcernErrors': [], 'nRemoved': 0, 'nInserted': 0}
2018-10-11 10:49:20,360: update.0.child      : update.0                        : update.0.child.subscriber._state_cb: DEBUG   : bulk update result: {'nModified': 1, 'nUpserted': 0, 'nMatched': 1, 'writeErrors': [], 'upserted': [], 'writeConcernErrors': [], 'nRemoved': 0, 'nInserted': 0}
2018-10-11 10:49:21,624: update.0.child      : update.0                        : update.0.child.idler._idle_cb: DEBUG   : bulk update result: {'nModified': 2, 'nUpserted': 0, 'nMatched': 2, 'writeErrors': [], 'upserted': [], 'writeConcernErrors': [], 'nRemoved': 0, 'nInserted': 0}
2018-10-11 10:50:00,566: update.0.child      : update.0                        : update.0.child.subscriber._state_cb: DEBUG   : bulk update result: {'nModified': 1, 'nUpserted': 0, 'nMatched': 1, 'writeErrors': [], 'upserted': [], 'writeConcernErrors': [], 'nRemoved': 0, 'nInserted': 0}
2018-10-11 10:50:01,862: update.0.child      : update.0                        : update.0.child.idler._idle_cb: DEBUG   : bulk update result: {'nModified': 2, 'nUpserted': 0, 'nMatched': 2, 'writeErrors': [], 'upserted': [], 'writeConcernErrors': [], 'nRemoved': 0, 'nInserted': 0}
2018-10-11 10:50:07,644: update.0.child      : update.0                        : update.0.child.subscriber._state_cb: DEBUG   : bulk update result: {'nModified': 2, 'nUpserted': 0, 'nMatched': 2, 'writeErrors': [], 'upserted': [], 'writeConcernErrors': [], 'nRemoved': 0, 'nInserted': 0}
2018-10-11 10:50:08,935: update.0.child      : update.0                        : update.0.child.idler._idle_cb: DEBUG   : bulk update result: {'nModified': 4, 'nUpserted': 0, 'nMatched': 4, 'writeErrors': [], 'upserted': [], 'writeConcernErrors': [], 'nRemoved': 0, 'nInserted': 0}
2018-10-11 10:50:14,722: update.0.child      : update.0                        : update.0.child.subscriber._state_cb: DEBUG   : bulk update result: {'nModified': 1, 'nUpserted': 0, 'nMatched': 1, 'writeErrors': [], 'upserted': [], 'writeConcernErrors': [], 'nRemoved': 0, 'nInserted': 0}
2018-10-11 10:50:16,007: update.0.child      : update.0                        : update.0.child.idler._idle_cb: DEBUG   : bulk update result: {'nModified': 2, 'nUpserted': 0, 'nMatched': 2, 'writeErrors': [], 'upserted': [], 'writeConcernErrors': [], 'nRemoved': 0, 'nInserted': 0}
2018-10-11 10:50:19,486: update.0.child      : update.0                        : update.0.child.subscriber._state_cb: DEBUG   : bulk update result: {'nModified': 1, 'nUpserted': 0, 'nMatched': 1, 'writeErrors': [], 'upserted': [], 'writeConcernErrors': [], 'nRemoved': 0, 'nInserted': 0}
2018-10-11 10:50:21,070: update.0.child      : update.0                        : update.0.child.idler._idle_cb: DEBUG   : bulk update result: {'nModified': 2, 'nUpserted': 0, 'nMatched': 2, 'writeErrors': [], 'upserted': [], 'writeConcernErrors': [], 'nRemoved': 0, 'nInserted': 0}
2018-10-11 10:50:22,117: update.0.child      : update.0                        : update.0.child.idler._idle_cb: DEBUG   : bulk update result: {'nModified': 3, 'nUpserted': 0, 'nMatched': 3, 'writeErrors': [], 'upserted': [], 'writeConcernErrors': [], 'nRemoved': 0, 'nInserted': 0}
2018-10-11 10:50:28,957: update.0.child      : update.0                        : update.0.child.subscriber._state_cb: DEBUG   : bulk update result: {'nModified': 3, 'nUpserted': 0, 'nMatched': 3, 'writeErrors': [], 'upserted': [], 'writeConcernErrors': [], 'nRemoved': 0, 'nInserted': 0}
2018-10-11 10:50:30,195: update.0.child      : update.0                        : update.0.child.idler._idle_cb: DEBUG   : bulk update result: {'nModified': 6, 'nUpserted': 0, 'nMatched': 6, 'writeErrors': [], 'upserted': [], 'writeConcernErrors': [], 'nRemoved': 0, 'nInserted': 0}
2018-10-11 10:51:08,010: update.0.child      : update.0                        : update.0.child.subscriber._state_cb: DEBUG   : bulk update result: {'nModified': 1, 'nUpserted': 0, 'nMatched': 1, 'writeErrors': [], 'upserted': [], 'writeConcernErrors': [], 'nRemoved': 0, 'nInserted': 0}
2018-10-11 10:51:09,175: update.0.child      : update.0                        : update.0.child.subscriber._state_cb: DEBUG   : bulk update result: {'nModified': 3, 'nUpserted': 0, 'nMatched': 3, 'writeErrors': [], 'upserted': [], 'writeConcernErrors': [], 'nRemoved': 0, 'nInserted': 0}
2018-10-11 10:51:10,433: update.0.child      : update.0                        : update.0.child.idler._idle_cb: DEBUG   : bulk update result: {'nModified': 2, 'nUpserted': 0, 'nMatched': 2, 'writeErrors': [], 'upserted': [], 'writeConcernErrors': [], 'nRemoved': 0, 'nInserted': 0}
2018-10-11 10:51:29,290: update.0.child      : update.0                        : update.0.child.subscriber._state_cb: DEBUG   : bulk update result: {'nModified': 1, 'nUpserted': 0, 'nMatched': 1, 'writeErrors': [], 'upserted': [], 'writeConcernErrors': [], 'nRemoved': 0, 'nInserted': 0}
2018-10-11 10:51:30,570: update.0.child      : update.0                        : update.0.child.idler._idle_cb: DEBUG   : bulk update result: {'nModified': 2, 'nUpserted': 0, 'nMatched': 2, 'writeErrors': [], 'upserted': [], 'writeConcernErrors': [], 'nRemoved': 0, 'nInserted': 0}
2018-10-11 10:51:36,383: update.0.child      : update.0                        : update.0.child.subscriber._state_cb: DEBUG   : bulk update result: {'nModified': 1, 'nUpserted': 0, 'nMatched': 1, 'writeErrors': [], 'upserted': [], 'writeConcernErrors': [], 'nRemoved': 0, 'nInserted': 0}
2018-10-11 10:51:37,642: update.0.child      : update.0                        : update.0.child.idler._idle_cb: DEBUG   : bulk update result: {'nModified': 2, 'nUpserted': 0, 'nMatched': 2, 'writeErrors': [], 'upserted': [], 'writeConcernErrors': [], 'nRemoved': 0, 'nInserted': 0}
2018-10-11 10:52:00,071: update.0.child      : update.0                        : update.0.child.subscriber._state_cb: DEBUG   : bulk update result: {'nModified': 1, 'nUpserted': 0, 'nMatched': 1, 'writeErrors': [], 'upserted': [], 'writeConcernErrors': [], 'nRemoved': 0, 'nInserted': 0}
2018-10-11 10:52:01,801: update.0.child      : update.0                        : update.0.child.idler._idle_cb: DEBUG   : bulk update result: {'nModified': 2, 'nUpserted': 0, 'nMatched': 2, 'writeErrors': [], 'upserted': [], 'writeConcernErrors': [], 'nRemoved': 0, 'nInserted': 0}
2018-10-11 10:52:27,295: update.0.child      : update.0                        : update.0.child.subscriber._state_cb: DEBUG   : bulk update result: {'nModified': 1, 'nUpserted': 0, 'nMatched': 1, 'writeErrors': [], 'upserted': [], 'writeConcernErrors': [], 'nRemoved': 0, 'nInserted': 0}
2018-10-11 10:52:28,973: update.0.child      : update.0                        : update.0.child.idler._idle_cb: DEBUG   : bulk update result: {'nModified': 2, 'nUpserted': 0, 'nMatched': 2, 'writeErrors': [], 'upserted': [], 'writeConcernErrors': [], 'nRemoved': 0, 'nInserted': 0}
2018-10-11 10:52:52,108: update.0.child      : update.0                        : update.0.child.subscriber._state_cb: DEBUG   : bulk update result: {'nModified': 1, 'nUpserted': 0, 'nMatched': 1, 'writeErrors': [], 'upserted': [], 'writeConcernErrors': [], 'nRemoved': 0, 'nInserted': 0}
2018-10-11 10:52:53,154: update.0.child      : update.0                        : update.0.child.idler._idle_cb: DEBUG   : bulk update result: {'nModified': 2, 'nUpserted': 0, 'nMatched': 2, 'writeErrors': [], 'upserted': [], 'writeConcernErrors': [], 'nRemoved': 0, 'nInserted': 0}
2018-10-11 10:53:24,142: update.0.child      : update.0                        : update.0.child.subscriber._state_cb: DEBUG   : bulk update result: {'nModified': 1, 'nUpserted': 0, 'nMatched': 1, 'writeErrors': [], 'upserted': [], 'writeConcernErrors': [], 'nRemoved': 0, 'nInserted': 0}
2018-10-11 10:53:25,352: update.0.child      : update.0                        : update.0.child.idler._idle_cb: DEBUG   : bulk update result: {'nModified': 2, 'nUpserted': 0, 'nMatched': 2, 'writeErrors': [], 'upserted': [], 'writeConcernErrors': [], 'nRemoved': 0, 'nInserted': 0}
2018-10-11 10:53:33,537: update.0.child      : update.0                        : update.0.child.subscriber._state_cb: DEBUG   : bulk update result: {'nModified': 1, 'nUpserted': 0, 'nMatched': 1, 'writeErrors': [], 'upserted': [], 'writeConcernErrors': [], 'nRemoved': 0, 'nInserted': 0}
2018-10-11 10:53:35,444: update.0.child      : update.0                        : update.0.child.idler._idle_cb: DEBUG   : bulk update result: {'nModified': 2, 'nUpserted': 0, 'nMatched': 2, 'writeErrors': [], 'upserted': [], 'writeConcernErrors': [], 'nRemoved': 0, 'nInserted': 0}
2018-10-11 10:54:10,640: update.0.child      : update.0                        : update.0.child.subscriber._state_cb: DEBUG   : bulk update result: {'nModified': 1, 'nUpserted': 0, 'nMatched': 1, 'writeErrors': [], 'upserted': [], 'writeConcernErrors': [], 'nRemoved': 0, 'nInserted': 0}
2018-10-11 10:54:11,778: update.0.child      : update.0                        : update.0.child.idler._idle_cb: DEBUG   : bulk update result: {'nModified': 39, 'nUpserted': 0, 'nMatched': 39, 'writeErrors': [], 'upserted': [], 'writeConcernErrors': [], 'nRemoved': 0, 'nInserted': 0}
2018-10-11 10:54:16,657: update.0.child      : update.0                        : update.0.child.subscriber._cancel_monitor_cb: DEBUG   : command ignored: cancel_pilots
2018-10-11 10:54:18,242: update.0.child      : update.0                        : update.0.child.watch: INFO    : recv message: STOP
2018-10-11 10:54:18,242: update.0.child      : update.0                        : update.0.child.watch: INFO    : message received: STOP
2018-10-11 10:54:18,242: update.0.child      : update.0                        : update.0.child.watch: INFO    : STOP received: STOP
2018-10-11 10:54:18,242: update.0.child      : update.0                        : update.0.child.watch: INFO    : watcher closes
2018-10-11 10:54:18,242: update.0.child      : update.0                        : update.0.child.watch: INFO    : put message: [update.0.child.watch.thread] work finished
2018-10-11 10:54:18,242: update.0.child      : update.0                        : update.0.child.watch: DEBUG   : ru_finalize_child (NOOP)
2018-10-11 10:54:18,242: update.0.child      : update.0                        : update.0.child.watch: DEBUG   : ru_finalize_common (NOOP)
2018-10-11 10:54:18,242: update.0.child      : update.0                        : update.0.child.watch: INFO    : put message: [update.0.child.watch.thread] terminating
2018-10-11 10:54:18,274: update.0.child      : update.0                        : MainThread     : WARNING : alive check: proc invalid - stop [False - True]
2018-10-11 10:54:18,409: update.0.child      : update.0                        : MainThread     : INFO    : stop update.0.child (115505 : 115505 : MainThread) [radical.pilot.worker.update.Update.stop]
2018-10-11 10:54:18,412: update.0.child      : update.0                        : MainThread     : INFO    : parent stops child  115505 -> 115505 [update.0.child]
2018-10-11 10:54:18,412: update.0.child      : update.0                        : MainThread     : INFO    : send message: [update.0.child] STOP
2018-10-11 10:54:18,412: update.0.child      : update.0                        : MainThread     : WARNING : send failed ([Errno 9] Bad file descriptor) - terminate
2018-10-11 10:54:18,412: update.0.child      : update.0                        : MainThread     : DEBUG   : TERM : update.0.child unregister idler update.0.child.idler._idle_cb
2018-10-11 10:54:18,412: update.0.child      : update.0                        : MainThread     : INFO    : parent stops child
2018-10-11 10:54:18,412: update.0.child      : update.0                        : MainThread     : DEBUG   : ru_finalize_parent (NOOP)
2018-10-11 10:54:18,412: update.0.child      : update.0                        : MainThread     : DEBUG   : ru_finalize_common (NOOP)
2018-10-11 10:54:18,512: update.0.child      : update.0                        : update.0.child.idler._idle_cb: DEBUG   : ru_finalize_child (NOOP)
2018-10-11 10:54:18,512: update.0.child      : update.0                        : update.0.child.idler._idle_cb: DEBUG   : ru_finalize_common (NOOP)
2018-10-11 10:54:18,512: update.0.child      : update.0                        : update.0.child.idler._idle_cb: INFO    : put message: [update.0.child.idler._idle_cb.thread] terminating
2018-10-11 10:54:18,526: update.0.child      : update.0                        : MainThread     : DEBUG   : TERM : update.0.child unregistered idler update.0.child.idler._idle_cb
2018-10-11 10:54:18,526: update.0.child      : update.0                        : MainThread     : DEBUG   : TERM : update.0.child unregister subscriber update.0.child.subscriber._state_cb
2018-10-11 10:54:18,526: update.0.child      : update.0                        : MainThread     : DEBUG   : unregistered subscriber update.0.child.subscriber._state_cb
2018-10-11 10:54:18,526: update.0.child      : update.0                        : MainThread     : DEBUG   : ru_finalize_common()
2018-10-11 10:54:18,526: update.0.child      : update.0                        : MainThread     : DEBUG   : TERM : update.0.child unregister publisher log_pubsub
2018-10-11 10:54:18,531: update.0.child      : update.0                        : MainThread     : DEBUG   : unregistered publisher log_pubsub
2018-10-11 10:54:18,531: update.0.child      : update.0                        : MainThread     : DEBUG   : TERM : update.0.child unregister publisher state_pubsub
2018-10-11 10:54:18,532: update.0.child      : update.0                        : MainThread     : DEBUG   : unregistered publisher state_pubsub
2018-10-11 10:54:18,532: update.0.child      : update.0                        : MainThread     : DEBUG   : TERM : update.0.child unregister publisher control_pubsub
2018-10-11 10:54:18,537: update.0.child      : update.0                        : MainThread     : DEBUG   : unregistered publisher control_pubsub
2018-10-11 10:54:18,537: update.0.child      : update.0                        : MainThread     : DEBUG   : update.0.child close prof
2018-10-11 10:54:18,537: update.0.child      : update.0                        : MainThread     : INFO    : parent stops child
2018-10-11 10:54:18,538: update.0.child      : update.0                        : MainThread     : DEBUG   : ru_finalize_parent (NOOP)
2018-10-11 10:54:18,538: update.0.child      : update.0                        : MainThread     : DEBUG   : ru_finalize_common (NOOP)
2018-10-11 10:54:18,538: update.0.child      : update.0                        : MainThread     : INFO    : parent stops child
2018-10-11 10:54:18,538: update.0.child      : update.0                        : MainThread     : DEBUG   : ru_finalize_parent (NOOP)
2018-10-11 10:54:18,542: update.0.child      : update.0                        : update.0.child.subscriber._cancel_monitor_cb: DEBUG   : ru_finalize_child (NOOP)
2018-10-11 10:54:18,547: update.0.child      : update.0                        : update.0.child.subscriber._cancel_monitor_cb: INFO    : put message: [update.0.child.subscriber._cancel_monitor_cb.thread] terminating
2018-10-11 10:54:18,549: update.0.child      : update.0                        : MainThread     : INFO    : parent stops child
2018-10-11 10:54:18,549: update.0.child      : update.0                        : MainThread     : DEBUG   : ru_finalize_parent (NOOP)
2018-10-11 10:54:18,550: update.0.child      : update.0                        : update.0.child.subscriber._state_cb: DEBUG   : ru_finalize_child (NOOP)
2018-10-11 10:54:18,550: update.0.child      : update.0                        : update.0.child.subscriber._state_cb: INFO    : put message: [update.0.child.subscriber._state_cb.thread] terminating
2018-10-11 10:54:18,550: update.0.child      : update.0                        : MainThread     : INFO    : parent stops child
2018-10-11 10:54:18,550: update.0.child      : update.0                        : MainThread     : WARNING : super update.0.child is invalid
2018-10-11 10:54:18,550: update.0.child      : update.0                        : MainThread     : WARNING : component update.0.child is invalid
2018-10-11 10:54:18,551: update.0.child      : update.0                        : MainThread     : INFO    : stop update.0.child (115505 : 115505 : MainThread) [radical.pilot.worker.update.Update.stop]
2018-10-11 10:54:18,551: update.0.child      : update.0                        : MainThread     : DEBUG   : TERM : update.0.child unregister idler update.0.child.idler._idle_cb
2018-10-11 10:54:18,552: update.0.child      : update.0                        : MainThread     : WARNING : timed cb update.0.child.idler._idle_cb is not registered
2018-10-11 10:54:18,552: update.0.child      : update.0                        : MainThread     : DEBUG   : TERM : update.0.child unregister subscriber update.0.child.subscriber._state_cb
2018-10-11 10:54:18,552: update.0.child      : update.0                        : MainThread     : WARNING : subscriber _state_cb is not registered
2018-10-11 10:54:18,552: update.0.child      : update.0                        : MainThread     : DEBUG   : ru_finalize_common()
2018-10-11 10:54:18,552: update.0.child      : update.0                        : MainThread     : WARNING : publisher log_pubsub is not registered
2018-10-11 10:54:18,552: update.0.child      : update.0                        : MainThread     : WARNING : publisher state_pubsub is not registered
2018-10-11 10:54:18,552: update.0.child      : update.0                        : MainThread     : WARNING : publisher control_pubsub is not registered
2018-10-11 10:54:18,552: update.0.child      : update.0                        : MainThread     : DEBUG   : update.0.child close prof
2018-10-11 10:54:18,552: update.0.child      : update.0                        : MainThread     : INFO    : send message: [update.0.child] terminating
2018-10-11 10:54:18,552: update.0.child      : update.0                        : MainThread     : WARNING : send failed ([Errno 9] Bad file descriptor) - terminate
2018-10-11 10:54:18,552: update.0.child      : update.0                        : MainThread     : INFO    : parent stops child
2018-10-11 10:54:18,552: update.0.child      : update.0                        : MainThread     : INFO    : parent stops child
2018-10-11 10:54:18,552: update.0.child      : update.0                        : MainThread     : INFO    : parent stops child
