2018-10-11 12:10:02,921: control.pubsub.sub.0000: agent_0.staging.output.0        : MainThread     : INFO    : python.interpreter   version: 2.7.15 |Anaconda, Inc.| (default, Oct 10 2018, 21:32:13) [GCC 7.3.0]
2018-10-11 12:10:02,922: control.pubsub.sub.0000: agent_0.staging.output.0        : MainThread     : INFO    :                      pid/tid: 79766/MainThread
2018-10-11 12:10:02,922: control.pubsub.sub.0000: agent_0.staging.output.0        : MainThread     : INFO    : create control_pubsub - sub - tcp://204.90.41.2:37423
2018-10-11 12:10:02,922: control.pubsub.sub.0000: agent_0.staging.output.0        : MainThread     : DEBUG   : start process
2018-10-11 12:10:02,922: control.pubsub.sub.0000: agent_0.staging.output.0        : MainThread     : DEBUG   : ru_initialize_common (NOOP)
2018-10-11 12:10:02,922: control.pubsub.sub.0000: agent_0.staging.output.0        : MainThread     : DEBUG   : ru_initialize_parent (NOOP)
2018-10-11 12:10:02,922: control.pubsub.sub.0000: agent_0.staging.output.0        : MainThread     : DEBUG   : process class started (no child)
2018-10-11 12:10:03,194: control.pubsub.sub.0000: agent_0.scheduling.0            : MainThread     : INFO    : python.interpreter   version: 2.7.15 |Anaconda, Inc.| (default, Oct 10 2018, 21:32:13) [GCC 7.3.0]
2018-10-11 12:10:03,194: control.pubsub.sub.0000: agent_0.scheduling.0            : MainThread     : INFO    :                      pid/tid: 79786/MainThread
2018-10-11 12:10:03,194: control.pubsub.sub.0000: agent_0.scheduling.0            : MainThread     : INFO    : create control_pubsub - sub - tcp://204.90.41.2:37423
2018-10-11 12:10:03,194: control.pubsub.sub.0000: agent_0.scheduling.0            : MainThread     : DEBUG   : start process
2018-10-11 12:10:03,195: control.pubsub.sub.0000: agent_0.scheduling.0            : MainThread     : DEBUG   : ru_initialize_common (NOOP)
2018-10-11 12:10:03,195: control.pubsub.sub.0000: agent_0.scheduling.0            : MainThread     : DEBUG   : ru_initialize_parent (NOOP)
2018-10-11 12:10:03,195: control.pubsub.sub.0000: agent_0.scheduling.0            : MainThread     : DEBUG   : process class started (no child)
2018-10-11 12:10:03,545: control.pubsub.sub.0000: agent_0.staging.input.0         : MainThread     : INFO    : python.interpreter   version: 2.7.15 |Anaconda, Inc.| (default, Oct 10 2018, 21:32:13) [GCC 7.3.0]
2018-10-11 12:10:03,545: control.pubsub.sub.0000: agent_0.staging.input.0         : MainThread     : INFO    :                      pid/tid: 79816/MainThread
2018-10-11 12:10:03,545: control.pubsub.sub.0000: agent_0.staging.input.0         : MainThread     : INFO    : create control_pubsub - sub - tcp://204.90.41.2:37423
2018-10-11 12:10:03,545: control.pubsub.sub.0000: agent_0.staging.input.0         : MainThread     : DEBUG   : start process
2018-10-11 12:10:03,545: control.pubsub.sub.0000: agent_0.staging.input.0         : MainThread     : DEBUG   : ru_initialize_common (NOOP)
2018-10-11 12:10:03,545: control.pubsub.sub.0000: agent_0.staging.input.0         : MainThread     : DEBUG   : ru_initialize_parent (NOOP)
2018-10-11 12:10:03,545: control.pubsub.sub.0000: agent_0.staging.input.0         : MainThread     : DEBUG   : process class started (no child)
2018-10-11 12:10:03,956: control.pubsub.sub.0000: update.0                        : MainThread     : INFO    : python.interpreter   version: 2.7.15 |Anaconda, Inc.| (default, Oct 10 2018, 21:32:13) [GCC 7.3.0]
2018-10-11 12:10:03,956: control.pubsub.sub.0000: update.0                        : MainThread     : INFO    :                      pid/tid: 79838/MainThread
2018-10-11 12:10:03,956: control.pubsub.sub.0000: update.0                        : MainThread     : INFO    : create control_pubsub - sub - tcp://204.90.41.2:37423
2018-10-11 12:10:03,957: control.pubsub.sub.0000: update.0                        : MainThread     : DEBUG   : start process
2018-10-11 12:10:03,957: control.pubsub.sub.0000: update.0                        : MainThread     : DEBUG   : ru_initialize_common (NOOP)
2018-10-11 12:10:03,957: control.pubsub.sub.0000: update.0                        : MainThread     : DEBUG   : ru_initialize_parent (NOOP)
2018-10-11 12:10:03,957: control.pubsub.sub.0000: update.0                        : MainThread     : DEBUG   : process class started (no child)
2018-10-11 12:10:04,252: control.pubsub.sub.0000: agent_0.executing.0             : MainThread     : INFO    : python.interpreter   version: 2.7.15 |Anaconda, Inc.| (default, Oct 10 2018, 21:32:13) [GCC 7.3.0]
2018-10-11 12:10:04,253: control.pubsub.sub.0000: agent_0.executing.0             : MainThread     : INFO    :                      pid/tid: 79860/MainThread
2018-10-11 12:10:04,253: control.pubsub.sub.0000: agent_0.executing.0             : MainThread     : INFO    : create control_pubsub - sub - tcp://204.90.41.2:37423
2018-10-11 12:10:04,253: control.pubsub.sub.0000: agent_0.executing.0             : MainThread     : DEBUG   : start process
2018-10-11 12:10:04,253: control.pubsub.sub.0000: agent_0.executing.0             : MainThread     : DEBUG   : ru_initialize_common (NOOP)
2018-10-11 12:10:04,253: control.pubsub.sub.0000: agent_0.executing.0             : MainThread     : DEBUG   : ru_initialize_parent (NOOP)
2018-10-11 12:10:04,253: control.pubsub.sub.0000: agent_0.executing.0             : MainThread     : DEBUG   : process class started (no child)
2018-10-11 12:25:02,894: control.pubsub.sub.0000: agent_0.scheduling.0            : agent_0.scheduling.0.child.subscriber._cancel_monitor_cb: INFO    : parent stops child  79786 -> None [control.pubsub.sub.0000]
2018-10-11 12:25:02,894: control.pubsub.sub.0000: agent_0.scheduling.0            : agent_0.scheduling.0.child.subscriber._cancel_monitor_cb: DEBUG   : ru_finalize_parent (NOOP)
2018-10-11 12:25:02,895: control.pubsub.sub.0000: update.0                        : update.0.child.subscriber._cancel_monitor_cb: INFO    : parent stops child  79838 -> None [control.pubsub.sub.0000]
2018-10-11 12:25:02,895: control.pubsub.sub.0000: update.0                        : update.0.child.subscriber._cancel_monitor_cb: DEBUG   : ru_finalize_parent (NOOP)
2018-10-11 12:25:02,896: control.pubsub.sub.0000: agent_0.staging.input.0         : agent_0.staging.input.0.child.subscriber._cancel_monitor_cb: INFO    : parent stops child  79816 -> None [control.pubsub.sub.0000]
2018-10-11 12:25:02,896: control.pubsub.sub.0000: agent_0.staging.input.0         : agent_0.staging.input.0.child.subscriber._cancel_monitor_cb: DEBUG   : ru_finalize_parent (NOOP)
2018-10-11 12:25:02,898: control.pubsub.sub.0000: agent_0.staging.output.0        : agent_0.staging.output.0.child.subscriber._cancel_monitor_cb: INFO    : parent stops child  79766 -> None [control.pubsub.sub.0000]
2018-10-11 12:25:02,898: control.pubsub.sub.0000: agent_0.staging.output.0        : agent_0.staging.output.0.child.subscriber._cancel_monitor_cb: DEBUG   : ru_finalize_parent (NOOP)
2018-10-11 12:25:02,901: control.pubsub.sub.0000: agent_0.executing.0             : agent_0.executing.0.child.subscriber._cancel_monitor_cb: INFO    : parent stops child  79860 -> None [control.pubsub.sub.0000]
2018-10-11 12:25:02,901: control.pubsub.sub.0000: agent_0.executing.0             : agent_0.executing.0.child.subscriber._cancel_monitor_cb: DEBUG   : ru_finalize_parent (NOOP)
