2018-10-11 12:20:56,513: umgr.0000.staging.output.0: MainProcess                     : MainThread     : INFO    : python.interpreter   version: 2.7.15 |Anaconda, Inc.| (default, May 1 2018, 23:32:55) [GCC 7.2.0]
2018-10-11 12:20:56,513: umgr.0000.staging.output.0: MainProcess                     : MainThread     : INFO    :                      pid/tid: 73411/MainThread
2018-10-11 12:20:56,513: umgr.0000.staging.output.0: MainProcess                     : MainThread     : DEBUG   : alive check in term
2018-10-11 12:20:56,513: umgr.0000.staging.output.0: MainProcess                     : MainThread     : DEBUG   : start process
2018-10-11 12:20:56,768: umgr.0000.staging.output.0: MainProcess                     : MainThread     : INFO    : recv message: alive
2018-10-11 12:20:56,768: umgr.0000.staging.output.0: MainProcess                     : MainThread     : INFO    : initialize umgr.0000.staging.output.0
2018-10-11 12:20:56,771: umgr.0000.staging.output.0: MainProcess                     : MainThread     : INFO    : cfg: {'agents': {},
 u'bridges': {u'control_pubsub': {'addr_in': 'tcp://204.90.41.4:43053',
                                  'addr_out': 'tcp://204.90.41.4:38165',
                                  u'bulk_size': 0,
                                  u'log_level': u'error',
                                  u'stall_hwm': 1},
              u'log_pubsub': {'addr_in': 'tcp://204.90.41.4:46043',
                              'addr_out': 'tcp://204.90.41.4:33763',
                              u'bulk_size': 0,
                              u'log_level': u'error',
                              u'stall_hwm': 1},
              u'state_pubsub': {'addr_in': 'tcp://204.90.41.4:39219',
                                'addr_out': 'tcp://204.90.41.4:37751',
                                u'bulk_size': 0,
                                u'log_level': u'error',
                                u'stall_hwm': 1},
              u'umgr_reschedule_pubsub': {'addr_in': 'tcp://204.90.41.4:35616',
                                          'addr_out': 'tcp://204.90.41.4:38673',
                                          u'bulk_size': 0,
                                          u'log_level': u'error',
                                          u'stall_hwm': 1},
              u'umgr_scheduling_queue': {'addr_in': 'tcp://204.90.41.4:42284',
                                         'addr_out': 'tcp://204.90.41.4:40602',
                                         u'bulk_size': 0,
                                         u'log_level': u'error',
                                         u'stall_hwm': 1},
              u'umgr_staging_input_queue': {'addr_in': 'tcp://204.90.41.4:37711',
                                            'addr_out': 'tcp://204.90.41.4:41034',
                                            u'bulk_size': 0,
                                            u'log_level': u'error',
                                            u'stall_hwm': 1},
              u'umgr_staging_output_queue': {'addr_in': 'tcp://204.90.41.4:35667',
                                             'addr_out': 'tcp://204.90.41.4:41464',
                                             u'bulk_size': 0,
                                             u'log_level': u'error',
                                             u'stall_hwm': 1},
              u'umgr_unschedule_pubsub': {'addr_in': 'tcp://204.90.41.4:34359',
                                          'addr_out': 'tcp://204.90.41.4:39692',
                                          u'bulk_size': 0,
                                          u'log_level': u'error',
                                          u'stall_hwm': 1}},
 u'bulk_collection_size': 100,
 u'bulk_collection_time': 1.0,
 'cname': u'UMGRStagingOutputComponent',
 u'components': {},
 u'count': 1,
 u'db_poll_sleeptime': 1.0,
 'number': 0,
 'owner': 'umgr.0000',
 u'scheduler': u'round_robin',
 'uid': 'umgr.0000'}
2018-10-11 12:20:56,771: umgr.0000.staging.output.0: MainProcess                     : MainThread     : DEBUG   : alive check in term
2018-10-11 12:20:56,771: umgr.0000.staging.output.0: MainProcess                     : MainThread     : DEBUG   : START: umgr.0000.staging.output.0 register publisher log_pubsub
2018-10-11 12:20:56,771: umgr.0000.staging.output.0: MainProcess                     : MainThread     : DEBUG   : using addr tcp://204.90.41.4:46043 for pubsub log_pubsub
2018-10-11 12:20:56,777: umgr.0000.staging.output.0: MainProcess                     : MainThread     : DEBUG   : registered publisher : log_pubsub : log.pubsub.pub.0004
2018-10-11 12:20:56,778: umgr.0000.staging.output.0: MainProcess                     : MainThread     : DEBUG   : alive check in term
2018-10-11 12:20:56,778: umgr.0000.staging.output.0: MainProcess                     : MainThread     : DEBUG   : START: umgr.0000.staging.output.0 register publisher state_pubsub
2018-10-11 12:20:56,778: umgr.0000.staging.output.0: MainProcess                     : MainThread     : DEBUG   : using addr tcp://204.90.41.4:39219 for pubsub state_pubsub
2018-10-11 12:20:56,784: umgr.0000.staging.output.0: MainProcess                     : MainThread     : DEBUG   : registered publisher : state_pubsub : state.pubsub.pub.0004
2018-10-11 12:20:56,784: umgr.0000.staging.output.0: MainProcess                     : MainThread     : DEBUG   : alive check in term
2018-10-11 12:20:56,784: umgr.0000.staging.output.0: MainProcess                     : MainThread     : DEBUG   : START: umgr.0000.staging.output.0 register publisher control_pubsub
2018-10-11 12:20:56,784: umgr.0000.staging.output.0: MainProcess                     : MainThread     : DEBUG   : using addr tcp://204.90.41.4:43053 for pubsub control_pubsub
2018-10-11 12:20:56,790: umgr.0000.staging.output.0: MainProcess                     : MainThread     : DEBUG   : registered publisher : control_pubsub : control.pubsub.pub.0004
2018-10-11 12:20:56,790: umgr.0000.staging.output.0: MainProcess                     : MainThread     : DEBUG   : parent name: umgr.0000.staging.output.0.watch
2018-10-11 12:20:56,791: umgr.0000.staging.output.0: MainProcess                     : MainThread     : DEBUG   : start thread
2018-10-11 12:20:56,801: umgr.0000.staging.output.0: MainProcess                     : umgr.0000.staging.output.0.watch: DEBUG   : child name: umgr.0000.staging.output.0.watch.thread
2018-10-11 12:20:56,801: umgr.0000.staging.output.0: MainProcess                     : umgr.0000.staging.output.0.watch: INFO    : child (me) initializing
2018-10-11 12:20:56,801: umgr.0000.staging.output.0: MainProcess                     : umgr.0000.staging.output.0.watch: DEBUG   : ru_initialize_common (NOOP)
2018-10-11 12:20:56,801: umgr.0000.staging.output.0: MainProcess                     : umgr.0000.staging.output.0.watch: DEBUG   : ru_initialize_child (NOOP)
2018-10-11 12:20:56,801: umgr.0000.staging.output.0: MainProcess                     : umgr.0000.staging.output.0.watch: INFO    : send alive
2018-10-11 12:20:56,801: umgr.0000.staging.output.0: MainProcess                     : umgr.0000.staging.output.0.watch: INFO    : put message: [umgr.0000.staging.output.0.watch.thread] alive
2018-10-11 12:20:56,802: umgr.0000.staging.output.0: MainProcess                     : MainThread     : INFO    : get msg: alive
2018-10-11 12:20:56,802: umgr.0000.staging.output.0: MainProcess                     : MainThread     : DEBUG   : ru_initialize_common (NOOP)
2018-10-11 12:20:56,802: umgr.0000.staging.output.0: MainProcess                     : MainThread     : DEBUG   : ru_initialize_parent (NOOP)
2018-10-11 12:20:56,803: umgr.0000.staging.output.0: MainProcess                     : MainThread     : DEBUG   : child thread umgr.0000.staging.output.0.watch started
2018-10-11 12:20:56,803: umgr.0000.staging.output.0: MainProcess                     : MainThread     : INFO    : child is alive
2018-10-11 12:20:56,803: umgr.0000.staging.output.0: MainProcess                     : MainThread     : DEBUG   : process class started child
2018-10-11 12:38:40,658: umgr.0000.staging.output.0: MainProcess                     : MainThread     : INFO    : stop umgr.0000.staging.output.0 (73411 : 73796 : MainThread) [radical.pilot.unit_manager.UnitManager.finalize_parent]
2018-10-11 12:38:40,659: umgr.0000.staging.output.0: MainProcess                     : MainThread     : INFO    : parent stops child  73411 -> 73796 [umgr.0000.staging.output.0]
2018-10-11 12:38:40,659: umgr.0000.staging.output.0: MainProcess                     : MainThread     : INFO    : send message: [umgr.0000.staging.output.0] STOP
2018-10-11 12:38:40,659: umgr.0000.staging.output.0: MainProcess                     : MainThread     : DEBUG   : ru_finalize_common()
2018-10-11 12:38:40,659: umgr.0000.staging.output.0: MainProcess                     : MainThread     : DEBUG   : TERM : umgr.0000.staging.output.0 unregister publisher log_pubsub
2018-10-11 12:38:40,663: umgr.0000.staging.output.0: MainProcess                     : MainThread     : DEBUG   : unregistered publisher log_pubsub
2018-10-11 12:38:40,663: umgr.0000.staging.output.0: MainProcess                     : MainThread     : DEBUG   : TERM : umgr.0000.staging.output.0 unregister publisher state_pubsub
2018-10-11 12:38:40,668: umgr.0000.staging.output.0: MainProcess                     : MainThread     : DEBUG   : unregistered publisher state_pubsub
2018-10-11 12:38:40,668: umgr.0000.staging.output.0: MainProcess                     : MainThread     : DEBUG   : TERM : umgr.0000.staging.output.0 unregister publisher control_pubsub
2018-10-11 12:38:40,673: umgr.0000.staging.output.0: MainProcess                     : MainThread     : DEBUG   : unregistered publisher control_pubsub
2018-10-11 12:38:40,673: umgr.0000.staging.output.0: MainProcess                     : MainThread     : DEBUG   : umgr.0000.staging.output.0 close prof
2018-10-11 12:38:40,673: umgr.0000.staging.output.0: MainProcess                     : MainThread     : INFO    : parent stops child
2018-10-11 12:38:40,674: umgr.0000.staging.output.0: MainProcess                     : MainThread     : DEBUG   : ru_finalize_parent (NOOP)
2018-10-11 12:38:40,674: umgr.0000.staging.output.0: MainProcess                     : MainThread     : DEBUG   : ru_finalize_common (NOOP)
2018-10-11 12:38:40,750: umgr.0000.staging.output.0: MainProcess                     : umgr.0000.staging.output.0.watch: INFO    : watcher closes
2018-10-11 12:38:40,751: umgr.0000.staging.output.0: MainProcess                     : umgr.0000.staging.output.0.watch: INFO    : put message: [umgr.0000.staging.output.0.watch.thread] work finished
2018-10-11 12:38:40,751: umgr.0000.staging.output.0: MainProcess                     : umgr.0000.staging.output.0.watch: DEBUG   : ru_finalize_child (NOOP)
2018-10-11 12:38:40,751: umgr.0000.staging.output.0: MainProcess                     : umgr.0000.staging.output.0.watch: DEBUG   : ru_finalize_common (NOOP)
2018-10-11 12:38:40,751: umgr.0000.staging.output.0: MainProcess                     : umgr.0000.staging.output.0.watch: INFO    : put message: [umgr.0000.staging.output.0.watch.thread] terminating
2018-10-11 12:38:44,541: umgr.0000.staging.output.0: MainProcess                     : MainThread     : INFO    : stop umgr.0000.staging.output.0 (73411 : 73796 : MainThread) [radical.pilot.utils.component.UnitManager.ru_finalize_common]
2018-10-11 12:38:49,256: umgr.0000.staging.output.0: MainProcess                     : MainThread     : INFO    : stop umgr.0000.staging.output.0 (73411 : 73796 : MainThread) [radical.pilot.session.Session.close]
