2018-10-11 11:28:50,683: pmgr.0000.launching.0.child: pmgr.0000.launching.0           : MainThread     : INFO    : python.interpreter   version: 2.7.15 |Anaconda, Inc.| (default, May 1 2018, 23:32:55) [GCC 7.2.0]
2018-10-11 11:28:50,683: pmgr.0000.launching.0.child: pmgr.0000.launching.0           : MainThread     : INFO    :                      pid/tid: 34037/MainThread
2018-10-11 11:28:50,683: pmgr.0000.launching.0.child: pmgr.0000.launching.0           : MainThread     : INFO    : initialize pmgr.0000.launching.0.child
2018-10-11 11:28:50,685: pmgr.0000.launching.0.child: pmgr.0000.launching.0           : MainThread     : INFO    : cfg: {'agents': {},
 u'bridges': {u'control_pubsub': {'addr_in': 'tcp://204.90.41.4:43617',
                                  'addr_out': 'tcp://204.90.41.4:40259',
                                  u'bulk_size': 0,
                                  u'log_level': u'error',
                                  u'stall_hwm': 1},
              u'log_pubsub': {'addr_in': 'tcp://204.90.41.4:38095',
                              'addr_out': 'tcp://204.90.41.4:37845',
                              u'bulk_size': 0,
                              u'log_level': u'error',
                              u'stall_hwm': 1},
              u'pmgr_launching_queue': {'addr_in': 'tcp://204.90.41.4:38555',
                                        'addr_out': 'tcp://204.90.41.4:35507',
                                        u'bulk_size': 0,
                                        u'log_level': u'error',
                                        u'stall_hwm': 1},
              u'state_pubsub': {'addr_in': 'tcp://204.90.41.4:39573',
                                'addr_out': 'tcp://204.90.41.4:43149',
                                u'bulk_size': 0,
                                u'log_level': u'error',
                                u'stall_hwm': 1}},
 'cname': u'PMGRLaunchingComponent',
 u'components': {},
 u'count': 1,
 u'db_poll_sleeptime': 10.0,
 'number': 0,
 'owner': 'pmgr.0000',
 'uid': 'pmgr.0000'}
2018-10-11 11:28:50,685: pmgr.0000.launching.0.child: pmgr.0000.launching.0           : MainThread     : DEBUG   : start components: {}
2018-10-11 11:28:50,685: pmgr.0000.launching.0.child: pmgr.0000.launching.0           : MainThread     : DEBUG   : alive check in term
2018-10-11 11:28:50,685: pmgr.0000.launching.0.child: pmgr.0000.launching.0           : MainThread     : DEBUG   : START: pmgr.0000.launching.0.child register publisher log_pubsub
2018-10-11 11:28:50,685: pmgr.0000.launching.0.child: pmgr.0000.launching.0           : MainThread     : DEBUG   : using addr tcp://204.90.41.4:38095 for pubsub log_pubsub
2018-10-11 11:28:50,692: pmgr.0000.launching.0.child: pmgr.0000.launching.0           : MainThread     : DEBUG   : registered publisher : log_pubsub : log.pubsub.pub.0001
2018-10-11 11:28:50,692: pmgr.0000.launching.0.child: pmgr.0000.launching.0           : MainThread     : DEBUG   : alive check in term
2018-10-11 11:28:50,692: pmgr.0000.launching.0.child: pmgr.0000.launching.0           : MainThread     : DEBUG   : START: pmgr.0000.launching.0.child register publisher state_pubsub
2018-10-11 11:28:50,692: pmgr.0000.launching.0.child: pmgr.0000.launching.0           : MainThread     : DEBUG   : using addr tcp://204.90.41.4:39573 for pubsub state_pubsub
2018-10-11 11:28:50,698: pmgr.0000.launching.0.child: pmgr.0000.launching.0           : MainThread     : DEBUG   : registered publisher : state_pubsub : state.pubsub.pub.0001
2018-10-11 11:28:50,698: pmgr.0000.launching.0.child: pmgr.0000.launching.0           : MainThread     : DEBUG   : alive check in term
2018-10-11 11:28:50,698: pmgr.0000.launching.0.child: pmgr.0000.launching.0           : MainThread     : DEBUG   : START: pmgr.0000.launching.0.child register publisher control_pubsub
2018-10-11 11:28:50,698: pmgr.0000.launching.0.child: pmgr.0000.launching.0           : MainThread     : DEBUG   : using addr tcp://204.90.41.4:43617 for pubsub control_pubsub
2018-10-11 11:28:50,704: pmgr.0000.launching.0.child: pmgr.0000.launching.0           : MainThread     : DEBUG   : registered publisher : control_pubsub : control.pubsub.pub.0001
2018-10-11 11:28:50,709: pmgr.0000.launching.0.child: pmgr.0000.launching.0           : MainThread     : DEBUG   : alive check in term
2018-10-11 11:28:50,709: pmgr.0000.launching.0.child: pmgr.0000.launching.0           : MainThread     : DEBUG   : START: pmgr.0000.launching.0.child register subscriber pmgr.0000.launching.0.child.subscriber._cancel_monitor_cb
2018-10-11 11:28:50,709: pmgr.0000.launching.0.child: pmgr.0000.launching.0           : MainThread     : DEBUG   : using addr tcp://204.90.41.4:40259 for pubsub control_pubsub
2018-10-11 11:28:50,715: pmgr.0000.launching.0.child: pmgr.0000.launching.0           : MainThread     : DEBUG   : parent name: pmgr.0000.launching.0.child.subscriber._cancel_monitor_cb
2018-10-11 11:28:50,716: pmgr.0000.launching.0.child: pmgr.0000.launching.0           : MainThread     : DEBUG   : start thread
2018-10-11 11:28:50,726: pmgr.0000.launching.0.child: pmgr.0000.launching.0           : pmgr.0000.launching.0.child.subscriber._cancel_monitor_cb: DEBUG   : child name: pmgr.0000.launching.0.child.subscriber._cancel_monitor_cb.thread
2018-10-11 11:28:50,726: pmgr.0000.launching.0.child: pmgr.0000.launching.0           : pmgr.0000.launching.0.child.subscriber._cancel_monitor_cb: INFO    : child (me) initializing
2018-10-11 11:28:50,726: pmgr.0000.launching.0.child: pmgr.0000.launching.0           : pmgr.0000.launching.0.child.subscriber._cancel_monitor_cb: DEBUG   : ru_initialize_common (NOOP)
2018-10-11 11:28:50,726: pmgr.0000.launching.0.child: pmgr.0000.launching.0           : pmgr.0000.launching.0.child.subscriber._cancel_monitor_cb: DEBUG   : ru_initialize_child (NOOP)
2018-10-11 11:28:50,726: pmgr.0000.launching.0.child: pmgr.0000.launching.0           : pmgr.0000.launching.0.child.subscriber._cancel_monitor_cb: INFO    : send alive
2018-10-11 11:28:50,726: pmgr.0000.launching.0.child: pmgr.0000.launching.0           : pmgr.0000.launching.0.child.subscriber._cancel_monitor_cb: INFO    : put message: [pmgr.0000.launching.0.child.subscriber._cancel_monitor_cb.thread] alive
2018-10-11 11:28:50,727: pmgr.0000.launching.0.child: pmgr.0000.launching.0           : MainThread     : INFO    : get msg: alive
2018-10-11 11:28:50,727: pmgr.0000.launching.0.child: pmgr.0000.launching.0           : MainThread     : DEBUG   : ru_initialize_common (NOOP)
2018-10-11 11:28:50,727: pmgr.0000.launching.0.child: pmgr.0000.launching.0           : MainThread     : DEBUG   : ru_initialize_parent (NOOP)
2018-10-11 11:28:50,727: pmgr.0000.launching.0.child: pmgr.0000.launching.0           : MainThread     : DEBUG   : child thread pmgr.0000.launching.0.child.subscriber._cancel_monitor_cb started
2018-10-11 11:28:50,728: pmgr.0000.launching.0.child: pmgr.0000.launching.0           : MainThread     : DEBUG   : pmgr.0000.launching.0.child registered control_pubsub subscriber pmgr.0000.launching.0.child.subscriber._cancel_monitor_cb
2018-10-11 11:28:50,728: pmgr.0000.launching.0.child: pmgr.0000.launching.0           : MainThread     : DEBUG   : alive check in term
2018-10-11 11:28:50,728: pmgr.0000.launching.0.child: pmgr.0000.launching.0           : MainThread     : DEBUG   : using addr tcp://204.90.41.4:35507 for input pmgr_launching_queue
2018-10-11 11:28:50,734: pmgr.0000.launching.0.child: pmgr.0000.launching.0           : MainThread     : DEBUG   : registered input pmgr.0000.launching.0.child.work.PMGR_LAUNCHING_PENDING
2018-10-11 11:28:50,734: pmgr.0000.launching.0.child: pmgr.0000.launching.0           : MainThread     : DEBUG   : START: pmgr.0000.launching.0.child register input PMGR_LAUNCHING_PENDING: pmgr.0000.launching.0.child.work.PMGR_LAUNCHING_PENDING
2018-10-11 11:28:50,734: pmgr.0000.launching.0.child: pmgr.0000.launching.0           : MainThread     : DEBUG   : registered worker work [PMGR_LAUNCHING_PENDING]
2018-10-11 11:28:50,734: pmgr.0000.launching.0.child: pmgr.0000.launching.0           : MainThread     : DEBUG   : alive check in term
2018-10-11 11:28:50,734: pmgr.0000.launching.0.child: pmgr.0000.launching.0           : MainThread     : DEBUG   : START: pmgr.0000.launching.0.child register idler pmgr.0000.launching.0.child.idler._pilot_watcher_cb
2018-10-11 11:28:50,735: pmgr.0000.launching.0.child: pmgr.0000.launching.0           : MainThread     : DEBUG   : parent name: pmgr.0000.launching.0.child.idler._pilot_watcher_cb
2018-10-11 11:28:50,735: pmgr.0000.launching.0.child: pmgr.0000.launching.0           : MainThread     : DEBUG   : start thread
2018-10-11 11:28:50,745: pmgr.0000.launching.0.child: pmgr.0000.launching.0           : pmgr.0000.launching.0.child.idler._pilot_watcher_cb: DEBUG   : child name: pmgr.0000.launching.0.child.idler._pilot_watcher_cb.thread
2018-10-11 11:28:50,745: pmgr.0000.launching.0.child: pmgr.0000.launching.0           : pmgr.0000.launching.0.child.idler._pilot_watcher_cb: INFO    : child (me) initializing
2018-10-11 11:28:50,745: pmgr.0000.launching.0.child: pmgr.0000.launching.0           : pmgr.0000.launching.0.child.idler._pilot_watcher_cb: DEBUG   : ru_initialize_common (NOOP)
2018-10-11 11:28:50,745: pmgr.0000.launching.0.child: pmgr.0000.launching.0           : pmgr.0000.launching.0.child.idler._pilot_watcher_cb: DEBUG   : ru_initialize_child (NOOP)
2018-10-11 11:28:50,745: pmgr.0000.launching.0.child: pmgr.0000.launching.0           : pmgr.0000.launching.0.child.idler._pilot_watcher_cb: INFO    : send alive
2018-10-11 11:28:50,745: pmgr.0000.launching.0.child: pmgr.0000.launching.0           : pmgr.0000.launching.0.child.idler._pilot_watcher_cb: INFO    : put message: [pmgr.0000.launching.0.child.idler._pilot_watcher_cb.thread] alive
2018-10-11 11:28:50,746: pmgr.0000.launching.0.child: pmgr.0000.launching.0           : MainThread     : INFO    : get msg: alive
2018-10-11 11:28:50,746: pmgr.0000.launching.0.child: pmgr.0000.launching.0           : MainThread     : DEBUG   : ru_initialize_common (NOOP)
2018-10-11 11:28:50,746: pmgr.0000.launching.0.child: pmgr.0000.launching.0           : MainThread     : DEBUG   : ru_initialize_parent (NOOP)
2018-10-11 11:28:50,746: pmgr.0000.launching.0.child: pmgr.0000.launching.0           : MainThread     : DEBUG   : child thread pmgr.0000.launching.0.child.idler._pilot_watcher_cb started
2018-10-11 11:28:50,751: pmgr.0000.launching.0.child: pmgr.0000.launching.0           : MainThread     : DEBUG   : pmgr.0000.launching.0.child registered idler pmgr.0000.launching.0.child.idler._pilot_watcher_cb
2018-10-11 11:28:50,751: pmgr.0000.launching.0.child: pmgr.0000.launching.0           : MainThread     : DEBUG   : alive check in term
2018-10-11 11:28:50,751: pmgr.0000.launching.0.child: pmgr.0000.launching.0           : MainThread     : DEBUG   : START: pmgr.0000.launching.0.child register subscriber pmgr.0000.launching.0.child.subscriber._pmgr_control_cb
2018-10-11 11:28:50,751: pmgr.0000.launching.0.child: pmgr.0000.launching.0           : MainThread     : DEBUG   : using addr tcp://204.90.41.4:40259 for pubsub control_pubsub
2018-10-11 11:28:50,766: pmgr.0000.launching.0.child: pmgr.0000.launching.0           : MainThread     : DEBUG   : parent name: pmgr.0000.launching.0.child.subscriber._pmgr_control_cb
2018-10-11 11:28:50,766: pmgr.0000.launching.0.child: pmgr.0000.launching.0           : MainThread     : DEBUG   : start thread
2018-10-11 11:28:50,769: pmgr.0000.launching.0.child: pmgr.0000.launching.0           : pmgr.0000.launching.0.child.idler._pilot_watcher_cb: DEBUG   : bulk states: []
2018-10-11 11:28:50,773: pmgr.0000.launching.0.child: pmgr.0000.launching.0           : pmgr.0000.launching.0.child.subscriber._pmgr_control_cb: DEBUG   : child name: pmgr.0000.launching.0.child.subscriber._pmgr_control_cb.thread
2018-10-11 11:28:50,773: pmgr.0000.launching.0.child: pmgr.0000.launching.0           : pmgr.0000.launching.0.child.subscriber._pmgr_control_cb: INFO    : child (me) initializing
2018-10-11 11:28:50,778: pmgr.0000.launching.0.child: pmgr.0000.launching.0           : pmgr.0000.launching.0.child.subscriber._pmgr_control_cb: DEBUG   : ru_initialize_common (NOOP)
2018-10-11 11:28:50,778: pmgr.0000.launching.0.child: pmgr.0000.launching.0           : pmgr.0000.launching.0.child.subscriber._pmgr_control_cb: DEBUG   : ru_initialize_child (NOOP)
2018-10-11 11:28:50,778: pmgr.0000.launching.0.child: pmgr.0000.launching.0           : pmgr.0000.launching.0.child.subscriber._pmgr_control_cb: INFO    : send alive
2018-10-11 11:28:50,778: pmgr.0000.launching.0.child: pmgr.0000.launching.0           : pmgr.0000.launching.0.child.subscriber._pmgr_control_cb: INFO    : put message: [pmgr.0000.launching.0.child.subscriber._pmgr_control_cb.thread] alive
2018-10-11 11:28:50,781: pmgr.0000.launching.0.child: pmgr.0000.launching.0           : MainThread     : INFO    : get msg: alive
2018-10-11 11:28:50,781: pmgr.0000.launching.0.child: pmgr.0000.launching.0           : MainThread     : DEBUG   : ru_initialize_common (NOOP)
2018-10-11 11:28:50,781: pmgr.0000.launching.0.child: pmgr.0000.launching.0           : MainThread     : DEBUG   : ru_initialize_parent (NOOP)
2018-10-11 11:28:50,781: pmgr.0000.launching.0.child: pmgr.0000.launching.0           : MainThread     : DEBUG   : child thread pmgr.0000.launching.0.child.subscriber._pmgr_control_cb started
2018-10-11 11:28:50,781: pmgr.0000.launching.0.child: pmgr.0000.launching.0           : MainThread     : DEBUG   : pmgr.0000.launching.0.child registered control_pubsub subscriber pmgr.0000.launching.0.child.subscriber._pmgr_control_cb
2018-10-11 11:28:50,785: pmgr.0000.launching.0.child: pmgr.0000.launching.0           : MainThread     : INFO    : ('0.50.8', '0.50.8', None, None, 'radical.pilot-0.50.8.tar.gz', '/home/sdimitro/miniconda2/envs/RADICALPilot/lib/python2.7/site-packages/radical/pilot/pmgr/launching/../..//radical.pilot-0.50.8.tar.gz')
2018-10-11 11:28:50,785: pmgr.0000.launching.0.child: pmgr.0000.launching.0           : MainThread     : INFO    : child (me) initializing
2018-10-11 11:28:50,786: pmgr.0000.launching.0.child: pmgr.0000.launching.0           : MainThread     : DEBUG   : parent name: pmgr.0000.launching.0.child.watch
2018-10-11 11:28:50,786: pmgr.0000.launching.0.child: pmgr.0000.launching.0           : MainThread     : DEBUG   : start thread
2018-10-11 11:28:50,796: pmgr.0000.launching.0.child: pmgr.0000.launching.0           : pmgr.0000.launching.0.child.watch: DEBUG   : child name: pmgr.0000.launching.0.child.watch.thread
2018-10-11 11:28:50,796: pmgr.0000.launching.0.child: pmgr.0000.launching.0           : pmgr.0000.launching.0.child.watch: INFO    : child (me) initializing
2018-10-11 11:28:50,796: pmgr.0000.launching.0.child: pmgr.0000.launching.0           : pmgr.0000.launching.0.child.watch: DEBUG   : ru_initialize_common (NOOP)
2018-10-11 11:28:50,796: pmgr.0000.launching.0.child: pmgr.0000.launching.0           : pmgr.0000.launching.0.child.watch: DEBUG   : ru_initialize_child (NOOP)
2018-10-11 11:28:50,796: pmgr.0000.launching.0.child: pmgr.0000.launching.0           : pmgr.0000.launching.0.child.watch: INFO    : send alive
2018-10-11 11:28:50,796: pmgr.0000.launching.0.child: pmgr.0000.launching.0           : pmgr.0000.launching.0.child.watch: INFO    : put message: [pmgr.0000.launching.0.child.watch.thread] alive
2018-10-11 11:28:50,797: pmgr.0000.launching.0.child: pmgr.0000.launching.0           : MainThread     : INFO    : get msg: alive
2018-10-11 11:28:50,797: pmgr.0000.launching.0.child: pmgr.0000.launching.0           : MainThread     : DEBUG   : ru_initialize_common (NOOP)
2018-10-11 11:28:50,797: pmgr.0000.launching.0.child: pmgr.0000.launching.0           : MainThread     : DEBUG   : ru_initialize_parent (NOOP)
2018-10-11 11:28:50,797: pmgr.0000.launching.0.child: pmgr.0000.launching.0           : MainThread     : DEBUG   : child thread pmgr.0000.launching.0.child.watch started
2018-10-11 11:28:50,797: pmgr.0000.launching.0.child: pmgr.0000.launching.0           : MainThread     : INFO    : child (me) is alive
2018-10-11 11:28:50,797: pmgr.0000.launching.0.child: pmgr.0000.launching.0           : MainThread     : INFO    : send alive
2018-10-11 11:28:50,797: pmgr.0000.launching.0.child: pmgr.0000.launching.0           : MainThread     : INFO    : send message: [pmgr.0000.launching.0.child] alive
2018-10-11 11:28:53,304: pmgr.0000.launching.0.child: pmgr.0000.launching.0           : MainThread     : DEBUG   : got pilot (pilot.0000)
2018-10-11 11:28:53,304: pmgr.0000.launching.0.child: pmgr.0000.launching.0           : MainThread     : DEBUG   : advance bulk size: 1 [False, True]
2018-10-11 11:28:53,305: pmgr.0000.launching.0.child: pmgr.0000.launching.0           : MainThread     : INFO    : Launching pilots on local.localhost_anaconda: ['pilot.0000']
2018-10-11 11:28:55,497: pmgr.0000.launching.0.child: pmgr.0000.launching.0           : MainThread     : DEBUG   : 8
2018-10-11 11:28:55,498: pmgr.0000.launching.0.child: pmgr.0000.launching.0           : MainThread     : DEBUG   : {'agent_launch_method': 'FORK',
 'agent_scheduler': 'CONTINUOUS',
 'agent_spawner': 'POPEN',
 'cores_per_node': 8,
 'default_remote_workdir': '$HOME',
 'description': 'Your local machine.',
 'filesystem_endpoint': 'file://localhost/',
 'gpus_per_node': 1,
 'job_manager_endpoint': 'fork://localhost/',
 'label': 'local.localhost_anaconda',
 'local': {'filesystem_endpoint': 'file://localhost/',
           'job_manager_endpoint': 'fork://localhost/'},
 'lrms': 'FORK',
 'mpi_launch_method': 'MPIEXEC',
 'notes': 'To use the ssh schema, make sure that ssh access to localhost is enabled.',
 'python_dist': 'anaconda',
 'rp_version': 'local',
 'schemas': ['local', 'ssh'],
 'ssh': {'filesystem_endpoint': 'sftp://localhost/',
         'job_manager_endpoint': 'ssh://localhost/'},
 'task_launch_method': 'FORK',
 'virtenv_mode': 'create'}
2018-10-11 11:28:55,498: pmgr.0000.launching.0.child: pmgr.0000.launching.0           : MainThread     : INFO    : Read agent config file: /home/sdimitro/miniconda2/envs/RADICALPilot/lib/python2.7/site-packages/radical/pilot/pmgr/launching/../..//configs/agent_default.json
2018-10-11 11:28:55,504: pmgr.0000.launching.0.child: pmgr.0000.launching.0           : MainThread     : DEBUG   : Write agent cfg to '/tmp/rp.agent_cfg.0FOGkj'.
2018-10-11 11:28:55,508: pmgr.0000.launching.0.child: pmgr.0000.launching.0           : MainThread     : DEBUG   : {'agent_launch_method': 'FORK',
 u'bridges': {u'agent_executing_queue': {u'bulk_size': 0,
                                         u'log_level': u'error',
                                         u'stall_hwm': 1},
              u'agent_schedule_pubsub': {u'bulk_size': 0,
                                         u'log_level': u'error',
                                         u'stall_hwm': 1},
              u'agent_scheduling_queue': {u'bulk_size': 0,
                                          u'log_level': u'error',
                                          u'stall_hwm': 1},
              u'agent_staging_input_queue': {u'bulk_size': 0,
                                             u'log_level': u'error',
                                             u'stall_hwm': 1},
              u'agent_staging_output_queue': {u'bulk_size': 0,
                                              u'log_level': u'error',
                                              u'stall_hwm': 1},
              u'agent_unschedule_pubsub': {u'bulk_size': 0,
                                           u'log_level': u'error',
                                           u'stall_hwm': 1},
              u'control_pubsub': {u'bulk_size': 0,
                                  u'log_level': u'error',
                                  u'stall_hwm': 1},
              u'log_pubsub': {u'bulk_size': 0,
                              u'log_level': u'error',
                              u'stall_hwm': 1},
              u'state_pubsub': {u'bulk_size': 0,
                                u'log_level': u'error',
                                u'stall_hwm': 1}},
 u'bulk_collection_size': 100,
 u'bulk_collection_time': 1.0,
 u'components': {u'AgentExecutingComponent': {u'count': 1},
                 u'AgentSchedulingComponent': {u'count': 1},
                 u'AgentStagingInputComponent': {u'count': 1},
                 u'AgentStagingOutputComponent': {u'count': 1},
                 u'UpdateWorker': {u'count': 1}},
 'cores': 40,
 'cores_per_node': 8,
 'cu_post_exec': None,
 'cu_pre_exec': None,
 'cu_tmp': None,
 u'db_poll_sleeptime': 1.0,
 'dburl': 'mongodb://aymenfja:123456789@ds127490.mlab.com:27490/radicallab',
 'debug': 10,
 'export_to_cu': None,
 'gpus': 0,
 'gpus_per_node': 1,
 'logdir': '.',
 'lrms': 'FORK',
 u'max_io_loglength': 1024,
 u'mode': u'shared',
 'mpi_launch_method': 'MPIEXEC',
 'owner': 'agent_0',
 'pilot_id': 'pilot.0000',
 'pilot_sandbox': '/home/sdimitro/radical.pilot.sandbox/rp.session.smic004.sdimitro.017815.0066/pilot.0000/',
 'resource_cfg': {'agent_launch_method': 'FORK',
                  'agent_scheduler': 'CONTINUOUS',
                  'agent_spawner': 'POPEN',
                  'cores_per_node': 8,
                  'default_remote_workdir': '$HOME',
                  'description': 'Your local machine.',
                  'filesystem_endpoint': 'file://localhost/',
                  'gpus_per_node': 1,
                  'job_manager_endpoint': 'fork://localhost/',
                  'label': 'local.localhost_anaconda',
                  'local': {'filesystem_endpoint': 'file://localhost/',
                            'job_manager_endpoint': 'fork://localhost/'},
                  'lrms': 'FORK',
                  'mpi_launch_method': 'MPIEXEC',
                  'notes': 'To use the ssh schema, make sure that ssh access to localhost is enabled.',
                  'python_dist': 'anaconda',
                  'rp_version': 'local',
                  'schemas': ['local', 'ssh'],
                  'ssh': {'filesystem_endpoint': 'sftp://localhost/',
                          'job_manager_endpoint': 'ssh://localhost/'},
                  'task_launch_method': 'FORK',
                  'virtenv_mode': 'create'},
 'resource_sandbox': '/home/sdimitro/radical.pilot.sandbox',
 'runtime': 15,
 'scheduler': 'CONTINUOUS',
 'session_id': 'rp.session.smic004.sdimitro.017815.0066',
 'session_sandbox': '/home/sdimitro/radical.pilot.sandbox/rp.session.smic004.sdimitro.017815.0066',
 'spawner': 'POPEN',
 u'staging_area': u'staging_area',
 u'staging_schema': u'staging',
 u'target': u'local',
 'task_launch_method': 'FORK'}
2018-10-11 11:28:55,515: pmgr.0000.launching.0.child: pmgr.0000.launching.0           : MainThread     : DEBUG   : use bootstrapper /home/sdimitro/miniconda2/envs/RADICALPilot/lib/python2.7/site-packages/radical/pilot/agent/bootstrap_0.sh
2018-10-11 11:28:55,521: pmgr.0000.launching.0.child: pmgr.0000.launching.0           : MainThread     : DEBUG   : Bootstrap command line: /bin/bash ['-l /home/sdimitro/radical.pilot.sandbox/rp.session.smic004.sdimitro.017815.0066/bootstrap_0.sh', " -d 'radical.utils-0.50.2.tar.gz:saga-python-0.50.0.tar.gz:radical.pilot-0.50.8.tar.gz' -p 'pilot.0000' -s 'rp.session.smic004.sdimitro.017815.0066' -m 'create' -r 'local' -b 'anaconda' -g 'default' -v '/home/sdimitro/radical.pilot.sandbox/ve.local.localhost_anaconda.0.50.8' -y '15'"]
2018-10-11 11:28:55,522: pmgr.0000.launching.0.child: pmgr.0000.launching.0           : MainThread     : DEBUG   : cmd: cd /tmp/rp_agent_tar_dir1qoOk7 && tar zchf /tmp/rp_agent_tar_dir1qoOk7/rp.session.smic004.sdimitro.017815.0066.pmgr.0000.launching.0.child.tgz *
2018-10-11 11:28:55,660: pmgr.0000.launching.0.child: pmgr.0000.launching.0           : MainThread     : DEBUG   : out: 
2018-10-11 11:28:55,661: pmgr.0000.launching.0.child: pmgr.0000.launching.0           : MainThread     : DEBUG   : rs.file.Directory ('file://localhost/')
2018-10-11 11:29:51,294: pmgr.0000.launching.0.child: pmgr.0000.launching.0           : MainThread     : DEBUG   : tar cmd : tar zmxvf /home/sdimitro/radical.pilot.sandbox/rp.session.smic004.sdimitro.017815.0066/rp.session.smic004.sdimitro.017815.0066.pmgr.0000.launching.0.child.tgz -C /home/sdimitro/radical.pilot.sandbox/rp.session.smic004.sdimitro.017815.0066
2018-10-11 11:29:51,586: pmgr.0000.launching.0.child: pmgr.0000.launching.0           : MainThread     : DEBUG   : tar done: Done, bootstrap_0.sh
pilot.0000/
pilot.0000/agent_0.cfg
pilot.0000/pilot.0000.log.tgz
pilot.0000/pilot.0000.prof.tgz
radical.pilot-0.50.8.tar.gz
radical.utils-0.50.2.tar.gz
saga-python-0.50.0.tar.gz
, 
2018-10-11 11:30:26,177: pmgr.0000.launching.0.child: pmgr.0000.launching.0           : MainThread     : DEBUG   : jd: {'Arguments': ['-l /home/sdimitro/radical.pilot.sandbox/rp.session.smic004.sdimitro.017815.0066/bootstrap_0.sh',
               " -d 'radical.utils-0.50.2.tar.gz:saga-python-0.50.0.tar.gz:radical.pilot-0.50.8.tar.gz' -p 'pilot.0000' -s 'rp.session.smic004.sdimitro.017815.0066' -m 'create' -r 'local' -b 'anaconda' -g 'default' -v '/home/sdimitro/radical.pilot.sandbox/ve.local.localhost_anaconda.0.50.8' -y '15'"],
 'CandidateHosts': None,
 'Environment': {'RADICAL_PILOT_PROFILE': 'TRUE'},
 'Error': 'bootstrap_0.err',
 'Executable': '/bin/bash',
 'FileTransfer': [],
 'Name': 'pilot.0000',
 'Output': 'bootstrap_0.out',
 'ProcessesPerHost': 8,
 'Project': None,
 'Queue': None,
 'SPMDVariation': None,
 'TotalCPUCount': 40,
 'TotalGPUCount': 0,
 'TotalPhysicalMemory': None,
 'WallTimeLimit': 15,
 'WorkingDirectory': '/home/sdimitro/radical.pilot.sandbox/rp.session.smic004.sdimitro.017815.0066/pilot.0000/'}
2018-10-11 11:30:26,604: pmgr.0000.launching.0.child: pmgr.0000.launching.0           : MainThread     : DEBUG   : pilot job: pilot.0000 : [fork://localhost/]-[42902.0] : pilot.0000 : Running
2018-10-11 11:30:26,609: pmgr.0000.launching.0.child: pmgr.0000.launching.0           : MainThread     : DEBUG   : advance bulk size: 1 [False, True]
2018-10-11 11:30:26,609: pmgr.0000.launching.0.child: pmgr.0000.launching.0           : pmgr.0000.launching.0.child.subscriber._pmgr_control_cb: DEBUG   : launcher got {'cmd': 'add_pilots', 'arg': {'pilots': [{'resource_sandbox': 'file://localhost/home/sdimitro/radical.pilot.sandbox', 'resource_details': None, 'resource': 'local.localhost_anaconda', 'uid': 'pilot.0000', 'pmgr': 'pmgr.0000', 'stdout': None, 'js_url': 'fork://localhost/', 'state': 'PMGR_LAUNCHING', 'session': 'rp.session.smic004.sdimitro.017815.0066', 'log': None, 'stderr': None, 'js_hop': 'fork://localhost/', 'client_sandbox': '/home/sdimitro', 'type': 'pilot', 'pilot_sandbox': 'file://localhost/home/sdimitro/radical.pilot.sandbox/rp.session.smic004.sdimitro.017815.0066/pilot.0000/', 'description': {'queue': None, 'resource': 'local.localhost_anaconda', 'exit_on_error': True, 'candidate_hosts': None, 'project': None, 'sandbox': None, 'cleanup': None, 'access_schema': None, 'gpus': 0, 'memory': None, 'cores': 40, 'runtime': 15}}], 'umgr': 'umgr.0000'}}
2018-10-11 11:30:26,611: pmgr.0000.launching.0.child: pmgr.0000.launching.0           : pmgr.0000.launching.0.child.subscriber._cancel_monitor_cb: DEBUG   : command ignored: add_pilots
2018-10-11 11:30:26,756: pmgr.0000.launching.0.child: pmgr.0000.launching.0           : pmgr.0000.launching.0.child.idler._pilot_watcher_cb: DEBUG   : bulk states: [['Running']]
2018-10-11 11:30:26,916: pmgr.0000.launching.0.child: pmgr.0000.launching.0           : pmgr.0000.launching.0.child.idler._pilot_watcher_cb: DEBUG   : saga job state: pilot.0000 Running
2018-10-11 11:30:37,124: pmgr.0000.launching.0.child: pmgr.0000.launching.0           : pmgr.0000.launching.0.child.idler._pilot_watcher_cb: DEBUG   : bulk states: [['Running']]
2018-10-11 11:30:37,338: pmgr.0000.launching.0.child: pmgr.0000.launching.0           : pmgr.0000.launching.0.child.idler._pilot_watcher_cb: DEBUG   : saga job state: pilot.0000 Running
2018-10-11 11:30:47,585: pmgr.0000.launching.0.child: pmgr.0000.launching.0           : pmgr.0000.launching.0.child.idler._pilot_watcher_cb: DEBUG   : bulk states: [['Running']]
2018-10-11 11:30:47,816: pmgr.0000.launching.0.child: pmgr.0000.launching.0           : pmgr.0000.launching.0.child.idler._pilot_watcher_cb: DEBUG   : saga job state: pilot.0000 Running
2018-10-11 11:30:58,043: pmgr.0000.launching.0.child: pmgr.0000.launching.0           : pmgr.0000.launching.0.child.idler._pilot_watcher_cb: DEBUG   : bulk states: [['Running']]
2018-10-11 11:30:58,272: pmgr.0000.launching.0.child: pmgr.0000.launching.0           : pmgr.0000.launching.0.child.idler._pilot_watcher_cb: DEBUG   : saga job state: pilot.0000 Running
2018-10-11 11:31:08,504: pmgr.0000.launching.0.child: pmgr.0000.launching.0           : pmgr.0000.launching.0.child.idler._pilot_watcher_cb: DEBUG   : bulk states: [['Running']]
2018-10-11 11:31:08,723: pmgr.0000.launching.0.child: pmgr.0000.launching.0           : pmgr.0000.launching.0.child.idler._pilot_watcher_cb: DEBUG   : saga job state: pilot.0000 Running
2018-10-11 11:31:18,956: pmgr.0000.launching.0.child: pmgr.0000.launching.0           : pmgr.0000.launching.0.child.idler._pilot_watcher_cb: DEBUG   : bulk states: [['Running']]
2018-10-11 11:31:19,178: pmgr.0000.launching.0.child: pmgr.0000.launching.0           : pmgr.0000.launching.0.child.idler._pilot_watcher_cb: DEBUG   : saga job state: pilot.0000 Running
2018-10-11 11:31:29,424: pmgr.0000.launching.0.child: pmgr.0000.launching.0           : pmgr.0000.launching.0.child.idler._pilot_watcher_cb: DEBUG   : bulk states: [['Running']]
2018-10-11 11:31:29,682: pmgr.0000.launching.0.child: pmgr.0000.launching.0           : pmgr.0000.launching.0.child.idler._pilot_watcher_cb: DEBUG   : saga job state: pilot.0000 Running
2018-10-11 11:31:39,924: pmgr.0000.launching.0.child: pmgr.0000.launching.0           : pmgr.0000.launching.0.child.idler._pilot_watcher_cb: DEBUG   : bulk states: [['Running']]
2018-10-11 11:31:40,169: pmgr.0000.launching.0.child: pmgr.0000.launching.0           : pmgr.0000.launching.0.child.idler._pilot_watcher_cb: DEBUG   : saga job state: pilot.0000 Running
2018-10-11 11:31:50,411: pmgr.0000.launching.0.child: pmgr.0000.launching.0           : pmgr.0000.launching.0.child.idler._pilot_watcher_cb: DEBUG   : bulk states: [['Running']]
2018-10-11 11:31:50,646: pmgr.0000.launching.0.child: pmgr.0000.launching.0           : pmgr.0000.launching.0.child.idler._pilot_watcher_cb: DEBUG   : saga job state: pilot.0000 Running
2018-10-11 11:32:00,888: pmgr.0000.launching.0.child: pmgr.0000.launching.0           : pmgr.0000.launching.0.child.idler._pilot_watcher_cb: DEBUG   : bulk states: [['Running']]
2018-10-11 11:32:01,138: pmgr.0000.launching.0.child: pmgr.0000.launching.0           : pmgr.0000.launching.0.child.idler._pilot_watcher_cb: DEBUG   : saga job state: pilot.0000 Running
2018-10-11 11:32:11,386: pmgr.0000.launching.0.child: pmgr.0000.launching.0           : pmgr.0000.launching.0.child.idler._pilot_watcher_cb: DEBUG   : bulk states: [['Running']]
2018-10-11 11:32:11,639: pmgr.0000.launching.0.child: pmgr.0000.launching.0           : pmgr.0000.launching.0.child.idler._pilot_watcher_cb: DEBUG   : saga job state: pilot.0000 Running
2018-10-11 11:32:21,888: pmgr.0000.launching.0.child: pmgr.0000.launching.0           : pmgr.0000.launching.0.child.idler._pilot_watcher_cb: DEBUG   : bulk states: [['Running']]
2018-10-11 11:32:22,144: pmgr.0000.launching.0.child: pmgr.0000.launching.0           : pmgr.0000.launching.0.child.idler._pilot_watcher_cb: DEBUG   : saga job state: pilot.0000 Running
2018-10-11 11:32:32,385: pmgr.0000.launching.0.child: pmgr.0000.launching.0           : pmgr.0000.launching.0.child.idler._pilot_watcher_cb: DEBUG   : bulk states: [['Running']]
2018-10-11 11:32:32,630: pmgr.0000.launching.0.child: pmgr.0000.launching.0           : pmgr.0000.launching.0.child.idler._pilot_watcher_cb: DEBUG   : saga job state: pilot.0000 Running
2018-10-11 11:32:42,862: pmgr.0000.launching.0.child: pmgr.0000.launching.0           : pmgr.0000.launching.0.child.idler._pilot_watcher_cb: DEBUG   : bulk states: [['Running']]
2018-10-11 11:32:43,107: pmgr.0000.launching.0.child: pmgr.0000.launching.0           : pmgr.0000.launching.0.child.idler._pilot_watcher_cb: DEBUG   : saga job state: pilot.0000 Running
2018-10-11 11:32:53,347: pmgr.0000.launching.0.child: pmgr.0000.launching.0           : pmgr.0000.launching.0.child.idler._pilot_watcher_cb: DEBUG   : bulk states: [['Running']]
2018-10-11 11:32:53,590: pmgr.0000.launching.0.child: pmgr.0000.launching.0           : pmgr.0000.launching.0.child.idler._pilot_watcher_cb: DEBUG   : saga job state: pilot.0000 Running
2018-10-11 11:33:03,826: pmgr.0000.launching.0.child: pmgr.0000.launching.0           : pmgr.0000.launching.0.child.idler._pilot_watcher_cb: DEBUG   : bulk states: [['Running']]
2018-10-11 11:33:04,066: pmgr.0000.launching.0.child: pmgr.0000.launching.0           : pmgr.0000.launching.0.child.idler._pilot_watcher_cb: DEBUG   : saga job state: pilot.0000 Running
2018-10-11 11:33:14,303: pmgr.0000.launching.0.child: pmgr.0000.launching.0           : pmgr.0000.launching.0.child.idler._pilot_watcher_cb: DEBUG   : bulk states: [['Running']]
2018-10-11 11:33:14,549: pmgr.0000.launching.0.child: pmgr.0000.launching.0           : pmgr.0000.launching.0.child.idler._pilot_watcher_cb: DEBUG   : saga job state: pilot.0000 Running
2018-10-11 11:33:24,792: pmgr.0000.launching.0.child: pmgr.0000.launching.0           : pmgr.0000.launching.0.child.idler._pilot_watcher_cb: DEBUG   : bulk states: [['Running']]
2018-10-11 11:33:25,047: pmgr.0000.launching.0.child: pmgr.0000.launching.0           : pmgr.0000.launching.0.child.idler._pilot_watcher_cb: DEBUG   : saga job state: pilot.0000 Running
2018-10-11 11:33:35,296: pmgr.0000.launching.0.child: pmgr.0000.launching.0           : pmgr.0000.launching.0.child.idler._pilot_watcher_cb: DEBUG   : bulk states: [['Running']]
2018-10-11 11:33:35,543: pmgr.0000.launching.0.child: pmgr.0000.launching.0           : pmgr.0000.launching.0.child.idler._pilot_watcher_cb: DEBUG   : saga job state: pilot.0000 Running
2018-10-11 11:33:45,772: pmgr.0000.launching.0.child: pmgr.0000.launching.0           : pmgr.0000.launching.0.child.idler._pilot_watcher_cb: DEBUG   : bulk states: [['Running']]
2018-10-11 11:33:46,001: pmgr.0000.launching.0.child: pmgr.0000.launching.0           : pmgr.0000.launching.0.child.idler._pilot_watcher_cb: DEBUG   : saga job state: pilot.0000 Running
2018-10-11 11:33:56,239: pmgr.0000.launching.0.child: pmgr.0000.launching.0           : pmgr.0000.launching.0.child.idler._pilot_watcher_cb: DEBUG   : bulk states: [['Running']]
2018-10-11 11:33:56,482: pmgr.0000.launching.0.child: pmgr.0000.launching.0           : pmgr.0000.launching.0.child.idler._pilot_watcher_cb: DEBUG   : saga job state: pilot.0000 Running
2018-10-11 11:34:06,725: pmgr.0000.launching.0.child: pmgr.0000.launching.0           : pmgr.0000.launching.0.child.idler._pilot_watcher_cb: DEBUG   : bulk states: [['Running']]
2018-10-11 11:34:06,971: pmgr.0000.launching.0.child: pmgr.0000.launching.0           : pmgr.0000.launching.0.child.idler._pilot_watcher_cb: DEBUG   : saga job state: pilot.0000 Running
2018-10-11 11:34:17,210: pmgr.0000.launching.0.child: pmgr.0000.launching.0           : pmgr.0000.launching.0.child.idler._pilot_watcher_cb: DEBUG   : bulk states: [['Running']]
2018-10-11 11:34:17,445: pmgr.0000.launching.0.child: pmgr.0000.launching.0           : pmgr.0000.launching.0.child.idler._pilot_watcher_cb: DEBUG   : saga job state: pilot.0000 Running
2018-10-11 11:34:27,686: pmgr.0000.launching.0.child: pmgr.0000.launching.0           : pmgr.0000.launching.0.child.idler._pilot_watcher_cb: DEBUG   : bulk states: [['Running']]
2018-10-11 11:34:27,934: pmgr.0000.launching.0.child: pmgr.0000.launching.0           : pmgr.0000.launching.0.child.idler._pilot_watcher_cb: DEBUG   : saga job state: pilot.0000 Running
2018-10-11 11:34:38,179: pmgr.0000.launching.0.child: pmgr.0000.launching.0           : pmgr.0000.launching.0.child.idler._pilot_watcher_cb: DEBUG   : bulk states: [['Running']]
2018-10-11 11:34:38,422: pmgr.0000.launching.0.child: pmgr.0000.launching.0           : pmgr.0000.launching.0.child.idler._pilot_watcher_cb: DEBUG   : saga job state: pilot.0000 Running
2018-10-11 11:34:48,661: pmgr.0000.launching.0.child: pmgr.0000.launching.0           : pmgr.0000.launching.0.child.idler._pilot_watcher_cb: DEBUG   : bulk states: [['Running']]
2018-10-11 11:34:48,899: pmgr.0000.launching.0.child: pmgr.0000.launching.0           : pmgr.0000.launching.0.child.idler._pilot_watcher_cb: DEBUG   : saga job state: pilot.0000 Running
2018-10-11 11:34:59,119: pmgr.0000.launching.0.child: pmgr.0000.launching.0           : pmgr.0000.launching.0.child.idler._pilot_watcher_cb: DEBUG   : bulk states: [['Running']]
2018-10-11 11:34:59,307: pmgr.0000.launching.0.child: pmgr.0000.launching.0           : pmgr.0000.launching.0.child.idler._pilot_watcher_cb: DEBUG   : saga job state: pilot.0000 Running
2018-10-11 11:35:09,555: pmgr.0000.launching.0.child: pmgr.0000.launching.0           : pmgr.0000.launching.0.child.idler._pilot_watcher_cb: DEBUG   : bulk states: [['Running']]
2018-10-11 11:35:09,747: pmgr.0000.launching.0.child: pmgr.0000.launching.0           : pmgr.0000.launching.0.child.idler._pilot_watcher_cb: DEBUG   : saga job state: pilot.0000 Running
2018-10-11 11:35:19,983: pmgr.0000.launching.0.child: pmgr.0000.launching.0           : pmgr.0000.launching.0.child.idler._pilot_watcher_cb: DEBUG   : bulk states: [['Running']]
2018-10-11 11:35:20,227: pmgr.0000.launching.0.child: pmgr.0000.launching.0           : pmgr.0000.launching.0.child.idler._pilot_watcher_cb: DEBUG   : saga job state: pilot.0000 Running
2018-10-11 11:35:30,483: pmgr.0000.launching.0.child: pmgr.0000.launching.0           : pmgr.0000.launching.0.child.idler._pilot_watcher_cb: DEBUG   : bulk states: [['Running']]
2018-10-11 11:35:30,718: pmgr.0000.launching.0.child: pmgr.0000.launching.0           : pmgr.0000.launching.0.child.idler._pilot_watcher_cb: DEBUG   : saga job state: pilot.0000 Running
2018-10-11 11:35:40,960: pmgr.0000.launching.0.child: pmgr.0000.launching.0           : pmgr.0000.launching.0.child.idler._pilot_watcher_cb: DEBUG   : bulk states: [['Running']]
2018-10-11 11:35:41,207: pmgr.0000.launching.0.child: pmgr.0000.launching.0           : pmgr.0000.launching.0.child.idler._pilot_watcher_cb: DEBUG   : saga job state: pilot.0000 Running
2018-10-11 11:35:51,418: pmgr.0000.launching.0.child: pmgr.0000.launching.0           : pmgr.0000.launching.0.child.idler._pilot_watcher_cb: DEBUG   : bulk states: [['Running']]
2018-10-11 11:35:51,608: pmgr.0000.launching.0.child: pmgr.0000.launching.0           : pmgr.0000.launching.0.child.idler._pilot_watcher_cb: DEBUG   : saga job state: pilot.0000 Running
2018-10-11 11:36:01,826: pmgr.0000.launching.0.child: pmgr.0000.launching.0           : pmgr.0000.launching.0.child.idler._pilot_watcher_cb: DEBUG   : bulk states: [['Running']]
2018-10-11 11:36:02,018: pmgr.0000.launching.0.child: pmgr.0000.launching.0           : pmgr.0000.launching.0.child.idler._pilot_watcher_cb: DEBUG   : saga job state: pilot.0000 Running
2018-10-11 11:36:12,269: pmgr.0000.launching.0.child: pmgr.0000.launching.0           : pmgr.0000.launching.0.child.idler._pilot_watcher_cb: DEBUG   : bulk states: [['Running']]
2018-10-11 11:36:12,520: pmgr.0000.launching.0.child: pmgr.0000.launching.0           : pmgr.0000.launching.0.child.idler._pilot_watcher_cb: DEBUG   : saga job state: pilot.0000 Running
2018-10-11 11:36:22,768: pmgr.0000.launching.0.child: pmgr.0000.launching.0           : pmgr.0000.launching.0.child.idler._pilot_watcher_cb: DEBUG   : bulk states: [['Running']]
2018-10-11 11:36:23,012: pmgr.0000.launching.0.child: pmgr.0000.launching.0           : pmgr.0000.launching.0.child.idler._pilot_watcher_cb: DEBUG   : saga job state: pilot.0000 Running
2018-10-11 11:36:33,246: pmgr.0000.launching.0.child: pmgr.0000.launching.0           : pmgr.0000.launching.0.child.idler._pilot_watcher_cb: DEBUG   : bulk states: [['Running']]
2018-10-11 11:36:33,448: pmgr.0000.launching.0.child: pmgr.0000.launching.0           : pmgr.0000.launching.0.child.idler._pilot_watcher_cb: DEBUG   : saga job state: pilot.0000 Running
2018-10-11 11:36:43,688: pmgr.0000.launching.0.child: pmgr.0000.launching.0           : pmgr.0000.launching.0.child.idler._pilot_watcher_cb: DEBUG   : bulk states: [['Running']]
2018-10-11 11:36:43,936: pmgr.0000.launching.0.child: pmgr.0000.launching.0           : pmgr.0000.launching.0.child.idler._pilot_watcher_cb: DEBUG   : saga job state: pilot.0000 Running
2018-10-11 11:36:54,171: pmgr.0000.launching.0.child: pmgr.0000.launching.0           : pmgr.0000.launching.0.child.idler._pilot_watcher_cb: DEBUG   : bulk states: [['Running']]
2018-10-11 11:36:54,381: pmgr.0000.launching.0.child: pmgr.0000.launching.0           : pmgr.0000.launching.0.child.idler._pilot_watcher_cb: DEBUG   : saga job state: pilot.0000 Running
2018-10-11 11:37:04,615: pmgr.0000.launching.0.child: pmgr.0000.launching.0           : pmgr.0000.launching.0.child.idler._pilot_watcher_cb: DEBUG   : bulk states: [['Running']]
2018-10-11 11:37:04,871: pmgr.0000.launching.0.child: pmgr.0000.launching.0           : pmgr.0000.launching.0.child.idler._pilot_watcher_cb: DEBUG   : saga job state: pilot.0000 Running
2018-10-11 11:37:15,120: pmgr.0000.launching.0.child: pmgr.0000.launching.0           : pmgr.0000.launching.0.child.idler._pilot_watcher_cb: DEBUG   : bulk states: [['Running']]
2018-10-11 11:37:15,368: pmgr.0000.launching.0.child: pmgr.0000.launching.0           : pmgr.0000.launching.0.child.idler._pilot_watcher_cb: DEBUG   : saga job state: pilot.0000 Running
2018-10-11 11:37:25,616: pmgr.0000.launching.0.child: pmgr.0000.launching.0           : pmgr.0000.launching.0.child.idler._pilot_watcher_cb: DEBUG   : bulk states: [['Running']]
2018-10-11 11:37:25,854: pmgr.0000.launching.0.child: pmgr.0000.launching.0           : pmgr.0000.launching.0.child.idler._pilot_watcher_cb: DEBUG   : saga job state: pilot.0000 Running
2018-10-11 11:37:36,095: pmgr.0000.launching.0.child: pmgr.0000.launching.0           : pmgr.0000.launching.0.child.idler._pilot_watcher_cb: DEBUG   : bulk states: [['Running']]
2018-10-11 11:37:36,311: pmgr.0000.launching.0.child: pmgr.0000.launching.0           : pmgr.0000.launching.0.child.idler._pilot_watcher_cb: DEBUG   : saga job state: pilot.0000 Running
2018-10-11 11:37:46,554: pmgr.0000.launching.0.child: pmgr.0000.launching.0           : pmgr.0000.launching.0.child.idler._pilot_watcher_cb: DEBUG   : bulk states: [['Running']]
2018-10-11 11:37:46,802: pmgr.0000.launching.0.child: pmgr.0000.launching.0           : pmgr.0000.launching.0.child.idler._pilot_watcher_cb: DEBUG   : saga job state: pilot.0000 Running
2018-10-11 11:37:57,036: pmgr.0000.launching.0.child: pmgr.0000.launching.0           : pmgr.0000.launching.0.child.idler._pilot_watcher_cb: DEBUG   : bulk states: [['Running']]
2018-10-11 11:37:57,277: pmgr.0000.launching.0.child: pmgr.0000.launching.0           : pmgr.0000.launching.0.child.idler._pilot_watcher_cb: DEBUG   : saga job state: pilot.0000 Running
2018-10-11 11:38:07,506: pmgr.0000.launching.0.child: pmgr.0000.launching.0           : pmgr.0000.launching.0.child.idler._pilot_watcher_cb: DEBUG   : bulk states: [['Running']]
2018-10-11 11:38:07,696: pmgr.0000.launching.0.child: pmgr.0000.launching.0           : pmgr.0000.launching.0.child.idler._pilot_watcher_cb: DEBUG   : saga job state: pilot.0000 Running
2018-10-11 11:38:17,916: pmgr.0000.launching.0.child: pmgr.0000.launching.0           : pmgr.0000.launching.0.child.idler._pilot_watcher_cb: DEBUG   : bulk states: [['Running']]
2018-10-11 11:38:18,109: pmgr.0000.launching.0.child: pmgr.0000.launching.0           : pmgr.0000.launching.0.child.idler._pilot_watcher_cb: DEBUG   : saga job state: pilot.0000 Running
2018-10-11 11:38:28,323: pmgr.0000.launching.0.child: pmgr.0000.launching.0           : pmgr.0000.launching.0.child.idler._pilot_watcher_cb: DEBUG   : bulk states: [['Running']]
2018-10-11 11:38:28,512: pmgr.0000.launching.0.child: pmgr.0000.launching.0           : pmgr.0000.launching.0.child.idler._pilot_watcher_cb: DEBUG   : saga job state: pilot.0000 Running
2018-10-11 11:38:38,721: pmgr.0000.launching.0.child: pmgr.0000.launching.0           : pmgr.0000.launching.0.child.idler._pilot_watcher_cb: DEBUG   : bulk states: [['Running']]
2018-10-11 11:38:38,917: pmgr.0000.launching.0.child: pmgr.0000.launching.0           : pmgr.0000.launching.0.child.idler._pilot_watcher_cb: DEBUG   : saga job state: pilot.0000 Running
2018-10-11 11:38:49,157: pmgr.0000.launching.0.child: pmgr.0000.launching.0           : pmgr.0000.launching.0.child.idler._pilot_watcher_cb: DEBUG   : bulk states: [['Running']]
2018-10-11 11:38:49,400: pmgr.0000.launching.0.child: pmgr.0000.launching.0           : pmgr.0000.launching.0.child.idler._pilot_watcher_cb: DEBUG   : saga job state: pilot.0000 Running
2018-10-11 11:38:59,645: pmgr.0000.launching.0.child: pmgr.0000.launching.0           : pmgr.0000.launching.0.child.idler._pilot_watcher_cb: DEBUG   : bulk states: [['Running']]
2018-10-11 11:38:59,878: pmgr.0000.launching.0.child: pmgr.0000.launching.0           : pmgr.0000.launching.0.child.idler._pilot_watcher_cb: DEBUG   : saga job state: pilot.0000 Running
2018-10-11 11:39:10,116: pmgr.0000.launching.0.child: pmgr.0000.launching.0           : pmgr.0000.launching.0.child.idler._pilot_watcher_cb: DEBUG   : bulk states: [['Running']]
2018-10-11 11:39:10,361: pmgr.0000.launching.0.child: pmgr.0000.launching.0           : pmgr.0000.launching.0.child.idler._pilot_watcher_cb: DEBUG   : saga job state: pilot.0000 Running
2018-10-11 11:39:20,605: pmgr.0000.launching.0.child: pmgr.0000.launching.0           : pmgr.0000.launching.0.child.idler._pilot_watcher_cb: DEBUG   : bulk states: [['Running']]
2018-10-11 11:39:20,836: pmgr.0000.launching.0.child: pmgr.0000.launching.0           : pmgr.0000.launching.0.child.idler._pilot_watcher_cb: DEBUG   : saga job state: pilot.0000 Running
2018-10-11 11:39:31,080: pmgr.0000.launching.0.child: pmgr.0000.launching.0           : pmgr.0000.launching.0.child.idler._pilot_watcher_cb: DEBUG   : bulk states: [['Running']]
2018-10-11 11:39:31,327: pmgr.0000.launching.0.child: pmgr.0000.launching.0           : pmgr.0000.launching.0.child.idler._pilot_watcher_cb: DEBUG   : saga job state: pilot.0000 Running
2018-10-11 11:39:41,565: pmgr.0000.launching.0.child: pmgr.0000.launching.0           : pmgr.0000.launching.0.child.idler._pilot_watcher_cb: DEBUG   : bulk states: [['Running']]
2018-10-11 11:39:41,815: pmgr.0000.launching.0.child: pmgr.0000.launching.0           : pmgr.0000.launching.0.child.idler._pilot_watcher_cb: DEBUG   : saga job state: pilot.0000 Running
2018-10-11 11:39:52,052: pmgr.0000.launching.0.child: pmgr.0000.launching.0           : pmgr.0000.launching.0.child.idler._pilot_watcher_cb: DEBUG   : bulk states: [['Running']]
2018-10-11 11:39:52,304: pmgr.0000.launching.0.child: pmgr.0000.launching.0           : pmgr.0000.launching.0.child.idler._pilot_watcher_cb: DEBUG   : saga job state: pilot.0000 Running
2018-10-11 11:40:02,526: pmgr.0000.launching.0.child: pmgr.0000.launching.0           : pmgr.0000.launching.0.child.idler._pilot_watcher_cb: DEBUG   : bulk states: [['Running']]
2018-10-11 11:40:02,716: pmgr.0000.launching.0.child: pmgr.0000.launching.0           : pmgr.0000.launching.0.child.idler._pilot_watcher_cb: DEBUG   : saga job state: pilot.0000 Running
2018-10-11 11:40:12,929: pmgr.0000.launching.0.child: pmgr.0000.launching.0           : pmgr.0000.launching.0.child.idler._pilot_watcher_cb: DEBUG   : bulk states: [['Running']]
2018-10-11 11:40:13,120: pmgr.0000.launching.0.child: pmgr.0000.launching.0           : pmgr.0000.launching.0.child.idler._pilot_watcher_cb: DEBUG   : saga job state: pilot.0000 Running
2018-10-11 11:40:23,360: pmgr.0000.launching.0.child: pmgr.0000.launching.0           : pmgr.0000.launching.0.child.idler._pilot_watcher_cb: DEBUG   : bulk states: [['Running']]
2018-10-11 11:40:23,601: pmgr.0000.launching.0.child: pmgr.0000.launching.0           : pmgr.0000.launching.0.child.idler._pilot_watcher_cb: DEBUG   : saga job state: pilot.0000 Running
2018-10-11 11:40:33,850: pmgr.0000.launching.0.child: pmgr.0000.launching.0           : pmgr.0000.launching.0.child.idler._pilot_watcher_cb: DEBUG   : bulk states: [['Running']]
2018-10-11 11:40:34,082: pmgr.0000.launching.0.child: pmgr.0000.launching.0           : pmgr.0000.launching.0.child.idler._pilot_watcher_cb: DEBUG   : saga job state: pilot.0000 Running
2018-10-11 11:40:44,315: pmgr.0000.launching.0.child: pmgr.0000.launching.0           : pmgr.0000.launching.0.child.idler._pilot_watcher_cb: DEBUG   : bulk states: [['Running']]
2018-10-11 11:40:44,551: pmgr.0000.launching.0.child: pmgr.0000.launching.0           : pmgr.0000.launching.0.child.idler._pilot_watcher_cb: DEBUG   : saga job state: pilot.0000 Running
2018-10-11 11:40:54,790: pmgr.0000.launching.0.child: pmgr.0000.launching.0           : pmgr.0000.launching.0.child.idler._pilot_watcher_cb: DEBUG   : bulk states: [['Running']]
2018-10-11 11:40:55,041: pmgr.0000.launching.0.child: pmgr.0000.launching.0           : pmgr.0000.launching.0.child.idler._pilot_watcher_cb: DEBUG   : saga job state: pilot.0000 Running
2018-10-11 11:41:05,274: pmgr.0000.launching.0.child: pmgr.0000.launching.0           : pmgr.0000.launching.0.child.idler._pilot_watcher_cb: DEBUG   : bulk states: [['Running']]
2018-10-11 11:41:05,528: pmgr.0000.launching.0.child: pmgr.0000.launching.0           : pmgr.0000.launching.0.child.idler._pilot_watcher_cb: DEBUG   : saga job state: pilot.0000 Running
2018-10-11 11:41:15,767: pmgr.0000.launching.0.child: pmgr.0000.launching.0           : pmgr.0000.launching.0.child.idler._pilot_watcher_cb: DEBUG   : bulk states: [['Running']]
2018-10-11 11:41:15,972: pmgr.0000.launching.0.child: pmgr.0000.launching.0           : pmgr.0000.launching.0.child.idler._pilot_watcher_cb: DEBUG   : saga job state: pilot.0000 Running
2018-10-11 11:41:26,216: pmgr.0000.launching.0.child: pmgr.0000.launching.0           : pmgr.0000.launching.0.child.idler._pilot_watcher_cb: DEBUG   : bulk states: [['Running']]
2018-10-11 11:41:26,448: pmgr.0000.launching.0.child: pmgr.0000.launching.0           : pmgr.0000.launching.0.child.idler._pilot_watcher_cb: DEBUG   : saga job state: pilot.0000 Running
2018-10-11 11:41:36,686: pmgr.0000.launching.0.child: pmgr.0000.launching.0           : pmgr.0000.launching.0.child.idler._pilot_watcher_cb: DEBUG   : bulk states: [['Running']]
2018-10-11 11:41:36,911: pmgr.0000.launching.0.child: pmgr.0000.launching.0           : pmgr.0000.launching.0.child.idler._pilot_watcher_cb: DEBUG   : saga job state: pilot.0000 Running
2018-10-11 11:41:47,141: pmgr.0000.launching.0.child: pmgr.0000.launching.0           : pmgr.0000.launching.0.child.idler._pilot_watcher_cb: DEBUG   : bulk states: [['Running']]
2018-10-11 11:41:47,388: pmgr.0000.launching.0.child: pmgr.0000.launching.0           : pmgr.0000.launching.0.child.idler._pilot_watcher_cb: DEBUG   : saga job state: pilot.0000 Running
2018-10-11 11:41:57,634: pmgr.0000.launching.0.child: pmgr.0000.launching.0           : pmgr.0000.launching.0.child.idler._pilot_watcher_cb: DEBUG   : bulk states: [['Running']]
2018-10-11 11:41:57,880: pmgr.0000.launching.0.child: pmgr.0000.launching.0           : pmgr.0000.launching.0.child.idler._pilot_watcher_cb: DEBUG   : saga job state: pilot.0000 Running
2018-10-11 11:42:08,134: pmgr.0000.launching.0.child: pmgr.0000.launching.0           : pmgr.0000.launching.0.child.idler._pilot_watcher_cb: DEBUG   : bulk states: [['Running']]
2018-10-11 11:42:08,367: pmgr.0000.launching.0.child: pmgr.0000.launching.0           : pmgr.0000.launching.0.child.idler._pilot_watcher_cb: DEBUG   : saga job state: pilot.0000 Running
2018-10-11 11:42:18,586: pmgr.0000.launching.0.child: pmgr.0000.launching.0           : pmgr.0000.launching.0.child.idler._pilot_watcher_cb: DEBUG   : bulk states: [['Running']]
2018-10-11 11:42:18,789: pmgr.0000.launching.0.child: pmgr.0000.launching.0           : pmgr.0000.launching.0.child.idler._pilot_watcher_cb: DEBUG   : saga job state: pilot.0000 Running
2018-10-11 11:42:29,000: pmgr.0000.launching.0.child: pmgr.0000.launching.0           : pmgr.0000.launching.0.child.idler._pilot_watcher_cb: DEBUG   : bulk states: [['Running']]
2018-10-11 11:42:29,190: pmgr.0000.launching.0.child: pmgr.0000.launching.0           : pmgr.0000.launching.0.child.idler._pilot_watcher_cb: DEBUG   : saga job state: pilot.0000 Running
2018-10-11 11:42:39,424: pmgr.0000.launching.0.child: pmgr.0000.launching.0           : pmgr.0000.launching.0.child.idler._pilot_watcher_cb: DEBUG   : bulk states: [['Running']]
2018-10-11 11:42:39,622: pmgr.0000.launching.0.child: pmgr.0000.launching.0           : pmgr.0000.launching.0.child.idler._pilot_watcher_cb: DEBUG   : saga job state: pilot.0000 Running
2018-10-11 11:42:49,862: pmgr.0000.launching.0.child: pmgr.0000.launching.0           : pmgr.0000.launching.0.child.idler._pilot_watcher_cb: DEBUG   : bulk states: [['Running']]
2018-10-11 11:42:50,113: pmgr.0000.launching.0.child: pmgr.0000.launching.0           : pmgr.0000.launching.0.child.idler._pilot_watcher_cb: DEBUG   : saga job state: pilot.0000 Running
2018-10-11 11:43:00,355: pmgr.0000.launching.0.child: pmgr.0000.launching.0           : pmgr.0000.launching.0.child.idler._pilot_watcher_cb: DEBUG   : bulk states: [['Running']]
2018-10-11 11:43:00,603: pmgr.0000.launching.0.child: pmgr.0000.launching.0           : pmgr.0000.launching.0.child.idler._pilot_watcher_cb: DEBUG   : saga job state: pilot.0000 Running
2018-10-11 11:43:10,814: pmgr.0000.launching.0.child: pmgr.0000.launching.0           : pmgr.0000.launching.0.child.idler._pilot_watcher_cb: DEBUG   : bulk states: [['Running']]
2018-10-11 11:43:11,005: pmgr.0000.launching.0.child: pmgr.0000.launching.0           : pmgr.0000.launching.0.child.idler._pilot_watcher_cb: DEBUG   : saga job state: pilot.0000 Running
2018-10-11 11:43:21,217: pmgr.0000.launching.0.child: pmgr.0000.launching.0           : pmgr.0000.launching.0.child.idler._pilot_watcher_cb: DEBUG   : bulk states: [['Running']]
2018-10-11 11:43:21,408: pmgr.0000.launching.0.child: pmgr.0000.launching.0           : pmgr.0000.launching.0.child.idler._pilot_watcher_cb: DEBUG   : saga job state: pilot.0000 Running
2018-10-11 11:43:31,647: pmgr.0000.launching.0.child: pmgr.0000.launching.0           : pmgr.0000.launching.0.child.idler._pilot_watcher_cb: DEBUG   : bulk states: [['Running']]
2018-10-11 11:43:31,901: pmgr.0000.launching.0.child: pmgr.0000.launching.0           : pmgr.0000.launching.0.child.idler._pilot_watcher_cb: DEBUG   : saga job state: pilot.0000 Running
2018-10-11 11:43:42,145: pmgr.0000.launching.0.child: pmgr.0000.launching.0           : pmgr.0000.launching.0.child.idler._pilot_watcher_cb: DEBUG   : bulk states: [['Running']]
2018-10-11 11:43:42,379: pmgr.0000.launching.0.child: pmgr.0000.launching.0           : pmgr.0000.launching.0.child.idler._pilot_watcher_cb: DEBUG   : saga job state: pilot.0000 Running
2018-10-11 11:43:52,626: pmgr.0000.launching.0.child: pmgr.0000.launching.0           : pmgr.0000.launching.0.child.idler._pilot_watcher_cb: DEBUG   : bulk states: [['Running']]
2018-10-11 11:43:52,873: pmgr.0000.launching.0.child: pmgr.0000.launching.0           : pmgr.0000.launching.0.child.idler._pilot_watcher_cb: DEBUG   : saga job state: pilot.0000 Running
2018-10-11 11:44:03,117: pmgr.0000.launching.0.child: pmgr.0000.launching.0           : pmgr.0000.launching.0.child.idler._pilot_watcher_cb: DEBUG   : bulk states: [['Running']]
2018-10-11 11:44:03,369: pmgr.0000.launching.0.child: pmgr.0000.launching.0           : pmgr.0000.launching.0.child.idler._pilot_watcher_cb: DEBUG   : saga job state: pilot.0000 Running
2018-10-11 11:44:13,610: pmgr.0000.launching.0.child: pmgr.0000.launching.0           : pmgr.0000.launching.0.child.idler._pilot_watcher_cb: DEBUG   : bulk states: [['Running']]
2018-10-11 11:44:13,850: pmgr.0000.launching.0.child: pmgr.0000.launching.0           : pmgr.0000.launching.0.child.idler._pilot_watcher_cb: DEBUG   : saga job state: pilot.0000 Running
2018-10-11 11:44:24,089: pmgr.0000.launching.0.child: pmgr.0000.launching.0           : pmgr.0000.launching.0.child.idler._pilot_watcher_cb: DEBUG   : bulk states: [['Running']]
2018-10-11 11:44:24,343: pmgr.0000.launching.0.child: pmgr.0000.launching.0           : pmgr.0000.launching.0.child.idler._pilot_watcher_cb: DEBUG   : saga job state: pilot.0000 Running
2018-10-11 11:44:34,588: pmgr.0000.launching.0.child: pmgr.0000.launching.0           : pmgr.0000.launching.0.child.idler._pilot_watcher_cb: DEBUG   : bulk states: [['Running']]
2018-10-11 11:44:34,839: pmgr.0000.launching.0.child: pmgr.0000.launching.0           : pmgr.0000.launching.0.child.idler._pilot_watcher_cb: DEBUG   : saga job state: pilot.0000 Running
2018-10-11 11:44:45,057: pmgr.0000.launching.0.child: pmgr.0000.launching.0           : pmgr.0000.launching.0.child.idler._pilot_watcher_cb: DEBUG   : bulk states: [['Running']]
2018-10-11 11:44:45,248: pmgr.0000.launching.0.child: pmgr.0000.launching.0           : pmgr.0000.launching.0.child.idler._pilot_watcher_cb: DEBUG   : saga job state: pilot.0000 Running
2018-10-11 11:44:55,462: pmgr.0000.launching.0.child: pmgr.0000.launching.0           : pmgr.0000.launching.0.child.idler._pilot_watcher_cb: DEBUG   : bulk states: [['Running']]
2018-10-11 11:44:55,658: pmgr.0000.launching.0.child: pmgr.0000.launching.0           : pmgr.0000.launching.0.child.idler._pilot_watcher_cb: DEBUG   : saga job state: pilot.0000 Running
2018-10-11 11:45:05,878: pmgr.0000.launching.0.child: pmgr.0000.launching.0           : pmgr.0000.launching.0.child.idler._pilot_watcher_cb: DEBUG   : bulk states: [['Running']]
2018-10-11 11:45:06,069: pmgr.0000.launching.0.child: pmgr.0000.launching.0           : pmgr.0000.launching.0.child.idler._pilot_watcher_cb: DEBUG   : saga job state: pilot.0000 Running
2018-10-11 11:45:16,294: pmgr.0000.launching.0.child: pmgr.0000.launching.0           : pmgr.0000.launching.0.child.idler._pilot_watcher_cb: DEBUG   : bulk states: [['Running']]
2018-10-11 11:45:16,489: pmgr.0000.launching.0.child: pmgr.0000.launching.0           : pmgr.0000.launching.0.child.idler._pilot_watcher_cb: DEBUG   : saga job state: pilot.0000 Running
2018-10-11 11:45:26,734: pmgr.0000.launching.0.child: pmgr.0000.launching.0           : pmgr.0000.launching.0.child.idler._pilot_watcher_cb: DEBUG   : bulk states: [['Running']]
2018-10-11 11:45:26,983: pmgr.0000.launching.0.child: pmgr.0000.launching.0           : pmgr.0000.launching.0.child.idler._pilot_watcher_cb: DEBUG   : saga job state: pilot.0000 Running
2018-10-11 11:45:37,216: pmgr.0000.launching.0.child: pmgr.0000.launching.0           : pmgr.0000.launching.0.child.idler._pilot_watcher_cb: DEBUG   : bulk states: [['Running']]
2018-10-11 11:45:37,410: pmgr.0000.launching.0.child: pmgr.0000.launching.0           : pmgr.0000.launching.0.child.idler._pilot_watcher_cb: DEBUG   : saga job state: pilot.0000 Running
2018-10-11 11:45:47,631: pmgr.0000.launching.0.child: pmgr.0000.launching.0           : pmgr.0000.launching.0.child.idler._pilot_watcher_cb: DEBUG   : bulk states: [['Running']]
2018-10-11 11:45:47,841: pmgr.0000.launching.0.child: pmgr.0000.launching.0           : pmgr.0000.launching.0.child.idler._pilot_watcher_cb: DEBUG   : saga job state: pilot.0000 Running
2018-10-11 11:45:58,063: pmgr.0000.launching.0.child: pmgr.0000.launching.0           : pmgr.0000.launching.0.child.idler._pilot_watcher_cb: DEBUG   : bulk states: [['Running']]
2018-10-11 11:45:58,277: pmgr.0000.launching.0.child: pmgr.0000.launching.0           : pmgr.0000.launching.0.child.idler._pilot_watcher_cb: DEBUG   : saga job state: pilot.0000 Running
2018-10-11 11:46:08,498: pmgr.0000.launching.0.child: pmgr.0000.launching.0           : pmgr.0000.launching.0.child.idler._pilot_watcher_cb: DEBUG   : bulk states: [['Done']]
2018-10-11 11:46:08,498: pmgr.0000.launching.0.child: pmgr.0000.launching.0           : pmgr.0000.launching.0.child.idler._pilot_watcher_cb: DEBUG   : saga job state: pilot.0000 Done
2018-10-11 11:46:08,498: pmgr.0000.launching.0.child: pmgr.0000.launching.0           : pmgr.0000.launching.0.child.idler._pilot_watcher_cb: DEBUG   : final pilot pilot.0000 DONE
2018-10-11 11:46:08,498: pmgr.0000.launching.0.child: pmgr.0000.launching.0           : pmgr.0000.launching.0.child.idler._pilot_watcher_cb: DEBUG   : advance bulk size: 1 [False, True]
2018-10-11 11:46:15,515: pmgr.0000.launching.0.child: pmgr.0000.launching.0           : pmgr.0000.launching.0.child.subscriber._cancel_monitor_cb: DEBUG   : command ignored: cancel_pilots
2018-10-11 11:46:15,516: pmgr.0000.launching.0.child: pmgr.0000.launching.0           : pmgr.0000.launching.0.child.subscriber._pmgr_control_cb: DEBUG   : launcher got {'cmd': 'cancel_pilots', 'arg': {'uids': ['pilot.0000'], 'pmgr': 'pmgr.0000'}}
2018-10-11 11:46:15,516: pmgr.0000.launching.0.child: pmgr.0000.launching.0           : pmgr.0000.launching.0.child.subscriber._pmgr_control_cb: INFO    : received pilot_cancel command (['pilot.0000'])
2018-10-11 11:46:15,527: pmgr.0000.launching.0.child: pmgr.0000.launching.0           : pmgr.0000.launching.0.child.watch: INFO    : recv message: STOP
2018-10-11 11:46:15,527: pmgr.0000.launching.0.child: pmgr.0000.launching.0           : pmgr.0000.launching.0.child.watch: INFO    : message received: STOP
2018-10-11 11:46:15,527: pmgr.0000.launching.0.child: pmgr.0000.launching.0           : pmgr.0000.launching.0.child.watch: INFO    : STOP received: STOP
2018-10-11 11:46:15,527: pmgr.0000.launching.0.child: pmgr.0000.launching.0           : pmgr.0000.launching.0.child.watch: INFO    : watcher closes
2018-10-11 11:46:15,527: pmgr.0000.launching.0.child: pmgr.0000.launching.0           : pmgr.0000.launching.0.child.watch: INFO    : put message: [pmgr.0000.launching.0.child.watch.thread] work finished
2018-10-11 11:46:15,527: pmgr.0000.launching.0.child: pmgr.0000.launching.0           : pmgr.0000.launching.0.child.watch: DEBUG   : ru_finalize_child (NOOP)
2018-10-11 11:46:15,528: pmgr.0000.launching.0.child: pmgr.0000.launching.0           : pmgr.0000.launching.0.child.watch: DEBUG   : ru_finalize_common (NOOP)
2018-10-11 11:46:15,528: pmgr.0000.launching.0.child: pmgr.0000.launching.0           : pmgr.0000.launching.0.child.watch: INFO    : put message: [pmgr.0000.launching.0.child.watch.thread] terminating
2018-10-11 11:46:15,739: pmgr.0000.launching.0.child: pmgr.0000.launching.0           : pmgr.0000.launching.0.child.subscriber._pmgr_control_cb: DEBUG   : pilot(s).need(s) cancellation ['pilot.0000']
2018-10-11 11:46:15,739: pmgr.0000.launching.0.child: pmgr.0000.launching.0           : pmgr.0000.launching.0.child.subscriber._pmgr_control_cb: DEBUG   : update cancel req: pilot.0000 1539276375.74
2018-10-11 11:46:16,329: pmgr.0000.launching.0.child: pmgr.0000.launching.0           : MainThread     : WARNING : alive check: proc invalid - stop [False - True]
2018-10-11 11:46:16,445: pmgr.0000.launching.0.child: pmgr.0000.launching.0           : MainThread     : INFO    : stop pmgr.0000.launching.0.child (34037 : 34037 : MainThread) [radical.utils.process.Default.is_valid]
2018-10-11 11:46:16,449: pmgr.0000.launching.0.child: pmgr.0000.launching.0           : MainThread     : INFO    : parent stops child  34037 -> 34037 [pmgr.0000.launching.0.child]
2018-10-11 11:46:16,449: pmgr.0000.launching.0.child: pmgr.0000.launching.0           : MainThread     : INFO    : send message: [pmgr.0000.launching.0.child] STOP
2018-10-11 11:46:16,449: pmgr.0000.launching.0.child: pmgr.0000.launching.0           : MainThread     : WARNING : send failed ([Errno 9] Bad file descriptor) - terminate
2018-10-11 11:46:16,449: pmgr.0000.launching.0.child: pmgr.0000.launching.0           : MainThread     : DEBUG   : TERM : pmgr.0000.launching.0.child unregister idler pmgr.0000.launching.0.child.idler._pilot_watcher_cb
2018-10-11 11:46:16,449: pmgr.0000.launching.0.child: pmgr.0000.launching.0           : MainThread     : INFO    : parent stops child
2018-10-11 11:46:16,449: pmgr.0000.launching.0.child: pmgr.0000.launching.0           : MainThread     : DEBUG   : ru_finalize_parent (NOOP)
2018-10-11 11:46:16,449: pmgr.0000.launching.0.child: pmgr.0000.launching.0           : MainThread     : DEBUG   : ru_finalize_common (NOOP)
2018-10-11 11:46:16,543: pmgr.0000.launching.0.child: pmgr.0000.launching.0           : pmgr.0000.launching.0.child.idler._pilot_watcher_cb: DEBUG   : ru_finalize_child (NOOP)
2018-10-11 11:46:16,544: pmgr.0000.launching.0.child: pmgr.0000.launching.0           : pmgr.0000.launching.0.child.idler._pilot_watcher_cb: DEBUG   : ru_finalize_common (NOOP)
2018-10-11 11:46:16,544: pmgr.0000.launching.0.child: pmgr.0000.launching.0           : pmgr.0000.launching.0.child.idler._pilot_watcher_cb: INFO    : put message: [pmgr.0000.launching.0.child.idler._pilot_watcher_cb.thread] terminating
2018-10-11 11:46:16,563: pmgr.0000.launching.0.child: pmgr.0000.launching.0           : MainThread     : DEBUG   : TERM : pmgr.0000.launching.0.child unregistered idler pmgr.0000.launching.0.child.idler._pilot_watcher_cb
2018-10-11 11:46:16,563: pmgr.0000.launching.0.child: pmgr.0000.launching.0           : MainThread     : DEBUG   : TERM : pmgr.0000.launching.0.child unregister subscriber pmgr.0000.launching.0.child.subscriber._pmgr_control_cb
2018-10-11 11:46:16,563: pmgr.0000.launching.0.child: pmgr.0000.launching.0           : MainThread     : DEBUG   : unregistered subscriber pmgr.0000.launching.0.child.subscriber._pmgr_control_cb
2018-10-11 11:46:16,597: pmgr.0000.launching.0.child: pmgr.0000.launching.0           : MainThread     : DEBUG   : pilot(s).need(s) cancellation ['pilot.0000']
2018-10-11 11:46:16,597: pmgr.0000.launching.0.child: pmgr.0000.launching.0           : MainThread     : DEBUG   : update cancel req: pilot.0000 1539276376.6
2018-10-11 11:46:16,597: pmgr.0000.launching.0.child: pmgr.0000.launching.0           : MainThread     : DEBUG   : killing pilots: ['pilot.0000']
2018-10-11 11:46:16,597: pmgr.0000.launching.0.child: pmgr.0000.launching.0           : MainThread     : DEBUG   : killing pilots: [1539276376.597704]
2018-10-11 11:46:16,597: pmgr.0000.launching.0.child: pmgr.0000.launching.0           : MainThread     : DEBUG   : killing pilots: last cancel: 1539276376.6
2018-10-11 11:46:16,598: pmgr.0000.launching.0.child: pmgr.0000.launching.0           : MainThread     : DEBUG   : killing pilots: check 1539276376.6 < 1539276376.6 + 120
2018-10-11 11:46:16,598: pmgr.0000.launching.0.child: pmgr.0000.launching.0           : MainThread     : DEBUG   : killing pilots: dead  pilot.0000
2018-10-11 11:46:16,598: pmgr.0000.launching.0.child: pmgr.0000.launching.0           : MainThread     : DEBUG   : close  js to fork://localhost/
2018-10-11 11:46:16,799: pmgr.0000.launching.0.child: pmgr.0000.launching.0           : MainThread     : DEBUG   : closed js to fork://localhost/
2018-10-11 11:46:16,799: pmgr.0000.launching.0.child: pmgr.0000.launching.0           : MainThread     : DEBUG   : close  js to fork://localhost/
2018-10-11 11:46:17,000: pmgr.0000.launching.0.child: pmgr.0000.launching.0           : MainThread     : DEBUG   : closed js to fork://localhost/
2018-10-11 11:46:17,000: pmgr.0000.launching.0.child: pmgr.0000.launching.0           : MainThread     : DEBUG   : finalized child
2018-10-11 11:46:17,000: pmgr.0000.launching.0.child: pmgr.0000.launching.0           : MainThread     : DEBUG   : ru_finalize_common()
2018-10-11 11:46:17,000: pmgr.0000.launching.0.child: pmgr.0000.launching.0           : MainThread     : DEBUG   : TERM : pmgr.0000.launching.0.child unregister publisher log_pubsub
2018-10-11 11:46:17,005: pmgr.0000.launching.0.child: pmgr.0000.launching.0           : MainThread     : DEBUG   : unregistered publisher log_pubsub
2018-10-11 11:46:17,005: pmgr.0000.launching.0.child: pmgr.0000.launching.0           : MainThread     : DEBUG   : TERM : pmgr.0000.launching.0.child unregister publisher state_pubsub
2018-10-11 11:46:17,010: pmgr.0000.launching.0.child: pmgr.0000.launching.0           : MainThread     : DEBUG   : unregistered publisher state_pubsub
2018-10-11 11:46:17,010: pmgr.0000.launching.0.child: pmgr.0000.launching.0           : MainThread     : DEBUG   : TERM : pmgr.0000.launching.0.child unregister publisher control_pubsub
2018-10-11 11:46:17,010: pmgr.0000.launching.0.child: pmgr.0000.launching.0           : MainThread     : DEBUG   : unregistered publisher control_pubsub
2018-10-11 11:46:17,010: pmgr.0000.launching.0.child: pmgr.0000.launching.0           : MainThread     : DEBUG   : pmgr.0000.launching.0.child close prof
2018-10-11 11:46:17,011: pmgr.0000.launching.0.child: pmgr.0000.launching.0           : MainThread     : INFO    : parent stops child
2018-10-11 11:46:17,011: pmgr.0000.launching.0.child: pmgr.0000.launching.0           : MainThread     : DEBUG   : ru_finalize_parent (NOOP)
2018-10-11 11:46:17,011: pmgr.0000.launching.0.child: pmgr.0000.launching.0           : MainThread     : DEBUG   : ru_finalize_common (NOOP)
2018-10-11 11:46:17,011: pmgr.0000.launching.0.child: pmgr.0000.launching.0           : MainThread     : INFO    : parent stops child
2018-10-11 11:46:17,011: pmgr.0000.launching.0.child: pmgr.0000.launching.0           : MainThread     : DEBUG   : ru_finalize_parent (NOOP)
2018-10-11 11:46:17,016: pmgr.0000.launching.0.child: pmgr.0000.launching.0           : pmgr.0000.launching.0.child.subscriber._cancel_monitor_cb: DEBUG   : ru_finalize_child (NOOP)
2018-10-11 11:46:17,016: pmgr.0000.launching.0.child: pmgr.0000.launching.0           : pmgr.0000.launching.0.child.subscriber._cancel_monitor_cb: INFO    : put message: [pmgr.0000.launching.0.child.subscriber._cancel_monitor_cb.thread] terminating
2018-10-11 11:46:17,016: pmgr.0000.launching.0.child: pmgr.0000.launching.0           : MainThread     : INFO    : parent stops child
2018-10-11 11:46:17,016: pmgr.0000.launching.0.child: pmgr.0000.launching.0           : MainThread     : DEBUG   : ru_finalize_parent (NOOP)
2018-10-11 11:46:17,021: pmgr.0000.launching.0.child: pmgr.0000.launching.0           : pmgr.0000.launching.0.child.subscriber._pmgr_control_cb: DEBUG   : ru_finalize_child (NOOP)
2018-10-11 11:46:17,021: pmgr.0000.launching.0.child: pmgr.0000.launching.0           : pmgr.0000.launching.0.child.subscriber._pmgr_control_cb: INFO    : put message: [pmgr.0000.launching.0.child.subscriber._pmgr_control_cb.thread] terminating
2018-10-11 11:46:17,021: pmgr.0000.launching.0.child: pmgr.0000.launching.0           : MainThread     : INFO    : parent stops child
2018-10-11 11:46:17,021: pmgr.0000.launching.0.child: pmgr.0000.launching.0           : MainThread     : WARNING : super pmgr.0000.launching.0.child is invalid
2018-10-11 11:46:17,021: pmgr.0000.launching.0.child: pmgr.0000.launching.0           : MainThread     : WARNING : component pmgr.0000.launching.0.child is invalid
2018-10-11 11:46:17,022: pmgr.0000.launching.0.child: pmgr.0000.launching.0           : MainThread     : INFO    : stop pmgr.0000.launching.0.child (34037 : 34037 : MainThread) [radical.pilot.utils.component.Default.is_valid]
2018-10-11 11:46:17,022: pmgr.0000.launching.0.child: pmgr.0000.launching.0           : MainThread     : DEBUG   : TERM : pmgr.0000.launching.0.child unregister idler pmgr.0000.launching.0.child.idler._pilot_watcher_cb
2018-10-11 11:46:17,023: pmgr.0000.launching.0.child: pmgr.0000.launching.0           : MainThread     : WARNING : timed cb pmgr.0000.launching.0.child.idler._pilot_watcher_cb is not registered
2018-10-11 11:46:17,023: pmgr.0000.launching.0.child: pmgr.0000.launching.0           : MainThread     : DEBUG   : TERM : pmgr.0000.launching.0.child unregister subscriber pmgr.0000.launching.0.child.subscriber._pmgr_control_cb
2018-10-11 11:46:17,023: pmgr.0000.launching.0.child: pmgr.0000.launching.0           : MainThread     : WARNING : subscriber _pmgr_control_cb is not registered
2018-10-11 11:46:17,056: pmgr.0000.launching.0.child: pmgr.0000.launching.0           : MainThread     : DEBUG   : pilot(s).need(s) cancellation ['pilot.0000']
2018-10-11 11:46:17,056: pmgr.0000.launching.0.child: pmgr.0000.launching.0           : MainThread     : DEBUG   : update cancel req: pilot.0000 1539276377.06
2018-10-11 11:46:17,056: pmgr.0000.launching.0.child: pmgr.0000.launching.0           : MainThread     : DEBUG   : killing pilots: ['pilot.0000']
2018-10-11 11:46:17,057: pmgr.0000.launching.0.child: pmgr.0000.launching.0           : MainThread     : DEBUG   : killing pilots: [1539276377.056881]
2018-10-11 11:46:17,057: pmgr.0000.launching.0.child: pmgr.0000.launching.0           : MainThread     : DEBUG   : killing pilots: last cancel: 1539276377.06
2018-10-11 11:46:17,057: pmgr.0000.launching.0.child: pmgr.0000.launching.0           : MainThread     : DEBUG   : killing pilots: check 1539276377.06 < 1539276377.06 + 120
2018-10-11 11:46:17,057: pmgr.0000.launching.0.child: pmgr.0000.launching.0           : MainThread     : DEBUG   : killing pilots: dead  pilot.0000
2018-10-11 11:46:17,057: pmgr.0000.launching.0.child: pmgr.0000.launching.0           : MainThread     : DEBUG   : finalized child
2018-10-11 11:46:17,057: pmgr.0000.launching.0.child: pmgr.0000.launching.0           : MainThread     : DEBUG   : ru_finalize_common()
2018-10-11 11:46:17,057: pmgr.0000.launching.0.child: pmgr.0000.launching.0           : MainThread     : WARNING : publisher log_pubsub is not registered
2018-10-11 11:46:17,057: pmgr.0000.launching.0.child: pmgr.0000.launching.0           : MainThread     : WARNING : publisher state_pubsub is not registered
2018-10-11 11:46:17,057: pmgr.0000.launching.0.child: pmgr.0000.launching.0           : MainThread     : WARNING : publisher control_pubsub is not registered
2018-10-11 11:46:17,057: pmgr.0000.launching.0.child: pmgr.0000.launching.0           : MainThread     : DEBUG   : pmgr.0000.launching.0.child close prof
2018-10-11 11:46:17,057: pmgr.0000.launching.0.child: pmgr.0000.launching.0           : MainThread     : INFO    : send message: [pmgr.0000.launching.0.child] terminating
2018-10-11 11:46:17,057: pmgr.0000.launching.0.child: pmgr.0000.launching.0           : MainThread     : WARNING : send failed ([Errno 9] Bad file descriptor) - terminate
2018-10-11 11:46:17,057: pmgr.0000.launching.0.child: pmgr.0000.launching.0           : MainThread     : INFO    : parent stops child
2018-10-11 11:46:17,057: pmgr.0000.launching.0.child: pmgr.0000.launching.0           : MainThread     : INFO    : parent stops child
2018-10-11 11:46:17,057: pmgr.0000.launching.0.child: pmgr.0000.launching.0           : MainThread     : INFO    : parent stops child
