2018-10-11 10:52:24,049: rp.session.smic002.ksiddhan.017815.0017: MainProcess                     : MainThread     : INFO    : python.interpreter   version: 2.7.15 |Anaconda, Inc.| (default, May 1 2018, 23:32:55) [GCC 7.2.0]
2018-10-11 10:52:24,050: rp.session.smic002.ksiddhan.017815.0017: MainProcess                     : MainThread     : INFO    :                      pid/tid: 48056/MainThread
2018-10-11 10:52:24,149: rp.session.smic002.ksiddhan.017815.0017: MainProcess                     : MainThread     : INFO    : using database mongodb://aymenfja:123456789@ds127490.mlab.com:27490/radicallab
2018-10-11 10:52:24,150: rp.session.smic002.ksiddhan.017815.0017: MainProcess                     : MainThread     : INFO    : Load resource configurations from /home/ksiddhan/miniconda2/envs/radical-pilot/lib/python2.7/site-packages/radical/pilot/configs/resource_rice.json
2018-10-11 10:52:24,153: rp.session.smic002.ksiddhan.017815.0017: MainProcess                     : MainThread     : INFO    : Load resource configurations for rice.davinci_ssh
2018-10-11 10:52:24,154: rp.session.smic002.ksiddhan.017815.0017: MainProcess                     : MainThread     : DEBUG   : read rcfg for rice.davinci_ssh (None)
2018-10-11 10:52:24,154: rp.session.smic002.ksiddhan.017815.0017: MainProcess                     : MainThread     : INFO    : Load resource configurations for rice.biou_ssh
2018-10-11 10:52:24,154: rp.session.smic002.ksiddhan.017815.0017: MainProcess                     : MainThread     : DEBUG   : read rcfg for rice.biou_ssh (None)
2018-10-11 10:52:24,154: rp.session.smic002.ksiddhan.017815.0017: MainProcess                     : MainThread     : INFO    : Load resource configurations from /home/ksiddhan/miniconda2/envs/radical-pilot/lib/python2.7/site-packages/radical/pilot/configs/resource_iu.json
2018-10-11 10:52:24,157: rp.session.smic002.ksiddhan.017815.0017: MainProcess                     : MainThread     : INFO    : Load resource configurations for iu.bigred2_ccm_ssh
2018-10-11 10:52:24,158: rp.session.smic002.ksiddhan.017815.0017: MainProcess                     : MainThread     : DEBUG   : read rcfg for iu.bigred2_ccm_ssh (None)
2018-10-11 10:52:24,158: rp.session.smic002.ksiddhan.017815.0017: MainProcess                     : MainThread     : INFO    : Load resource configurations for iu.bigred2_aprun
2018-10-11 10:52:24,158: rp.session.smic002.ksiddhan.017815.0017: MainProcess                     : MainThread     : DEBUG   : read rcfg for iu.bigred2_aprun (None)
2018-10-11 10:52:24,158: rp.session.smic002.ksiddhan.017815.0017: MainProcess                     : MainThread     : INFO    : Load resource configurations from /home/ksiddhan/miniconda2/envs/radical-pilot/lib/python2.7/site-packages/radical/pilot/configs/resource_aliases.json
2018-10-11 10:52:24,159: rp.session.smic002.ksiddhan.017815.0017: MainProcess                     : MainThread     : INFO    : Load resource configurations from /home/ksiddhan/miniconda2/envs/radical-pilot/lib/python2.7/site-packages/radical/pilot/configs/resource_chameleon.json
2018-10-11 10:52:24,160: rp.session.smic002.ksiddhan.017815.0017: MainProcess                     : MainThread     : INFO    : Load resource configurations for chameleon.cloud_vm_yarn
2018-10-11 10:52:24,160: rp.session.smic002.ksiddhan.017815.0017: MainProcess                     : MainThread     : DEBUG   : read rcfg for chameleon.cloud_vm_yarn (None)
2018-10-11 10:52:24,161: rp.session.smic002.ksiddhan.017815.0017: MainProcess                     : MainThread     : INFO    : Load resource configurations from /home/ksiddhan/miniconda2/envs/radical-pilot/lib/python2.7/site-packages/radical/pilot/configs/resource_futuregrid.json
2018-10-11 10:52:24,169: rp.session.smic002.ksiddhan.017815.0017: MainProcess                     : MainThread     : INFO    : Load resource configurations for futuregrid.delta_ssh
2018-10-11 10:52:24,170: rp.session.smic002.ksiddhan.017815.0017: MainProcess                     : MainThread     : DEBUG   : read rcfg for futuregrid.delta_ssh (None)
2018-10-11 10:52:24,170: rp.session.smic002.ksiddhan.017815.0017: MainProcess                     : MainThread     : INFO    : Load resource configurations for futuregrid.india_ssh
2018-10-11 10:52:24,170: rp.session.smic002.ksiddhan.017815.0017: MainProcess                     : MainThread     : DEBUG   : read rcfg for futuregrid.india_ssh (None)
2018-10-11 10:52:24,170: rp.session.smic002.ksiddhan.017815.0017: MainProcess                     : MainThread     : INFO    : Load resource configurations for futuregrid.echo_ssh
2018-10-11 10:52:24,170: rp.session.smic002.ksiddhan.017815.0017: MainProcess                     : MainThread     : DEBUG   : read rcfg for futuregrid.echo_ssh (None)
2018-10-11 10:52:24,171: rp.session.smic002.ksiddhan.017815.0017: MainProcess                     : MainThread     : INFO    : Load resource configurations for futuregrid.xray_ccm
2018-10-11 10:52:24,171: rp.session.smic002.ksiddhan.017815.0017: MainProcess                     : MainThread     : DEBUG   : read rcfg for futuregrid.xray_ccm (None)
2018-10-11 10:52:24,171: rp.session.smic002.ksiddhan.017815.0017: MainProcess                     : MainThread     : INFO    : Load resource configurations for futuregrid.bravo_ssh
2018-10-11 10:52:24,171: rp.session.smic002.ksiddhan.017815.0017: MainProcess                     : MainThread     : DEBUG   : read rcfg for futuregrid.bravo_ssh (None)
2018-10-11 10:52:24,171: rp.session.smic002.ksiddhan.017815.0017: MainProcess                     : MainThread     : INFO    : Load resource configurations for futuregrid.xray_aprun
2018-10-11 10:52:24,172: rp.session.smic002.ksiddhan.017815.0017: MainProcess                     : MainThread     : DEBUG   : read rcfg for futuregrid.xray_aprun (None)
2018-10-11 10:52:24,172: rp.session.smic002.ksiddhan.017815.0017: MainProcess                     : MainThread     : INFO    : Load resource configurations from /home/ksiddhan/miniconda2/envs/radical-pilot/lib/python2.7/site-packages/radical/pilot/configs/resource_nersc.json
2018-10-11 10:52:24,181: rp.session.smic002.ksiddhan.017815.0017: MainProcess                     : MainThread     : INFO    : Load resource configurations for nersc.edison_ccm_ssh
2018-10-11 10:52:24,181: rp.session.smic002.ksiddhan.017815.0017: MainProcess                     : MainThread     : DEBUG   : read rcfg for nersc.edison_ccm_ssh (None)
2018-10-11 10:52:24,181: rp.session.smic002.ksiddhan.017815.0017: MainProcess                     : MainThread     : INFO    : Load resource configurations for nersc.hopper_orte
2018-10-11 10:52:24,182: rp.session.smic002.ksiddhan.017815.0017: MainProcess                     : MainThread     : DEBUG   : read rcfg for nersc.hopper_orte (None)
2018-10-11 10:52:24,182: rp.session.smic002.ksiddhan.017815.0017: MainProcess                     : MainThread     : INFO    : Load resource configurations for nersc.hopper_ccm_ssh
2018-10-11 10:52:24,182: rp.session.smic002.ksiddhan.017815.0017: MainProcess                     : MainThread     : DEBUG   : read rcfg for nersc.hopper_ccm_ssh (24)
2018-10-11 10:52:24,182: rp.session.smic002.ksiddhan.017815.0017: MainProcess                     : MainThread     : INFO    : Load resource configurations for nersc.edison_aprun
2018-10-11 10:52:24,182: rp.session.smic002.ksiddhan.017815.0017: MainProcess                     : MainThread     : DEBUG   : read rcfg for nersc.edison_aprun (None)
2018-10-11 10:52:24,183: rp.session.smic002.ksiddhan.017815.0017: MainProcess                     : MainThread     : INFO    : Load resource configurations for nersc.hopper_aprun
2018-10-11 10:52:24,183: rp.session.smic002.ksiddhan.017815.0017: MainProcess                     : MainThread     : DEBUG   : read rcfg for nersc.hopper_aprun (24)
2018-10-11 10:52:24,183: rp.session.smic002.ksiddhan.017815.0017: MainProcess                     : MainThread     : INFO    : Load resource configurations for nersc.edison_orte
2018-10-11 10:52:24,183: rp.session.smic002.ksiddhan.017815.0017: MainProcess                     : MainThread     : DEBUG   : read rcfg for nersc.edison_orte (None)
2018-10-11 10:52:24,183: rp.session.smic002.ksiddhan.017815.0017: MainProcess                     : MainThread     : INFO    : Load resource configurations from /home/ksiddhan/miniconda2/envs/radical-pilot/lib/python2.7/site-packages/radical/pilot/configs/resource_ncar.json
2018-10-11 10:52:24,186: rp.session.smic002.ksiddhan.017815.0017: MainProcess                     : MainThread     : INFO    : Load resource configurations for ncar.cheyenne_mpirun
2018-10-11 10:52:24,187: rp.session.smic002.ksiddhan.017815.0017: MainProcess                     : MainThread     : DEBUG   : read rcfg for ncar.cheyenne_mpirun (None)
2018-10-11 10:52:24,187: rp.session.smic002.ksiddhan.017815.0017: MainProcess                     : MainThread     : INFO    : Load resource configurations for ncar.yellowstone_ssh
2018-10-11 10:52:24,187: rp.session.smic002.ksiddhan.017815.0017: MainProcess                     : MainThread     : DEBUG   : read rcfg for ncar.yellowstone_ssh (None)
2018-10-11 10:52:24,187: rp.session.smic002.ksiddhan.017815.0017: MainProcess                     : MainThread     : INFO    : Load resource configurations from /home/ksiddhan/miniconda2/envs/radical-pilot/lib/python2.7/site-packages/radical/pilot/configs/resource_lrz.json
2018-10-11 10:52:24,189: rp.session.smic002.ksiddhan.017815.0017: MainProcess                     : MainThread     : INFO    : Load resource configurations for lrz.supermuc_ssh
2018-10-11 10:52:24,189: rp.session.smic002.ksiddhan.017815.0017: MainProcess                     : MainThread     : DEBUG   : read rcfg for lrz.supermuc_ssh (None)
2018-10-11 10:52:24,189: rp.session.smic002.ksiddhan.017815.0017: MainProcess                     : MainThread     : INFO    : Load resource configurations from /home/ksiddhan/miniconda2/envs/radical-pilot/lib/python2.7/site-packages/radical/pilot/configs/resource_osg.json
2018-10-11 10:52:24,192: rp.session.smic002.ksiddhan.017815.0017: MainProcess                     : MainThread     : INFO    : Load resource configurations for osg.xsede-virt-clust
2018-10-11 10:52:24,193: rp.session.smic002.ksiddhan.017815.0017: MainProcess                     : MainThread     : DEBUG   : read rcfg for osg.xsede-virt-clust (None)
2018-10-11 10:52:24,193: rp.session.smic002.ksiddhan.017815.0017: MainProcess                     : MainThread     : INFO    : Load resource configurations for osg.connect
2018-10-11 10:52:24,193: rp.session.smic002.ksiddhan.017815.0017: MainProcess                     : MainThread     : DEBUG   : read rcfg for osg.connect (None)
2018-10-11 10:52:24,193: rp.session.smic002.ksiddhan.017815.0017: MainProcess                     : MainThread     : INFO    : Load resource configurations from /home/ksiddhan/miniconda2/envs/radical-pilot/lib/python2.7/site-packages/radical/pilot/configs/resource_das4.json
2018-10-11 10:52:24,195: rp.session.smic002.ksiddhan.017815.0017: MainProcess                     : MainThread     : INFO    : Load resource configurations for das4.fs2_ssh
2018-10-11 10:52:24,195: rp.session.smic002.ksiddhan.017815.0017: MainProcess                     : MainThread     : DEBUG   : read rcfg for das4.fs2_ssh (None)
2018-10-11 10:52:24,195: rp.session.smic002.ksiddhan.017815.0017: MainProcess                     : MainThread     : INFO    : Load resource configurations from /home/ksiddhan/miniconda2/envs/radical-pilot/lib/python2.7/site-packages/radical/pilot/configs/resource_yale.json
2018-10-11 10:52:24,197: rp.session.smic002.ksiddhan.017815.0017: MainProcess                     : MainThread     : INFO    : Load resource configurations for yale.grace_ssh
2018-10-11 10:52:24,197: rp.session.smic002.ksiddhan.017815.0017: MainProcess                     : MainThread     : DEBUG   : read rcfg for yale.grace_ssh (None)
2018-10-11 10:52:24,197: rp.session.smic002.ksiddhan.017815.0017: MainProcess                     : MainThread     : INFO    : Load resource configurations from /home/ksiddhan/miniconda2/envs/radical-pilot/lib/python2.7/site-packages/radical/pilot/configs/resource_stfc.json
2018-10-11 10:52:24,199: rp.session.smic002.ksiddhan.017815.0017: MainProcess                     : MainThread     : INFO    : Load resource configurations for stfc.joule_runjob
2018-10-11 10:52:24,199: rp.session.smic002.ksiddhan.017815.0017: MainProcess                     : MainThread     : DEBUG   : read rcfg for stfc.joule_runjob (None)
2018-10-11 10:52:24,199: rp.session.smic002.ksiddhan.017815.0017: MainProcess                     : MainThread     : INFO    : Load resource configurations from /home/ksiddhan/miniconda2/envs/radical-pilot/lib/python2.7/site-packages/radical/pilot/configs/resource_lumc.json
2018-10-11 10:52:24,202: rp.session.smic002.ksiddhan.017815.0017: MainProcess                     : MainThread     : INFO    : Load resource configurations for lumc.gb-ui_ssh
2018-10-11 10:52:24,202: rp.session.smic002.ksiddhan.017815.0017: MainProcess                     : MainThread     : DEBUG   : read rcfg for lumc.gb-ui_ssh (None)
2018-10-11 10:52:24,202: rp.session.smic002.ksiddhan.017815.0017: MainProcess                     : MainThread     : INFO    : Load resource configurations for lumc.shark_ssh
2018-10-11 10:52:24,203: rp.session.smic002.ksiddhan.017815.0017: MainProcess                     : MainThread     : DEBUG   : read rcfg for lumc.shark_ssh (None)
2018-10-11 10:52:24,203: rp.session.smic002.ksiddhan.017815.0017: MainProcess                     : MainThread     : INFO    : Load resource configurations from /home/ksiddhan/miniconda2/envs/radical-pilot/lib/python2.7/site-packages/radical/pilot/configs/resource_vtarc_dt.json
2018-10-11 10:52:24,205: rp.session.smic002.ksiddhan.017815.0017: MainProcess                     : MainThread     : INFO    : Load resource configurations for vtarc_dt.stampede_ssh
2018-10-11 10:52:24,205: rp.session.smic002.ksiddhan.017815.0017: MainProcess                     : MainThread     : DEBUG   : read rcfg for vtarc_dt.stampede_ssh (None)
2018-10-11 10:52:24,205: rp.session.smic002.ksiddhan.017815.0017: MainProcess                     : MainThread     : INFO    : Load resource configurations from /home/ksiddhan/miniconda2/envs/radical-pilot/lib/python2.7/site-packages/radical/pilot/configs/resource_radical.json
2018-10-11 10:52:24,209: rp.session.smic002.ksiddhan.017815.0017: MainProcess                     : MainThread     : INFO    : Load resource configurations for radical.two
2018-10-11 10:52:24,210: rp.session.smic002.ksiddhan.017815.0017: MainProcess                     : MainThread     : DEBUG   : read rcfg for radical.two (None)
2018-10-11 10:52:24,210: rp.session.smic002.ksiddhan.017815.0017: MainProcess                     : MainThread     : INFO    : Load resource configurations for radical.tutorial
2018-10-11 10:52:24,210: rp.session.smic002.ksiddhan.017815.0017: MainProcess                     : MainThread     : DEBUG   : read rcfg for radical.tutorial (None)
2018-10-11 10:52:24,210: rp.session.smic002.ksiddhan.017815.0017: MainProcess                     : MainThread     : INFO    : Load resource configurations for radical.one
2018-10-11 10:52:24,210: rp.session.smic002.ksiddhan.017815.0017: MainProcess                     : MainThread     : DEBUG   : read rcfg for radical.one (None)
2018-10-11 10:52:24,210: rp.session.smic002.ksiddhan.017815.0017: MainProcess                     : MainThread     : INFO    : Load resource configurations from /home/ksiddhan/miniconda2/envs/radical-pilot/lib/python2.7/site-packages/radical/pilot/configs/resource_fub.json
2018-10-11 10:52:24,212: rp.session.smic002.ksiddhan.017815.0017: MainProcess                     : MainThread     : INFO    : Load resource configurations for fub.allegro_rsh
2018-10-11 10:52:24,212: rp.session.smic002.ksiddhan.017815.0017: MainProcess                     : MainThread     : DEBUG   : read rcfg for fub.allegro_rsh (None)
2018-10-11 10:52:24,212: rp.session.smic002.ksiddhan.017815.0017: MainProcess                     : MainThread     : INFO    : Load resource configurations from /home/ksiddhan/miniconda2/envs/radical-pilot/lib/python2.7/site-packages/radical/pilot/configs/resource_local.json
2018-10-11 10:52:24,223: rp.session.smic002.ksiddhan.017815.0017: MainProcess                     : MainThread     : INFO    : Load resource configurations for local.localhost_orte
2018-10-11 10:52:24,223: rp.session.smic002.ksiddhan.017815.0017: MainProcess                     : MainThread     : DEBUG   : read rcfg for local.localhost_orte (None)
2018-10-11 10:52:24,223: rp.session.smic002.ksiddhan.017815.0017: MainProcess                     : MainThread     : INFO    : Load resource configurations for local.localhost_anaconda
2018-10-11 10:52:24,223: rp.session.smic002.ksiddhan.017815.0017: MainProcess                     : MainThread     : DEBUG   : read rcfg for local.localhost_anaconda (8)
2018-10-11 10:52:24,223: rp.session.smic002.ksiddhan.017815.0017: MainProcess                     : MainThread     : INFO    : Load resource configurations for local.localhost_ortelib
2018-10-11 10:52:24,224: rp.session.smic002.ksiddhan.017815.0017: MainProcess                     : MainThread     : DEBUG   : read rcfg for local.localhost_ortelib (None)
2018-10-11 10:52:24,224: rp.session.smic002.ksiddhan.017815.0017: MainProcess                     : MainThread     : INFO    : Load resource configurations for local.localhost_aprun
2018-10-11 10:52:24,224: rp.session.smic002.ksiddhan.017815.0017: MainProcess                     : MainThread     : DEBUG   : read rcfg for local.localhost_aprun (8)
2018-10-11 10:52:24,224: rp.session.smic002.ksiddhan.017815.0017: MainProcess                     : MainThread     : INFO    : Load resource configurations for local.localhost
2018-10-11 10:52:24,224: rp.session.smic002.ksiddhan.017815.0017: MainProcess                     : MainThread     : DEBUG   : read rcfg for local.localhost (8)
2018-10-11 10:52:24,224: rp.session.smic002.ksiddhan.017815.0017: MainProcess                     : MainThread     : INFO    : Load resource configurations for local.localhost_spark
2018-10-11 10:52:24,225: rp.session.smic002.ksiddhan.017815.0017: MainProcess                     : MainThread     : DEBUG   : read rcfg for local.localhost_spark (None)
2018-10-11 10:52:24,225: rp.session.smic002.ksiddhan.017815.0017: MainProcess                     : MainThread     : INFO    : Load resource configurations for local.localhost_spark_anaconda
2018-10-11 10:52:24,225: rp.session.smic002.ksiddhan.017815.0017: MainProcess                     : MainThread     : DEBUG   : read rcfg for local.localhost_spark_anaconda (None)
2018-10-11 10:52:24,225: rp.session.smic002.ksiddhan.017815.0017: MainProcess                     : MainThread     : INFO    : Load resource configurations for local.localhost_yarn
2018-10-11 10:52:24,225: rp.session.smic002.ksiddhan.017815.0017: MainProcess                     : MainThread     : DEBUG   : read rcfg for local.localhost_yarn (None)
2018-10-11 10:52:24,225: rp.session.smic002.ksiddhan.017815.0017: MainProcess                     : MainThread     : INFO    : Load resource configurations from /home/ksiddhan/miniconda2/envs/radical-pilot/lib/python2.7/site-packages/radical/pilot/configs/resource_ornl.json
2018-10-11 10:52:24,234: rp.session.smic002.ksiddhan.017815.0017: MainProcess                     : MainThread     : INFO    : Load resource configurations for ornl.titan_orte
2018-10-11 10:52:24,234: rp.session.smic002.ksiddhan.017815.0017: MainProcess                     : MainThread     : DEBUG   : read rcfg for ornl.titan_orte (16)
2018-10-11 10:52:24,234: rp.session.smic002.ksiddhan.017815.0017: MainProcess                     : MainThread     : INFO    : Load resource configurations for ornl.titan_aprun
2018-10-11 10:52:24,235: rp.session.smic002.ksiddhan.017815.0017: MainProcess                     : MainThread     : DEBUG   : read rcfg for ornl.titan_aprun (None)
2018-10-11 10:52:24,235: rp.session.smic002.ksiddhan.017815.0017: MainProcess                     : MainThread     : INFO    : Load resource configurations for ornl.rhea
2018-10-11 10:52:24,235: rp.session.smic002.ksiddhan.017815.0017: MainProcess                     : MainThread     : DEBUG   : read rcfg for ornl.rhea (16)
2018-10-11 10:52:24,235: rp.session.smic002.ksiddhan.017815.0017: MainProcess                     : MainThread     : INFO    : Load resource configurations for ornl.rhea_aprun
2018-10-11 10:52:24,236: rp.session.smic002.ksiddhan.017815.0017: MainProcess                     : MainThread     : DEBUG   : read rcfg for ornl.rhea_aprun (None)
2018-10-11 10:52:24,236: rp.session.smic002.ksiddhan.017815.0017: MainProcess                     : MainThread     : INFO    : Load resource configurations for ornl.titan_ortelib
2018-10-11 10:52:24,236: rp.session.smic002.ksiddhan.017815.0017: MainProcess                     : MainThread     : DEBUG   : read rcfg for ornl.titan_ortelib (None)
2018-10-11 10:52:24,236: rp.session.smic002.ksiddhan.017815.0017: MainProcess                     : MainThread     : INFO    : Load resource configurations from /home/ksiddhan/miniconda2/envs/radical-pilot/lib/python2.7/site-packages/radical/pilot/configs/resource_das5.json
2018-10-11 10:52:24,238: rp.session.smic002.ksiddhan.017815.0017: MainProcess                     : MainThread     : INFO    : Load resource configurations for das5.fs1_ssh
2018-10-11 10:52:24,238: rp.session.smic002.ksiddhan.017815.0017: MainProcess                     : MainThread     : DEBUG   : read rcfg for das5.fs1_ssh (None)
2018-10-11 10:52:24,238: rp.session.smic002.ksiddhan.017815.0017: MainProcess                     : MainThread     : INFO    : Load resource configurations from /home/ksiddhan/miniconda2/envs/radical-pilot/lib/python2.7/site-packages/radical/pilot/configs/resource_xsede.json
2018-10-11 10:52:24,272: rp.session.smic002.ksiddhan.017815.0017: MainProcess                     : MainThread     : INFO    : Load resource configurations for xsede.gordon_ssh
2018-10-11 10:52:24,272: rp.session.smic002.ksiddhan.017815.0017: MainProcess                     : MainThread     : DEBUG   : read rcfg for xsede.gordon_ssh (None)
2018-10-11 10:52:24,272: rp.session.smic002.ksiddhan.017815.0017: MainProcess                     : MainThread     : INFO    : Load resource configurations for xsede.lonestar_ssh
2018-10-11 10:52:24,273: rp.session.smic002.ksiddhan.017815.0017: MainProcess                     : MainThread     : DEBUG   : read rcfg for xsede.lonestar_ssh (None)
2018-10-11 10:52:24,273: rp.session.smic002.ksiddhan.017815.0017: MainProcess                     : MainThread     : INFO    : Load resource configurations for xsede.supermic_spark
2018-10-11 10:52:24,273: rp.session.smic002.ksiddhan.017815.0017: MainProcess                     : MainThread     : DEBUG   : read rcfg for xsede.supermic_spark (20)
2018-10-11 10:52:24,273: rp.session.smic002.ksiddhan.017815.0017: MainProcess                     : MainThread     : INFO    : Load resource configurations for xsede.wrangler_yarn
2018-10-11 10:52:24,273: rp.session.smic002.ksiddhan.017815.0017: MainProcess                     : MainThread     : DEBUG   : read rcfg for xsede.wrangler_yarn (None)
2018-10-11 10:52:24,273: rp.session.smic002.ksiddhan.017815.0017: MainProcess                     : MainThread     : INFO    : Load resource configurations for xsede.blacklight_ssh
2018-10-11 10:52:24,274: rp.session.smic002.ksiddhan.017815.0017: MainProcess                     : MainThread     : DEBUG   : read rcfg for xsede.blacklight_ssh (16)
2018-10-11 10:52:24,274: rp.session.smic002.ksiddhan.017815.0017: MainProcess                     : MainThread     : INFO    : Load resource configurations for xsede.stampede_ortelib
2018-10-11 10:52:24,274: rp.session.smic002.ksiddhan.017815.0017: MainProcess                     : MainThread     : DEBUG   : read rcfg for xsede.stampede_ortelib (None)
2018-10-11 10:52:24,274: rp.session.smic002.ksiddhan.017815.0017: MainProcess                     : MainThread     : INFO    : Load resource configurations for xsede.stampede_yarn
2018-10-11 10:52:24,275: rp.session.smic002.ksiddhan.017815.0017: MainProcess                     : MainThread     : DEBUG   : read rcfg for xsede.stampede_yarn (None)
2018-10-11 10:52:24,275: rp.session.smic002.ksiddhan.017815.0017: MainProcess                     : MainThread     : INFO    : Load resource configurations for xsede.stampede_ssh
2018-10-11 10:52:24,275: rp.session.smic002.ksiddhan.017815.0017: MainProcess                     : MainThread     : DEBUG   : read rcfg for xsede.stampede_ssh (None)
2018-10-11 10:52:24,275: rp.session.smic002.ksiddhan.017815.0017: MainProcess                     : MainThread     : INFO    : Load resource configurations for xsede.greenfield
2018-10-11 10:52:24,275: rp.session.smic002.ksiddhan.017815.0017: MainProcess                     : MainThread     : DEBUG   : read rcfg for xsede.greenfield (15)
2018-10-11 10:52:24,275: rp.session.smic002.ksiddhan.017815.0017: MainProcess                     : MainThread     : INFO    : Load resource configurations for xsede.bridges
2018-10-11 10:52:24,276: rp.session.smic002.ksiddhan.017815.0017: MainProcess                     : MainThread     : DEBUG   : read rcfg for xsede.bridges (None)
2018-10-11 10:52:24,276: rp.session.smic002.ksiddhan.017815.0017: MainProcess                     : MainThread     : INFO    : Load resource configurations for xsede.trestles_ssh
2018-10-11 10:52:24,276: rp.session.smic002.ksiddhan.017815.0017: MainProcess                     : MainThread     : DEBUG   : read rcfg for xsede.trestles_ssh (None)
2018-10-11 10:52:24,276: rp.session.smic002.ksiddhan.017815.0017: MainProcess                     : MainThread     : INFO    : Load resource configurations for xsede.supermic_ortelib
2018-10-11 10:52:24,277: rp.session.smic002.ksiddhan.017815.0017: MainProcess                     : MainThread     : DEBUG   : read rcfg for xsede.supermic_ortelib (20)
2018-10-11 10:52:24,277: rp.session.smic002.ksiddhan.017815.0017: MainProcess                     : MainThread     : INFO    : Load resource configurations for xsede.stampede2_ssh
2018-10-11 10:52:24,277: rp.session.smic002.ksiddhan.017815.0017: MainProcess                     : MainThread     : DEBUG   : read rcfg for xsede.stampede2_ssh (68)
2018-10-11 10:52:24,277: rp.session.smic002.ksiddhan.017815.0017: MainProcess                     : MainThread     : INFO    : Load resource configurations for xsede.supermic_ssh
2018-10-11 10:52:24,277: rp.session.smic002.ksiddhan.017815.0017: MainProcess                     : MainThread     : DEBUG   : read rcfg for xsede.supermic_ssh (20)
2018-10-11 10:52:24,277: rp.session.smic002.ksiddhan.017815.0017: MainProcess                     : MainThread     : INFO    : Load resource configurations for xsede.wrangler_ssh
2018-10-11 10:52:24,278: rp.session.smic002.ksiddhan.017815.0017: MainProcess                     : MainThread     : DEBUG   : read rcfg for xsede.wrangler_ssh (None)
2018-10-11 10:52:24,278: rp.session.smic002.ksiddhan.017815.0017: MainProcess                     : MainThread     : INFO    : Load resource configurations for xsede.supermic_orte
2018-10-11 10:52:24,278: rp.session.smic002.ksiddhan.017815.0017: MainProcess                     : MainThread     : DEBUG   : read rcfg for xsede.supermic_orte (20)
2018-10-11 10:52:24,278: rp.session.smic002.ksiddhan.017815.0017: MainProcess                     : MainThread     : INFO    : Load resource configurations for xsede.wrangler_spark
2018-10-11 10:52:24,279: rp.session.smic002.ksiddhan.017815.0017: MainProcess                     : MainThread     : DEBUG   : read rcfg for xsede.wrangler_spark (None)
2018-10-11 10:52:24,279: rp.session.smic002.ksiddhan.017815.0017: MainProcess                     : MainThread     : INFO    : Load resource configurations for xsede.stampede_orte
2018-10-11 10:52:24,279: rp.session.smic002.ksiddhan.017815.0017: MainProcess                     : MainThread     : DEBUG   : read rcfg for xsede.stampede_orte (None)
2018-10-11 10:52:24,279: rp.session.smic002.ksiddhan.017815.0017: MainProcess                     : MainThread     : INFO    : Load resource configurations for xsede.comet_ortelib
2018-10-11 10:52:24,279: rp.session.smic002.ksiddhan.017815.0017: MainProcess                     : MainThread     : DEBUG   : read rcfg for xsede.comet_ortelib (24)
2018-10-11 10:52:24,280: rp.session.smic002.ksiddhan.017815.0017: MainProcess                     : MainThread     : INFO    : Load resource configurations for xsede.comet_orte
2018-10-11 10:52:24,280: rp.session.smic002.ksiddhan.017815.0017: MainProcess                     : MainThread     : DEBUG   : read rcfg for xsede.comet_orte (24)
2018-10-11 10:52:24,280: rp.session.smic002.ksiddhan.017815.0017: MainProcess                     : MainThread     : INFO    : Load resource configurations for xsede.comet_spark
2018-10-11 10:52:24,280: rp.session.smic002.ksiddhan.017815.0017: MainProcess                     : MainThread     : DEBUG   : read rcfg for xsede.comet_spark (24)
2018-10-11 10:52:24,280: rp.session.smic002.ksiddhan.017815.0017: MainProcess                     : MainThread     : INFO    : Load resource configurations for xsede.comet_ssh
2018-10-11 10:52:24,281: rp.session.smic002.ksiddhan.017815.0017: MainProcess                     : MainThread     : DEBUG   : read rcfg for xsede.comet_ssh (24)
2018-10-11 10:52:24,281: rp.session.smic002.ksiddhan.017815.0017: MainProcess                     : MainThread     : INFO    : Load resource configurations for xsede.stampede_spark
2018-10-11 10:52:24,281: rp.session.smic002.ksiddhan.017815.0017: MainProcess                     : MainThread     : DEBUG   : read rcfg for xsede.stampede_spark (None)
2018-10-11 10:52:24,281: rp.session.smic002.ksiddhan.017815.0017: MainProcess                     : MainThread     : INFO    : Load resource configurations from /home/ksiddhan/miniconda2/envs/radical-pilot/lib/python2.7/site-packages/radical/pilot/configs/resource_ncsa.json
2018-10-11 10:52:24,288: rp.session.smic002.ksiddhan.017815.0017: MainProcess                     : MainThread     : INFO    : Load resource configurations for ncsa.bw_orte
2018-10-11 10:52:24,288: rp.session.smic002.ksiddhan.017815.0017: MainProcess                     : MainThread     : DEBUG   : read rcfg for ncsa.bw_orte (None)
2018-10-11 10:52:24,288: rp.session.smic002.ksiddhan.017815.0017: MainProcess                     : MainThread     : INFO    : Load resource configurations for ncsa.bw_ccm_ssh
2018-10-11 10:52:24,289: rp.session.smic002.ksiddhan.017815.0017: MainProcess                     : MainThread     : DEBUG   : read rcfg for ncsa.bw_ccm_ssh (None)
2018-10-11 10:52:24,289: rp.session.smic002.ksiddhan.017815.0017: MainProcess                     : MainThread     : INFO    : Load resource configurations for ncsa.bw_ortelib
2018-10-11 10:52:24,289: rp.session.smic002.ksiddhan.017815.0017: MainProcess                     : MainThread     : DEBUG   : read rcfg for ncsa.bw_ortelib (None)
2018-10-11 10:52:24,289: rp.session.smic002.ksiddhan.017815.0017: MainProcess                     : MainThread     : INFO    : Load resource configurations for ncsa.bw_aprun
2018-10-11 10:52:24,290: rp.session.smic002.ksiddhan.017815.0017: MainProcess                     : MainThread     : DEBUG   : read rcfg for ncsa.bw_aprun (None)
2018-10-11 10:52:24,290: rp.session.smic002.ksiddhan.017815.0017: MainProcess                     : MainThread     : INFO    : Load resource configurations from /home/ksiddhan/miniconda2/envs/radical-pilot/lib/python2.7/site-packages/radical/pilot/configs/resource_epsrc.json
2018-10-11 10:52:24,293: rp.session.smic002.ksiddhan.017815.0017: MainProcess                     : MainThread     : INFO    : Load resource configurations for epsrc.archer_orte
2018-10-11 10:52:24,293: rp.session.smic002.ksiddhan.017815.0017: MainProcess                     : MainThread     : DEBUG   : read rcfg for epsrc.archer_orte (None)
2018-10-11 10:52:24,293: rp.session.smic002.ksiddhan.017815.0017: MainProcess                     : MainThread     : INFO    : Load resource configurations for epsrc.archer_aprun
2018-10-11 10:52:24,294: rp.session.smic002.ksiddhan.017815.0017: MainProcess                     : MainThread     : DEBUG   : read rcfg for epsrc.archer_aprun (None)
2018-10-11 10:52:24,940: rp.session.smic002.ksiddhan.017815.0017: MainProcess                     : MainThread     : INFO    : New Session created: rp.session.smic002.ksiddhan.017815.0017.
2018-10-11 10:52:24,941: rp.session.smic002.ksiddhan.017815.0017: MainProcess                     : MainThread     : DEBUG   : start bridges   : {u'control_pubsub': {u'bulk_size': 0, u'log_level': u'error', u'stall_hwm': 1},
 u'log_pubsub': {u'bulk_size': 0, u'log_level': u'error', u'stall_hwm': 1},
 u'state_pubsub': {u'bulk_size': 0, u'log_level': u'error', u'stall_hwm': 1}}
2018-10-11 10:52:24,941: rp.session.smic002.ksiddhan.017815.0017: MainProcess                     : MainThread     : INFO    : create bridge control_pubsub
2018-10-11 10:52:24,951: rp.session.smic002.ksiddhan.017815.0017: MainProcess                     : MainThread     : INFO    : created bridge control_pubsub (control.pubsub.bridge.0000)
2018-10-11 10:52:24,952: rp.session.smic002.ksiddhan.017815.0017: MainProcess                     : MainThread     : INFO    : create bridge state_pubsub
2018-10-11 10:52:24,960: rp.session.smic002.ksiddhan.017815.0017: MainProcess                     : MainThread     : INFO    : created bridge state_pubsub (state.pubsub.bridge.0000)
2018-10-11 10:52:24,960: rp.session.smic002.ksiddhan.017815.0017: MainProcess                     : MainThread     : INFO    : create bridge log_pubsub
2018-10-11 10:52:24,969: rp.session.smic002.ksiddhan.017815.0017: MainProcess                     : MainThread     : INFO    : created bridge log_pubsub (log.pubsub.bridge.0000)
2018-10-11 10:52:24,969: rp.session.smic002.ksiddhan.017815.0017: MainProcess                     : MainThread     : DEBUG   : start components: {u'UpdateWorker': {u'count': 1}}
2018-10-11 10:52:24,969: rp.session.smic002.ksiddhan.017815.0017: MainProcess                     : MainThread     : DEBUG   : start 1 component(s) UpdateWorker
2018-10-11 10:52:25,765: rp.session.smic002.ksiddhan.017815.0017: MainProcess                     : MainThread     : INFO    : rp.session.smic002.ksiddhan.017815.0017 starts update.0
2018-10-11 10:52:25,765: rp.session.smic002.ksiddhan.017815.0017: MainProcess                     : MainThread     : INFO    : radical.pilot version: 0.50.8
2018-10-11 10:52:25,765: rp.session.smic002.ksiddhan.017815.0017: MainProcess                     : MainThread     : INFO    : radical.saga  version: 0.50.0
2018-10-11 10:52:25,765: rp.session.smic002.ksiddhan.017815.0017: MainProcess                     : MainThread     : INFO    : radical.utils version: 0.50.2
2018-10-11 10:52:26,293: rp.session.smic002.ksiddhan.017815.0017: MainProcess                     : MainThread     : DEBUG   : get rcfg 1 for local.localhost_anaconda (8)
2018-10-11 10:52:26,293: rp.session.smic002.ksiddhan.017815.0017: MainProcess                     : MainThread     : DEBUG   : get rcfg 2 for local.localhost_anaconda (8)
2018-10-11 10:52:26,293: rp.session.smic002.ksiddhan.017815.0017: MainProcess                     : MainThread     : DEBUG   : get rcfg 1 for local.localhost_anaconda (8)
2018-10-11 10:52:26,293: rp.session.smic002.ksiddhan.017815.0017: MainProcess                     : MainThread     : DEBUG   : get rcfg 2 for local.localhost_anaconda (8)
2018-10-11 10:52:26,293: rp.session.smic002.ksiddhan.017815.0017: MainProcess                     : MainThread     : DEBUG   : rsup.PTYShell('fork://localhost/')
2018-10-11 10:52:27,025: rp.session.smic002.ksiddhan.017815.0017: MainProcess                     : MainThread     : DEBUG   : sandbox base fork://localhost/: '/home/ksiddhan'
2018-10-11 10:52:27,163: rp.session.smic002.ksiddhan.017815.0017: MainProcess                     : MainThread     : DEBUG   : bulk pilot insert result: {'nModified': 0, 'nUpserted': 0, 'nMatched': 0, 'writeErrors': [], 'upserted': [], 'writeConcernErrors': [], 'nRemoved': 0, 'nInserted': 1}
2018-10-11 10:52:27,165: rp.session.smic002.ksiddhan.017815.0017: pmgr.0000.launching.0           : MainThread     : DEBUG   : get rcfg 1 for local.localhost_anaconda (8)
2018-10-11 10:52:27,165: rp.session.smic002.ksiddhan.017815.0017: pmgr.0000.launching.0           : MainThread     : DEBUG   : get rcfg 2 for local.localhost_anaconda (8)
2018-10-11 10:52:27,167: rp.session.smic002.ksiddhan.017815.0017: pmgr.0000.launching.0           : MainThread     : DEBUG   : get rcfg 1 for local.localhost_anaconda (8)
2018-10-11 10:52:27,167: rp.session.smic002.ksiddhan.017815.0017: pmgr.0000.launching.0           : MainThread     : DEBUG   : get rcfg 2 for local.localhost_anaconda (8)
2018-10-11 10:52:27,167: rp.session.smic002.ksiddhan.017815.0017: pmgr.0000.launching.0           : MainThread     : DEBUG   : rsup.PTYShell('fork://localhost/')
2018-10-11 10:52:27,903: rp.session.smic002.ksiddhan.017815.0017: pmgr.0000.launching.0           : MainThread     : DEBUG   : sandbox base fork://localhost/: '/home/ksiddhan'
2018-10-11 10:52:28,435: rp.session.smic002.ksiddhan.017815.0017: MainProcess                     : MainThread     : DEBUG   : bulk unit insert result: {'nModified': 0, 'nUpserted': 0, 'nMatched': 0, 'writeErrors': [], 'upserted': [], 'writeConcernErrors': [], 'nRemoved': 0, 'nInserted': 20}
2018-10-11 11:07:39,892: rp.session.smic002.ksiddhan.017815.0017: MainProcess                     : MainThread     : DEBUG   : session rp.session.smic002.ksiddhan.017815.0017 closing
2018-10-11 11:07:39,893: rp.session.smic002.ksiddhan.017815.0017: MainProcess                     : MainThread     : DEBUG   : session rp.session.smic002.ksiddhan.017815.0017 closes umgr   umgr.0000
2018-10-11 11:07:43,664: rp.session.smic002.ksiddhan.017815.0017: MainProcess                     : MainThread     : DEBUG   : session rp.session.smic002.ksiddhan.017815.0017 closed umgr   umgr.0000
2018-10-11 11:07:43,664: rp.session.smic002.ksiddhan.017815.0017: MainProcess                     : MainThread     : DEBUG   : session rp.session.smic002.ksiddhan.017815.0017 closes pmgr   pmgr.0000
2018-10-11 11:07:46,440: rp.session.smic002.ksiddhan.017815.0017: MainProcess                     : MainThread     : DEBUG   : session rp.session.smic002.ksiddhan.017815.0017 closed pmgr   pmgr.0000
2018-10-11 11:07:46,440: rp.session.smic002.ksiddhan.017815.0017: MainProcess                     : MainThread     : DEBUG   : session rp.session.smic002.ksiddhan.017815.0017 closes comp   update.0
2018-10-11 11:07:46,440: rp.session.smic002.ksiddhan.017815.0017: MainProcess                     : MainThread     : DEBUG   : update.0 stop called
2018-10-11 11:07:46,523: rp.session.smic002.ksiddhan.017815.0017: update.0                        : MainThread     : DEBUG   : update.0.child stop called
2018-10-11 11:07:46,640: rp.session.smic002.ksiddhan.017815.0017: update.0                        : MainThread     : DEBUG   : update.0.child stop called
2018-10-11 11:07:46,671: rp.session.smic002.ksiddhan.017815.0017: MainProcess                     : MainThread     : DEBUG   : session rp.session.smic002.ksiddhan.017815.0017 closed comp   update.0
2018-10-11 11:07:46,671: rp.session.smic002.ksiddhan.017815.0017: MainProcess                     : MainThread     : DEBUG   : session rp.session.smic002.ksiddhan.017815.0017 closes bridge control.pubsub.bridge.0000
2018-10-11 11:07:47,671: rp.session.smic002.ksiddhan.017815.0017: MainProcess                     : MainThread     : DEBUG   : session rp.session.smic002.ksiddhan.017815.0017 closed bridge control.pubsub.bridge.0000
2018-10-11 11:07:47,672: rp.session.smic002.ksiddhan.017815.0017: MainProcess                     : MainThread     : DEBUG   : session rp.session.smic002.ksiddhan.017815.0017 closes bridge state.pubsub.bridge.0000
2018-10-11 11:07:48,654: rp.session.smic002.ksiddhan.017815.0017: MainProcess                     : MainThread     : DEBUG   : session rp.session.smic002.ksiddhan.017815.0017 closed bridge state.pubsub.bridge.0000
2018-10-11 11:07:48,654: rp.session.smic002.ksiddhan.017815.0017: MainProcess                     : MainThread     : DEBUG   : session rp.session.smic002.ksiddhan.017815.0017 closes bridge log.pubsub.bridge.0000
2018-10-11 11:07:49,133: rp.session.smic002.ksiddhan.017815.0017: MainProcess                     : MainThread     : DEBUG   : session rp.session.smic002.ksiddhan.017815.0017 closed bridge log.pubsub.bridge.0000
2018-10-11 11:07:49,133: rp.session.smic002.ksiddhan.017815.0017: MainProcess                     : MainThread     : DEBUG   : session rp.session.smic002.ksiddhan.017815.0017 closes db (False)
2018-10-11 11:07:49,170: rp.session.smic002.ksiddhan.017815.0017: MainProcess                     : MainThread     : DEBUG   : session rp.session.smic002.ksiddhan.017815.0017 closed (delete=False)
2018-10-11 11:07:49,171: rp.session.smic002.ksiddhan.017815.0017: MainProcess                     : MainThread     : DEBUG   : update.0 stop called
2018-10-11 11:07:49,174: rp.session.smic002.ksiddhan.017815.0017: MainProcess                     : MainThread     : DEBUG   : start download
2018-10-11 11:07:49,787: rp.session.smic002.ksiddhan.017815.0017: MainProcess                     : MainThread     : INFO    : session written to /home/ksiddhan/rp.session.smic002.ksiddhan.017815.0017/rp.session.smic002.ksiddhan.017815.0017.json
2018-10-11 11:07:50,118: rp.session.smic002.ksiddhan.017815.0017: MainProcess                     : MainThread     : DEBUG   : Session: rp.session.smic002.ksiddhan.017815.0017
2018-10-11 11:07:50,118: rp.session.smic002.ksiddhan.017815.0017: MainProcess                     : MainThread     : DEBUG   : Number of pilots in session: 1
2018-10-11 11:07:50,118: rp.session.smic002.ksiddhan.017815.0017: MainProcess                     : MainThread     : DEBUG   : processing pilot 'pilot.0000'
2018-10-11 11:07:50,857: rp.session.smic002.ksiddhan.017815.0017: MainProcess                     : MainThread     : WARNING : profiles tarball doesnt exists!
2018-10-11 11:07:55,024: rp.session.smic002.ksiddhan.017815.0017: MainProcess                     : MainThread     : INFO    : Session: rp.session.smic002.ksiddhan.017815.0017
2018-10-11 11:07:55,024: rp.session.smic002.ksiddhan.017815.0017: MainProcess                     : MainThread     : INFO    : Number of pilots in session: 1
2018-10-11 11:07:55,336: rp.session.smic002.ksiddhan.017815.0017: MainProcess                     : MainThread     : WARNING : logiles tarball doesnt exists
