2018-10-11 10:52:27,917: umgr.0000.staging.output.0.child: umgr.0000.staging.output.0      : MainThread     : INFO    : python.interpreter   version: 2.7.15 |Anaconda, Inc.| (default, May 1 2018, 23:32:55) [GCC 7.2.0]
2018-10-11 10:52:27,917: umgr.0000.staging.output.0.child: umgr.0000.staging.output.0      : MainThread     : INFO    :                      pid/tid: 48511/MainThread
2018-10-11 10:52:27,917: umgr.0000.staging.output.0.child: umgr.0000.staging.output.0      : MainThread     : INFO    : initialize umgr.0000.staging.output.0.child
2018-10-11 10:52:27,920: umgr.0000.staging.output.0.child: umgr.0000.staging.output.0      : MainThread     : INFO    : cfg: {'agents': {},
 u'bridges': {u'control_pubsub': {'addr_in': 'tcp://204.90.41.2:43187',
                                  'addr_out': 'tcp://204.90.41.2:46330',
                                  u'bulk_size': 0,
                                  u'log_level': u'error',
                                  u'stall_hwm': 1},
              u'log_pubsub': {'addr_in': 'tcp://204.90.41.2:36731',
                              'addr_out': 'tcp://204.90.41.2:40102',
                              u'bulk_size': 0,
                              u'log_level': u'error',
                              u'stall_hwm': 1},
              u'state_pubsub': {'addr_in': 'tcp://204.90.41.2:34514',
                                'addr_out': 'tcp://204.90.41.2:36106',
                                u'bulk_size': 0,
                                u'log_level': u'error',
                                u'stall_hwm': 1},
              u'umgr_reschedule_pubsub': {'addr_in': 'tcp://204.90.41.2:44301',
                                          'addr_out': 'tcp://204.90.41.2:43688',
                                          u'bulk_size': 0,
                                          u'log_level': u'error',
                                          u'stall_hwm': 1},
              u'umgr_scheduling_queue': {'addr_in': 'tcp://204.90.41.2:37067',
                                         'addr_out': 'tcp://204.90.41.2:35540',
                                         u'bulk_size': 0,
                                         u'log_level': u'error',
                                         u'stall_hwm': 1},
              u'umgr_staging_input_queue': {'addr_in': 'tcp://204.90.41.2:34968',
                                            'addr_out': 'tcp://204.90.41.2:42704',
                                            u'bulk_size': 0,
                                            u'log_level': u'error',
                                            u'stall_hwm': 1},
              u'umgr_staging_output_queue': {'addr_in': 'tcp://204.90.41.2:45640',
                                             'addr_out': 'tcp://204.90.41.2:43448',
                                             u'bulk_size': 0,
                                             u'log_level': u'error',
                                             u'stall_hwm': 1},
              u'umgr_unschedule_pubsub': {'addr_in': 'tcp://204.90.41.2:42987',
                                          'addr_out': 'tcp://204.90.41.2:41376',
                                          u'bulk_size': 0,
                                          u'log_level': u'error',
                                          u'stall_hwm': 1}},
 u'bulk_collection_size': 100,
 u'bulk_collection_time': 1.0,
 'cname': u'UMGRStagingOutputComponent',
 u'components': {},
 u'count': 1,
 u'db_poll_sleeptime': 1.0,
 'number': 0,
 'owner': 'umgr.0000',
 u'scheduler': u'round_robin',
 'uid': 'umgr.0000'}
2018-10-11 10:52:27,920: umgr.0000.staging.output.0.child: umgr.0000.staging.output.0      : MainThread     : DEBUG   : start components: {}
2018-10-11 10:52:27,920: umgr.0000.staging.output.0.child: umgr.0000.staging.output.0      : MainThread     : DEBUG   : alive check in term
2018-10-11 10:52:27,920: umgr.0000.staging.output.0.child: umgr.0000.staging.output.0      : MainThread     : DEBUG   : START: umgr.0000.staging.output.0.child register publisher log_pubsub
2018-10-11 10:52:27,920: umgr.0000.staging.output.0.child: umgr.0000.staging.output.0      : MainThread     : DEBUG   : using addr tcp://204.90.41.2:36731 for pubsub log_pubsub
2018-10-11 10:52:27,922: umgr.0000.staging.output.0.child: umgr.0000.staging.output.0      : MainThread     : DEBUG   : registered publisher : log_pubsub : log.pubsub.pub.0004
2018-10-11 10:52:27,922: umgr.0000.staging.output.0.child: umgr.0000.staging.output.0      : MainThread     : DEBUG   : alive check in term
2018-10-11 10:52:27,922: umgr.0000.staging.output.0.child: umgr.0000.staging.output.0      : MainThread     : DEBUG   : START: umgr.0000.staging.output.0.child register publisher state_pubsub
2018-10-11 10:52:27,922: umgr.0000.staging.output.0.child: umgr.0000.staging.output.0      : MainThread     : DEBUG   : using addr tcp://204.90.41.2:34514 for pubsub state_pubsub
2018-10-11 10:52:27,924: umgr.0000.staging.output.0.child: umgr.0000.staging.output.0      : MainThread     : DEBUG   : registered publisher : state_pubsub : state.pubsub.pub.0004
2018-10-11 10:52:27,924: umgr.0000.staging.output.0.child: umgr.0000.staging.output.0      : MainThread     : DEBUG   : alive check in term
2018-10-11 10:52:27,924: umgr.0000.staging.output.0.child: umgr.0000.staging.output.0      : MainThread     : DEBUG   : START: umgr.0000.staging.output.0.child register publisher control_pubsub
2018-10-11 10:52:27,924: umgr.0000.staging.output.0.child: umgr.0000.staging.output.0      : MainThread     : DEBUG   : using addr tcp://204.90.41.2:43187 for pubsub control_pubsub
2018-10-11 10:52:27,925: umgr.0000.staging.output.0.child: umgr.0000.staging.output.0      : MainThread     : DEBUG   : registered publisher : control_pubsub : control.pubsub.pub.0004
2018-10-11 10:52:27,926: umgr.0000.staging.output.0.child: umgr.0000.staging.output.0      : MainThread     : DEBUG   : alive check in term
2018-10-11 10:52:27,926: umgr.0000.staging.output.0.child: umgr.0000.staging.output.0      : MainThread     : DEBUG   : START: umgr.0000.staging.output.0.child register subscriber umgr.0000.staging.output.0.child.subscriber._cancel_monitor_cb
2018-10-11 10:52:27,926: umgr.0000.staging.output.0.child: umgr.0000.staging.output.0      : MainThread     : DEBUG   : using addr tcp://204.90.41.2:46330 for pubsub control_pubsub
2018-10-11 10:52:27,927: umgr.0000.staging.output.0.child: umgr.0000.staging.output.0      : MainThread     : DEBUG   : parent name: umgr.0000.staging.output.0.child.subscriber._cancel_monitor_cb
2018-10-11 10:52:27,928: umgr.0000.staging.output.0.child: umgr.0000.staging.output.0      : MainThread     : DEBUG   : start thread
2018-10-11 10:52:27,928: umgr.0000.staging.output.0.child: umgr.0000.staging.output.0      : umgr.0000.staging.output.0.child.subscriber._cancel_monitor_cb: DEBUG   : child name: umgr.0000.staging.output.0.child.subscriber._cancel_monitor_cb.thread
2018-10-11 10:52:27,928: umgr.0000.staging.output.0.child: umgr.0000.staging.output.0      : umgr.0000.staging.output.0.child.subscriber._cancel_monitor_cb: INFO    : child (me) initializing
2018-10-11 10:52:27,928: umgr.0000.staging.output.0.child: umgr.0000.staging.output.0      : umgr.0000.staging.output.0.child.subscriber._cancel_monitor_cb: DEBUG   : ru_initialize_common (NOOP)
2018-10-11 10:52:27,928: umgr.0000.staging.output.0.child: umgr.0000.staging.output.0      : umgr.0000.staging.output.0.child.subscriber._cancel_monitor_cb: DEBUG   : ru_initialize_child (NOOP)
2018-10-11 10:52:27,928: umgr.0000.staging.output.0.child: umgr.0000.staging.output.0      : umgr.0000.staging.output.0.child.subscriber._cancel_monitor_cb: INFO    : send alive
2018-10-11 10:52:27,928: umgr.0000.staging.output.0.child: umgr.0000.staging.output.0      : umgr.0000.staging.output.0.child.subscriber._cancel_monitor_cb: INFO    : put message: [umgr.0000.staging.output.0.child.subscriber._cancel_monitor_cb.thread] alive
2018-10-11 10:52:27,929: umgr.0000.staging.output.0.child: umgr.0000.staging.output.0      : MainThread     : INFO    : get msg: alive
2018-10-11 10:52:27,929: umgr.0000.staging.output.0.child: umgr.0000.staging.output.0      : MainThread     : DEBUG   : ru_initialize_common (NOOP)
2018-10-11 10:52:27,929: umgr.0000.staging.output.0.child: umgr.0000.staging.output.0      : MainThread     : DEBUG   : ru_initialize_parent (NOOP)
2018-10-11 10:52:27,929: umgr.0000.staging.output.0.child: umgr.0000.staging.output.0      : MainThread     : DEBUG   : child thread umgr.0000.staging.output.0.child.subscriber._cancel_monitor_cb started
2018-10-11 10:52:27,929: umgr.0000.staging.output.0.child: umgr.0000.staging.output.0      : MainThread     : DEBUG   : umgr.0000.staging.output.0.child registered control_pubsub subscriber umgr.0000.staging.output.0.child.subscriber._cancel_monitor_cb
2018-10-11 10:52:27,930: umgr.0000.staging.output.0.child: umgr.0000.staging.output.0      : MainThread     : DEBUG   : alive check in term
2018-10-11 10:52:27,930: umgr.0000.staging.output.0.child: umgr.0000.staging.output.0      : MainThread     : DEBUG   : using addr tcp://204.90.41.2:43448 for input umgr_staging_output_queue
2018-10-11 10:52:27,931: umgr.0000.staging.output.0.child: umgr.0000.staging.output.0      : MainThread     : DEBUG   : registered input umgr.0000.staging.output.0.child.work.UMGR_STAGING_OUTPUT_PENDING
2018-10-11 10:52:27,931: umgr.0000.staging.output.0.child: umgr.0000.staging.output.0      : MainThread     : DEBUG   : START: umgr.0000.staging.output.0.child register input UMGR_STAGING_OUTPUT_PENDING: umgr.0000.staging.output.0.child.work.UMGR_STAGING_OUTPUT_PENDING
2018-10-11 10:52:27,931: umgr.0000.staging.output.0.child: umgr.0000.staging.output.0      : MainThread     : DEBUG   : registered worker work [UMGR_STAGING_OUTPUT_PENDING]
2018-10-11 10:52:27,931: umgr.0000.staging.output.0.child: umgr.0000.staging.output.0      : MainThread     : INFO    : child (me) initializing
2018-10-11 10:52:27,931: umgr.0000.staging.output.0.child: umgr.0000.staging.output.0      : MainThread     : DEBUG   : parent name: umgr.0000.staging.output.0.child.watch
2018-10-11 10:52:27,931: umgr.0000.staging.output.0.child: umgr.0000.staging.output.0      : MainThread     : DEBUG   : start thread
2018-10-11 10:52:27,932: umgr.0000.staging.output.0.child: umgr.0000.staging.output.0      : umgr.0000.staging.output.0.child.watch: DEBUG   : child name: umgr.0000.staging.output.0.child.watch.thread
2018-10-11 10:52:27,932: umgr.0000.staging.output.0.child: umgr.0000.staging.output.0      : umgr.0000.staging.output.0.child.watch: INFO    : child (me) initializing
2018-10-11 10:52:27,932: umgr.0000.staging.output.0.child: umgr.0000.staging.output.0      : umgr.0000.staging.output.0.child.watch: DEBUG   : ru_initialize_common (NOOP)
2018-10-11 10:52:27,932: umgr.0000.staging.output.0.child: umgr.0000.staging.output.0      : umgr.0000.staging.output.0.child.watch: DEBUG   : ru_initialize_child (NOOP)
2018-10-11 10:52:27,932: umgr.0000.staging.output.0.child: umgr.0000.staging.output.0      : umgr.0000.staging.output.0.child.watch: INFO    : send alive
2018-10-11 10:52:27,932: umgr.0000.staging.output.0.child: umgr.0000.staging.output.0      : umgr.0000.staging.output.0.child.watch: INFO    : put message: [umgr.0000.staging.output.0.child.watch.thread] alive
2018-10-11 10:52:27,933: umgr.0000.staging.output.0.child: umgr.0000.staging.output.0      : MainThread     : INFO    : get msg: alive
2018-10-11 10:52:27,933: umgr.0000.staging.output.0.child: umgr.0000.staging.output.0      : MainThread     : DEBUG   : ru_initialize_common (NOOP)
2018-10-11 10:52:27,933: umgr.0000.staging.output.0.child: umgr.0000.staging.output.0      : MainThread     : DEBUG   : ru_initialize_parent (NOOP)
2018-10-11 10:52:27,933: umgr.0000.staging.output.0.child: umgr.0000.staging.output.0      : MainThread     : DEBUG   : child thread umgr.0000.staging.output.0.child.watch started
2018-10-11 10:52:27,933: umgr.0000.staging.output.0.child: umgr.0000.staging.output.0      : MainThread     : INFO    : child (me) is alive
2018-10-11 10:52:27,933: umgr.0000.staging.output.0.child: umgr.0000.staging.output.0      : MainThread     : INFO    : send alive
2018-10-11 10:52:27,933: umgr.0000.staging.output.0.child: umgr.0000.staging.output.0      : MainThread     : INFO    : send message: [umgr.0000.staging.output.0.child] alive
2018-10-11 10:52:28,336: umgr.0000.staging.output.0.child: umgr.0000.staging.output.0      : umgr.0000.staging.output.0.child.subscriber._cancel_monitor_cb: DEBUG   : command ignored: add_pilots
2018-10-11 10:57:59,768: umgr.0000.staging.output.0.child: umgr.0000.staging.output.0      : MainThread     : DEBUG   : got unit (unit.000015)
2018-10-11 10:57:59,768: umgr.0000.staging.output.0.child: umgr.0000.staging.output.0      : MainThread     : DEBUG   : advance bulk size: 1 [False, True]
2018-10-11 10:57:59,768: umgr.0000.staging.output.0.child: umgr.0000.staging.output.0      : MainThread     : DEBUG   : advance bulk size: 1 [True, True]
2018-10-11 10:57:59,768: umgr.0000.staging.output.0.child: umgr.0000.staging.output.0      : MainThread     : DEBUG   : final unit.000015 [DONE]
2018-10-11 10:59:20,426: umgr.0000.staging.output.0.child: umgr.0000.staging.output.0      : MainThread     : DEBUG   : got unit (unit.000003)
2018-10-11 10:59:20,426: umgr.0000.staging.output.0.child: umgr.0000.staging.output.0      : MainThread     : DEBUG   : advance bulk size: 1 [False, True]
2018-10-11 10:59:20,426: umgr.0000.staging.output.0.child: umgr.0000.staging.output.0      : MainThread     : DEBUG   : advance bulk size: 1 [True, True]
2018-10-11 10:59:20,426: umgr.0000.staging.output.0.child: umgr.0000.staging.output.0      : MainThread     : DEBUG   : final unit.000003 [DONE]
2018-10-11 11:00:07,754: umgr.0000.staging.output.0.child: umgr.0000.staging.output.0      : MainThread     : DEBUG   : got unit (unit.000012)
2018-10-11 11:00:07,754: umgr.0000.staging.output.0.child: umgr.0000.staging.output.0      : MainThread     : DEBUG   : advance bulk size: 1 [False, True]
2018-10-11 11:00:07,754: umgr.0000.staging.output.0.child: umgr.0000.staging.output.0      : MainThread     : DEBUG   : advance bulk size: 1 [True, True]
2018-10-11 11:00:07,755: umgr.0000.staging.output.0.child: umgr.0000.staging.output.0      : MainThread     : DEBUG   : final unit.000012 [DONE]
2018-10-11 11:00:19,589: umgr.0000.staging.output.0.child: umgr.0000.staging.output.0      : MainThread     : DEBUG   : got unit (unit.000008)
2018-10-11 11:00:19,589: umgr.0000.staging.output.0.child: umgr.0000.staging.output.0      : MainThread     : DEBUG   : advance bulk size: 1 [False, True]
2018-10-11 11:00:19,590: umgr.0000.staging.output.0.child: umgr.0000.staging.output.0      : MainThread     : DEBUG   : advance bulk size: 1 [True, True]
2018-10-11 11:00:19,590: umgr.0000.staging.output.0.child: umgr.0000.staging.output.0      : MainThread     : DEBUG   : final unit.000008 [DONE]
2018-10-11 11:00:25,168: umgr.0000.staging.output.0.child: umgr.0000.staging.output.0      : MainThread     : DEBUG   : got unit (unit.000010)
2018-10-11 11:00:25,168: umgr.0000.staging.output.0.child: umgr.0000.staging.output.0      : MainThread     : DEBUG   : advance bulk size: 1 [False, True]
2018-10-11 11:00:25,168: umgr.0000.staging.output.0.child: umgr.0000.staging.output.0      : MainThread     : DEBUG   : advance bulk size: 1 [True, True]
2018-10-11 11:00:25,168: umgr.0000.staging.output.0.child: umgr.0000.staging.output.0      : MainThread     : DEBUG   : final unit.000010 [DONE]
2018-10-11 11:00:26,282: umgr.0000.staging.output.0.child: umgr.0000.staging.output.0      : MainThread     : DEBUG   : got unit (unit.000017)
2018-10-11 11:00:26,282: umgr.0000.staging.output.0.child: umgr.0000.staging.output.0      : MainThread     : DEBUG   : advance bulk size: 1 [False, True]
2018-10-11 11:00:26,282: umgr.0000.staging.output.0.child: umgr.0000.staging.output.0      : MainThread     : DEBUG   : advance bulk size: 1 [True, True]
2018-10-11 11:00:26,282: umgr.0000.staging.output.0.child: umgr.0000.staging.output.0      : MainThread     : DEBUG   : final unit.000017 [DONE]
2018-10-11 11:00:41,108: umgr.0000.staging.output.0.child: umgr.0000.staging.output.0      : MainThread     : DEBUG   : got unit (unit.000018)
2018-10-11 11:00:41,108: umgr.0000.staging.output.0.child: umgr.0000.staging.output.0      : MainThread     : DEBUG   : advance bulk size: 1 [False, True]
2018-10-11 11:00:41,108: umgr.0000.staging.output.0.child: umgr.0000.staging.output.0      : MainThread     : DEBUG   : advance bulk size: 1 [True, True]
2018-10-11 11:00:41,108: umgr.0000.staging.output.0.child: umgr.0000.staging.output.0      : MainThread     : DEBUG   : final unit.000018 [DONE]
2018-10-11 11:01:09,084: umgr.0000.staging.output.0.child: umgr.0000.staging.output.0      : MainThread     : DEBUG   : got unit (unit.000009)
2018-10-11 11:01:09,085: umgr.0000.staging.output.0.child: umgr.0000.staging.output.0      : MainThread     : DEBUG   : advance bulk size: 1 [False, True]
2018-10-11 11:01:09,085: umgr.0000.staging.output.0.child: umgr.0000.staging.output.0      : MainThread     : DEBUG   : advance bulk size: 1 [True, True]
2018-10-11 11:01:09,085: umgr.0000.staging.output.0.child: umgr.0000.staging.output.0      : MainThread     : DEBUG   : final unit.000009 [DONE]
2018-10-11 11:01:11,236: umgr.0000.staging.output.0.child: umgr.0000.staging.output.0      : MainThread     : DEBUG   : got unit (unit.000006)
2018-10-11 11:01:11,236: umgr.0000.staging.output.0.child: umgr.0000.staging.output.0      : MainThread     : DEBUG   : advance bulk size: 1 [False, True]
2018-10-11 11:01:11,236: umgr.0000.staging.output.0.child: umgr.0000.staging.output.0      : MainThread     : DEBUG   : advance bulk size: 1 [True, True]
2018-10-11 11:01:11,236: umgr.0000.staging.output.0.child: umgr.0000.staging.output.0      : MainThread     : DEBUG   : final unit.000006 [DONE]
2018-10-11 11:01:19,844: umgr.0000.staging.output.0.child: umgr.0000.staging.output.0      : MainThread     : DEBUG   : got unit (unit.000014)
2018-10-11 11:01:19,844: umgr.0000.staging.output.0.child: umgr.0000.staging.output.0      : MainThread     : DEBUG   : advance bulk size: 1 [False, True]
2018-10-11 11:01:19,844: umgr.0000.staging.output.0.child: umgr.0000.staging.output.0      : MainThread     : DEBUG   : advance bulk size: 1 [True, True]
2018-10-11 11:01:19,844: umgr.0000.staging.output.0.child: umgr.0000.staging.output.0      : MainThread     : DEBUG   : final unit.000014 [DONE]
2018-10-11 11:01:25,223: umgr.0000.staging.output.0.child: umgr.0000.staging.output.0      : MainThread     : DEBUG   : got unit (unit.000004)
2018-10-11 11:01:25,223: umgr.0000.staging.output.0.child: umgr.0000.staging.output.0      : MainThread     : DEBUG   : advance bulk size: 1 [False, True]
2018-10-11 11:01:25,223: umgr.0000.staging.output.0.child: umgr.0000.staging.output.0      : MainThread     : DEBUG   : advance bulk size: 1 [True, True]
2018-10-11 11:01:25,223: umgr.0000.staging.output.0.child: umgr.0000.staging.output.0      : MainThread     : DEBUG   : final unit.000004 [DONE]
2018-10-11 11:01:59,646: umgr.0000.staging.output.0.child: umgr.0000.staging.output.0      : MainThread     : DEBUG   : got unit (unit.000013)
2018-10-11 11:01:59,646: umgr.0000.staging.output.0.child: umgr.0000.staging.output.0      : MainThread     : DEBUG   : advance bulk size: 1 [False, True]
2018-10-11 11:01:59,646: umgr.0000.staging.output.0.child: umgr.0000.staging.output.0      : MainThread     : DEBUG   : advance bulk size: 1 [True, True]
2018-10-11 11:01:59,646: umgr.0000.staging.output.0.child: umgr.0000.staging.output.0      : MainThread     : DEBUG   : final unit.000013 [DONE]
2018-10-11 11:03:43,990: umgr.0000.staging.output.0.child: umgr.0000.staging.output.0      : MainThread     : DEBUG   : got unit (unit.000001)
2018-10-11 11:03:43,990: umgr.0000.staging.output.0.child: umgr.0000.staging.output.0      : MainThread     : DEBUG   : advance bulk size: 1 [False, True]
2018-10-11 11:03:43,990: umgr.0000.staging.output.0.child: umgr.0000.staging.output.0      : MainThread     : DEBUG   : advance bulk size: 1 [True, True]
2018-10-11 11:03:43,991: umgr.0000.staging.output.0.child: umgr.0000.staging.output.0      : MainThread     : DEBUG   : final unit.000001 [DONE]
2018-10-11 11:03:52,597: umgr.0000.staging.output.0.child: umgr.0000.staging.output.0      : MainThread     : DEBUG   : got unit (unit.000002)
2018-10-11 11:03:52,598: umgr.0000.staging.output.0.child: umgr.0000.staging.output.0      : MainThread     : DEBUG   : advance bulk size: 1 [False, True]
2018-10-11 11:03:52,598: umgr.0000.staging.output.0.child: umgr.0000.staging.output.0      : MainThread     : DEBUG   : advance bulk size: 1 [True, True]
2018-10-11 11:03:52,598: umgr.0000.staging.output.0.child: umgr.0000.staging.output.0      : MainThread     : DEBUG   : final unit.000002 [DONE]
2018-10-11 11:05:06,860: umgr.0000.staging.output.0.child: umgr.0000.staging.output.0      : MainThread     : DEBUG   : got unit (unit.000005)
2018-10-11 11:05:06,860: umgr.0000.staging.output.0.child: umgr.0000.staging.output.0      : MainThread     : DEBUG   : advance bulk size: 1 [False, True]
2018-10-11 11:05:06,861: umgr.0000.staging.output.0.child: umgr.0000.staging.output.0      : MainThread     : DEBUG   : advance bulk size: 1 [True, True]
2018-10-11 11:05:06,861: umgr.0000.staging.output.0.child: umgr.0000.staging.output.0      : MainThread     : DEBUG   : final unit.000005 [DONE]
2018-10-11 11:05:29,454: umgr.0000.staging.output.0.child: umgr.0000.staging.output.0      : MainThread     : DEBUG   : got unit (unit.000016)
2018-10-11 11:05:29,454: umgr.0000.staging.output.0.child: umgr.0000.staging.output.0      : MainThread     : DEBUG   : advance bulk size: 1 [False, True]
2018-10-11 11:05:29,454: umgr.0000.staging.output.0.child: umgr.0000.staging.output.0      : MainThread     : DEBUG   : advance bulk size: 1 [True, True]
2018-10-11 11:05:29,454: umgr.0000.staging.output.0.child: umgr.0000.staging.output.0      : MainThread     : DEBUG   : final unit.000016 [DONE]
2018-10-11 11:05:53,159: umgr.0000.staging.output.0.child: umgr.0000.staging.output.0      : MainThread     : DEBUG   : got unit (unit.000011)
2018-10-11 11:05:53,159: umgr.0000.staging.output.0.child: umgr.0000.staging.output.0      : MainThread     : DEBUG   : advance bulk size: 1 [False, True]
2018-10-11 11:05:53,159: umgr.0000.staging.output.0.child: umgr.0000.staging.output.0      : MainThread     : DEBUG   : advance bulk size: 1 [True, True]
2018-10-11 11:05:53,160: umgr.0000.staging.output.0.child: umgr.0000.staging.output.0      : MainThread     : DEBUG   : final unit.000011 [DONE]
2018-10-11 11:06:18,698: umgr.0000.staging.output.0.child: umgr.0000.staging.output.0      : MainThread     : DEBUG   : got unit (unit.000007)
2018-10-11 11:06:18,698: umgr.0000.staging.output.0.child: umgr.0000.staging.output.0      : MainThread     : DEBUG   : advance bulk size: 1 [False, True]
2018-10-11 11:06:18,698: umgr.0000.staging.output.0.child: umgr.0000.staging.output.0      : MainThread     : DEBUG   : advance bulk size: 1 [True, True]
2018-10-11 11:06:18,698: umgr.0000.staging.output.0.child: umgr.0000.staging.output.0      : MainThread     : DEBUG   : final unit.000007 [DONE]
2018-10-11 11:06:33,116: umgr.0000.staging.output.0.child: umgr.0000.staging.output.0      : MainThread     : DEBUG   : got unit (unit.000019)
2018-10-11 11:06:33,116: umgr.0000.staging.output.0.child: umgr.0000.staging.output.0      : MainThread     : DEBUG   : advance bulk size: 1 [False, True]
2018-10-11 11:06:33,116: umgr.0000.staging.output.0.child: umgr.0000.staging.output.0      : MainThread     : DEBUG   : advance bulk size: 1 [True, True]
2018-10-11 11:06:33,117: umgr.0000.staging.output.0.child: umgr.0000.staging.output.0      : MainThread     : DEBUG   : final unit.000019 [DONE]
2018-10-11 11:07:39,831: umgr.0000.staging.output.0.child: umgr.0000.staging.output.0      : MainThread     : DEBUG   : got unit (unit.000000)
2018-10-11 11:07:39,831: umgr.0000.staging.output.0.child: umgr.0000.staging.output.0      : MainThread     : DEBUG   : advance bulk size: 1 [False, True]
2018-10-11 11:07:39,831: umgr.0000.staging.output.0.child: umgr.0000.staging.output.0      : MainThread     : DEBUG   : advance bulk size: 1 [True, True]
2018-10-11 11:07:39,832: umgr.0000.staging.output.0.child: umgr.0000.staging.output.0      : MainThread     : DEBUG   : final unit.000000 [DONE]
2018-10-11 11:07:40,672: umgr.0000.staging.output.0.child: umgr.0000.staging.output.0      : umgr.0000.staging.output.0.child.watch: INFO    : recv message: STOP
2018-10-11 11:07:40,672: umgr.0000.staging.output.0.child: umgr.0000.staging.output.0      : umgr.0000.staging.output.0.child.watch: INFO    : message received: STOP
2018-10-11 11:07:40,672: umgr.0000.staging.output.0.child: umgr.0000.staging.output.0      : umgr.0000.staging.output.0.child.watch: INFO    : STOP received: STOP
2018-10-11 11:07:40,672: umgr.0000.staging.output.0.child: umgr.0000.staging.output.0      : umgr.0000.staging.output.0.child.watch: INFO    : watcher closes
2018-10-11 11:07:40,672: umgr.0000.staging.output.0.child: umgr.0000.staging.output.0      : umgr.0000.staging.output.0.child.watch: INFO    : put message: [umgr.0000.staging.output.0.child.watch.thread] work finished
2018-10-11 11:07:40,672: umgr.0000.staging.output.0.child: umgr.0000.staging.output.0      : umgr.0000.staging.output.0.child.watch: DEBUG   : ru_finalize_child (NOOP)
2018-10-11 11:07:40,672: umgr.0000.staging.output.0.child: umgr.0000.staging.output.0      : umgr.0000.staging.output.0.child.watch: DEBUG   : ru_finalize_common (NOOP)
2018-10-11 11:07:40,672: umgr.0000.staging.output.0.child: umgr.0000.staging.output.0      : umgr.0000.staging.output.0.child.watch: INFO    : put message: [umgr.0000.staging.output.0.child.watch.thread] terminating
2018-10-11 11:07:40,837: umgr.0000.staging.output.0.child: umgr.0000.staging.output.0      : MainThread     : DEBUG   : ru_finalize_common()
2018-10-11 11:07:40,837: umgr.0000.staging.output.0.child: umgr.0000.staging.output.0      : MainThread     : WARNING : alive check: proc invalid - stop [False - True]
2018-10-11 11:07:40,883: umgr.0000.staging.output.0.child: umgr.0000.staging.output.0      : MainThread     : INFO    : stop umgr.0000.staging.output.0.child (48511 : 48511 : MainThread) [radical.utils.process.Default.is_valid]
2018-10-11 11:07:40,883: umgr.0000.staging.output.0.child: umgr.0000.staging.output.0      : MainThread     : INFO    : parent stops child  48511 -> 48511 [umgr.0000.staging.output.0.child]
2018-10-11 11:07:40,883: umgr.0000.staging.output.0.child: umgr.0000.staging.output.0      : MainThread     : INFO    : send message: [umgr.0000.staging.output.0.child] STOP
2018-10-11 11:07:40,883: umgr.0000.staging.output.0.child: umgr.0000.staging.output.0      : MainThread     : WARNING : send failed ([Errno 9] Bad file descriptor) - terminate
2018-10-11 11:07:40,884: umgr.0000.staging.output.0.child: umgr.0000.staging.output.0      : MainThread     : DEBUG   : ru_finalize_common()
2018-10-11 11:07:40,884: umgr.0000.staging.output.0.child: umgr.0000.staging.output.0      : MainThread     : DEBUG   : TERM : umgr.0000.staging.output.0.child unregister publisher log_pubsub
2018-10-11 11:07:40,884: umgr.0000.staging.output.0.child: umgr.0000.staging.output.0      : MainThread     : DEBUG   : unregistered publisher log_pubsub
2018-10-11 11:07:40,884: umgr.0000.staging.output.0.child: umgr.0000.staging.output.0      : MainThread     : DEBUG   : TERM : umgr.0000.staging.output.0.child unregister publisher state_pubsub
2018-10-11 11:07:40,885: umgr.0000.staging.output.0.child: umgr.0000.staging.output.0      : MainThread     : DEBUG   : unregistered publisher state_pubsub
2018-10-11 11:07:40,885: umgr.0000.staging.output.0.child: umgr.0000.staging.output.0      : MainThread     : DEBUG   : TERM : umgr.0000.staging.output.0.child unregister publisher control_pubsub
2018-10-11 11:07:40,885: umgr.0000.staging.output.0.child: umgr.0000.staging.output.0      : MainThread     : DEBUG   : unregistered publisher control_pubsub
2018-10-11 11:07:40,886: umgr.0000.staging.output.0.child: umgr.0000.staging.output.0      : MainThread     : DEBUG   : umgr.0000.staging.output.0.child close prof
2018-10-11 11:07:40,886: umgr.0000.staging.output.0.child: umgr.0000.staging.output.0      : MainThread     : INFO    : parent stops child
2018-10-11 11:07:40,886: umgr.0000.staging.output.0.child: umgr.0000.staging.output.0      : MainThread     : DEBUG   : ru_finalize_parent (NOOP)
2018-10-11 11:07:40,886: umgr.0000.staging.output.0.child: umgr.0000.staging.output.0      : MainThread     : DEBUG   : ru_finalize_common (NOOP)
2018-10-11 11:07:40,886: umgr.0000.staging.output.0.child: umgr.0000.staging.output.0      : MainThread     : INFO    : parent stops child
2018-10-11 11:07:40,886: umgr.0000.staging.output.0.child: umgr.0000.staging.output.0      : MainThread     : DEBUG   : ru_finalize_parent (NOOP)
2018-10-11 11:07:40,886: umgr.0000.staging.output.0.child: umgr.0000.staging.output.0      : umgr.0000.staging.output.0.child.subscriber._cancel_monitor_cb: DEBUG   : ru_finalize_child (NOOP)
2018-10-11 11:07:40,887: umgr.0000.staging.output.0.child: umgr.0000.staging.output.0      : umgr.0000.staging.output.0.child.subscriber._cancel_monitor_cb: INFO    : put message: [umgr.0000.staging.output.0.child.subscriber._cancel_monitor_cb.thread] terminating
2018-10-11 11:07:40,888: umgr.0000.staging.output.0.child: umgr.0000.staging.output.0      : MainThread     : WARNING : super umgr.0000.staging.output.0.child is invalid
2018-10-11 11:07:40,888: umgr.0000.staging.output.0.child: umgr.0000.staging.output.0      : MainThread     : WARNING : component umgr.0000.staging.output.0.child is invalid
2018-10-11 11:07:40,888: umgr.0000.staging.output.0.child: umgr.0000.staging.output.0      : MainThread     : INFO    : stop umgr.0000.staging.output.0.child (48511 : 48511 : MainThread) [radical.pilot.utils.component.Default.is_valid]
2018-10-11 11:07:40,889: umgr.0000.staging.output.0.child: umgr.0000.staging.output.0      : MainThread     : WARNING : publisher log_pubsub is not registered
2018-10-11 11:07:40,889: umgr.0000.staging.output.0.child: umgr.0000.staging.output.0      : MainThread     : WARNING : publisher state_pubsub is not registered
2018-10-11 11:07:40,889: umgr.0000.staging.output.0.child: umgr.0000.staging.output.0      : MainThread     : WARNING : publisher control_pubsub is not registered
2018-10-11 11:07:40,889: umgr.0000.staging.output.0.child: umgr.0000.staging.output.0      : MainThread     : DEBUG   : umgr.0000.staging.output.0.child close prof
2018-10-11 11:07:40,889: umgr.0000.staging.output.0.child: umgr.0000.staging.output.0      : MainThread     : INFO    : send message: [umgr.0000.staging.output.0.child] terminating
2018-10-11 11:07:40,889: umgr.0000.staging.output.0.child: umgr.0000.staging.output.0      : MainThread     : WARNING : send failed ([Errno 9] Bad file descriptor) - terminate
2018-10-11 11:07:40,889: umgr.0000.staging.output.0.child: umgr.0000.staging.output.0      : MainThread     : INFO    : parent stops child
