2018-10-11 10:52:25,445: update.0.child      : update.0                        : MainThread     : INFO    : python.interpreter   version: 2.7.15 |Anaconda, Inc.| (default, May 1 2018, 23:32:55) [GCC 7.2.0]
2018-10-11 10:52:25,445: update.0.child      : update.0                        : MainThread     : INFO    :                      pid/tid: 48119/MainThread
2018-10-11 10:52:25,446: update.0.child      : update.0                        : MainThread     : INFO    : initialize update.0.child
2018-10-11 10:52:25,447: update.0.child      : update.0                        : MainThread     : INFO    : cfg: {'agents': {},
 u'bridges': {u'control_pubsub': {'addr_in': 'tcp://204.90.41.2:43187',
                                  'addr_out': 'tcp://204.90.41.2:46330',
                                  u'bulk_size': 0,
                                  u'log_level': u'error',
                                  u'stall_hwm': 1},
              u'log_pubsub': {'addr_in': 'tcp://204.90.41.2:36731',
                              'addr_out': 'tcp://204.90.41.2:40102',
                              u'bulk_size': 0,
                              u'log_level': u'error',
                              u'stall_hwm': 1},
              u'state_pubsub': {'addr_in': 'tcp://204.90.41.2:34514',
                                'addr_out': 'tcp://204.90.41.2:36106',
                                u'bulk_size': 0,
                                u'log_level': u'error',
                                u'stall_hwm': 1}},
 'cname': u'UpdateWorker',
 u'components': {},
 u'count': 1,
 'dburl': 'mongodb://aymenfja:123456789@ds127490.mlab.com:27490/radicallab',
 u'default_dburl': u'mongodb://rp:rp@ds015335.mlab.com:15335/rp',
 'logdir': '/home/ksiddhan/rp.session.smic002.ksiddhan.017815.0017',
 'number': 0,
 'owner': 'rp.session.smic002.ksiddhan.017815.0017',
 'session_id': 'rp.session.smic002.ksiddhan.017815.0017'}
2018-10-11 10:52:25,447: update.0.child      : update.0                        : MainThread     : DEBUG   : start components: {}
2018-10-11 10:52:25,447: update.0.child      : update.0                        : MainThread     : DEBUG   : alive check in term
2018-10-11 10:52:25,447: update.0.child      : update.0                        : MainThread     : DEBUG   : START: update.0.child register publisher log_pubsub
2018-10-11 10:52:25,447: update.0.child      : update.0                        : MainThread     : DEBUG   : using addr tcp://204.90.41.2:36731 for pubsub log_pubsub
2018-10-11 10:52:25,449: update.0.child      : update.0                        : MainThread     : DEBUG   : registered publisher : log_pubsub : log.pubsub.pub.0000
2018-10-11 10:52:25,449: update.0.child      : update.0                        : MainThread     : DEBUG   : alive check in term
2018-10-11 10:52:25,449: update.0.child      : update.0                        : MainThread     : DEBUG   : START: update.0.child register publisher state_pubsub
2018-10-11 10:52:25,449: update.0.child      : update.0                        : MainThread     : DEBUG   : using addr tcp://204.90.41.2:34514 for pubsub state_pubsub
2018-10-11 10:52:25,451: update.0.child      : update.0                        : MainThread     : DEBUG   : registered publisher : state_pubsub : state.pubsub.pub.0000
2018-10-11 10:52:25,451: update.0.child      : update.0                        : MainThread     : DEBUG   : alive check in term
2018-10-11 10:52:25,451: update.0.child      : update.0                        : MainThread     : DEBUG   : START: update.0.child register publisher control_pubsub
2018-10-11 10:52:25,451: update.0.child      : update.0                        : MainThread     : DEBUG   : using addr tcp://204.90.41.2:43187 for pubsub control_pubsub
2018-10-11 10:52:25,453: update.0.child      : update.0                        : MainThread     : DEBUG   : registered publisher : control_pubsub : control.pubsub.pub.0000
2018-10-11 10:52:25,453: update.0.child      : update.0                        : MainThread     : DEBUG   : alive check in term
2018-10-11 10:52:25,453: update.0.child      : update.0                        : MainThread     : DEBUG   : START: update.0.child register subscriber update.0.child.subscriber._cancel_monitor_cb
2018-10-11 10:52:25,453: update.0.child      : update.0                        : MainThread     : DEBUG   : using addr tcp://204.90.41.2:46330 for pubsub control_pubsub
2018-10-11 10:52:25,455: update.0.child      : update.0                        : MainThread     : DEBUG   : parent name: update.0.child.subscriber._cancel_monitor_cb
2018-10-11 10:52:25,455: update.0.child      : update.0                        : MainThread     : DEBUG   : start thread
2018-10-11 10:52:25,455: update.0.child      : update.0                        : update.0.child.subscriber._cancel_monitor_cb: DEBUG   : child name: update.0.child.subscriber._cancel_monitor_cb.thread
2018-10-11 10:52:25,455: update.0.child      : update.0                        : update.0.child.subscriber._cancel_monitor_cb: INFO    : child (me) initializing
2018-10-11 10:52:25,455: update.0.child      : update.0                        : update.0.child.subscriber._cancel_monitor_cb: DEBUG   : ru_initialize_common (NOOP)
2018-10-11 10:52:25,455: update.0.child      : update.0                        : update.0.child.subscriber._cancel_monitor_cb: DEBUG   : ru_initialize_child (NOOP)
2018-10-11 10:52:25,456: update.0.child      : update.0                        : update.0.child.subscriber._cancel_monitor_cb: INFO    : send alive
2018-10-11 10:52:25,456: update.0.child      : update.0                        : update.0.child.subscriber._cancel_monitor_cb: INFO    : put message: [update.0.child.subscriber._cancel_monitor_cb.thread] alive
2018-10-11 10:52:25,456: update.0.child      : update.0                        : MainThread     : INFO    : get msg: alive
2018-10-11 10:52:25,456: update.0.child      : update.0                        : MainThread     : DEBUG   : ru_initialize_common (NOOP)
2018-10-11 10:52:25,457: update.0.child      : update.0                        : MainThread     : DEBUG   : ru_initialize_parent (NOOP)
2018-10-11 10:52:25,457: update.0.child      : update.0                        : MainThread     : DEBUG   : child thread update.0.child.subscriber._cancel_monitor_cb started
2018-10-11 10:52:25,457: update.0.child      : update.0                        : MainThread     : DEBUG   : update.0.child registered control_pubsub subscriber update.0.child.subscriber._cancel_monitor_cb
2018-10-11 10:52:25,747: update.0.child      : update.0                        : MainThread     : DEBUG   : alive check in term
2018-10-11 10:52:25,747: update.0.child      : update.0                        : MainThread     : DEBUG   : START: update.0.child register subscriber update.0.child.subscriber._state_cb
2018-10-11 10:52:25,747: update.0.child      : update.0                        : MainThread     : DEBUG   : using addr tcp://204.90.41.2:36106 for pubsub state_pubsub
2018-10-11 10:52:25,748: update.0.child      : update.0                        : MainThread     : DEBUG   : parent name: update.0.child.subscriber._state_cb
2018-10-11 10:52:25,749: update.0.child      : update.0                        : MainThread     : DEBUG   : start thread
2018-10-11 10:52:25,749: update.0.child      : update.0                        : update.0.child.subscriber._state_cb: DEBUG   : child name: update.0.child.subscriber._state_cb.thread
2018-10-11 10:52:25,749: update.0.child      : update.0                        : update.0.child.subscriber._state_cb: INFO    : child (me) initializing
2018-10-11 10:52:25,750: update.0.child      : update.0                        : update.0.child.subscriber._state_cb: DEBUG   : ru_initialize_common (NOOP)
2018-10-11 10:52:25,750: update.0.child      : update.0                        : update.0.child.subscriber._state_cb: DEBUG   : ru_initialize_child (NOOP)
2018-10-11 10:52:25,750: update.0.child      : update.0                        : update.0.child.subscriber._state_cb: INFO    : send alive
2018-10-11 10:52:25,750: update.0.child      : update.0                        : update.0.child.subscriber._state_cb: INFO    : put message: [update.0.child.subscriber._state_cb.thread] alive
2018-10-11 10:52:25,751: update.0.child      : update.0                        : MainThread     : INFO    : get msg: alive
2018-10-11 10:52:25,751: update.0.child      : update.0                        : MainThread     : DEBUG   : ru_initialize_common (NOOP)
2018-10-11 10:52:25,751: update.0.child      : update.0                        : MainThread     : DEBUG   : ru_initialize_parent (NOOP)
2018-10-11 10:52:25,751: update.0.child      : update.0                        : MainThread     : DEBUG   : child thread update.0.child.subscriber._state_cb started
2018-10-11 10:52:25,751: update.0.child      : update.0                        : MainThread     : DEBUG   : update.0.child registered state_pubsub subscriber update.0.child.subscriber._state_cb
2018-10-11 10:52:25,751: update.0.child      : update.0                        : MainThread     : DEBUG   : alive check in term
2018-10-11 10:52:25,751: update.0.child      : update.0                        : MainThread     : DEBUG   : START: update.0.child register idler update.0.child.idler._idle_cb
2018-10-11 10:52:25,751: update.0.child      : update.0                        : MainThread     : DEBUG   : parent name: update.0.child.idler._idle_cb
2018-10-11 10:52:25,751: update.0.child      : update.0                        : MainThread     : DEBUG   : start thread
2018-10-11 10:52:25,751: update.0.child      : update.0                        : update.0.child.idler._idle_cb: DEBUG   : child name: update.0.child.idler._idle_cb.thread
2018-10-11 10:52:25,752: update.0.child      : update.0                        : update.0.child.idler._idle_cb: INFO    : child (me) initializing
2018-10-11 10:52:25,752: update.0.child      : update.0                        : update.0.child.idler._idle_cb: DEBUG   : ru_initialize_common (NOOP)
2018-10-11 10:52:25,752: update.0.child      : update.0                        : update.0.child.idler._idle_cb: DEBUG   : ru_initialize_child (NOOP)
2018-10-11 10:52:25,752: update.0.child      : update.0                        : update.0.child.idler._idle_cb: INFO    : send alive
2018-10-11 10:52:25,752: update.0.child      : update.0                        : update.0.child.idler._idle_cb: INFO    : put message: [update.0.child.idler._idle_cb.thread] alive
2018-10-11 10:52:25,753: update.0.child      : update.0                        : MainThread     : INFO    : get msg: alive
2018-10-11 10:52:25,753: update.0.child      : update.0                        : MainThread     : DEBUG   : ru_initialize_common (NOOP)
2018-10-11 10:52:25,753: update.0.child      : update.0                        : MainThread     : DEBUG   : ru_initialize_parent (NOOP)
2018-10-11 10:52:25,753: update.0.child      : update.0                        : MainThread     : DEBUG   : child thread update.0.child.idler._idle_cb started
2018-10-11 10:52:25,753: update.0.child      : update.0                        : MainThread     : DEBUG   : update.0.child registered idler update.0.child.idler._idle_cb
2018-10-11 10:52:25,753: update.0.child      : update.0                        : MainThread     : INFO    : child (me) initializing
2018-10-11 10:52:25,753: update.0.child      : update.0                        : MainThread     : DEBUG   : parent name: update.0.child.watch
2018-10-11 10:52:25,753: update.0.child      : update.0                        : MainThread     : DEBUG   : start thread
2018-10-11 10:52:25,753: update.0.child      : update.0                        : update.0.child.watch: DEBUG   : child name: update.0.child.watch.thread
2018-10-11 10:52:25,754: update.0.child      : update.0                        : update.0.child.watch: INFO    : child (me) initializing
2018-10-11 10:52:25,754: update.0.child      : update.0                        : update.0.child.watch: DEBUG   : ru_initialize_common (NOOP)
2018-10-11 10:52:25,754: update.0.child      : update.0                        : update.0.child.watch: DEBUG   : ru_initialize_child (NOOP)
2018-10-11 10:52:25,754: update.0.child      : update.0                        : update.0.child.watch: INFO    : send alive
2018-10-11 10:52:25,754: update.0.child      : update.0                        : update.0.child.watch: INFO    : put message: [update.0.child.watch.thread] alive
2018-10-11 10:52:25,755: update.0.child      : update.0                        : MainThread     : INFO    : get msg: alive
2018-10-11 10:52:25,755: update.0.child      : update.0                        : MainThread     : DEBUG   : ru_initialize_common (NOOP)
2018-10-11 10:52:25,755: update.0.child      : update.0                        : MainThread     : DEBUG   : ru_initialize_parent (NOOP)
2018-10-11 10:52:25,755: update.0.child      : update.0                        : MainThread     : DEBUG   : child thread update.0.child.watch started
2018-10-11 10:52:25,755: update.0.child      : update.0                        : MainThread     : INFO    : child (me) is alive
2018-10-11 10:52:25,755: update.0.child      : update.0                        : MainThread     : INFO    : send alive
2018-10-11 10:52:25,755: update.0.child      : update.0                        : MainThread     : INFO    : send message: [update.0.child] alive
2018-10-11 10:52:27,199: update.0.child      : update.0                        : update.0.child.subscriber._state_cb: DEBUG   : bulk update result: {'nModified': 1, 'nUpserted': 0, 'nMatched': 1, 'writeErrors': [], 'upserted': [], 'writeConcernErrors': [], 'nRemoved': 0, 'nInserted': 0}
2018-10-11 10:52:28,336: update.0.child      : update.0                        : update.0.child.subscriber._cancel_monitor_cb: DEBUG   : command ignored: add_pilots
2018-10-11 10:52:28,476: update.0.child      : update.0                        : update.0.child.subscriber._state_cb: DEBUG   : bulk update result: {'nModified': 21, 'nUpserted': 0, 'nMatched': 21, 'writeErrors': [], 'upserted': [], 'writeConcernErrors': [], 'nRemoved': 0, 'nInserted': 0}
2018-10-11 10:52:29,885: update.0.child      : update.0                        : update.0.child.idler._idle_cb: DEBUG   : bulk update result: {'nModified': 80, 'nUpserted': 0, 'nMatched': 80, 'writeErrors': [], 'upserted': [], 'writeConcernErrors': [], 'nRemoved': 0, 'nInserted': 0}
2018-10-11 10:52:33,223: update.0.child      : update.0                        : update.0.child.subscriber._state_cb: DEBUG   : bulk update result: {'nModified': 1, 'nUpserted': 0, 'nMatched': 1, 'writeErrors': [], 'upserted': [], 'writeConcernErrors': [], 'nRemoved': 0, 'nInserted': 0}
2018-10-11 10:52:56,438: update.0.child      : update.0                        : update.0.child.subscriber._state_cb: DEBUG   : bulk update result: {'nModified': 1, 'nUpserted': 0, 'nMatched': 1, 'writeErrors': [], 'upserted': [], 'writeConcernErrors': [], 'nRemoved': 0, 'nInserted': 0}
2018-10-11 10:57:59,801: update.0.child      : update.0                        : update.0.child.subscriber._state_cb: DEBUG   : bulk update result: {'nModified': 1, 'nUpserted': 0, 'nMatched': 1, 'writeErrors': [], 'upserted': [], 'writeConcernErrors': [], 'nRemoved': 0, 'nInserted': 0}
2018-10-11 10:58:01,293: update.0.child      : update.0                        : update.0.child.idler._idle_cb: DEBUG   : bulk update result: {'nModified': 2, 'nUpserted': 0, 'nMatched': 2, 'writeErrors': [], 'upserted': [], 'writeConcernErrors': [], 'nRemoved': 0, 'nInserted': 0}
2018-10-11 10:59:20,459: update.0.child      : update.0                        : update.0.child.subscriber._state_cb: DEBUG   : bulk update result: {'nModified': 1, 'nUpserted': 0, 'nMatched': 1, 'writeErrors': [], 'upserted': [], 'writeConcernErrors': [], 'nRemoved': 0, 'nInserted': 0}
2018-10-11 10:59:22,418: update.0.child      : update.0                        : update.0.child.idler._idle_cb: DEBUG   : bulk update result: {'nModified': 2, 'nUpserted': 0, 'nMatched': 2, 'writeErrors': [], 'upserted': [], 'writeConcernErrors': [], 'nRemoved': 0, 'nInserted': 0}
2018-10-11 11:00:07,787: update.0.child      : update.0                        : update.0.child.subscriber._state_cb: DEBUG   : bulk update result: {'nModified': 1, 'nUpserted': 0, 'nMatched': 1, 'writeErrors': [], 'upserted': [], 'writeConcernErrors': [], 'nRemoved': 0, 'nInserted': 0}
2018-10-11 11:00:09,511: update.0.child      : update.0                        : update.0.child.idler._idle_cb: DEBUG   : bulk update result: {'nModified': 2, 'nUpserted': 0, 'nMatched': 2, 'writeErrors': [], 'upserted': [], 'writeConcernErrors': [], 'nRemoved': 0, 'nInserted': 0}
2018-10-11 11:00:19,623: update.0.child      : update.0                        : update.0.child.subscriber._state_cb: DEBUG   : bulk update result: {'nModified': 1, 'nUpserted': 0, 'nMatched': 1, 'writeErrors': [], 'upserted': [], 'writeConcernErrors': [], 'nRemoved': 0, 'nInserted': 0}
2018-10-11 11:00:21,561: update.0.child      : update.0                        : update.0.child.idler._idle_cb: DEBUG   : bulk update result: {'nModified': 2, 'nUpserted': 0, 'nMatched': 2, 'writeErrors': [], 'upserted': [], 'writeConcernErrors': [], 'nRemoved': 0, 'nInserted': 0}
2018-10-11 11:00:25,201: update.0.child      : update.0                        : update.0.child.subscriber._state_cb: DEBUG   : bulk update result: {'nModified': 1, 'nUpserted': 0, 'nMatched': 1, 'writeErrors': [], 'upserted': [], 'writeConcernErrors': [], 'nRemoved': 0, 'nInserted': 0}
2018-10-11 11:00:26,316: update.0.child      : update.0                        : update.0.child.subscriber._state_cb: DEBUG   : bulk update result: {'nModified': 3, 'nUpserted': 0, 'nMatched': 3, 'writeErrors': [], 'upserted': [], 'writeConcernErrors': [], 'nRemoved': 0, 'nInserted': 0}
2018-10-11 11:00:27,602: update.0.child      : update.0                        : update.0.child.idler._idle_cb: DEBUG   : bulk update result: {'nModified': 2, 'nUpserted': 0, 'nMatched': 2, 'writeErrors': [], 'upserted': [], 'writeConcernErrors': [], 'nRemoved': 0, 'nInserted': 0}
2018-10-11 11:00:41,142: update.0.child      : update.0                        : update.0.child.subscriber._state_cb: DEBUG   : bulk update result: {'nModified': 1, 'nUpserted': 0, 'nMatched': 1, 'writeErrors': [], 'upserted': [], 'writeConcernErrors': [], 'nRemoved': 0, 'nInserted': 0}
2018-10-11 11:00:42,655: update.0.child      : update.0                        : update.0.child.idler._idle_cb: DEBUG   : bulk update result: {'nModified': 2, 'nUpserted': 0, 'nMatched': 2, 'writeErrors': [], 'upserted': [], 'writeConcernErrors': [], 'nRemoved': 0, 'nInserted': 0}
2018-10-11 11:01:09,118: update.0.child      : update.0                        : update.0.child.subscriber._state_cb: DEBUG   : bulk update result: {'nModified': 1, 'nUpserted': 0, 'nMatched': 1, 'writeErrors': [], 'upserted': [], 'writeConcernErrors': [], 'nRemoved': 0, 'nInserted': 0}
2018-10-11 11:01:10,724: update.0.child      : update.0                        : update.0.child.idler._idle_cb: DEBUG   : bulk update result: {'nModified': 2, 'nUpserted': 0, 'nMatched': 2, 'writeErrors': [], 'upserted': [], 'writeConcernErrors': [], 'nRemoved': 0, 'nInserted': 0}
2018-10-11 11:01:11,760: update.0.child      : update.0                        : update.0.child.idler._idle_cb: DEBUG   : bulk update result: {'nModified': 3, 'nUpserted': 0, 'nMatched': 3, 'writeErrors': [], 'upserted': [], 'writeConcernErrors': [], 'nRemoved': 0, 'nInserted': 0}
2018-10-11 11:01:19,877: update.0.child      : update.0                        : update.0.child.subscriber._state_cb: DEBUG   : bulk update result: {'nModified': 1, 'nUpserted': 0, 'nMatched': 1, 'writeErrors': [], 'upserted': [], 'writeConcernErrors': [], 'nRemoved': 0, 'nInserted': 0}
2018-10-11 11:01:21,807: update.0.child      : update.0                        : update.0.child.idler._idle_cb: DEBUG   : bulk update result: {'nModified': 2, 'nUpserted': 0, 'nMatched': 2, 'writeErrors': [], 'upserted': [], 'writeConcernErrors': [], 'nRemoved': 0, 'nInserted': 0}
2018-10-11 11:01:25,256: update.0.child      : update.0                        : update.0.child.subscriber._state_cb: DEBUG   : bulk update result: {'nModified': 1, 'nUpserted': 0, 'nMatched': 1, 'writeErrors': [], 'upserted': [], 'writeConcernErrors': [], 'nRemoved': 0, 'nInserted': 0}
2018-10-11 11:01:26,860: update.0.child      : update.0                        : update.0.child.idler._idle_cb: DEBUG   : bulk update result: {'nModified': 2, 'nUpserted': 0, 'nMatched': 2, 'writeErrors': [], 'upserted': [], 'writeConcernErrors': [], 'nRemoved': 0, 'nInserted': 0}
2018-10-11 11:01:59,679: update.0.child      : update.0                        : update.0.child.subscriber._state_cb: DEBUG   : bulk update result: {'nModified': 1, 'nUpserted': 0, 'nMatched': 1, 'writeErrors': [], 'upserted': [], 'writeConcernErrors': [], 'nRemoved': 0, 'nInserted': 0}
2018-10-11 11:02:00,939: update.0.child      : update.0                        : update.0.child.idler._idle_cb: DEBUG   : bulk update result: {'nModified': 2, 'nUpserted': 0, 'nMatched': 2, 'writeErrors': [], 'upserted': [], 'writeConcernErrors': [], 'nRemoved': 0, 'nInserted': 0}
2018-10-11 11:03:44,029: update.0.child      : update.0                        : update.0.child.subscriber._state_cb: DEBUG   : bulk update result: {'nModified': 1, 'nUpserted': 0, 'nMatched': 1, 'writeErrors': [], 'upserted': [], 'writeConcernErrors': [], 'nRemoved': 0, 'nInserted': 0}
2018-10-11 11:03:45,129: update.0.child      : update.0                        : update.0.child.idler._idle_cb: DEBUG   : bulk update result: {'nModified': 2, 'nUpserted': 0, 'nMatched': 2, 'writeErrors': [], 'upserted': [], 'writeConcernErrors': [], 'nRemoved': 0, 'nInserted': 0}
2018-10-11 11:03:52,631: update.0.child      : update.0                        : update.0.child.subscriber._state_cb: DEBUG   : bulk update result: {'nModified': 1, 'nUpserted': 0, 'nMatched': 1, 'writeErrors': [], 'upserted': [], 'writeConcernErrors': [], 'nRemoved': 0, 'nInserted': 0}
2018-10-11 11:03:54,175: update.0.child      : update.0                        : update.0.child.idler._idle_cb: DEBUG   : bulk update result: {'nModified': 2, 'nUpserted': 0, 'nMatched': 2, 'writeErrors': [], 'upserted': [], 'writeConcernErrors': [], 'nRemoved': 0, 'nInserted': 0}
2018-10-11 11:05:06,894: update.0.child      : update.0                        : update.0.child.subscriber._state_cb: DEBUG   : bulk update result: {'nModified': 1, 'nUpserted': 0, 'nMatched': 1, 'writeErrors': [], 'upserted': [], 'writeConcernErrors': [], 'nRemoved': 0, 'nInserted': 0}
2018-10-11 11:05:08,306: update.0.child      : update.0                        : update.0.child.idler._idle_cb: DEBUG   : bulk update result: {'nModified': 2, 'nUpserted': 0, 'nMatched': 2, 'writeErrors': [], 'upserted': [], 'writeConcernErrors': [], 'nRemoved': 0, 'nInserted': 0}
2018-10-11 11:05:29,487: update.0.child      : update.0                        : update.0.child.subscriber._state_cb: DEBUG   : bulk update result: {'nModified': 1, 'nUpserted': 0, 'nMatched': 1, 'writeErrors': [], 'upserted': [], 'writeConcernErrors': [], 'nRemoved': 0, 'nInserted': 0}
2018-10-11 11:05:31,371: update.0.child      : update.0                        : update.0.child.idler._idle_cb: DEBUG   : bulk update result: {'nModified': 2, 'nUpserted': 0, 'nMatched': 2, 'writeErrors': [], 'upserted': [], 'writeConcernErrors': [], 'nRemoved': 0, 'nInserted': 0}
2018-10-11 11:05:53,193: update.0.child      : update.0                        : update.0.child.subscriber._state_cb: DEBUG   : bulk update result: {'nModified': 1, 'nUpserted': 0, 'nMatched': 1, 'writeErrors': [], 'upserted': [], 'writeConcernErrors': [], 'nRemoved': 0, 'nInserted': 0}
2018-10-11 11:05:54,434: update.0.child      : update.0                        : update.0.child.idler._idle_cb: DEBUG   : bulk update result: {'nModified': 2, 'nUpserted': 0, 'nMatched': 2, 'writeErrors': [], 'upserted': [], 'writeConcernErrors': [], 'nRemoved': 0, 'nInserted': 0}
2018-10-11 11:06:18,731: update.0.child      : update.0                        : update.0.child.subscriber._state_cb: DEBUG   : bulk update result: {'nModified': 1, 'nUpserted': 0, 'nMatched': 1, 'writeErrors': [], 'upserted': [], 'writeConcernErrors': [], 'nRemoved': 0, 'nInserted': 0}
2018-10-11 11:06:20,506: update.0.child      : update.0                        : update.0.child.idler._idle_cb: DEBUG   : bulk update result: {'nModified': 2, 'nUpserted': 0, 'nMatched': 2, 'writeErrors': [], 'upserted': [], 'writeConcernErrors': [], 'nRemoved': 0, 'nInserted': 0}
2018-10-11 11:06:33,149: update.0.child      : update.0                        : update.0.child.subscriber._state_cb: DEBUG   : bulk update result: {'nModified': 1, 'nUpserted': 0, 'nMatched': 1, 'writeErrors': [], 'upserted': [], 'writeConcernErrors': [], 'nRemoved': 0, 'nInserted': 0}
2018-10-11 11:06:34,560: update.0.child      : update.0                        : update.0.child.idler._idle_cb: DEBUG   : bulk update result: {'nModified': 2, 'nUpserted': 0, 'nMatched': 2, 'writeErrors': [], 'upserted': [], 'writeConcernErrors': [], 'nRemoved': 0, 'nInserted': 0}
2018-10-11 11:07:39,865: update.0.child      : update.0                        : update.0.child.subscriber._state_cb: DEBUG   : bulk update result: {'nModified': 1, 'nUpserted': 0, 'nMatched': 1, 'writeErrors': [], 'upserted': [], 'writeConcernErrors': [], 'nRemoved': 0, 'nInserted': 0}
2018-10-11 11:07:41,685: update.0.child      : update.0                        : update.0.child.idler._idle_cb: DEBUG   : bulk update result: {'nModified': 2, 'nUpserted': 0, 'nMatched': 2, 'writeErrors': [], 'upserted': [], 'writeConcernErrors': [], 'nRemoved': 0, 'nInserted': 0}
2018-10-11 11:07:43,665: update.0.child      : update.0                        : update.0.child.subscriber._cancel_monitor_cb: DEBUG   : command ignored: cancel_pilots
2018-10-11 11:07:43,701: update.0.child      : update.0                        : update.0.child.subscriber._state_cb: DEBUG   : bulk update result: {'nModified': 1, 'nUpserted': 0, 'nMatched': 1, 'writeErrors': [], 'upserted': [], 'writeConcernErrors': [], 'nRemoved': 0, 'nInserted': 0}
2018-10-11 11:07:46,513: update.0.child      : update.0                        : update.0.child.watch: INFO    : recv message: STOP
2018-10-11 11:07:46,513: update.0.child      : update.0                        : update.0.child.watch: INFO    : message received: STOP
2018-10-11 11:07:46,513: update.0.child      : update.0                        : update.0.child.watch: INFO    : STOP received: STOP
2018-10-11 11:07:46,513: update.0.child      : update.0                        : update.0.child.watch: INFO    : watcher closes
2018-10-11 11:07:46,514: update.0.child      : update.0                        : update.0.child.watch: INFO    : put message: [update.0.child.watch.thread] work finished
2018-10-11 11:07:46,514: update.0.child      : update.0                        : update.0.child.watch: DEBUG   : ru_finalize_child (NOOP)
2018-10-11 11:07:46,514: update.0.child      : update.0                        : update.0.child.watch: DEBUG   : ru_finalize_common (NOOP)
2018-10-11 11:07:46,514: update.0.child      : update.0                        : update.0.child.watch: INFO    : put message: [update.0.child.watch.thread] terminating
2018-10-11 11:07:46,523: update.0.child      : update.0                        : MainThread     : WARNING : alive check: proc invalid - stop [False - True]
2018-10-11 11:07:46,569: update.0.child      : update.0                        : MainThread     : INFO    : stop update.0.child (48119 : 48119 : MainThread) [radical.pilot.worker.update.Update.stop]
2018-10-11 11:07:46,569: update.0.child      : update.0                        : MainThread     : INFO    : parent stops child  48119 -> 48119 [update.0.child]
2018-10-11 11:07:46,570: update.0.child      : update.0                        : MainThread     : INFO    : send message: [update.0.child] STOP
2018-10-11 11:07:46,570: update.0.child      : update.0                        : MainThread     : WARNING : send failed ([Errno 9] Bad file descriptor) - terminate
2018-10-11 11:07:46,570: update.0.child      : update.0                        : MainThread     : DEBUG   : TERM : update.0.child unregister idler update.0.child.idler._idle_cb
2018-10-11 11:07:46,570: update.0.child      : update.0                        : MainThread     : INFO    : parent stops child
2018-10-11 11:07:46,570: update.0.child      : update.0                        : MainThread     : DEBUG   : ru_finalize_parent (NOOP)
2018-10-11 11:07:46,570: update.0.child      : update.0                        : MainThread     : DEBUG   : ru_finalize_common (NOOP)
2018-10-11 11:07:46,605: update.0.child      : update.0                        : update.0.child.idler._idle_cb: DEBUG   : ru_finalize_child (NOOP)
2018-10-11 11:07:46,605: update.0.child      : update.0                        : update.0.child.idler._idle_cb: DEBUG   : ru_finalize_common (NOOP)
2018-10-11 11:07:46,605: update.0.child      : update.0                        : update.0.child.idler._idle_cb: INFO    : put message: [update.0.child.idler._idle_cb.thread] terminating
2018-10-11 11:07:46,634: update.0.child      : update.0                        : MainThread     : DEBUG   : TERM : update.0.child unregistered idler update.0.child.idler._idle_cb
2018-10-11 11:07:46,634: update.0.child      : update.0                        : MainThread     : DEBUG   : TERM : update.0.child unregister subscriber update.0.child.subscriber._state_cb
2018-10-11 11:07:46,634: update.0.child      : update.0                        : MainThread     : DEBUG   : unregistered subscriber update.0.child.subscriber._state_cb
2018-10-11 11:07:46,634: update.0.child      : update.0                        : MainThread     : DEBUG   : ru_finalize_common()
2018-10-11 11:07:46,634: update.0.child      : update.0                        : MainThread     : DEBUG   : TERM : update.0.child unregister publisher log_pubsub
2018-10-11 11:07:46,634: update.0.child      : update.0                        : MainThread     : DEBUG   : unregistered publisher log_pubsub
2018-10-11 11:07:46,634: update.0.child      : update.0                        : MainThread     : DEBUG   : TERM : update.0.child unregister publisher state_pubsub
2018-10-11 11:07:46,635: update.0.child      : update.0                        : MainThread     : DEBUG   : unregistered publisher state_pubsub
2018-10-11 11:07:46,635: update.0.child      : update.0                        : MainThread     : DEBUG   : TERM : update.0.child unregister publisher control_pubsub
2018-10-11 11:07:46,636: update.0.child      : update.0                        : MainThread     : DEBUG   : unregistered publisher control_pubsub
2018-10-11 11:07:46,636: update.0.child      : update.0                        : MainThread     : DEBUG   : update.0.child close prof
2018-10-11 11:07:46,636: update.0.child      : update.0                        : MainThread     : INFO    : parent stops child
2018-10-11 11:07:46,636: update.0.child      : update.0                        : MainThread     : DEBUG   : ru_finalize_parent (NOOP)
2018-10-11 11:07:46,636: update.0.child      : update.0                        : MainThread     : DEBUG   : ru_finalize_common (NOOP)
2018-10-11 11:07:46,636: update.0.child      : update.0                        : MainThread     : INFO    : parent stops child
2018-10-11 11:07:46,636: update.0.child      : update.0                        : MainThread     : DEBUG   : ru_finalize_parent (NOOP)
2018-10-11 11:07:46,637: update.0.child      : update.0                        : update.0.child.subscriber._cancel_monitor_cb: DEBUG   : ru_finalize_child (NOOP)
2018-10-11 11:07:46,637: update.0.child      : update.0                        : update.0.child.subscriber._cancel_monitor_cb: INFO    : put message: [update.0.child.subscriber._cancel_monitor_cb.thread] terminating
2018-10-11 11:07:46,638: update.0.child      : update.0                        : MainThread     : INFO    : parent stops child
2018-10-11 11:07:46,638: update.0.child      : update.0                        : MainThread     : DEBUG   : ru_finalize_parent (NOOP)
2018-10-11 11:07:46,638: update.0.child      : update.0                        : update.0.child.subscriber._state_cb: DEBUG   : ru_finalize_child (NOOP)
2018-10-11 11:07:46,639: update.0.child      : update.0                        : update.0.child.subscriber._state_cb: INFO    : put message: [update.0.child.subscriber._state_cb.thread] terminating
2018-10-11 11:07:46,640: update.0.child      : update.0                        : MainThread     : INFO    : parent stops child
2018-10-11 11:07:46,640: update.0.child      : update.0                        : MainThread     : WARNING : super update.0.child is invalid
2018-10-11 11:07:46,640: update.0.child      : update.0                        : MainThread     : WARNING : component update.0.child is invalid
2018-10-11 11:07:46,641: update.0.child      : update.0                        : MainThread     : INFO    : stop update.0.child (48119 : 48119 : MainThread) [radical.pilot.worker.update.Update.stop]
2018-10-11 11:07:46,641: update.0.child      : update.0                        : MainThread     : DEBUG   : TERM : update.0.child unregister idler update.0.child.idler._idle_cb
2018-10-11 11:07:46,641: update.0.child      : update.0                        : MainThread     : WARNING : timed cb update.0.child.idler._idle_cb is not registered
2018-10-11 11:07:46,641: update.0.child      : update.0                        : MainThread     : DEBUG   : TERM : update.0.child unregister subscriber update.0.child.subscriber._state_cb
2018-10-11 11:07:46,641: update.0.child      : update.0                        : MainThread     : WARNING : subscriber _state_cb is not registered
2018-10-11 11:07:46,641: update.0.child      : update.0                        : MainThread     : DEBUG   : ru_finalize_common()
2018-10-11 11:07:46,641: update.0.child      : update.0                        : MainThread     : WARNING : publisher log_pubsub is not registered
2018-10-11 11:07:46,641: update.0.child      : update.0                        : MainThread     : WARNING : publisher state_pubsub is not registered
2018-10-11 11:07:46,641: update.0.child      : update.0                        : MainThread     : WARNING : publisher control_pubsub is not registered
2018-10-11 11:07:46,641: update.0.child      : update.0                        : MainThread     : DEBUG   : update.0.child close prof
2018-10-11 11:07:46,641: update.0.child      : update.0                        : MainThread     : INFO    : send message: [update.0.child] terminating
2018-10-11 11:07:46,641: update.0.child      : update.0                        : MainThread     : WARNING : send failed ([Errno 9] Bad file descriptor) - terminate
2018-10-11 11:07:46,641: update.0.child      : update.0                        : MainThread     : INFO    : parent stops child
2018-10-11 11:07:46,642: update.0.child      : update.0                        : MainThread     : INFO    : parent stops child
2018-10-11 11:07:46,642: update.0.child      : update.0                        : MainThread     : INFO    : parent stops child
