2018-10-11 12:38:58,335: pmgr.0000.launching.0.child: pmgr.0000.launching.0           : MainThread     : INFO    : python.interpreter   version: 2.7.15 |Anaconda, Inc.| (default, May 1 2018, 23:32:55) [GCC 7.2.0]
2018-10-11 12:38:58,335: pmgr.0000.launching.0.child: pmgr.0000.launching.0           : MainThread     : INFO    :                      pid/tid: 86045/MainThread
2018-10-11 12:38:58,335: pmgr.0000.launching.0.child: pmgr.0000.launching.0           : MainThread     : INFO    : initialize pmgr.0000.launching.0.child
2018-10-11 12:38:58,337: pmgr.0000.launching.0.child: pmgr.0000.launching.0           : MainThread     : INFO    : cfg: {'agents': {},
 u'bridges': {u'control_pubsub': {'addr_in': 'tcp://204.90.41.4:46591',
                                  'addr_out': 'tcp://204.90.41.4:37239',
                                  u'bulk_size': 0,
                                  u'log_level': u'error',
                                  u'stall_hwm': 1},
              u'log_pubsub': {'addr_in': 'tcp://204.90.41.4:42191',
                              'addr_out': 'tcp://204.90.41.4:44594',
                              u'bulk_size': 0,
                              u'log_level': u'error',
                              u'stall_hwm': 1},
              u'pmgr_launching_queue': {'addr_in': 'tcp://204.90.41.4:38080',
                                        'addr_out': 'tcp://204.90.41.4:44294',
                                        u'bulk_size': 0,
                                        u'log_level': u'error',
                                        u'stall_hwm': 1},
              u'state_pubsub': {'addr_in': 'tcp://204.90.41.4:39938',
                                'addr_out': 'tcp://204.90.41.4:34003',
                                u'bulk_size': 0,
                                u'log_level': u'error',
                                u'stall_hwm': 1}},
 'cname': u'PMGRLaunchingComponent',
 u'components': {},
 u'count': 1,
 u'db_poll_sleeptime': 10.0,
 'number': 0,
 'owner': 'pmgr.0000',
 'uid': 'pmgr.0000'}
2018-10-11 12:38:58,337: pmgr.0000.launching.0.child: pmgr.0000.launching.0           : MainThread     : DEBUG   : start components: {}
2018-10-11 12:38:58,337: pmgr.0000.launching.0.child: pmgr.0000.launching.0           : MainThread     : DEBUG   : alive check in term
2018-10-11 12:38:58,337: pmgr.0000.launching.0.child: pmgr.0000.launching.0           : MainThread     : DEBUG   : START: pmgr.0000.launching.0.child register publisher log_pubsub
2018-10-11 12:38:58,337: pmgr.0000.launching.0.child: pmgr.0000.launching.0           : MainThread     : DEBUG   : using addr tcp://204.90.41.4:42191 for pubsub log_pubsub
2018-10-11 12:38:58,344: pmgr.0000.launching.0.child: pmgr.0000.launching.0           : MainThread     : DEBUG   : registered publisher : log_pubsub : log.pubsub.pub.0001
2018-10-11 12:38:58,344: pmgr.0000.launching.0.child: pmgr.0000.launching.0           : MainThread     : DEBUG   : alive check in term
2018-10-11 12:38:58,344: pmgr.0000.launching.0.child: pmgr.0000.launching.0           : MainThread     : DEBUG   : START: pmgr.0000.launching.0.child register publisher state_pubsub
2018-10-11 12:38:58,344: pmgr.0000.launching.0.child: pmgr.0000.launching.0           : MainThread     : DEBUG   : using addr tcp://204.90.41.4:39938 for pubsub state_pubsub
2018-10-11 12:38:58,350: pmgr.0000.launching.0.child: pmgr.0000.launching.0           : MainThread     : DEBUG   : registered publisher : state_pubsub : state.pubsub.pub.0001
2018-10-11 12:38:58,350: pmgr.0000.launching.0.child: pmgr.0000.launching.0           : MainThread     : DEBUG   : alive check in term
2018-10-11 12:38:58,350: pmgr.0000.launching.0.child: pmgr.0000.launching.0           : MainThread     : DEBUG   : START: pmgr.0000.launching.0.child register publisher control_pubsub
2018-10-11 12:38:58,350: pmgr.0000.launching.0.child: pmgr.0000.launching.0           : MainThread     : DEBUG   : using addr tcp://204.90.41.4:46591 for pubsub control_pubsub
2018-10-11 12:38:58,356: pmgr.0000.launching.0.child: pmgr.0000.launching.0           : MainThread     : DEBUG   : registered publisher : control_pubsub : control.pubsub.pub.0001
2018-10-11 12:38:58,361: pmgr.0000.launching.0.child: pmgr.0000.launching.0           : MainThread     : DEBUG   : alive check in term
2018-10-11 12:38:58,361: pmgr.0000.launching.0.child: pmgr.0000.launching.0           : MainThread     : DEBUG   : START: pmgr.0000.launching.0.child register subscriber pmgr.0000.launching.0.child.subscriber._cancel_monitor_cb
2018-10-11 12:38:58,361: pmgr.0000.launching.0.child: pmgr.0000.launching.0           : MainThread     : DEBUG   : using addr tcp://204.90.41.4:37239 for pubsub control_pubsub
2018-10-11 12:38:58,367: pmgr.0000.launching.0.child: pmgr.0000.launching.0           : MainThread     : DEBUG   : parent name: pmgr.0000.launching.0.child.subscriber._cancel_monitor_cb
2018-10-11 12:38:58,367: pmgr.0000.launching.0.child: pmgr.0000.launching.0           : MainThread     : DEBUG   : start thread
2018-10-11 12:38:58,377: pmgr.0000.launching.0.child: pmgr.0000.launching.0           : pmgr.0000.launching.0.child.subscriber._cancel_monitor_cb: DEBUG   : child name: pmgr.0000.launching.0.child.subscriber._cancel_monitor_cb.thread
2018-10-11 12:38:58,377: pmgr.0000.launching.0.child: pmgr.0000.launching.0           : pmgr.0000.launching.0.child.subscriber._cancel_monitor_cb: INFO    : child (me) initializing
2018-10-11 12:38:58,377: pmgr.0000.launching.0.child: pmgr.0000.launching.0           : pmgr.0000.launching.0.child.subscriber._cancel_monitor_cb: DEBUG   : ru_initialize_common (NOOP)
2018-10-11 12:38:58,377: pmgr.0000.launching.0.child: pmgr.0000.launching.0           : pmgr.0000.launching.0.child.subscriber._cancel_monitor_cb: DEBUG   : ru_initialize_child (NOOP)
2018-10-11 12:38:58,377: pmgr.0000.launching.0.child: pmgr.0000.launching.0           : pmgr.0000.launching.0.child.subscriber._cancel_monitor_cb: INFO    : send alive
2018-10-11 12:38:58,377: pmgr.0000.launching.0.child: pmgr.0000.launching.0           : pmgr.0000.launching.0.child.subscriber._cancel_monitor_cb: INFO    : put message: [pmgr.0000.launching.0.child.subscriber._cancel_monitor_cb.thread] alive
2018-10-11 12:38:58,378: pmgr.0000.launching.0.child: pmgr.0000.launching.0           : MainThread     : INFO    : get msg: alive
2018-10-11 12:38:58,378: pmgr.0000.launching.0.child: pmgr.0000.launching.0           : MainThread     : DEBUG   : ru_initialize_common (NOOP)
2018-10-11 12:38:58,378: pmgr.0000.launching.0.child: pmgr.0000.launching.0           : MainThread     : DEBUG   : ru_initialize_parent (NOOP)
2018-10-11 12:38:58,378: pmgr.0000.launching.0.child: pmgr.0000.launching.0           : MainThread     : DEBUG   : child thread pmgr.0000.launching.0.child.subscriber._cancel_monitor_cb started
2018-10-11 12:38:58,378: pmgr.0000.launching.0.child: pmgr.0000.launching.0           : MainThread     : DEBUG   : pmgr.0000.launching.0.child registered control_pubsub subscriber pmgr.0000.launching.0.child.subscriber._cancel_monitor_cb
2018-10-11 12:38:58,379: pmgr.0000.launching.0.child: pmgr.0000.launching.0           : MainThread     : DEBUG   : alive check in term
2018-10-11 12:38:58,379: pmgr.0000.launching.0.child: pmgr.0000.launching.0           : MainThread     : DEBUG   : using addr tcp://204.90.41.4:44294 for input pmgr_launching_queue
2018-10-11 12:38:58,382: pmgr.0000.launching.0.child: pmgr.0000.launching.0           : MainThread     : DEBUG   : registered input pmgr.0000.launching.0.child.work.PMGR_LAUNCHING_PENDING
2018-10-11 12:38:58,382: pmgr.0000.launching.0.child: pmgr.0000.launching.0           : MainThread     : DEBUG   : START: pmgr.0000.launching.0.child register input PMGR_LAUNCHING_PENDING: pmgr.0000.launching.0.child.work.PMGR_LAUNCHING_PENDING
2018-10-11 12:38:58,382: pmgr.0000.launching.0.child: pmgr.0000.launching.0           : MainThread     : DEBUG   : registered worker work [PMGR_LAUNCHING_PENDING]
2018-10-11 12:38:58,383: pmgr.0000.launching.0.child: pmgr.0000.launching.0           : MainThread     : DEBUG   : alive check in term
2018-10-11 12:38:58,383: pmgr.0000.launching.0.child: pmgr.0000.launching.0           : MainThread     : DEBUG   : START: pmgr.0000.launching.0.child register idler pmgr.0000.launching.0.child.idler._pilot_watcher_cb
2018-10-11 12:38:58,383: pmgr.0000.launching.0.child: pmgr.0000.launching.0           : MainThread     : DEBUG   : parent name: pmgr.0000.launching.0.child.idler._pilot_watcher_cb
2018-10-11 12:38:58,383: pmgr.0000.launching.0.child: pmgr.0000.launching.0           : MainThread     : DEBUG   : start thread
2018-10-11 12:38:58,392: pmgr.0000.launching.0.child: pmgr.0000.launching.0           : pmgr.0000.launching.0.child.idler._pilot_watcher_cb: DEBUG   : child name: pmgr.0000.launching.0.child.idler._pilot_watcher_cb.thread
2018-10-11 12:38:58,397: pmgr.0000.launching.0.child: pmgr.0000.launching.0           : pmgr.0000.launching.0.child.idler._pilot_watcher_cb: INFO    : child (me) initializing
2018-10-11 12:38:58,397: pmgr.0000.launching.0.child: pmgr.0000.launching.0           : pmgr.0000.launching.0.child.idler._pilot_watcher_cb: DEBUG   : ru_initialize_common (NOOP)
2018-10-11 12:38:58,397: pmgr.0000.launching.0.child: pmgr.0000.launching.0           : pmgr.0000.launching.0.child.idler._pilot_watcher_cb: DEBUG   : ru_initialize_child (NOOP)
2018-10-11 12:38:58,397: pmgr.0000.launching.0.child: pmgr.0000.launching.0           : pmgr.0000.launching.0.child.idler._pilot_watcher_cb: INFO    : send alive
2018-10-11 12:38:58,397: pmgr.0000.launching.0.child: pmgr.0000.launching.0           : pmgr.0000.launching.0.child.idler._pilot_watcher_cb: INFO    : put message: [pmgr.0000.launching.0.child.idler._pilot_watcher_cb.thread] alive
2018-10-11 12:38:58,399: pmgr.0000.launching.0.child: pmgr.0000.launching.0           : MainThread     : INFO    : get msg: alive
2018-10-11 12:38:58,399: pmgr.0000.launching.0.child: pmgr.0000.launching.0           : MainThread     : DEBUG   : ru_initialize_common (NOOP)
2018-10-11 12:38:58,400: pmgr.0000.launching.0.child: pmgr.0000.launching.0           : MainThread     : DEBUG   : ru_initialize_parent (NOOP)
2018-10-11 12:38:58,400: pmgr.0000.launching.0.child: pmgr.0000.launching.0           : MainThread     : DEBUG   : child thread pmgr.0000.launching.0.child.idler._pilot_watcher_cb started
2018-10-11 12:38:58,404: pmgr.0000.launching.0.child: pmgr.0000.launching.0           : MainThread     : DEBUG   : pmgr.0000.launching.0.child registered idler pmgr.0000.launching.0.child.idler._pilot_watcher_cb
2018-10-11 12:38:58,404: pmgr.0000.launching.0.child: pmgr.0000.launching.0           : MainThread     : DEBUG   : alive check in term
2018-10-11 12:38:58,404: pmgr.0000.launching.0.child: pmgr.0000.launching.0           : MainThread     : DEBUG   : START: pmgr.0000.launching.0.child register subscriber pmgr.0000.launching.0.child.subscriber._pmgr_control_cb
2018-10-11 12:38:58,404: pmgr.0000.launching.0.child: pmgr.0000.launching.0           : MainThread     : DEBUG   : using addr tcp://204.90.41.4:37239 for pubsub control_pubsub
2018-10-11 12:38:58,421: pmgr.0000.launching.0.child: pmgr.0000.launching.0           : MainThread     : DEBUG   : parent name: pmgr.0000.launching.0.child.subscriber._pmgr_control_cb
2018-10-11 12:38:58,421: pmgr.0000.launching.0.child: pmgr.0000.launching.0           : MainThread     : DEBUG   : start thread
2018-10-11 12:38:58,428: pmgr.0000.launching.0.child: pmgr.0000.launching.0           : pmgr.0000.launching.0.child.idler._pilot_watcher_cb: DEBUG   : bulk states: []
2018-10-11 12:38:58,428: pmgr.0000.launching.0.child: pmgr.0000.launching.0           : pmgr.0000.launching.0.child.subscriber._pmgr_control_cb: DEBUG   : child name: pmgr.0000.launching.0.child.subscriber._pmgr_control_cb.thread
2018-10-11 12:38:58,433: pmgr.0000.launching.0.child: pmgr.0000.launching.0           : pmgr.0000.launching.0.child.subscriber._pmgr_control_cb: INFO    : child (me) initializing
2018-10-11 12:38:58,433: pmgr.0000.launching.0.child: pmgr.0000.launching.0           : pmgr.0000.launching.0.child.subscriber._pmgr_control_cb: DEBUG   : ru_initialize_common (NOOP)
2018-10-11 12:38:58,433: pmgr.0000.launching.0.child: pmgr.0000.launching.0           : pmgr.0000.launching.0.child.subscriber._pmgr_control_cb: DEBUG   : ru_initialize_child (NOOP)
2018-10-11 12:38:58,433: pmgr.0000.launching.0.child: pmgr.0000.launching.0           : pmgr.0000.launching.0.child.subscriber._pmgr_control_cb: INFO    : send alive
2018-10-11 12:38:58,433: pmgr.0000.launching.0.child: pmgr.0000.launching.0           : pmgr.0000.launching.0.child.subscriber._pmgr_control_cb: INFO    : put message: [pmgr.0000.launching.0.child.subscriber._pmgr_control_cb.thread] alive
2018-10-11 12:38:58,436: pmgr.0000.launching.0.child: pmgr.0000.launching.0           : MainThread     : INFO    : get msg: alive
2018-10-11 12:38:58,436: pmgr.0000.launching.0.child: pmgr.0000.launching.0           : MainThread     : DEBUG   : ru_initialize_common (NOOP)
2018-10-11 12:38:58,436: pmgr.0000.launching.0.child: pmgr.0000.launching.0           : MainThread     : DEBUG   : ru_initialize_parent (NOOP)
2018-10-11 12:38:58,436: pmgr.0000.launching.0.child: pmgr.0000.launching.0           : MainThread     : DEBUG   : child thread pmgr.0000.launching.0.child.subscriber._pmgr_control_cb started
2018-10-11 12:38:58,436: pmgr.0000.launching.0.child: pmgr.0000.launching.0           : MainThread     : DEBUG   : pmgr.0000.launching.0.child registered control_pubsub subscriber pmgr.0000.launching.0.child.subscriber._pmgr_control_cb
2018-10-11 12:38:58,441: pmgr.0000.launching.0.child: pmgr.0000.launching.0           : MainThread     : INFO    : ('0.50.8', '0.50.8', None, None, 'radical.pilot-0.50.8.tar.gz', '/home/sdimitro/miniconda2/envs/RADICALPilot/lib/python2.7/site-packages/radical/pilot/pmgr/launching/../..//radical.pilot-0.50.8.tar.gz')
2018-10-11 12:38:58,441: pmgr.0000.launching.0.child: pmgr.0000.launching.0           : MainThread     : INFO    : child (me) initializing
2018-10-11 12:38:58,442: pmgr.0000.launching.0.child: pmgr.0000.launching.0           : MainThread     : DEBUG   : parent name: pmgr.0000.launching.0.child.watch
2018-10-11 12:38:58,442: pmgr.0000.launching.0.child: pmgr.0000.launching.0           : MainThread     : DEBUG   : start thread
2018-10-11 12:38:58,452: pmgr.0000.launching.0.child: pmgr.0000.launching.0           : pmgr.0000.launching.0.child.watch: DEBUG   : child name: pmgr.0000.launching.0.child.watch.thread
2018-10-11 12:38:58,452: pmgr.0000.launching.0.child: pmgr.0000.launching.0           : pmgr.0000.launching.0.child.watch: INFO    : child (me) initializing
2018-10-11 12:38:58,452: pmgr.0000.launching.0.child: pmgr.0000.launching.0           : pmgr.0000.launching.0.child.watch: DEBUG   : ru_initialize_common (NOOP)
2018-10-11 12:38:58,452: pmgr.0000.launching.0.child: pmgr.0000.launching.0           : pmgr.0000.launching.0.child.watch: DEBUG   : ru_initialize_child (NOOP)
2018-10-11 12:38:58,452: pmgr.0000.launching.0.child: pmgr.0000.launching.0           : pmgr.0000.launching.0.child.watch: INFO    : send alive
2018-10-11 12:38:58,452: pmgr.0000.launching.0.child: pmgr.0000.launching.0           : pmgr.0000.launching.0.child.watch: INFO    : put message: [pmgr.0000.launching.0.child.watch.thread] alive
2018-10-11 12:38:58,453: pmgr.0000.launching.0.child: pmgr.0000.launching.0           : MainThread     : INFO    : get msg: alive
2018-10-11 12:38:58,453: pmgr.0000.launching.0.child: pmgr.0000.launching.0           : MainThread     : DEBUG   : ru_initialize_common (NOOP)
2018-10-11 12:38:58,453: pmgr.0000.launching.0.child: pmgr.0000.launching.0           : MainThread     : DEBUG   : ru_initialize_parent (NOOP)
2018-10-11 12:38:58,453: pmgr.0000.launching.0.child: pmgr.0000.launching.0           : MainThread     : DEBUG   : child thread pmgr.0000.launching.0.child.watch started
2018-10-11 12:38:58,453: pmgr.0000.launching.0.child: pmgr.0000.launching.0           : MainThread     : INFO    : child (me) is alive
2018-10-11 12:38:58,453: pmgr.0000.launching.0.child: pmgr.0000.launching.0           : MainThread     : INFO    : send alive
2018-10-11 12:38:58,453: pmgr.0000.launching.0.child: pmgr.0000.launching.0           : MainThread     : INFO    : send message: [pmgr.0000.launching.0.child] alive
2018-10-11 12:39:01,170: pmgr.0000.launching.0.child: pmgr.0000.launching.0           : MainThread     : DEBUG   : got pilot (pilot.0000)
2018-10-11 12:39:01,170: pmgr.0000.launching.0.child: pmgr.0000.launching.0           : MainThread     : DEBUG   : advance bulk size: 1 [False, True]
2018-10-11 12:39:01,170: pmgr.0000.launching.0.child: pmgr.0000.launching.0           : MainThread     : INFO    : Launching pilots on local.localhost_anaconda: ['pilot.0000']
2018-10-11 12:39:03,739: pmgr.0000.launching.0.child: pmgr.0000.launching.0           : MainThread     : DEBUG   : 8
2018-10-11 12:39:03,740: pmgr.0000.launching.0.child: pmgr.0000.launching.0           : MainThread     : DEBUG   : {'agent_launch_method': 'FORK',
 'agent_scheduler': 'CONTINUOUS',
 'agent_spawner': 'POPEN',
 'cores_per_node': 8,
 'default_remote_workdir': '$HOME',
 'description': 'Your local machine.',
 'filesystem_endpoint': 'file://localhost/',
 'gpus_per_node': 1,
 'job_manager_endpoint': 'fork://localhost/',
 'label': 'local.localhost_anaconda',
 'local': {'filesystem_endpoint': 'file://localhost/',
           'job_manager_endpoint': 'fork://localhost/'},
 'lrms': 'FORK',
 'mpi_launch_method': 'MPIEXEC',
 'notes': 'To use the ssh schema, make sure that ssh access to localhost is enabled.',
 'python_dist': 'anaconda',
 'rp_version': 'local',
 'schemas': ['local', 'ssh'],
 'ssh': {'filesystem_endpoint': 'sftp://localhost/',
         'job_manager_endpoint': 'ssh://localhost/'},
 'task_launch_method': 'FORK',
 'virtenv_mode': 'create'}
2018-10-11 12:39:03,740: pmgr.0000.launching.0.child: pmgr.0000.launching.0           : MainThread     : INFO    : Read agent config file: /home/sdimitro/miniconda2/envs/RADICALPilot/lib/python2.7/site-packages/radical/pilot/pmgr/launching/../..//configs/agent_default.json
2018-10-11 12:39:03,751: pmgr.0000.launching.0.child: pmgr.0000.launching.0           : MainThread     : DEBUG   : Write agent cfg to '/tmp/rp.agent_cfg.4zCXfs'.
2018-10-11 12:39:03,754: pmgr.0000.launching.0.child: pmgr.0000.launching.0           : MainThread     : DEBUG   : {'agent_launch_method': 'FORK',
 u'bridges': {u'agent_executing_queue': {u'bulk_size': 0,
                                         u'log_level': u'error',
                                         u'stall_hwm': 1},
              u'agent_schedule_pubsub': {u'bulk_size': 0,
                                         u'log_level': u'error',
                                         u'stall_hwm': 1},
              u'agent_scheduling_queue': {u'bulk_size': 0,
                                          u'log_level': u'error',
                                          u'stall_hwm': 1},
              u'agent_staging_input_queue': {u'bulk_size': 0,
                                             u'log_level': u'error',
                                             u'stall_hwm': 1},
              u'agent_staging_output_queue': {u'bulk_size': 0,
                                              u'log_level': u'error',
                                              u'stall_hwm': 1},
              u'agent_unschedule_pubsub': {u'bulk_size': 0,
                                           u'log_level': u'error',
                                           u'stall_hwm': 1},
              u'control_pubsub': {u'bulk_size': 0,
                                  u'log_level': u'error',
                                  u'stall_hwm': 1},
              u'log_pubsub': {u'bulk_size': 0,
                              u'log_level': u'error',
                              u'stall_hwm': 1},
              u'state_pubsub': {u'bulk_size': 0,
                                u'log_level': u'error',
                                u'stall_hwm': 1}},
 u'bulk_collection_size': 100,
 u'bulk_collection_time': 1.0,
 u'components': {u'AgentExecutingComponent': {u'count': 1},
                 u'AgentSchedulingComponent': {u'count': 1},
                 u'AgentStagingInputComponent': {u'count': 1},
                 u'AgentStagingOutputComponent': {u'count': 1},
                 u'UpdateWorker': {u'count': 1}},
 'cores': 80,
 'cores_per_node': 8,
 'cu_post_exec': None,
 'cu_pre_exec': None,
 'cu_tmp': None,
 u'db_poll_sleeptime': 1.0,
 'dburl': 'mongodb://aymenfja:123456789@ds127490.mlab.com:27490/radicallab',
 'debug': 10,
 'export_to_cu': None,
 'gpus': 0,
 'gpus_per_node': 1,
 'logdir': '.',
 'lrms': 'FORK',
 u'max_io_loglength': 1024,
 u'mode': u'shared',
 'mpi_launch_method': 'MPIEXEC',
 'owner': 'agent_0',
 'pilot_id': 'pilot.0000',
 'pilot_sandbox': '/home/sdimitro/radical.pilot.sandbox/rp.session.smic004.sdimitro.017815.0070/pilot.0000/',
 'resource_cfg': {'agent_launch_method': 'FORK',
                  'agent_scheduler': 'CONTINUOUS',
                  'agent_spawner': 'POPEN',
                  'cores_per_node': 8,
                  'default_remote_workdir': '$HOME',
                  'description': 'Your local machine.',
                  'filesystem_endpoint': 'file://localhost/',
                  'gpus_per_node': 1,
                  'job_manager_endpoint': 'fork://localhost/',
                  'label': 'local.localhost_anaconda',
                  'local': {'filesystem_endpoint': 'file://localhost/',
                            'job_manager_endpoint': 'fork://localhost/'},
                  'lrms': 'FORK',
                  'mpi_launch_method': 'MPIEXEC',
                  'notes': 'To use the ssh schema, make sure that ssh access to localhost is enabled.',
                  'python_dist': 'anaconda',
                  'rp_version': 'local',
                  'schemas': ['local', 'ssh'],
                  'ssh': {'filesystem_endpoint': 'sftp://localhost/',
                          'job_manager_endpoint': 'ssh://localhost/'},
                  'task_launch_method': 'FORK',
                  'virtenv_mode': 'create'},
 'resource_sandbox': '/home/sdimitro/radical.pilot.sandbox',
 'runtime': 15,
 'scheduler': 'CONTINUOUS',
 'session_id': 'rp.session.smic004.sdimitro.017815.0070',
 'session_sandbox': '/home/sdimitro/radical.pilot.sandbox/rp.session.smic004.sdimitro.017815.0070',
 'spawner': 'POPEN',
 u'staging_area': u'staging_area',
 u'staging_schema': u'staging',
 u'target': u'local',
 'task_launch_method': 'FORK'}
2018-10-11 12:39:03,755: pmgr.0000.launching.0.child: pmgr.0000.launching.0           : MainThread     : DEBUG   : use bootstrapper /home/sdimitro/miniconda2/envs/RADICALPilot/lib/python2.7/site-packages/radical/pilot/agent/bootstrap_0.sh
2018-10-11 12:39:03,757: pmgr.0000.launching.0.child: pmgr.0000.launching.0           : MainThread     : DEBUG   : Bootstrap command line: /bin/bash ['-l /home/sdimitro/radical.pilot.sandbox/rp.session.smic004.sdimitro.017815.0070/bootstrap_0.sh', " -d 'radical.utils-0.50.2.tar.gz:saga-python-0.50.0.tar.gz:radical.pilot-0.50.8.tar.gz' -p 'pilot.0000' -s 'rp.session.smic004.sdimitro.017815.0070' -m 'create' -r 'local' -b 'anaconda' -g 'default' -v '/home/sdimitro/radical.pilot.sandbox/ve.local.localhost_anaconda.0.50.8' -y '15'"]
2018-10-11 12:39:03,757: pmgr.0000.launching.0.child: pmgr.0000.launching.0           : MainThread     : DEBUG   : cmd: cd /tmp/rp_agent_tar_dirvL1bED && tar zchf /tmp/rp_agent_tar_dirvL1bED/rp.session.smic004.sdimitro.017815.0070.pmgr.0000.launching.0.child.tgz *
2018-10-11 12:39:03,887: pmgr.0000.launching.0.child: pmgr.0000.launching.0           : MainThread     : DEBUG   : out: 
2018-10-11 12:39:03,888: pmgr.0000.launching.0.child: pmgr.0000.launching.0           : MainThread     : DEBUG   : rs.file.Directory ('file://localhost/')
2018-10-11 12:39:58,523: pmgr.0000.launching.0.child: pmgr.0000.launching.0           : MainThread     : DEBUG   : tar cmd : tar zmxvf /home/sdimitro/radical.pilot.sandbox/rp.session.smic004.sdimitro.017815.0070/rp.session.smic004.sdimitro.017815.0070.pmgr.0000.launching.0.child.tgz -C /home/sdimitro/radical.pilot.sandbox/rp.session.smic004.sdimitro.017815.0070
2018-10-11 12:39:58,812: pmgr.0000.launching.0.child: pmgr.0000.launching.0           : MainThread     : DEBUG   : tar done: Done, bootstrap_0.sh
pilot.0000/
pilot.0000/agent_0.cfg
pilot.0000/pilot.0000.log.tgz
pilot.0000/pilot.0000.prof.tgz
radical.pilot-0.50.8.tar.gz
radical.utils-0.50.2.tar.gz
saga-python-0.50.0.tar.gz
, 
2018-10-11 12:40:51,208: pmgr.0000.launching.0.child: pmgr.0000.launching.0           : MainThread     : DEBUG   : jd: {'Arguments': ['-l /home/sdimitro/radical.pilot.sandbox/rp.session.smic004.sdimitro.017815.0070/bootstrap_0.sh',
               " -d 'radical.utils-0.50.2.tar.gz:saga-python-0.50.0.tar.gz:radical.pilot-0.50.8.tar.gz' -p 'pilot.0000' -s 'rp.session.smic004.sdimitro.017815.0070' -m 'create' -r 'local' -b 'anaconda' -g 'default' -v '/home/sdimitro/radical.pilot.sandbox/ve.local.localhost_anaconda.0.50.8' -y '15'"],
 'CandidateHosts': None,
 'Environment': {'RADICAL_PILOT_PROFILE': 'TRUE'},
 'Error': 'bootstrap_0.err',
 'Executable': '/bin/bash',
 'FileTransfer': [],
 'Name': 'pilot.0000',
 'Output': 'bootstrap_0.out',
 'ProcessesPerHost': 8,
 'Project': None,
 'Queue': None,
 'SPMDVariation': None,
 'TotalCPUCount': 80,
 'TotalGPUCount': 0,
 'TotalPhysicalMemory': None,
 'WallTimeLimit': 15,
 'WorkingDirectory': '/home/sdimitro/radical.pilot.sandbox/rp.session.smic004.sdimitro.017815.0070/pilot.0000/'}
2018-10-11 12:40:51,936: pmgr.0000.launching.0.child: pmgr.0000.launching.0           : MainThread     : DEBUG   : pilot job: pilot.0000 : [fork://localhost/]-[94800.0] : pilot.0000 : Running
2018-10-11 12:40:51,941: pmgr.0000.launching.0.child: pmgr.0000.launching.0           : MainThread     : DEBUG   : advance bulk size: 1 [False, True]
2018-10-11 12:40:51,941: pmgr.0000.launching.0.child: pmgr.0000.launching.0           : pmgr.0000.launching.0.child.subscriber._cancel_monitor_cb: DEBUG   : command ignored: add_pilots
2018-10-11 12:40:51,941: pmgr.0000.launching.0.child: pmgr.0000.launching.0           : pmgr.0000.launching.0.child.subscriber._pmgr_control_cb: DEBUG   : launcher got {'cmd': 'add_pilots', 'arg': {'pilots': [{'resource_sandbox': 'file://localhost/home/sdimitro/radical.pilot.sandbox', 'resource_details': None, 'resource': 'local.localhost_anaconda', 'uid': 'pilot.0000', 'pmgr': 'pmgr.0000', 'stdout': None, 'js_url': 'fork://localhost/', 'state': 'PMGR_LAUNCHING', 'session': 'rp.session.smic004.sdimitro.017815.0070', 'log': None, 'stderr': None, 'js_hop': 'fork://localhost/', 'client_sandbox': '/home/sdimitro', 'type': 'pilot', 'pilot_sandbox': 'file://localhost/home/sdimitro/radical.pilot.sandbox/rp.session.smic004.sdimitro.017815.0070/pilot.0000/', 'description': {'queue': None, 'resource': 'local.localhost_anaconda', 'exit_on_error': True, 'candidate_hosts': None, 'project': None, 'sandbox': None, 'cleanup': None, 'access_schema': None, 'gpus': 0, 'memory': None, 'cores': 80, 'runtime': 15}}], 'umgr': 'umgr.0000'}}
2018-10-11 12:40:52,109: pmgr.0000.launching.0.child: pmgr.0000.launching.0           : pmgr.0000.launching.0.child.idler._pilot_watcher_cb: DEBUG   : bulk states: [['Running']]
2018-10-11 12:40:52,326: pmgr.0000.launching.0.child: pmgr.0000.launching.0           : pmgr.0000.launching.0.child.idler._pilot_watcher_cb: DEBUG   : saga job state: pilot.0000 Running
2018-10-11 12:41:02,553: pmgr.0000.launching.0.child: pmgr.0000.launching.0           : pmgr.0000.launching.0.child.idler._pilot_watcher_cb: DEBUG   : bulk states: [['Running']]
2018-10-11 12:41:02,775: pmgr.0000.launching.0.child: pmgr.0000.launching.0           : pmgr.0000.launching.0.child.idler._pilot_watcher_cb: DEBUG   : saga job state: pilot.0000 Running
2018-10-11 12:41:13,000: pmgr.0000.launching.0.child: pmgr.0000.launching.0           : pmgr.0000.launching.0.child.idler._pilot_watcher_cb: DEBUG   : bulk states: [['Running']]
2018-10-11 12:41:13,214: pmgr.0000.launching.0.child: pmgr.0000.launching.0           : pmgr.0000.launching.0.child.idler._pilot_watcher_cb: DEBUG   : saga job state: pilot.0000 Running
2018-10-11 12:41:23,447: pmgr.0000.launching.0.child: pmgr.0000.launching.0           : pmgr.0000.launching.0.child.idler._pilot_watcher_cb: DEBUG   : bulk states: [['Running']]
2018-10-11 12:41:23,667: pmgr.0000.launching.0.child: pmgr.0000.launching.0           : pmgr.0000.launching.0.child.idler._pilot_watcher_cb: DEBUG   : saga job state: pilot.0000 Running
2018-10-11 12:41:33,896: pmgr.0000.launching.0.child: pmgr.0000.launching.0           : pmgr.0000.launching.0.child.idler._pilot_watcher_cb: DEBUG   : bulk states: [['Running']]
2018-10-11 12:41:34,105: pmgr.0000.launching.0.child: pmgr.0000.launching.0           : pmgr.0000.launching.0.child.idler._pilot_watcher_cb: DEBUG   : saga job state: pilot.0000 Running
2018-10-11 12:41:44,422: pmgr.0000.launching.0.child: pmgr.0000.launching.0           : pmgr.0000.launching.0.child.idler._pilot_watcher_cb: DEBUG   : bulk states: [['Running']]
2018-10-11 12:41:44,752: pmgr.0000.launching.0.child: pmgr.0000.launching.0           : pmgr.0000.launching.0.child.idler._pilot_watcher_cb: DEBUG   : saga job state: pilot.0000 Running
2018-10-11 12:41:55,023: pmgr.0000.launching.0.child: pmgr.0000.launching.0           : pmgr.0000.launching.0.child.idler._pilot_watcher_cb: DEBUG   : bulk states: [['Running']]
2018-10-11 12:41:55,295: pmgr.0000.launching.0.child: pmgr.0000.launching.0           : pmgr.0000.launching.0.child.idler._pilot_watcher_cb: DEBUG   : saga job state: pilot.0000 Running
2018-10-11 12:42:05,561: pmgr.0000.launching.0.child: pmgr.0000.launching.0           : pmgr.0000.launching.0.child.idler._pilot_watcher_cb: DEBUG   : bulk states: [['Running']]
2018-10-11 12:42:05,826: pmgr.0000.launching.0.child: pmgr.0000.launching.0           : pmgr.0000.launching.0.child.idler._pilot_watcher_cb: DEBUG   : saga job state: pilot.0000 Running
2018-10-11 12:42:16,100: pmgr.0000.launching.0.child: pmgr.0000.launching.0           : pmgr.0000.launching.0.child.idler._pilot_watcher_cb: DEBUG   : bulk states: [['Running']]
2018-10-11 12:42:16,365: pmgr.0000.launching.0.child: pmgr.0000.launching.0           : pmgr.0000.launching.0.child.idler._pilot_watcher_cb: DEBUG   : saga job state: pilot.0000 Running
2018-10-11 12:42:26,642: pmgr.0000.launching.0.child: pmgr.0000.launching.0           : pmgr.0000.launching.0.child.idler._pilot_watcher_cb: DEBUG   : bulk states: [['Running']]
2018-10-11 12:42:26,913: pmgr.0000.launching.0.child: pmgr.0000.launching.0           : pmgr.0000.launching.0.child.idler._pilot_watcher_cb: DEBUG   : saga job state: pilot.0000 Running
2018-10-11 12:42:37,183: pmgr.0000.launching.0.child: pmgr.0000.launching.0           : pmgr.0000.launching.0.child.idler._pilot_watcher_cb: DEBUG   : bulk states: [['Running']]
2018-10-11 12:42:37,485: pmgr.0000.launching.0.child: pmgr.0000.launching.0           : pmgr.0000.launching.0.child.idler._pilot_watcher_cb: DEBUG   : saga job state: pilot.0000 Running
2018-10-11 12:42:47,795: pmgr.0000.launching.0.child: pmgr.0000.launching.0           : pmgr.0000.launching.0.child.idler._pilot_watcher_cb: DEBUG   : bulk states: [['Running']]
2018-10-11 12:42:48,108: pmgr.0000.launching.0.child: pmgr.0000.launching.0           : pmgr.0000.launching.0.child.idler._pilot_watcher_cb: DEBUG   : saga job state: pilot.0000 Running
2018-10-11 12:42:58,381: pmgr.0000.launching.0.child: pmgr.0000.launching.0           : pmgr.0000.launching.0.child.idler._pilot_watcher_cb: DEBUG   : bulk states: [['Running']]
2018-10-11 12:42:58,669: pmgr.0000.launching.0.child: pmgr.0000.launching.0           : pmgr.0000.launching.0.child.idler._pilot_watcher_cb: DEBUG   : saga job state: pilot.0000 Running
2018-10-11 12:43:08,950: pmgr.0000.launching.0.child: pmgr.0000.launching.0           : pmgr.0000.launching.0.child.idler._pilot_watcher_cb: DEBUG   : bulk states: [['Running']]
2018-10-11 12:43:09,268: pmgr.0000.launching.0.child: pmgr.0000.launching.0           : pmgr.0000.launching.0.child.idler._pilot_watcher_cb: DEBUG   : saga job state: pilot.0000 Running
2018-10-11 12:43:19,568: pmgr.0000.launching.0.child: pmgr.0000.launching.0           : pmgr.0000.launching.0.child.idler._pilot_watcher_cb: DEBUG   : bulk states: [['Running']]
2018-10-11 12:43:19,855: pmgr.0000.launching.0.child: pmgr.0000.launching.0           : pmgr.0000.launching.0.child.idler._pilot_watcher_cb: DEBUG   : saga job state: pilot.0000 Running
2018-10-11 12:43:30,134: pmgr.0000.launching.0.child: pmgr.0000.launching.0           : pmgr.0000.launching.0.child.idler._pilot_watcher_cb: DEBUG   : bulk states: [['Running']]
2018-10-11 12:43:30,428: pmgr.0000.launching.0.child: pmgr.0000.launching.0           : pmgr.0000.launching.0.child.idler._pilot_watcher_cb: DEBUG   : saga job state: pilot.0000 Running
2018-10-11 12:43:40,703: pmgr.0000.launching.0.child: pmgr.0000.launching.0           : pmgr.0000.launching.0.child.idler._pilot_watcher_cb: DEBUG   : bulk states: [['Running']]
2018-10-11 12:43:40,988: pmgr.0000.launching.0.child: pmgr.0000.launching.0           : pmgr.0000.launching.0.child.idler._pilot_watcher_cb: DEBUG   : saga job state: pilot.0000 Running
2018-10-11 12:43:51,256: pmgr.0000.launching.0.child: pmgr.0000.launching.0           : pmgr.0000.launching.0.child.idler._pilot_watcher_cb: DEBUG   : bulk states: [['Running']]
2018-10-11 12:43:51,537: pmgr.0000.launching.0.child: pmgr.0000.launching.0           : pmgr.0000.launching.0.child.idler._pilot_watcher_cb: DEBUG   : saga job state: pilot.0000 Running
2018-10-11 12:44:01,808: pmgr.0000.launching.0.child: pmgr.0000.launching.0           : pmgr.0000.launching.0.child.idler._pilot_watcher_cb: DEBUG   : bulk states: [['Running']]
2018-10-11 12:44:02,092: pmgr.0000.launching.0.child: pmgr.0000.launching.0           : pmgr.0000.launching.0.child.idler._pilot_watcher_cb: DEBUG   : saga job state: pilot.0000 Running
2018-10-11 12:44:12,389: pmgr.0000.launching.0.child: pmgr.0000.launching.0           : pmgr.0000.launching.0.child.idler._pilot_watcher_cb: DEBUG   : bulk states: [['Running']]
2018-10-11 12:44:12,667: pmgr.0000.launching.0.child: pmgr.0000.launching.0           : pmgr.0000.launching.0.child.idler._pilot_watcher_cb: DEBUG   : saga job state: pilot.0000 Running
2018-10-11 12:44:22,943: pmgr.0000.launching.0.child: pmgr.0000.launching.0           : pmgr.0000.launching.0.child.idler._pilot_watcher_cb: DEBUG   : bulk states: [['Running']]
2018-10-11 12:44:23,234: pmgr.0000.launching.0.child: pmgr.0000.launching.0           : pmgr.0000.launching.0.child.idler._pilot_watcher_cb: DEBUG   : saga job state: pilot.0000 Running
2018-10-11 12:44:33,508: pmgr.0000.launching.0.child: pmgr.0000.launching.0           : pmgr.0000.launching.0.child.idler._pilot_watcher_cb: DEBUG   : bulk states: [['Running']]
2018-10-11 12:44:33,792: pmgr.0000.launching.0.child: pmgr.0000.launching.0           : pmgr.0000.launching.0.child.idler._pilot_watcher_cb: DEBUG   : saga job state: pilot.0000 Running
2018-10-11 12:44:44,057: pmgr.0000.launching.0.child: pmgr.0000.launching.0           : pmgr.0000.launching.0.child.idler._pilot_watcher_cb: DEBUG   : bulk states: [['Running']]
2018-10-11 12:44:44,353: pmgr.0000.launching.0.child: pmgr.0000.launching.0           : pmgr.0000.launching.0.child.idler._pilot_watcher_cb: DEBUG   : saga job state: pilot.0000 Running
2018-10-11 12:44:54,650: pmgr.0000.launching.0.child: pmgr.0000.launching.0           : pmgr.0000.launching.0.child.idler._pilot_watcher_cb: DEBUG   : bulk states: [['Running']]
2018-10-11 12:44:54,976: pmgr.0000.launching.0.child: pmgr.0000.launching.0           : pmgr.0000.launching.0.child.idler._pilot_watcher_cb: DEBUG   : saga job state: pilot.0000 Running
2018-10-11 12:45:05,251: pmgr.0000.launching.0.child: pmgr.0000.launching.0           : pmgr.0000.launching.0.child.idler._pilot_watcher_cb: DEBUG   : bulk states: [['Running']]
2018-10-11 12:45:05,544: pmgr.0000.launching.0.child: pmgr.0000.launching.0           : pmgr.0000.launching.0.child.idler._pilot_watcher_cb: DEBUG   : saga job state: pilot.0000 Running
2018-10-11 12:45:15,818: pmgr.0000.launching.0.child: pmgr.0000.launching.0           : pmgr.0000.launching.0.child.idler._pilot_watcher_cb: DEBUG   : bulk states: [['Running']]
2018-10-11 12:45:16,110: pmgr.0000.launching.0.child: pmgr.0000.launching.0           : pmgr.0000.launching.0.child.idler._pilot_watcher_cb: DEBUG   : saga job state: pilot.0000 Running
2018-10-11 12:45:26,383: pmgr.0000.launching.0.child: pmgr.0000.launching.0           : pmgr.0000.launching.0.child.idler._pilot_watcher_cb: DEBUG   : bulk states: [['Running']]
2018-10-11 12:45:26,676: pmgr.0000.launching.0.child: pmgr.0000.launching.0           : pmgr.0000.launching.0.child.idler._pilot_watcher_cb: DEBUG   : saga job state: pilot.0000 Running
2018-10-11 12:45:36,958: pmgr.0000.launching.0.child: pmgr.0000.launching.0           : pmgr.0000.launching.0.child.idler._pilot_watcher_cb: DEBUG   : bulk states: [['Running']]
2018-10-11 12:45:37,251: pmgr.0000.launching.0.child: pmgr.0000.launching.0           : pmgr.0000.launching.0.child.idler._pilot_watcher_cb: DEBUG   : saga job state: pilot.0000 Running
2018-10-11 12:45:47,513: pmgr.0000.launching.0.child: pmgr.0000.launching.0           : pmgr.0000.launching.0.child.idler._pilot_watcher_cb: DEBUG   : bulk states: [['Running']]
2018-10-11 12:45:47,790: pmgr.0000.launching.0.child: pmgr.0000.launching.0           : pmgr.0000.launching.0.child.idler._pilot_watcher_cb: DEBUG   : saga job state: pilot.0000 Running
2018-10-11 12:45:58,088: pmgr.0000.launching.0.child: pmgr.0000.launching.0           : pmgr.0000.launching.0.child.idler._pilot_watcher_cb: DEBUG   : bulk states: [['Running']]
2018-10-11 12:45:58,389: pmgr.0000.launching.0.child: pmgr.0000.launching.0           : pmgr.0000.launching.0.child.idler._pilot_watcher_cb: DEBUG   : saga job state: pilot.0000 Running
2018-10-11 12:46:08,665: pmgr.0000.launching.0.child: pmgr.0000.launching.0           : pmgr.0000.launching.0.child.idler._pilot_watcher_cb: DEBUG   : bulk states: [['Running']]
2018-10-11 12:46:08,962: pmgr.0000.launching.0.child: pmgr.0000.launching.0           : pmgr.0000.launching.0.child.idler._pilot_watcher_cb: DEBUG   : saga job state: pilot.0000 Running
2018-10-11 12:46:19,240: pmgr.0000.launching.0.child: pmgr.0000.launching.0           : pmgr.0000.launching.0.child.idler._pilot_watcher_cb: DEBUG   : bulk states: [['Running']]
2018-10-11 12:46:19,547: pmgr.0000.launching.0.child: pmgr.0000.launching.0           : pmgr.0000.launching.0.child.idler._pilot_watcher_cb: DEBUG   : saga job state: pilot.0000 Running
2018-10-11 12:46:29,840: pmgr.0000.launching.0.child: pmgr.0000.launching.0           : pmgr.0000.launching.0.child.idler._pilot_watcher_cb: DEBUG   : bulk states: [['Running']]
2018-10-11 12:46:30,144: pmgr.0000.launching.0.child: pmgr.0000.launching.0           : pmgr.0000.launching.0.child.idler._pilot_watcher_cb: DEBUG   : saga job state: pilot.0000 Running
2018-10-11 12:46:40,425: pmgr.0000.launching.0.child: pmgr.0000.launching.0           : pmgr.0000.launching.0.child.idler._pilot_watcher_cb: DEBUG   : bulk states: [['Running']]
2018-10-11 12:46:40,718: pmgr.0000.launching.0.child: pmgr.0000.launching.0           : pmgr.0000.launching.0.child.idler._pilot_watcher_cb: DEBUG   : saga job state: pilot.0000 Running
2018-10-11 12:46:50,990: pmgr.0000.launching.0.child: pmgr.0000.launching.0           : pmgr.0000.launching.0.child.idler._pilot_watcher_cb: DEBUG   : bulk states: [['Running']]
2018-10-11 12:46:51,302: pmgr.0000.launching.0.child: pmgr.0000.launching.0           : pmgr.0000.launching.0.child.idler._pilot_watcher_cb: DEBUG   : saga job state: pilot.0000 Running
2018-10-11 12:47:01,581: pmgr.0000.launching.0.child: pmgr.0000.launching.0           : pmgr.0000.launching.0.child.idler._pilot_watcher_cb: DEBUG   : bulk states: [['Running']]
2018-10-11 12:47:01,883: pmgr.0000.launching.0.child: pmgr.0000.launching.0           : pmgr.0000.launching.0.child.idler._pilot_watcher_cb: DEBUG   : saga job state: pilot.0000 Running
2018-10-11 12:47:12,148: pmgr.0000.launching.0.child: pmgr.0000.launching.0           : pmgr.0000.launching.0.child.idler._pilot_watcher_cb: DEBUG   : bulk states: [['Running']]
2018-10-11 12:47:12,437: pmgr.0000.launching.0.child: pmgr.0000.launching.0           : pmgr.0000.launching.0.child.idler._pilot_watcher_cb: DEBUG   : saga job state: pilot.0000 Running
2018-10-11 12:47:22,723: pmgr.0000.launching.0.child: pmgr.0000.launching.0           : pmgr.0000.launching.0.child.idler._pilot_watcher_cb: DEBUG   : bulk states: [['Running']]
2018-10-11 12:47:23,005: pmgr.0000.launching.0.child: pmgr.0000.launching.0           : pmgr.0000.launching.0.child.idler._pilot_watcher_cb: DEBUG   : saga job state: pilot.0000 Running
2018-10-11 12:47:33,264: pmgr.0000.launching.0.child: pmgr.0000.launching.0           : pmgr.0000.launching.0.child.idler._pilot_watcher_cb: DEBUG   : bulk states: [['Running']]
2018-10-11 12:47:33,561: pmgr.0000.launching.0.child: pmgr.0000.launching.0           : pmgr.0000.launching.0.child.idler._pilot_watcher_cb: DEBUG   : saga job state: pilot.0000 Running
2018-10-11 12:47:43,828: pmgr.0000.launching.0.child: pmgr.0000.launching.0           : pmgr.0000.launching.0.child.idler._pilot_watcher_cb: DEBUG   : bulk states: [['Running']]
2018-10-11 12:47:44,123: pmgr.0000.launching.0.child: pmgr.0000.launching.0           : pmgr.0000.launching.0.child.idler._pilot_watcher_cb: DEBUG   : saga job state: pilot.0000 Running
2018-10-11 12:47:54,380: pmgr.0000.launching.0.child: pmgr.0000.launching.0           : pmgr.0000.launching.0.child.idler._pilot_watcher_cb: DEBUG   : bulk states: [['Running']]
2018-10-11 12:47:54,617: pmgr.0000.launching.0.child: pmgr.0000.launching.0           : pmgr.0000.launching.0.child.idler._pilot_watcher_cb: DEBUG   : saga job state: pilot.0000 Running
2018-10-11 12:48:04,875: pmgr.0000.launching.0.child: pmgr.0000.launching.0           : pmgr.0000.launching.0.child.idler._pilot_watcher_cb: DEBUG   : bulk states: [['Running']]
2018-10-11 12:48:05,117: pmgr.0000.launching.0.child: pmgr.0000.launching.0           : pmgr.0000.launching.0.child.idler._pilot_watcher_cb: DEBUG   : saga job state: pilot.0000 Running
2018-10-11 12:48:15,369: pmgr.0000.launching.0.child: pmgr.0000.launching.0           : pmgr.0000.launching.0.child.idler._pilot_watcher_cb: DEBUG   : bulk states: [['Running']]
2018-10-11 12:48:15,641: pmgr.0000.launching.0.child: pmgr.0000.launching.0           : pmgr.0000.launching.0.child.idler._pilot_watcher_cb: DEBUG   : saga job state: pilot.0000 Running
2018-10-11 12:48:25,906: pmgr.0000.launching.0.child: pmgr.0000.launching.0           : pmgr.0000.launching.0.child.idler._pilot_watcher_cb: DEBUG   : bulk states: [['Running']]
2018-10-11 12:48:26,171: pmgr.0000.launching.0.child: pmgr.0000.launching.0           : pmgr.0000.launching.0.child.idler._pilot_watcher_cb: DEBUG   : saga job state: pilot.0000 Running
2018-10-11 12:48:36,422: pmgr.0000.launching.0.child: pmgr.0000.launching.0           : pmgr.0000.launching.0.child.idler._pilot_watcher_cb: DEBUG   : bulk states: [['Running']]
2018-10-11 12:48:36,687: pmgr.0000.launching.0.child: pmgr.0000.launching.0           : pmgr.0000.launching.0.child.idler._pilot_watcher_cb: DEBUG   : saga job state: pilot.0000 Running
2018-10-11 12:48:46,958: pmgr.0000.launching.0.child: pmgr.0000.launching.0           : pmgr.0000.launching.0.child.idler._pilot_watcher_cb: DEBUG   : bulk states: [['Running']]
2018-10-11 12:48:47,260: pmgr.0000.launching.0.child: pmgr.0000.launching.0           : pmgr.0000.launching.0.child.idler._pilot_watcher_cb: DEBUG   : saga job state: pilot.0000 Running
2018-10-11 12:48:57,530: pmgr.0000.launching.0.child: pmgr.0000.launching.0           : pmgr.0000.launching.0.child.idler._pilot_watcher_cb: DEBUG   : bulk states: [['Running']]
2018-10-11 12:48:57,812: pmgr.0000.launching.0.child: pmgr.0000.launching.0           : pmgr.0000.launching.0.child.idler._pilot_watcher_cb: DEBUG   : saga job state: pilot.0000 Running
2018-10-11 12:49:08,085: pmgr.0000.launching.0.child: pmgr.0000.launching.0           : pmgr.0000.launching.0.child.idler._pilot_watcher_cb: DEBUG   : bulk states: [['Running']]
2018-10-11 12:49:08,388: pmgr.0000.launching.0.child: pmgr.0000.launching.0           : pmgr.0000.launching.0.child.idler._pilot_watcher_cb: DEBUG   : saga job state: pilot.0000 Running
2018-10-11 12:49:18,656: pmgr.0000.launching.0.child: pmgr.0000.launching.0           : pmgr.0000.launching.0.child.idler._pilot_watcher_cb: DEBUG   : bulk states: [['Running']]
2018-10-11 12:49:18,923: pmgr.0000.launching.0.child: pmgr.0000.launching.0           : pmgr.0000.launching.0.child.idler._pilot_watcher_cb: DEBUG   : saga job state: pilot.0000 Running
2018-10-11 12:49:29,186: pmgr.0000.launching.0.child: pmgr.0000.launching.0           : pmgr.0000.launching.0.child.idler._pilot_watcher_cb: DEBUG   : bulk states: [['Running']]
2018-10-11 12:49:29,445: pmgr.0000.launching.0.child: pmgr.0000.launching.0           : pmgr.0000.launching.0.child.idler._pilot_watcher_cb: DEBUG   : saga job state: pilot.0000 Running
2018-10-11 12:49:39,709: pmgr.0000.launching.0.child: pmgr.0000.launching.0           : pmgr.0000.launching.0.child.idler._pilot_watcher_cb: DEBUG   : bulk states: [['Running']]
2018-10-11 12:49:39,991: pmgr.0000.launching.0.child: pmgr.0000.launching.0           : pmgr.0000.launching.0.child.idler._pilot_watcher_cb: DEBUG   : saga job state: pilot.0000 Running
2018-10-11 12:49:50,252: pmgr.0000.launching.0.child: pmgr.0000.launching.0           : pmgr.0000.launching.0.child.idler._pilot_watcher_cb: DEBUG   : bulk states: [['Running']]
2018-10-11 12:49:50,525: pmgr.0000.launching.0.child: pmgr.0000.launching.0           : pmgr.0000.launching.0.child.idler._pilot_watcher_cb: DEBUG   : saga job state: pilot.0000 Running
2018-10-11 12:50:00,783: pmgr.0000.launching.0.child: pmgr.0000.launching.0           : pmgr.0000.launching.0.child.idler._pilot_watcher_cb: DEBUG   : bulk states: [['Running']]
2018-10-11 12:50:01,046: pmgr.0000.launching.0.child: pmgr.0000.launching.0           : pmgr.0000.launching.0.child.idler._pilot_watcher_cb: DEBUG   : saga job state: pilot.0000 Running
2018-10-11 12:50:11,301: pmgr.0000.launching.0.child: pmgr.0000.launching.0           : pmgr.0000.launching.0.child.idler._pilot_watcher_cb: DEBUG   : bulk states: [['Running']]
2018-10-11 12:50:11,541: pmgr.0000.launching.0.child: pmgr.0000.launching.0           : pmgr.0000.launching.0.child.idler._pilot_watcher_cb: DEBUG   : saga job state: pilot.0000 Running
2018-10-11 12:50:21,778: pmgr.0000.launching.0.child: pmgr.0000.launching.0           : pmgr.0000.launching.0.child.idler._pilot_watcher_cb: DEBUG   : bulk states: [['Running']]
2018-10-11 12:50:22,012: pmgr.0000.launching.0.child: pmgr.0000.launching.0           : pmgr.0000.launching.0.child.idler._pilot_watcher_cb: DEBUG   : saga job state: pilot.0000 Running
2018-10-11 12:50:32,257: pmgr.0000.launching.0.child: pmgr.0000.launching.0           : pmgr.0000.launching.0.child.idler._pilot_watcher_cb: DEBUG   : bulk states: [['Running']]
2018-10-11 12:50:32,519: pmgr.0000.launching.0.child: pmgr.0000.launching.0           : pmgr.0000.launching.0.child.idler._pilot_watcher_cb: DEBUG   : saga job state: pilot.0000 Running
2018-10-11 12:50:42,760: pmgr.0000.launching.0.child: pmgr.0000.launching.0           : pmgr.0000.launching.0.child.idler._pilot_watcher_cb: DEBUG   : bulk states: [['Running']]
2018-10-11 12:50:42,993: pmgr.0000.launching.0.child: pmgr.0000.launching.0           : pmgr.0000.launching.0.child.idler._pilot_watcher_cb: DEBUG   : saga job state: pilot.0000 Running
2018-10-11 12:50:53,228: pmgr.0000.launching.0.child: pmgr.0000.launching.0           : pmgr.0000.launching.0.child.idler._pilot_watcher_cb: DEBUG   : bulk states: [['Running']]
2018-10-11 12:50:53,467: pmgr.0000.launching.0.child: pmgr.0000.launching.0           : pmgr.0000.launching.0.child.idler._pilot_watcher_cb: DEBUG   : saga job state: pilot.0000 Running
2018-10-11 12:51:03,700: pmgr.0000.launching.0.child: pmgr.0000.launching.0           : pmgr.0000.launching.0.child.idler._pilot_watcher_cb: DEBUG   : bulk states: [['Running']]
2018-10-11 12:51:03,947: pmgr.0000.launching.0.child: pmgr.0000.launching.0           : pmgr.0000.launching.0.child.idler._pilot_watcher_cb: DEBUG   : saga job state: pilot.0000 Running
2018-10-11 12:51:14,190: pmgr.0000.launching.0.child: pmgr.0000.launching.0           : pmgr.0000.launching.0.child.idler._pilot_watcher_cb: DEBUG   : bulk states: [['Running']]
2018-10-11 12:51:14,436: pmgr.0000.launching.0.child: pmgr.0000.launching.0           : pmgr.0000.launching.0.child.idler._pilot_watcher_cb: DEBUG   : saga job state: pilot.0000 Running
2018-10-11 12:51:24,679: pmgr.0000.launching.0.child: pmgr.0000.launching.0           : pmgr.0000.launching.0.child.idler._pilot_watcher_cb: DEBUG   : bulk states: [['Running']]
2018-10-11 12:51:24,921: pmgr.0000.launching.0.child: pmgr.0000.launching.0           : pmgr.0000.launching.0.child.idler._pilot_watcher_cb: DEBUG   : saga job state: pilot.0000 Running
2018-10-11 12:51:35,170: pmgr.0000.launching.0.child: pmgr.0000.launching.0           : pmgr.0000.launching.0.child.idler._pilot_watcher_cb: DEBUG   : bulk states: [['Running']]
2018-10-11 12:51:35,404: pmgr.0000.launching.0.child: pmgr.0000.launching.0           : pmgr.0000.launching.0.child.idler._pilot_watcher_cb: DEBUG   : saga job state: pilot.0000 Running
2018-10-11 12:51:45,648: pmgr.0000.launching.0.child: pmgr.0000.launching.0           : pmgr.0000.launching.0.child.idler._pilot_watcher_cb: DEBUG   : bulk states: [['Running']]
2018-10-11 12:51:45,890: pmgr.0000.launching.0.child: pmgr.0000.launching.0           : pmgr.0000.launching.0.child.idler._pilot_watcher_cb: DEBUG   : saga job state: pilot.0000 Running
2018-10-11 12:51:56,106: pmgr.0000.launching.0.child: pmgr.0000.launching.0           : pmgr.0000.launching.0.child.idler._pilot_watcher_cb: DEBUG   : bulk states: [['Running']]
2018-10-11 12:51:56,320: pmgr.0000.launching.0.child: pmgr.0000.launching.0           : pmgr.0000.launching.0.child.idler._pilot_watcher_cb: DEBUG   : saga job state: pilot.0000 Running
2018-10-11 12:52:06,533: pmgr.0000.launching.0.child: pmgr.0000.launching.0           : pmgr.0000.launching.0.child.idler._pilot_watcher_cb: DEBUG   : bulk states: [['Running']]
2018-10-11 12:52:06,748: pmgr.0000.launching.0.child: pmgr.0000.launching.0           : pmgr.0000.launching.0.child.idler._pilot_watcher_cb: DEBUG   : saga job state: pilot.0000 Running
2018-10-11 12:52:16,969: pmgr.0000.launching.0.child: pmgr.0000.launching.0           : pmgr.0000.launching.0.child.idler._pilot_watcher_cb: DEBUG   : bulk states: [['Running']]
2018-10-11 12:52:17,180: pmgr.0000.launching.0.child: pmgr.0000.launching.0           : pmgr.0000.launching.0.child.idler._pilot_watcher_cb: DEBUG   : saga job state: pilot.0000 Running
2018-10-11 12:52:27,394: pmgr.0000.launching.0.child: pmgr.0000.launching.0           : pmgr.0000.launching.0.child.idler._pilot_watcher_cb: DEBUG   : bulk states: [['Running']]
2018-10-11 12:52:27,598: pmgr.0000.launching.0.child: pmgr.0000.launching.0           : pmgr.0000.launching.0.child.idler._pilot_watcher_cb: DEBUG   : saga job state: pilot.0000 Running
2018-10-11 12:52:37,818: pmgr.0000.launching.0.child: pmgr.0000.launching.0           : pmgr.0000.launching.0.child.idler._pilot_watcher_cb: DEBUG   : bulk states: [['Running']]
2018-10-11 12:52:38,030: pmgr.0000.launching.0.child: pmgr.0000.launching.0           : pmgr.0000.launching.0.child.idler._pilot_watcher_cb: DEBUG   : saga job state: pilot.0000 Running
2018-10-11 12:52:48,258: pmgr.0000.launching.0.child: pmgr.0000.launching.0           : pmgr.0000.launching.0.child.idler._pilot_watcher_cb: DEBUG   : bulk states: [['Running']]
2018-10-11 12:52:48,474: pmgr.0000.launching.0.child: pmgr.0000.launching.0           : pmgr.0000.launching.0.child.idler._pilot_watcher_cb: DEBUG   : saga job state: pilot.0000 Running
2018-10-11 12:52:58,688: pmgr.0000.launching.0.child: pmgr.0000.launching.0           : pmgr.0000.launching.0.child.idler._pilot_watcher_cb: DEBUG   : bulk states: [['Running']]
2018-10-11 12:52:58,905: pmgr.0000.launching.0.child: pmgr.0000.launching.0           : pmgr.0000.launching.0.child.idler._pilot_watcher_cb: DEBUG   : saga job state: pilot.0000 Running
2018-10-11 12:53:09,127: pmgr.0000.launching.0.child: pmgr.0000.launching.0           : pmgr.0000.launching.0.child.idler._pilot_watcher_cb: DEBUG   : bulk states: [['Running']]
2018-10-11 12:53:09,332: pmgr.0000.launching.0.child: pmgr.0000.launching.0           : pmgr.0000.launching.0.child.idler._pilot_watcher_cb: DEBUG   : saga job state: pilot.0000 Running
2018-10-11 12:53:19,564: pmgr.0000.launching.0.child: pmgr.0000.launching.0           : pmgr.0000.launching.0.child.idler._pilot_watcher_cb: DEBUG   : bulk states: [['Running']]
2018-10-11 12:53:19,774: pmgr.0000.launching.0.child: pmgr.0000.launching.0           : pmgr.0000.launching.0.child.idler._pilot_watcher_cb: DEBUG   : saga job state: pilot.0000 Running
2018-10-11 12:53:29,997: pmgr.0000.launching.0.child: pmgr.0000.launching.0           : pmgr.0000.launching.0.child.idler._pilot_watcher_cb: DEBUG   : bulk states: [['Running']]
2018-10-11 12:53:30,204: pmgr.0000.launching.0.child: pmgr.0000.launching.0           : pmgr.0000.launching.0.child.idler._pilot_watcher_cb: DEBUG   : saga job state: pilot.0000 Running
2018-10-11 12:53:40,415: pmgr.0000.launching.0.child: pmgr.0000.launching.0           : pmgr.0000.launching.0.child.idler._pilot_watcher_cb: DEBUG   : bulk states: [['Running']]
2018-10-11 12:53:40,630: pmgr.0000.launching.0.child: pmgr.0000.launching.0           : pmgr.0000.launching.0.child.idler._pilot_watcher_cb: DEBUG   : saga job state: pilot.0000 Running
2018-10-11 12:53:50,849: pmgr.0000.launching.0.child: pmgr.0000.launching.0           : pmgr.0000.launching.0.child.idler._pilot_watcher_cb: DEBUG   : bulk states: [['Running']]
2018-10-11 12:53:51,065: pmgr.0000.launching.0.child: pmgr.0000.launching.0           : pmgr.0000.launching.0.child.idler._pilot_watcher_cb: DEBUG   : saga job state: pilot.0000 Running
2018-10-11 12:54:01,285: pmgr.0000.launching.0.child: pmgr.0000.launching.0           : pmgr.0000.launching.0.child.idler._pilot_watcher_cb: DEBUG   : bulk states: [['Running']]
2018-10-11 12:54:01,500: pmgr.0000.launching.0.child: pmgr.0000.launching.0           : pmgr.0000.launching.0.child.idler._pilot_watcher_cb: DEBUG   : saga job state: pilot.0000 Running
2018-10-11 12:54:11,716: pmgr.0000.launching.0.child: pmgr.0000.launching.0           : pmgr.0000.launching.0.child.idler._pilot_watcher_cb: DEBUG   : bulk states: [['Running']]
2018-10-11 12:54:11,925: pmgr.0000.launching.0.child: pmgr.0000.launching.0           : pmgr.0000.launching.0.child.idler._pilot_watcher_cb: DEBUG   : saga job state: pilot.0000 Running
2018-10-11 12:54:22,145: pmgr.0000.launching.0.child: pmgr.0000.launching.0           : pmgr.0000.launching.0.child.idler._pilot_watcher_cb: DEBUG   : bulk states: [['Running']]
2018-10-11 12:54:22,356: pmgr.0000.launching.0.child: pmgr.0000.launching.0           : pmgr.0000.launching.0.child.idler._pilot_watcher_cb: DEBUG   : saga job state: pilot.0000 Running
2018-10-11 12:54:32,528: pmgr.0000.launching.0.child: pmgr.0000.launching.0           : pmgr.0000.launching.0.child.idler._pilot_watcher_cb: DEBUG   : bulk states: [['Running']]
2018-10-11 12:54:32,643: pmgr.0000.launching.0.child: pmgr.0000.launching.0           : pmgr.0000.launching.0.child.idler._pilot_watcher_cb: DEBUG   : saga job state: pilot.0000 Running
2018-10-11 12:54:42,806: pmgr.0000.launching.0.child: pmgr.0000.launching.0           : pmgr.0000.launching.0.child.idler._pilot_watcher_cb: DEBUG   : bulk states: [['Running']]
2018-10-11 12:54:42,920: pmgr.0000.launching.0.child: pmgr.0000.launching.0           : pmgr.0000.launching.0.child.idler._pilot_watcher_cb: DEBUG   : saga job state: pilot.0000 Running
2018-10-11 12:54:53,080: pmgr.0000.launching.0.child: pmgr.0000.launching.0           : pmgr.0000.launching.0.child.idler._pilot_watcher_cb: DEBUG   : bulk states: [['Running']]
2018-10-11 12:54:53,190: pmgr.0000.launching.0.child: pmgr.0000.launching.0           : pmgr.0000.launching.0.child.idler._pilot_watcher_cb: DEBUG   : saga job state: pilot.0000 Running
2018-10-11 12:55:03,351: pmgr.0000.launching.0.child: pmgr.0000.launching.0           : pmgr.0000.launching.0.child.idler._pilot_watcher_cb: DEBUG   : bulk states: [['Running']]
2018-10-11 12:55:03,462: pmgr.0000.launching.0.child: pmgr.0000.launching.0           : pmgr.0000.launching.0.child.idler._pilot_watcher_cb: DEBUG   : saga job state: pilot.0000 Running
2018-10-11 12:55:13,620: pmgr.0000.launching.0.child: pmgr.0000.launching.0           : pmgr.0000.launching.0.child.idler._pilot_watcher_cb: DEBUG   : bulk states: [['Running']]
2018-10-11 12:55:13,731: pmgr.0000.launching.0.child: pmgr.0000.launching.0           : pmgr.0000.launching.0.child.idler._pilot_watcher_cb: DEBUG   : saga job state: pilot.0000 Running
2018-10-11 12:55:23,892: pmgr.0000.launching.0.child: pmgr.0000.launching.0           : pmgr.0000.launching.0.child.idler._pilot_watcher_cb: DEBUG   : bulk states: [['Running']]
2018-10-11 12:55:24,002: pmgr.0000.launching.0.child: pmgr.0000.launching.0           : pmgr.0000.launching.0.child.idler._pilot_watcher_cb: DEBUG   : saga job state: pilot.0000 Running
2018-10-11 12:55:34,164: pmgr.0000.launching.0.child: pmgr.0000.launching.0           : pmgr.0000.launching.0.child.idler._pilot_watcher_cb: DEBUG   : bulk states: [['Running']]
2018-10-11 12:55:34,274: pmgr.0000.launching.0.child: pmgr.0000.launching.0           : pmgr.0000.launching.0.child.idler._pilot_watcher_cb: DEBUG   : saga job state: pilot.0000 Running
2018-10-11 12:55:44,438: pmgr.0000.launching.0.child: pmgr.0000.launching.0           : pmgr.0000.launching.0.child.idler._pilot_watcher_cb: DEBUG   : bulk states: [['Running']]
2018-10-11 12:55:44,549: pmgr.0000.launching.0.child: pmgr.0000.launching.0           : pmgr.0000.launching.0.child.idler._pilot_watcher_cb: DEBUG   : saga job state: pilot.0000 Running
2018-10-11 12:55:54,711: pmgr.0000.launching.0.child: pmgr.0000.launching.0           : pmgr.0000.launching.0.child.idler._pilot_watcher_cb: DEBUG   : bulk states: [['Running']]
2018-10-11 12:55:54,824: pmgr.0000.launching.0.child: pmgr.0000.launching.0           : pmgr.0000.launching.0.child.idler._pilot_watcher_cb: DEBUG   : saga job state: pilot.0000 Running
2018-10-11 12:56:04,986: pmgr.0000.launching.0.child: pmgr.0000.launching.0           : pmgr.0000.launching.0.child.idler._pilot_watcher_cb: DEBUG   : bulk states: [['Running']]
2018-10-11 12:56:05,099: pmgr.0000.launching.0.child: pmgr.0000.launching.0           : pmgr.0000.launching.0.child.idler._pilot_watcher_cb: DEBUG   : saga job state: pilot.0000 Running
2018-10-11 12:56:15,261: pmgr.0000.launching.0.child: pmgr.0000.launching.0           : pmgr.0000.launching.0.child.idler._pilot_watcher_cb: DEBUG   : bulk states: [['Running']]
2018-10-11 12:56:15,372: pmgr.0000.launching.0.child: pmgr.0000.launching.0           : pmgr.0000.launching.0.child.idler._pilot_watcher_cb: DEBUG   : saga job state: pilot.0000 Running
2018-10-11 12:56:25,536: pmgr.0000.launching.0.child: pmgr.0000.launching.0           : pmgr.0000.launching.0.child.idler._pilot_watcher_cb: DEBUG   : bulk states: [['Running']]
2018-10-11 12:56:25,647: pmgr.0000.launching.0.child: pmgr.0000.launching.0           : pmgr.0000.launching.0.child.idler._pilot_watcher_cb: DEBUG   : saga job state: pilot.0000 Running
2018-10-11 12:56:35,811: pmgr.0000.launching.0.child: pmgr.0000.launching.0           : pmgr.0000.launching.0.child.idler._pilot_watcher_cb: DEBUG   : bulk states: [['Running']]
2018-10-11 12:56:35,922: pmgr.0000.launching.0.child: pmgr.0000.launching.0           : pmgr.0000.launching.0.child.idler._pilot_watcher_cb: DEBUG   : saga job state: pilot.0000 Running
2018-10-11 12:56:46,087: pmgr.0000.launching.0.child: pmgr.0000.launching.0           : pmgr.0000.launching.0.child.idler._pilot_watcher_cb: DEBUG   : bulk states: [['Running']]
2018-10-11 12:56:46,198: pmgr.0000.launching.0.child: pmgr.0000.launching.0           : pmgr.0000.launching.0.child.idler._pilot_watcher_cb: DEBUG   : saga job state: pilot.0000 Running
2018-10-11 12:56:56,361: pmgr.0000.launching.0.child: pmgr.0000.launching.0           : pmgr.0000.launching.0.child.idler._pilot_watcher_cb: DEBUG   : bulk states: [['Done']]
2018-10-11 12:56:56,361: pmgr.0000.launching.0.child: pmgr.0000.launching.0           : pmgr.0000.launching.0.child.idler._pilot_watcher_cb: DEBUG   : saga job state: pilot.0000 Done
2018-10-11 12:56:56,361: pmgr.0000.launching.0.child: pmgr.0000.launching.0           : pmgr.0000.launching.0.child.idler._pilot_watcher_cb: DEBUG   : final pilot pilot.0000 DONE
2018-10-11 12:56:56,361: pmgr.0000.launching.0.child: pmgr.0000.launching.0           : pmgr.0000.launching.0.child.idler._pilot_watcher_cb: DEBUG   : advance bulk size: 1 [False, True]
2018-10-11 12:57:02,545: pmgr.0000.launching.0.child: pmgr.0000.launching.0           : pmgr.0000.launching.0.child.subscriber._cancel_monitor_cb: DEBUG   : command ignored: cancel_pilots
2018-10-11 12:57:02,545: pmgr.0000.launching.0.child: pmgr.0000.launching.0           : pmgr.0000.launching.0.child.subscriber._pmgr_control_cb: DEBUG   : launcher got {'cmd': 'cancel_pilots', 'arg': {'uids': ['pilot.0000'], 'pmgr': 'pmgr.0000'}}
2018-10-11 12:57:02,546: pmgr.0000.launching.0.child: pmgr.0000.launching.0           : pmgr.0000.launching.0.child.subscriber._pmgr_control_cb: INFO    : received pilot_cancel command (['pilot.0000'])
2018-10-11 12:57:02,547: pmgr.0000.launching.0.child: pmgr.0000.launching.0           : pmgr.0000.launching.0.child.watch: INFO    : recv message: STOP
2018-10-11 12:57:02,547: pmgr.0000.launching.0.child: pmgr.0000.launching.0           : pmgr.0000.launching.0.child.watch: INFO    : message received: STOP
2018-10-11 12:57:02,547: pmgr.0000.launching.0.child: pmgr.0000.launching.0           : pmgr.0000.launching.0.child.watch: INFO    : STOP received: STOP
2018-10-11 12:57:02,547: pmgr.0000.launching.0.child: pmgr.0000.launching.0           : pmgr.0000.launching.0.child.watch: INFO    : watcher closes
2018-10-11 12:57:02,548: pmgr.0000.launching.0.child: pmgr.0000.launching.0           : pmgr.0000.launching.0.child.watch: INFO    : put message: [pmgr.0000.launching.0.child.watch.thread] work finished
2018-10-11 12:57:02,548: pmgr.0000.launching.0.child: pmgr.0000.launching.0           : pmgr.0000.launching.0.child.watch: DEBUG   : ru_finalize_child (NOOP)
2018-10-11 12:57:02,548: pmgr.0000.launching.0.child: pmgr.0000.launching.0           : pmgr.0000.launching.0.child.watch: DEBUG   : ru_finalize_common (NOOP)
2018-10-11 12:57:02,548: pmgr.0000.launching.0.child: pmgr.0000.launching.0           : pmgr.0000.launching.0.child.watch: INFO    : put message: [pmgr.0000.launching.0.child.watch.thread] terminating
2018-10-11 12:57:02,659: pmgr.0000.launching.0.child: pmgr.0000.launching.0           : MainThread     : WARNING : alive check: proc invalid - stop [False - True]
2018-10-11 12:57:02,704: pmgr.0000.launching.0.child: pmgr.0000.launching.0           : MainThread     : INFO    : stop pmgr.0000.launching.0.child (86045 : 86045 : MainThread) [radical.utils.process.Default.is_valid]
2018-10-11 12:57:02,704: pmgr.0000.launching.0.child: pmgr.0000.launching.0           : MainThread     : INFO    : parent stops child  86045 -> 86045 [pmgr.0000.launching.0.child]
2018-10-11 12:57:02,704: pmgr.0000.launching.0.child: pmgr.0000.launching.0           : MainThread     : INFO    : send message: [pmgr.0000.launching.0.child] STOP
2018-10-11 12:57:02,704: pmgr.0000.launching.0.child: pmgr.0000.launching.0           : MainThread     : WARNING : send failed ([Errno 9] Bad file descriptor) - terminate
2018-10-11 12:57:02,704: pmgr.0000.launching.0.child: pmgr.0000.launching.0           : MainThread     : DEBUG   : TERM : pmgr.0000.launching.0.child unregister idler pmgr.0000.launching.0.child.idler._pilot_watcher_cb
2018-10-11 12:57:02,772: pmgr.0000.launching.0.child: pmgr.0000.launching.0           : pmgr.0000.launching.0.child.subscriber._pmgr_control_cb: DEBUG   : pilot(s).need(s) cancellation ['pilot.0000']
2018-10-11 12:57:02,772: pmgr.0000.launching.0.child: pmgr.0000.launching.0           : pmgr.0000.launching.0.child.subscriber._pmgr_control_cb: DEBUG   : update cancel req: pilot.0000 1539280622.77
2018-10-11 12:57:02,772: pmgr.0000.launching.0.child: pmgr.0000.launching.0           : MainThread     : INFO    : parent stops child
2018-10-11 12:57:02,772: pmgr.0000.launching.0.child: pmgr.0000.launching.0           : MainThread     : DEBUG   : ru_finalize_parent (NOOP)
2018-10-11 12:57:02,772: pmgr.0000.launching.0.child: pmgr.0000.launching.0           : MainThread     : DEBUG   : ru_finalize_common (NOOP)
2018-10-11 12:57:02,794: pmgr.0000.launching.0.child: pmgr.0000.launching.0           : pmgr.0000.launching.0.child.idler._pilot_watcher_cb: DEBUG   : ru_finalize_child (NOOP)
2018-10-11 12:57:02,794: pmgr.0000.launching.0.child: pmgr.0000.launching.0           : pmgr.0000.launching.0.child.idler._pilot_watcher_cb: DEBUG   : ru_finalize_common (NOOP)
2018-10-11 12:57:02,794: pmgr.0000.launching.0.child: pmgr.0000.launching.0           : pmgr.0000.launching.0.child.idler._pilot_watcher_cb: INFO    : put message: [pmgr.0000.launching.0.child.idler._pilot_watcher_cb.thread] terminating
2018-10-11 12:57:02,804: pmgr.0000.launching.0.child: pmgr.0000.launching.0           : MainThread     : DEBUG   : TERM : pmgr.0000.launching.0.child unregistered idler pmgr.0000.launching.0.child.idler._pilot_watcher_cb
2018-10-11 12:57:02,804: pmgr.0000.launching.0.child: pmgr.0000.launching.0           : MainThread     : DEBUG   : TERM : pmgr.0000.launching.0.child unregister subscriber pmgr.0000.launching.0.child.subscriber._pmgr_control_cb
2018-10-11 12:57:02,804: pmgr.0000.launching.0.child: pmgr.0000.launching.0           : MainThread     : DEBUG   : unregistered subscriber pmgr.0000.launching.0.child.subscriber._pmgr_control_cb
2018-10-11 12:57:02,841: pmgr.0000.launching.0.child: pmgr.0000.launching.0           : MainThread     : DEBUG   : pilot(s).need(s) cancellation ['pilot.0000']
2018-10-11 12:57:02,841: pmgr.0000.launching.0.child: pmgr.0000.launching.0           : MainThread     : DEBUG   : update cancel req: pilot.0000 1539280622.84
2018-10-11 12:57:02,841: pmgr.0000.launching.0.child: pmgr.0000.launching.0           : MainThread     : DEBUG   : killing pilots: ['pilot.0000']
2018-10-11 12:57:02,841: pmgr.0000.launching.0.child: pmgr.0000.launching.0           : MainThread     : DEBUG   : killing pilots: [1539280622.841872]
2018-10-11 12:57:02,842: pmgr.0000.launching.0.child: pmgr.0000.launching.0           : MainThread     : DEBUG   : killing pilots: last cancel: 1539280622.84
2018-10-11 12:57:02,842: pmgr.0000.launching.0.child: pmgr.0000.launching.0           : MainThread     : DEBUG   : killing pilots: check 1539280622.84 < 1539280622.84 + 120
2018-10-11 12:57:02,842: pmgr.0000.launching.0.child: pmgr.0000.launching.0           : MainThread     : DEBUG   : killing pilots: dead  pilot.0000
2018-10-11 12:57:02,842: pmgr.0000.launching.0.child: pmgr.0000.launching.0           : MainThread     : DEBUG   : close  js to fork://localhost/
2018-10-11 12:57:03,043: pmgr.0000.launching.0.child: pmgr.0000.launching.0           : MainThread     : DEBUG   : closed js to fork://localhost/
2018-10-11 12:57:03,043: pmgr.0000.launching.0.child: pmgr.0000.launching.0           : MainThread     : DEBUG   : close  js to fork://localhost/
2018-10-11 12:57:03,245: pmgr.0000.launching.0.child: pmgr.0000.launching.0           : MainThread     : DEBUG   : closed js to fork://localhost/
2018-10-11 12:57:03,245: pmgr.0000.launching.0.child: pmgr.0000.launching.0           : MainThread     : DEBUG   : finalized child
2018-10-11 12:57:03,245: pmgr.0000.launching.0.child: pmgr.0000.launching.0           : MainThread     : DEBUG   : ru_finalize_common()
2018-10-11 12:57:03,245: pmgr.0000.launching.0.child: pmgr.0000.launching.0           : MainThread     : DEBUG   : TERM : pmgr.0000.launching.0.child unregister publisher log_pubsub
2018-10-11 12:57:03,246: pmgr.0000.launching.0.child: pmgr.0000.launching.0           : MainThread     : DEBUG   : unregistered publisher log_pubsub
2018-10-11 12:57:03,246: pmgr.0000.launching.0.child: pmgr.0000.launching.0           : MainThread     : DEBUG   : TERM : pmgr.0000.launching.0.child unregister publisher state_pubsub
2018-10-11 12:57:03,246: pmgr.0000.launching.0.child: pmgr.0000.launching.0           : MainThread     : DEBUG   : unregistered publisher state_pubsub
2018-10-11 12:57:03,246: pmgr.0000.launching.0.child: pmgr.0000.launching.0           : MainThread     : DEBUG   : TERM : pmgr.0000.launching.0.child unregister publisher control_pubsub
2018-10-11 12:57:03,247: pmgr.0000.launching.0.child: pmgr.0000.launching.0           : MainThread     : DEBUG   : unregistered publisher control_pubsub
2018-10-11 12:57:03,247: pmgr.0000.launching.0.child: pmgr.0000.launching.0           : MainThread     : DEBUG   : pmgr.0000.launching.0.child close prof
2018-10-11 12:57:03,247: pmgr.0000.launching.0.child: pmgr.0000.launching.0           : MainThread     : INFO    : parent stops child
2018-10-11 12:57:03,247: pmgr.0000.launching.0.child: pmgr.0000.launching.0           : MainThread     : DEBUG   : ru_finalize_parent (NOOP)
2018-10-11 12:57:03,248: pmgr.0000.launching.0.child: pmgr.0000.launching.0           : MainThread     : DEBUG   : ru_finalize_common (NOOP)
2018-10-11 12:57:03,248: pmgr.0000.launching.0.child: pmgr.0000.launching.0           : MainThread     : INFO    : parent stops child
2018-10-11 12:57:03,248: pmgr.0000.launching.0.child: pmgr.0000.launching.0           : MainThread     : DEBUG   : ru_finalize_parent (NOOP)
2018-10-11 12:57:03,248: pmgr.0000.launching.0.child: pmgr.0000.launching.0           : pmgr.0000.launching.0.child.subscriber._cancel_monitor_cb: DEBUG   : ru_finalize_child (NOOP)
2018-10-11 12:57:03,248: pmgr.0000.launching.0.child: pmgr.0000.launching.0           : pmgr.0000.launching.0.child.subscriber._cancel_monitor_cb: INFO    : put message: [pmgr.0000.launching.0.child.subscriber._cancel_monitor_cb.thread] terminating
2018-10-11 12:57:03,249: pmgr.0000.launching.0.child: pmgr.0000.launching.0           : MainThread     : INFO    : parent stops child
2018-10-11 12:57:03,250: pmgr.0000.launching.0.child: pmgr.0000.launching.0           : MainThread     : DEBUG   : ru_finalize_parent (NOOP)
2018-10-11 12:57:03,250: pmgr.0000.launching.0.child: pmgr.0000.launching.0           : pmgr.0000.launching.0.child.subscriber._pmgr_control_cb: DEBUG   : ru_finalize_child (NOOP)
2018-10-11 12:57:03,250: pmgr.0000.launching.0.child: pmgr.0000.launching.0           : pmgr.0000.launching.0.child.subscriber._pmgr_control_cb: INFO    : put message: [pmgr.0000.launching.0.child.subscriber._pmgr_control_cb.thread] terminating
2018-10-11 12:57:03,250: pmgr.0000.launching.0.child: pmgr.0000.launching.0           : MainThread     : INFO    : parent stops child
2018-10-11 12:57:03,250: pmgr.0000.launching.0.child: pmgr.0000.launching.0           : MainThread     : WARNING : super pmgr.0000.launching.0.child is invalid
2018-10-11 12:57:03,251: pmgr.0000.launching.0.child: pmgr.0000.launching.0           : MainThread     : WARNING : component pmgr.0000.launching.0.child is invalid
2018-10-11 12:57:03,252: pmgr.0000.launching.0.child: pmgr.0000.launching.0           : MainThread     : INFO    : stop pmgr.0000.launching.0.child (86045 : 86045 : MainThread) [radical.pilot.utils.component.Default.is_valid]
2018-10-11 12:57:03,252: pmgr.0000.launching.0.child: pmgr.0000.launching.0           : MainThread     : DEBUG   : TERM : pmgr.0000.launching.0.child unregister idler pmgr.0000.launching.0.child.idler._pilot_watcher_cb
2018-10-11 12:57:03,252: pmgr.0000.launching.0.child: pmgr.0000.launching.0           : MainThread     : WARNING : timed cb pmgr.0000.launching.0.child.idler._pilot_watcher_cb is not registered
2018-10-11 12:57:03,252: pmgr.0000.launching.0.child: pmgr.0000.launching.0           : MainThread     : DEBUG   : TERM : pmgr.0000.launching.0.child unregister subscriber pmgr.0000.launching.0.child.subscriber._pmgr_control_cb
2018-10-11 12:57:03,252: pmgr.0000.launching.0.child: pmgr.0000.launching.0           : MainThread     : WARNING : subscriber _pmgr_control_cb is not registered
2018-10-11 12:57:03,290: pmgr.0000.launching.0.child: pmgr.0000.launching.0           : MainThread     : DEBUG   : pilot(s).need(s) cancellation ['pilot.0000']
2018-10-11 12:57:03,290: pmgr.0000.launching.0.child: pmgr.0000.launching.0           : MainThread     : DEBUG   : update cancel req: pilot.0000 1539280623.29
2018-10-11 12:57:03,290: pmgr.0000.launching.0.child: pmgr.0000.launching.0           : MainThread     : DEBUG   : killing pilots: ['pilot.0000']
2018-10-11 12:57:03,290: pmgr.0000.launching.0.child: pmgr.0000.launching.0           : MainThread     : DEBUG   : killing pilots: [1539280623.290088]
2018-10-11 12:57:03,290: pmgr.0000.launching.0.child: pmgr.0000.launching.0           : MainThread     : DEBUG   : killing pilots: last cancel: 1539280623.29
2018-10-11 12:57:03,290: pmgr.0000.launching.0.child: pmgr.0000.launching.0           : MainThread     : DEBUG   : killing pilots: check 1539280623.29 < 1539280623.29 + 120
2018-10-11 12:57:03,290: pmgr.0000.launching.0.child: pmgr.0000.launching.0           : MainThread     : DEBUG   : killing pilots: dead  pilot.0000
2018-10-11 12:57:03,290: pmgr.0000.launching.0.child: pmgr.0000.launching.0           : MainThread     : DEBUG   : finalized child
2018-10-11 12:57:03,290: pmgr.0000.launching.0.child: pmgr.0000.launching.0           : MainThread     : DEBUG   : ru_finalize_common()
2018-10-11 12:57:03,290: pmgr.0000.launching.0.child: pmgr.0000.launching.0           : MainThread     : WARNING : publisher log_pubsub is not registered
2018-10-11 12:57:03,290: pmgr.0000.launching.0.child: pmgr.0000.launching.0           : MainThread     : WARNING : publisher state_pubsub is not registered
2018-10-11 12:57:03,290: pmgr.0000.launching.0.child: pmgr.0000.launching.0           : MainThread     : WARNING : publisher control_pubsub is not registered
2018-10-11 12:57:03,290: pmgr.0000.launching.0.child: pmgr.0000.launching.0           : MainThread     : DEBUG   : pmgr.0000.launching.0.child close prof
2018-10-11 12:57:03,290: pmgr.0000.launching.0.child: pmgr.0000.launching.0           : MainThread     : INFO    : send message: [pmgr.0000.launching.0.child] terminating
2018-10-11 12:57:03,290: pmgr.0000.launching.0.child: pmgr.0000.launching.0           : MainThread     : WARNING : send failed ([Errno 9] Bad file descriptor) - terminate
2018-10-11 12:57:03,290: pmgr.0000.launching.0.child: pmgr.0000.launching.0           : MainThread     : INFO    : parent stops child
2018-10-11 12:57:03,290: pmgr.0000.launching.0.child: pmgr.0000.launching.0           : MainThread     : INFO    : parent stops child
2018-10-11 12:57:03,290: pmgr.0000.launching.0.child: pmgr.0000.launching.0           : MainThread     : INFO    : parent stops child
