2018-10-11 12:39:01,631: umgr.0000.staging.input.0: MainProcess                     : MainThread     : INFO    : python.interpreter   version: 2.7.15 |Anaconda, Inc.| (default, May 1 2018, 23:32:55) [GCC 7.2.0]
2018-10-11 12:39:01,631: umgr.0000.staging.input.0: MainProcess                     : MainThread     : INFO    :                      pid/tid: 85949/MainThread
2018-10-11 12:39:01,631: umgr.0000.staging.input.0: MainProcess                     : MainThread     : DEBUG   : alive check in term
2018-10-11 12:39:01,631: umgr.0000.staging.input.0: MainProcess                     : MainThread     : DEBUG   : start process
2018-10-11 12:39:01,788: umgr.0000.staging.input.0: MainProcess                     : MainThread     : INFO    : recv message: alive
2018-10-11 12:39:01,788: umgr.0000.staging.input.0: MainProcess                     : MainThread     : INFO    : initialize umgr.0000.staging.input.0
2018-10-11 12:39:01,791: umgr.0000.staging.input.0: MainProcess                     : MainThread     : INFO    : cfg: {'agents': {},
 u'bridges': {u'control_pubsub': {'addr_in': 'tcp://204.90.41.4:46591',
                                  'addr_out': 'tcp://204.90.41.4:37239',
                                  u'bulk_size': 0,
                                  u'log_level': u'error',
                                  u'stall_hwm': 1},
              u'log_pubsub': {'addr_in': 'tcp://204.90.41.4:42191',
                              'addr_out': 'tcp://204.90.41.4:44594',
                              u'bulk_size': 0,
                              u'log_level': u'error',
                              u'stall_hwm': 1},
              u'state_pubsub': {'addr_in': 'tcp://204.90.41.4:39938',
                                'addr_out': 'tcp://204.90.41.4:34003',
                                u'bulk_size': 0,
                                u'log_level': u'error',
                                u'stall_hwm': 1},
              u'umgr_reschedule_pubsub': {'addr_in': 'tcp://204.90.41.4:35998',
                                          'addr_out': 'tcp://204.90.41.4:38032',
                                          u'bulk_size': 0,
                                          u'log_level': u'error',
                                          u'stall_hwm': 1},
              u'umgr_scheduling_queue': {'addr_in': 'tcp://204.90.41.4:41469',
                                         'addr_out': 'tcp://204.90.41.4:44468',
                                         u'bulk_size': 0,
                                         u'log_level': u'error',
                                         u'stall_hwm': 1},
              u'umgr_staging_input_queue': {'addr_in': 'tcp://204.90.41.4:34711',
                                            'addr_out': 'tcp://204.90.41.4:35705',
                                            u'bulk_size': 0,
                                            u'log_level': u'error',
                                            u'stall_hwm': 1},
              u'umgr_staging_output_queue': {'addr_in': 'tcp://204.90.41.4:45699',
                                             'addr_out': 'tcp://204.90.41.4:46278',
                                             u'bulk_size': 0,
                                             u'log_level': u'error',
                                             u'stall_hwm': 1},
              u'umgr_unschedule_pubsub': {'addr_in': 'tcp://204.90.41.4:34189',
                                          'addr_out': 'tcp://204.90.41.4:42731',
                                          u'bulk_size': 0,
                                          u'log_level': u'error',
                                          u'stall_hwm': 1}},
 u'bulk_collection_size': 100,
 u'bulk_collection_time': 1.0,
 'cname': u'UMGRStagingInputComponent',
 u'components': {},
 u'count': 1,
 u'db_poll_sleeptime': 1.0,
 'number': 0,
 'owner': 'umgr.0000',
 u'scheduler': u'round_robin',
 'uid': 'umgr.0000'}
2018-10-11 12:39:01,791: umgr.0000.staging.input.0: MainProcess                     : MainThread     : DEBUG   : alive check in term
2018-10-11 12:39:01,791: umgr.0000.staging.input.0: MainProcess                     : MainThread     : DEBUG   : START: umgr.0000.staging.input.0 register publisher log_pubsub
2018-10-11 12:39:01,791: umgr.0000.staging.input.0: MainProcess                     : MainThread     : DEBUG   : using addr tcp://204.90.41.4:42191 for pubsub log_pubsub
2018-10-11 12:39:01,798: umgr.0000.staging.input.0: MainProcess                     : MainThread     : DEBUG   : registered publisher : log_pubsub : log.pubsub.pub.0003
2018-10-11 12:39:01,798: umgr.0000.staging.input.0: MainProcess                     : MainThread     : DEBUG   : alive check in term
2018-10-11 12:39:01,798: umgr.0000.staging.input.0: MainProcess                     : MainThread     : DEBUG   : START: umgr.0000.staging.input.0 register publisher state_pubsub
2018-10-11 12:39:01,798: umgr.0000.staging.input.0: MainProcess                     : MainThread     : DEBUG   : using addr tcp://204.90.41.4:39938 for pubsub state_pubsub
2018-10-11 12:39:01,809: umgr.0000.staging.input.0: MainProcess                     : MainThread     : DEBUG   : registered publisher : state_pubsub : state.pubsub.pub.0003
2018-10-11 12:39:01,809: umgr.0000.staging.input.0: MainProcess                     : MainThread     : DEBUG   : alive check in term
2018-10-11 12:39:01,809: umgr.0000.staging.input.0: MainProcess                     : MainThread     : DEBUG   : START: umgr.0000.staging.input.0 register publisher control_pubsub
2018-10-11 12:39:01,809: umgr.0000.staging.input.0: MainProcess                     : MainThread     : DEBUG   : using addr tcp://204.90.41.4:46591 for pubsub control_pubsub
2018-10-11 12:39:01,811: umgr.0000.staging.input.0: MainProcess                     : MainThread     : DEBUG   : registered publisher : control_pubsub : control.pubsub.pub.0003
2018-10-11 12:39:01,811: umgr.0000.staging.input.0: MainProcess                     : MainThread     : DEBUG   : parent name: umgr.0000.staging.input.0.watch
2018-10-11 12:39:01,811: umgr.0000.staging.input.0: MainProcess                     : MainThread     : DEBUG   : start thread
2018-10-11 12:39:01,822: umgr.0000.staging.input.0: MainProcess                     : umgr.0000.staging.input.0.watch: DEBUG   : child name: umgr.0000.staging.input.0.watch.thread
2018-10-11 12:39:01,822: umgr.0000.staging.input.0: MainProcess                     : umgr.0000.staging.input.0.watch: INFO    : child (me) initializing
2018-10-11 12:39:01,822: umgr.0000.staging.input.0: MainProcess                     : umgr.0000.staging.input.0.watch: DEBUG   : ru_initialize_common (NOOP)
2018-10-11 12:39:01,822: umgr.0000.staging.input.0: MainProcess                     : umgr.0000.staging.input.0.watch: DEBUG   : ru_initialize_child (NOOP)
2018-10-11 12:39:01,822: umgr.0000.staging.input.0: MainProcess                     : umgr.0000.staging.input.0.watch: INFO    : send alive
2018-10-11 12:39:01,822: umgr.0000.staging.input.0: MainProcess                     : umgr.0000.staging.input.0.watch: INFO    : put message: [umgr.0000.staging.input.0.watch.thread] alive
2018-10-11 12:39:01,823: umgr.0000.staging.input.0: MainProcess                     : MainThread     : INFO    : get msg: alive
2018-10-11 12:39:01,823: umgr.0000.staging.input.0: MainProcess                     : MainThread     : DEBUG   : ru_initialize_common (NOOP)
2018-10-11 12:39:01,823: umgr.0000.staging.input.0: MainProcess                     : MainThread     : DEBUG   : ru_initialize_parent (NOOP)
2018-10-11 12:39:01,823: umgr.0000.staging.input.0: MainProcess                     : MainThread     : DEBUG   : child thread umgr.0000.staging.input.0.watch started
2018-10-11 12:39:01,823: umgr.0000.staging.input.0: MainProcess                     : MainThread     : INFO    : child is alive
2018-10-11 12:39:01,823: umgr.0000.staging.input.0: MainProcess                     : MainThread     : DEBUG   : process class started child
2018-10-11 12:56:56,631: umgr.0000.staging.input.0: MainProcess                     : MainThread     : INFO    : stop umgr.0000.staging.input.0 (85949 : 86286 : MainThread) [radical.pilot.unit_manager.UnitManager.finalize_parent]
2018-10-11 12:56:56,631: umgr.0000.staging.input.0: MainProcess                     : MainThread     : INFO    : parent stops child  85949 -> 86286 [umgr.0000.staging.input.0]
2018-10-11 12:56:56,631: umgr.0000.staging.input.0: MainProcess                     : MainThread     : INFO    : send message: [umgr.0000.staging.input.0] STOP
2018-10-11 12:56:56,631: umgr.0000.staging.input.0: MainProcess                     : MainThread     : DEBUG   : ru_finalize_common()
2018-10-11 12:56:56,632: umgr.0000.staging.input.0: MainProcess                     : MainThread     : DEBUG   : TERM : umgr.0000.staging.input.0 unregister publisher log_pubsub
2018-10-11 12:56:56,633: umgr.0000.staging.input.0: MainProcess                     : MainThread     : DEBUG   : unregistered publisher log_pubsub
2018-10-11 12:56:56,633: umgr.0000.staging.input.0: MainProcess                     : MainThread     : DEBUG   : TERM : umgr.0000.staging.input.0 unregister publisher state_pubsub
2018-10-11 12:56:56,633: umgr.0000.staging.input.0: MainProcess                     : MainThread     : DEBUG   : unregistered publisher state_pubsub
2018-10-11 12:56:56,633: umgr.0000.staging.input.0: MainProcess                     : MainThread     : DEBUG   : TERM : umgr.0000.staging.input.0 unregister publisher control_pubsub
2018-10-11 12:56:56,634: umgr.0000.staging.input.0: MainProcess                     : MainThread     : DEBUG   : unregistered publisher control_pubsub
2018-10-11 12:56:56,634: umgr.0000.staging.input.0: MainProcess                     : MainThread     : DEBUG   : umgr.0000.staging.input.0 close prof
2018-10-11 12:56:56,635: umgr.0000.staging.input.0: MainProcess                     : MainThread     : INFO    : parent stops child
2018-10-11 12:56:56,635: umgr.0000.staging.input.0: MainProcess                     : MainThread     : DEBUG   : ru_finalize_parent (NOOP)
2018-10-11 12:56:56,635: umgr.0000.staging.input.0: MainProcess                     : MainThread     : DEBUG   : ru_finalize_common (NOOP)
2018-10-11 12:56:56,688: umgr.0000.staging.input.0: MainProcess                     : umgr.0000.staging.input.0.watch: INFO    : watcher closes
2018-10-11 12:56:56,688: umgr.0000.staging.input.0: MainProcess                     : umgr.0000.staging.input.0.watch: INFO    : put message: [umgr.0000.staging.input.0.watch.thread] work finished
2018-10-11 12:56:56,689: umgr.0000.staging.input.0: MainProcess                     : umgr.0000.staging.input.0.watch: DEBUG   : ru_finalize_child (NOOP)
2018-10-11 12:56:56,689: umgr.0000.staging.input.0: MainProcess                     : umgr.0000.staging.input.0.watch: DEBUG   : ru_finalize_common (NOOP)
2018-10-11 12:56:56,689: umgr.0000.staging.input.0: MainProcess                     : umgr.0000.staging.input.0.watch: INFO    : put message: [umgr.0000.staging.input.0.watch.thread] terminating
2018-10-11 12:57:02,541: umgr.0000.staging.input.0: MainProcess                     : MainThread     : INFO    : stop umgr.0000.staging.input.0 (85949 : 86286 : MainThread) [radical.pilot.utils.component.UnitManager.ru_finalize_common]
2018-10-11 12:57:06,591: umgr.0000.staging.input.0: MainProcess                     : MainThread     : INFO    : stop umgr.0000.staging.input.0 (85949 : 86286 : MainThread) [radical.pilot.session.Session.close]
