2018-10-11 12:38:57,467: update.0            : MainProcess                     : MainThread     : INFO    : python.interpreter   version: 2.7.15 |Anaconda, Inc.| (default, May 1 2018, 23:32:55) [GCC 7.2.0]
2018-10-11 12:38:57,467: update.0            : MainProcess                     : MainThread     : INFO    :                      pid/tid: 85949/MainThread
2018-10-11 12:38:57,468: update.0            : MainProcess                     : MainThread     : DEBUG   : alive check in term
2018-10-11 12:38:57,468: update.0            : MainProcess                     : MainThread     : DEBUG   : start process
2018-10-11 12:38:57,963: update.0            : MainProcess                     : MainThread     : INFO    : recv message: alive
2018-10-11 12:38:57,963: update.0            : MainProcess                     : MainThread     : INFO    : initialize update.0
2018-10-11 12:38:57,965: update.0            : MainProcess                     : MainThread     : INFO    : cfg: {'agents': {},
 u'bridges': {u'control_pubsub': {'addr_in': 'tcp://204.90.41.4:46591',
                                  'addr_out': 'tcp://204.90.41.4:37239',
                                  u'bulk_size': 0,
                                  u'log_level': u'error',
                                  u'stall_hwm': 1},
              u'log_pubsub': {'addr_in': 'tcp://204.90.41.4:42191',
                              'addr_out': 'tcp://204.90.41.4:44594',
                              u'bulk_size': 0,
                              u'log_level': u'error',
                              u'stall_hwm': 1},
              u'state_pubsub': {'addr_in': 'tcp://204.90.41.4:39938',
                                'addr_out': 'tcp://204.90.41.4:34003',
                                u'bulk_size': 0,
                                u'log_level': u'error',
                                u'stall_hwm': 1}},
 'cname': u'UpdateWorker',
 u'components': {},
 u'count': 1,
 'dburl': 'mongodb://aymenfja:123456789@ds127490.mlab.com:27490/radicallab',
 u'default_dburl': u'mongodb://rp:rp@ds015335.mlab.com:15335/rp',
 'logdir': '/home/sdimitro/rp.session.smic004.sdimitro.017815.0070',
 'number': 0,
 'owner': 'rp.session.smic004.sdimitro.017815.0070',
 'session_id': 'rp.session.smic004.sdimitro.017815.0070'}
2018-10-11 12:38:57,965: update.0            : MainProcess                     : MainThread     : DEBUG   : alive check in term
2018-10-11 12:38:57,965: update.0            : MainProcess                     : MainThread     : DEBUG   : START: update.0 register publisher log_pubsub
2018-10-11 12:38:57,965: update.0            : MainProcess                     : MainThread     : DEBUG   : using addr tcp://204.90.41.4:42191 for pubsub log_pubsub
2018-10-11 12:38:57,972: update.0            : MainProcess                     : MainThread     : DEBUG   : registered publisher : log_pubsub : log.pubsub.pub.0000
2018-10-11 12:38:57,972: update.0            : MainProcess                     : MainThread     : DEBUG   : alive check in term
2018-10-11 12:38:57,972: update.0            : MainProcess                     : MainThread     : DEBUG   : START: update.0 register publisher state_pubsub
2018-10-11 12:38:57,972: update.0            : MainProcess                     : MainThread     : DEBUG   : using addr tcp://204.90.41.4:39938 for pubsub state_pubsub
2018-10-11 12:38:57,978: update.0            : MainProcess                     : MainThread     : DEBUG   : registered publisher : state_pubsub : state.pubsub.pub.0000
2018-10-11 12:38:57,978: update.0            : MainProcess                     : MainThread     : DEBUG   : alive check in term
2018-10-11 12:38:57,978: update.0            : MainProcess                     : MainThread     : DEBUG   : START: update.0 register publisher control_pubsub
2018-10-11 12:38:57,979: update.0            : MainProcess                     : MainThread     : DEBUG   : using addr tcp://204.90.41.4:46591 for pubsub control_pubsub
2018-10-11 12:38:57,984: update.0            : MainProcess                     : MainThread     : DEBUG   : registered publisher : control_pubsub : control.pubsub.pub.0000
2018-10-11 12:38:57,984: update.0            : MainProcess                     : MainThread     : DEBUG   : parent name: update.0.watch
2018-10-11 12:38:57,985: update.0            : MainProcess                     : MainThread     : DEBUG   : start thread
2018-10-11 12:38:57,995: update.0            : MainProcess                     : update.0.watch : DEBUG   : child name: update.0.watch.thread
2018-10-11 12:38:57,995: update.0            : MainProcess                     : update.0.watch : INFO    : child (me) initializing
2018-10-11 12:38:57,995: update.0            : MainProcess                     : update.0.watch : DEBUG   : ru_initialize_common (NOOP)
2018-10-11 12:38:57,995: update.0            : MainProcess                     : update.0.watch : DEBUG   : ru_initialize_child (NOOP)
2018-10-11 12:38:57,995: update.0            : MainProcess                     : update.0.watch : INFO    : send alive
2018-10-11 12:38:57,996: update.0            : MainProcess                     : update.0.watch : INFO    : put message: [update.0.watch.thread] alive
2018-10-11 12:38:57,996: update.0            : MainProcess                     : MainThread     : INFO    : get msg: alive
2018-10-11 12:38:57,997: update.0            : MainProcess                     : MainThread     : DEBUG   : ru_initialize_common (NOOP)
2018-10-11 12:38:57,997: update.0            : MainProcess                     : MainThread     : DEBUG   : ru_initialize_parent (NOOP)
2018-10-11 12:38:57,997: update.0            : MainProcess                     : MainThread     : DEBUG   : child thread update.0.watch started
2018-10-11 12:38:57,997: update.0            : MainProcess                     : MainThread     : INFO    : child is alive
2018-10-11 12:38:57,997: update.0            : MainProcess                     : MainThread     : DEBUG   : process class started child
2018-10-11 12:57:03,553: update.0            : MainProcess                     : MainThread     : INFO    : stop update.0 (85949 : 86013 : MainThread) [radical.pilot.worker.update.Update.stop]
2018-10-11 12:57:03,554: update.0            : MainProcess                     : MainThread     : INFO    : parent stops child  85949 -> 86013 [update.0]
2018-10-11 12:57:03,554: update.0            : MainProcess                     : MainThread     : INFO    : send message: [update.0] STOP
2018-10-11 12:57:03,554: update.0            : MainProcess                     : MainThread     : DEBUG   : ru_finalize_common()
2018-10-11 12:57:03,554: update.0            : MainProcess                     : MainThread     : DEBUG   : TERM : update.0 unregister publisher log_pubsub
2018-10-11 12:57:03,554: update.0            : MainProcess                     : update.0.watch : INFO    : recv message: 
2018-10-11 12:57:03,554: update.0            : MainProcess                     : MainThread     : DEBUG   : unregistered publisher log_pubsub
2018-10-11 12:57:03,554: update.0            : MainProcess                     : update.0.watch : INFO    : message received: 
2018-10-11 12:57:03,555: update.0            : MainProcess                     : MainThread     : DEBUG   : TERM : update.0 unregister publisher state_pubsub
2018-10-11 12:57:03,555: update.0            : MainProcess                     : update.0.watch : WARNING : received empty string, parent closed ep
2018-10-11 12:57:03,555: update.0            : MainProcess                     : update.0.watch : INFO    : watcher closes
2018-10-11 12:57:03,555: update.0            : MainProcess                     : update.0.watch : INFO    : put message: [update.0.watch.thread] work finished
2018-10-11 12:57:03,555: update.0            : MainProcess                     : update.0.watch : DEBUG   : ru_finalize_child (NOOP)
2018-10-11 12:57:03,555: update.0            : MainProcess                     : update.0.watch : DEBUG   : ru_finalize_common (NOOP)
2018-10-11 12:57:03,555: update.0            : MainProcess                     : update.0.watch : INFO    : put message: [update.0.watch.thread] terminating
2018-10-11 12:57:03,555: update.0            : MainProcess                     : MainThread     : DEBUG   : unregistered publisher state_pubsub
2018-10-11 12:57:03,555: update.0            : MainProcess                     : MainThread     : DEBUG   : TERM : update.0 unregister publisher control_pubsub
2018-10-11 12:57:03,556: update.0            : MainProcess                     : MainThread     : DEBUG   : unregistered publisher control_pubsub
2018-10-11 12:57:03,556: update.0            : MainProcess                     : MainThread     : DEBUG   : update.0 close prof
2018-10-11 12:57:03,556: update.0            : MainProcess                     : MainThread     : INFO    : parent stops child
2018-10-11 12:57:03,557: update.0            : MainProcess                     : MainThread     : DEBUG   : ru_finalize_parent (NOOP)
2018-10-11 12:57:03,557: update.0            : MainProcess                     : MainThread     : DEBUG   : ru_finalize_common (NOOP)
2018-10-11 12:57:06,589: update.0            : MainProcess                     : MainThread     : INFO    : stop update.0 (85949 : 86013 : MainThread) [radical.pilot.worker.update.Update.stop]
