2018-10-11 12:09:45,082: pmgr.0000.launching.0: MainProcess                     : MainThread     : INFO    : python.interpreter   version: 2.7.15 |Anaconda, Inc.| (default, May 1 2018, 23:32:55) [GCC 7.2.0]
2018-10-11 12:09:45,082: pmgr.0000.launching.0: MainProcess                     : MainThread     : INFO    :                      pid/tid: 76808/MainThread
2018-10-11 12:09:45,082: pmgr.0000.launching.0: MainProcess                     : MainThread     : DEBUG   : alive check in term
2018-10-11 12:09:45,082: pmgr.0000.launching.0: MainProcess                     : MainThread     : DEBUG   : start process
2018-10-11 12:09:45,142: pmgr.0000.launching.0: MainProcess                     : MainThread     : INFO    : recv message: alive
2018-10-11 12:09:45,142: pmgr.0000.launching.0: MainProcess                     : MainThread     : INFO    : initialize pmgr.0000.launching.0
2018-10-11 12:09:45,143: pmgr.0000.launching.0: MainProcess                     : MainThread     : INFO    : cfg: {'agents': {},
 u'bridges': {u'control_pubsub': {'addr_in': 'tcp://204.90.41.2:37933',
                                  'addr_out': 'tcp://204.90.41.2:45587',
                                  u'bulk_size': 0,
                                  u'log_level': u'error',
                                  u'stall_hwm': 1},
              u'log_pubsub': {'addr_in': 'tcp://204.90.41.2:38878',
                              'addr_out': 'tcp://204.90.41.2:45602',
                              u'bulk_size': 0,
                              u'log_level': u'error',
                              u'stall_hwm': 1},
              u'pmgr_launching_queue': {'addr_in': 'tcp://204.90.41.2:37383',
                                        'addr_out': 'tcp://204.90.41.2:40020',
                                        u'bulk_size': 0,
                                        u'log_level': u'error',
                                        u'stall_hwm': 1},
              u'state_pubsub': {'addr_in': 'tcp://204.90.41.2:33761',
                                'addr_out': 'tcp://204.90.41.2:33552',
                                u'bulk_size': 0,
                                u'log_level': u'error',
                                u'stall_hwm': 1}},
 'cname': u'PMGRLaunchingComponent',
 u'components': {},
 u'count': 1,
 u'db_poll_sleeptime': 10.0,
 'number': 0,
 'owner': 'pmgr.0000',
 'uid': 'pmgr.0000'}
2018-10-11 12:09:45,143: pmgr.0000.launching.0: MainProcess                     : MainThread     : DEBUG   : alive check in term
2018-10-11 12:09:45,143: pmgr.0000.launching.0: MainProcess                     : MainThread     : DEBUG   : START: pmgr.0000.launching.0 register publisher log_pubsub
2018-10-11 12:09:45,143: pmgr.0000.launching.0: MainProcess                     : MainThread     : DEBUG   : using addr tcp://204.90.41.2:38878 for pubsub log_pubsub
2018-10-11 12:09:45,146: pmgr.0000.launching.0: MainProcess                     : MainThread     : DEBUG   : registered publisher : log_pubsub : log.pubsub.pub.0001
2018-10-11 12:09:45,146: pmgr.0000.launching.0: MainProcess                     : MainThread     : DEBUG   : alive check in term
2018-10-11 12:09:45,146: pmgr.0000.launching.0: MainProcess                     : MainThread     : DEBUG   : START: pmgr.0000.launching.0 register publisher state_pubsub
2018-10-11 12:09:45,146: pmgr.0000.launching.0: MainProcess                     : MainThread     : DEBUG   : using addr tcp://204.90.41.2:33761 for pubsub state_pubsub
2018-10-11 12:09:45,148: pmgr.0000.launching.0: MainProcess                     : MainThread     : DEBUG   : registered publisher : state_pubsub : state.pubsub.pub.0001
2018-10-11 12:09:45,148: pmgr.0000.launching.0: MainProcess                     : MainThread     : DEBUG   : alive check in term
2018-10-11 12:09:45,148: pmgr.0000.launching.0: MainProcess                     : MainThread     : DEBUG   : START: pmgr.0000.launching.0 register publisher control_pubsub
2018-10-11 12:09:45,148: pmgr.0000.launching.0: MainProcess                     : MainThread     : DEBUG   : using addr tcp://204.90.41.2:37933 for pubsub control_pubsub
2018-10-11 12:09:45,150: pmgr.0000.launching.0: MainProcess                     : MainThread     : DEBUG   : registered publisher : control_pubsub : control.pubsub.pub.0001
2018-10-11 12:09:45,150: pmgr.0000.launching.0: MainProcess                     : MainThread     : DEBUG   : parent name: pmgr.0000.launching.0.watch
2018-10-11 12:09:45,150: pmgr.0000.launching.0: MainProcess                     : MainThread     : DEBUG   : start thread
2018-10-11 12:09:45,150: pmgr.0000.launching.0: MainProcess                     : pmgr.0000.launching.0.watch: DEBUG   : child name: pmgr.0000.launching.0.watch.thread
2018-10-11 12:09:45,150: pmgr.0000.launching.0: MainProcess                     : pmgr.0000.launching.0.watch: INFO    : child (me) initializing
2018-10-11 12:09:45,151: pmgr.0000.launching.0: MainProcess                     : pmgr.0000.launching.0.watch: DEBUG   : ru_initialize_common (NOOP)
2018-10-11 12:09:45,151: pmgr.0000.launching.0: MainProcess                     : pmgr.0000.launching.0.watch: DEBUG   : ru_initialize_child (NOOP)
2018-10-11 12:09:45,151: pmgr.0000.launching.0: MainProcess                     : pmgr.0000.launching.0.watch: INFO    : send alive
2018-10-11 12:09:45,151: pmgr.0000.launching.0: MainProcess                     : pmgr.0000.launching.0.watch: INFO    : put message: [pmgr.0000.launching.0.watch.thread] alive
2018-10-11 12:09:45,151: pmgr.0000.launching.0: MainProcess                     : MainThread     : INFO    : get msg: alive
2018-10-11 12:09:45,152: pmgr.0000.launching.0: MainProcess                     : MainThread     : DEBUG   : ru_initialize_common (NOOP)
2018-10-11 12:09:45,152: pmgr.0000.launching.0: MainProcess                     : MainThread     : DEBUG   : ru_initialize_parent (NOOP)
2018-10-11 12:09:45,152: pmgr.0000.launching.0: MainProcess                     : MainThread     : DEBUG   : child thread pmgr.0000.launching.0.watch started
2018-10-11 12:09:45,152: pmgr.0000.launching.0: MainProcess                     : MainThread     : INFO    : child is alive
2018-10-11 12:09:45,152: pmgr.0000.launching.0: MainProcess                     : MainThread     : DEBUG   : process class started child
2018-10-11 12:25:07,610: pmgr.0000.launching.0: MainProcess                     : MainThread     : INFO    : stop pmgr.0000.launching.0 (76808 : 76901 : MainThread) [radical.pilot.pilot_manager.PilotManager.finalize_parent]
2018-10-11 12:25:07,610: pmgr.0000.launching.0: MainProcess                     : MainThread     : INFO    : parent stops child  76808 -> 76901 [pmgr.0000.launching.0]
2018-10-11 12:25:07,611: pmgr.0000.launching.0: MainProcess                     : MainThread     : INFO    : send message: [pmgr.0000.launching.0] STOP
2018-10-11 12:25:07,611: pmgr.0000.launching.0: MainProcess                     : MainThread     : DEBUG   : ru_finalize_common()
2018-10-11 12:25:07,611: pmgr.0000.launching.0: MainProcess                     : MainThread     : DEBUG   : TERM : pmgr.0000.launching.0 unregister publisher log_pubsub
2018-10-11 12:25:07,611: pmgr.0000.launching.0: MainProcess                     : MainThread     : DEBUG   : unregistered publisher log_pubsub
2018-10-11 12:25:07,611: pmgr.0000.launching.0: MainProcess                     : MainThread     : DEBUG   : TERM : pmgr.0000.launching.0 unregister publisher state_pubsub
2018-10-11 12:25:07,612: pmgr.0000.launching.0: MainProcess                     : MainThread     : DEBUG   : unregistered publisher state_pubsub
2018-10-11 12:25:07,612: pmgr.0000.launching.0: MainProcess                     : MainThread     : DEBUG   : TERM : pmgr.0000.launching.0 unregister publisher control_pubsub
2018-10-11 12:25:07,612: pmgr.0000.launching.0: MainProcess                     : MainThread     : DEBUG   : unregistered publisher control_pubsub
2018-10-11 12:25:07,612: pmgr.0000.launching.0: MainProcess                     : MainThread     : DEBUG   : pmgr.0000.launching.0 close prof
2018-10-11 12:25:07,613: pmgr.0000.launching.0: MainProcess                     : MainThread     : INFO    : parent stops child
2018-10-11 12:25:07,613: pmgr.0000.launching.0: MainProcess                     : MainThread     : DEBUG   : ru_finalize_parent (NOOP)
2018-10-11 12:25:07,613: pmgr.0000.launching.0: MainProcess                     : MainThread     : DEBUG   : ru_finalize_common (NOOP)
2018-10-11 12:25:07,623: pmgr.0000.launching.0: MainProcess                     : pmgr.0000.launching.0.watch: INFO    : watcher closes
2018-10-11 12:25:07,624: pmgr.0000.launching.0: MainProcess                     : pmgr.0000.launching.0.watch: INFO    : put message: [pmgr.0000.launching.0.watch.thread] work finished
2018-10-11 12:25:07,624: pmgr.0000.launching.0: MainProcess                     : pmgr.0000.launching.0.watch: DEBUG   : ru_finalize_child (NOOP)
2018-10-11 12:25:07,624: pmgr.0000.launching.0: MainProcess                     : pmgr.0000.launching.0.watch: DEBUG   : ru_finalize_common (NOOP)
2018-10-11 12:25:07,624: pmgr.0000.launching.0: MainProcess                     : pmgr.0000.launching.0.watch: INFO    : put message: [pmgr.0000.launching.0.watch.thread] terminating
2018-10-11 12:25:09,628: pmgr.0000.launching.0: MainProcess                     : MainThread     : WARNING : failed to stop child - terminate: 76808 -> 76901 [pmgr.0000.launching.0]
2018-10-11 12:25:10,460: pmgr.0000.launching.0: MainProcess                     : MainThread     : INFO    : stop pmgr.0000.launching.0 (76808 : 76901 : MainThread) [radical.pilot.utils.component.PilotManager.ru_finalize_common]
2018-10-11 12:25:13,624: pmgr.0000.launching.0: MainProcess                     : MainThread     : INFO    : stop pmgr.0000.launching.0 (76808 : 76901 : MainThread) [radical.pilot.session.Session.close]
