2018-10-11 12:04:44,486: control.pubsub.sub.0000: update.0                        : MainThread     : INFO    : python.interpreter   version: 2.7.15 |Anaconda, Inc.| (default, May 1 2018, 23:32:55) [GCC 7.2.0]
2018-10-11 12:04:44,486: control.pubsub.sub.0000: update.0                        : MainThread     : INFO    :                      pid/tid: 61114/MainThread
2018-10-11 12:04:44,487: control.pubsub.sub.0000: update.0                        : MainThread     : INFO    : create control_pubsub - sub - tcp://204.90.41.4:46030
2018-10-11 12:04:44,487: control.pubsub.sub.0000: update.0                        : MainThread     : DEBUG   : start process
2018-10-11 12:04:44,487: control.pubsub.sub.0000: update.0                        : MainThread     : DEBUG   : ru_initialize_common (NOOP)
2018-10-11 12:04:44,487: control.pubsub.sub.0000: update.0                        : MainThread     : DEBUG   : ru_initialize_parent (NOOP)
2018-10-11 12:04:44,487: control.pubsub.sub.0000: update.0                        : MainThread     : DEBUG   : process class started (no child)
2018-10-11 12:04:45,093: control.pubsub.sub.0000: pmgr.0000.launching.0           : MainThread     : INFO    : python.interpreter   version: 2.7.15 |Anaconda, Inc.| (default, May 1 2018, 23:32:55) [GCC 7.2.0]
2018-10-11 12:04:45,093: control.pubsub.sub.0000: pmgr.0000.launching.0           : MainThread     : INFO    :                      pid/tid: 61144/MainThread
2018-10-11 12:04:45,093: control.pubsub.sub.0000: pmgr.0000.launching.0           : MainThread     : INFO    : create control_pubsub - sub - tcp://204.90.41.4:46030
2018-10-11 12:04:45,093: control.pubsub.sub.0000: pmgr.0000.launching.0           : MainThread     : DEBUG   : start process
2018-10-11 12:04:45,093: control.pubsub.sub.0000: pmgr.0000.launching.0           : MainThread     : DEBUG   : ru_initialize_common (NOOP)
2018-10-11 12:04:45,093: control.pubsub.sub.0000: pmgr.0000.launching.0           : MainThread     : DEBUG   : ru_initialize_parent (NOOP)
2018-10-11 12:04:45,093: control.pubsub.sub.0000: pmgr.0000.launching.0           : MainThread     : DEBUG   : process class started (no child)
2018-10-11 12:04:45,126: control.pubsub.sub.0000: MainProcess                     : MainThread     : INFO    : python.interpreter   version: 2.7.15 |Anaconda, Inc.| (default, May 1 2018, 23:32:55) [GCC 7.2.0]
2018-10-11 12:04:45,126: control.pubsub.sub.0000: MainProcess                     : MainThread     : INFO    :                      pid/tid: 61052/MainThread
2018-10-11 12:04:45,126: control.pubsub.sub.0000: MainProcess                     : MainThread     : INFO    : create control_pubsub - sub - tcp://204.90.41.4:46030
2018-10-11 12:04:45,126: control.pubsub.sub.0000: MainProcess                     : MainThread     : DEBUG   : start process
2018-10-11 12:04:45,126: control.pubsub.sub.0000: MainProcess                     : MainThread     : DEBUG   : ru_initialize_common (NOOP)
2018-10-11 12:04:45,126: control.pubsub.sub.0000: MainProcess                     : MainThread     : DEBUG   : ru_initialize_parent (NOOP)
2018-10-11 12:04:45,127: control.pubsub.sub.0000: MainProcess                     : MainThread     : DEBUG   : process class started (no child)
2018-10-11 12:20:40,852: control.pubsub.sub.0000: MainProcess                     : MainThread     : INFO    : parent stops child  61052 -> None [control.pubsub.sub.0000]
2018-10-11 12:20:40,857: control.pubsub.sub.0000: MainProcess                     : MainThread     : DEBUG   : ru_finalize_parent (NOOP)
2018-10-11 12:20:41,075: control.pubsub.sub.0000: update.0                        : MainThread     : INFO    : parent stops child  61114 -> None [control.pubsub.sub.0000]
2018-10-11 12:20:41,079: control.pubsub.sub.0000: update.0                        : MainThread     : DEBUG   : ru_finalize_parent (NOOP)
