2018-10-11 10:02:53,665: control.pubsub.sub.0000: update.0                        : MainThread     : INFO    : python.interpreter   version: 2.7.15 |Anaconda, Inc.| (default, May 1 2018, 23:32:55) [GCC 7.2.0]
2018-10-11 10:02:53,665: control.pubsub.sub.0000: update.0                        : MainThread     : INFO    :                      pid/tid: 90675/MainThread
2018-10-11 10:02:53,666: control.pubsub.sub.0000: update.0                        : MainThread     : INFO    : create control_pubsub - sub - tcp://204.90.41.4:34846
2018-10-11 10:02:53,666: control.pubsub.sub.0000: update.0                        : MainThread     : DEBUG   : start process
2018-10-11 10:02:53,666: control.pubsub.sub.0000: update.0                        : MainThread     : DEBUG   : ru_initialize_common (NOOP)
2018-10-11 10:02:53,666: control.pubsub.sub.0000: update.0                        : MainThread     : DEBUG   : ru_initialize_parent (NOOP)
2018-10-11 10:02:53,666: control.pubsub.sub.0000: update.0                        : MainThread     : DEBUG   : process class started (no child)
2018-10-11 10:02:54,473: control.pubsub.sub.0000: pmgr.0000.launching.0           : MainThread     : INFO    : python.interpreter   version: 2.7.15 |Anaconda, Inc.| (default, May 1 2018, 23:32:55) [GCC 7.2.0]
2018-10-11 10:02:54,473: control.pubsub.sub.0000: pmgr.0000.launching.0           : MainThread     : INFO    :                      pid/tid: 90705/MainThread
2018-10-11 10:02:54,473: control.pubsub.sub.0000: pmgr.0000.launching.0           : MainThread     : INFO    : create control_pubsub - sub - tcp://204.90.41.4:34846
2018-10-11 10:02:54,474: control.pubsub.sub.0000: pmgr.0000.launching.0           : MainThread     : DEBUG   : start process
2018-10-11 10:02:54,474: control.pubsub.sub.0000: pmgr.0000.launching.0           : MainThread     : DEBUG   : ru_initialize_common (NOOP)
2018-10-11 10:02:54,474: control.pubsub.sub.0000: pmgr.0000.launching.0           : MainThread     : DEBUG   : ru_initialize_parent (NOOP)
2018-10-11 10:02:54,474: control.pubsub.sub.0000: pmgr.0000.launching.0           : MainThread     : DEBUG   : process class started (no child)
2018-10-11 10:02:54,540: control.pubsub.sub.0000: MainProcess                     : MainThread     : INFO    : python.interpreter   version: 2.7.15 |Anaconda, Inc.| (default, May 1 2018, 23:32:55) [GCC 7.2.0]
2018-10-11 10:02:54,540: control.pubsub.sub.0000: MainProcess                     : MainThread     : INFO    :                      pid/tid: 90547/MainThread
2018-10-11 10:02:54,540: control.pubsub.sub.0000: MainProcess                     : MainThread     : INFO    : create control_pubsub - sub - tcp://204.90.41.4:34846
2018-10-11 10:02:54,541: control.pubsub.sub.0000: MainProcess                     : MainThread     : DEBUG   : start process
2018-10-11 10:02:54,541: control.pubsub.sub.0000: MainProcess                     : MainThread     : DEBUG   : ru_initialize_common (NOOP)
2018-10-11 10:02:54,541: control.pubsub.sub.0000: MainProcess                     : MainThread     : DEBUG   : ru_initialize_parent (NOOP)
2018-10-11 10:02:54,541: control.pubsub.sub.0000: MainProcess                     : MainThread     : DEBUG   : process class started (no child)
2018-10-11 10:19:23,600: control.pubsub.sub.0000: MainProcess                     : MainThread     : INFO    : parent stops child  90547 -> None [control.pubsub.sub.0000]
2018-10-11 10:19:23,600: control.pubsub.sub.0000: MainProcess                     : MainThread     : DEBUG   : ru_finalize_parent (NOOP)
2018-10-11 10:19:23,882: control.pubsub.sub.0000: update.0                        : MainThread     : INFO    : parent stops child  90675 -> None [control.pubsub.sub.0000]
2018-10-11 10:19:23,882: control.pubsub.sub.0000: update.0                        : MainThread     : DEBUG   : ru_finalize_parent (NOOP)
