2018-10-11 10:54:30,725: pmgr.0000.launching.0: MainProcess                     : MainThread     : INFO    : python.interpreter   version: 2.7.15 |Anaconda, Inc.| (default, May 1 2018, 23:32:55) [GCC 7.2.0]
2018-10-11 10:54:30,725: pmgr.0000.launching.0: MainProcess                     : MainThread     : INFO    :                      pid/tid: 5731/MainThread
2018-10-11 10:54:30,726: pmgr.0000.launching.0: MainProcess                     : MainThread     : DEBUG   : alive check in term
2018-10-11 10:54:30,726: pmgr.0000.launching.0: MainProcess                     : MainThread     : DEBUG   : start process
2018-10-11 10:54:31,074: pmgr.0000.launching.0: MainProcess                     : MainThread     : INFO    : recv message: alive
2018-10-11 10:54:31,074: pmgr.0000.launching.0: MainProcess                     : MainThread     : INFO    : initialize pmgr.0000.launching.0
2018-10-11 10:54:31,076: pmgr.0000.launching.0: MainProcess                     : MainThread     : INFO    : cfg: {'agents': {},
 u'bridges': {u'control_pubsub': {'addr_in': 'tcp://204.90.41.4:34107',
                                  'addr_out': 'tcp://204.90.41.4:33632',
                                  u'bulk_size': 0,
                                  u'log_level': u'error',
                                  u'stall_hwm': 1},
              u'log_pubsub': {'addr_in': 'tcp://204.90.41.4:44309',
                              'addr_out': 'tcp://204.90.41.4:34734',
                              u'bulk_size': 0,
                              u'log_level': u'error',
                              u'stall_hwm': 1},
              u'pmgr_launching_queue': {'addr_in': 'tcp://204.90.41.4:39139',
                                        'addr_out': 'tcp://204.90.41.4:44972',
                                        u'bulk_size': 0,
                                        u'log_level': u'error',
                                        u'stall_hwm': 1},
              u'state_pubsub': {'addr_in': 'tcp://204.90.41.4:39809',
                                'addr_out': 'tcp://204.90.41.4:44082',
                                u'bulk_size': 0,
                                u'log_level': u'error',
                                u'stall_hwm': 1}},
 'cname': u'PMGRLaunchingComponent',
 u'components': {},
 u'count': 1,
 u'db_poll_sleeptime': 10.0,
 'number': 0,
 'owner': 'pmgr.0000',
 'uid': 'pmgr.0000'}
2018-10-11 10:54:31,076: pmgr.0000.launching.0: MainProcess                     : MainThread     : DEBUG   : alive check in term
2018-10-11 10:54:31,076: pmgr.0000.launching.0: MainProcess                     : MainThread     : DEBUG   : START: pmgr.0000.launching.0 register publisher log_pubsub
2018-10-11 10:54:31,076: pmgr.0000.launching.0: MainProcess                     : MainThread     : DEBUG   : using addr tcp://204.90.41.4:44309 for pubsub log_pubsub
2018-10-11 10:54:31,083: pmgr.0000.launching.0: MainProcess                     : MainThread     : DEBUG   : registered publisher : log_pubsub : log.pubsub.pub.0001
2018-10-11 10:54:31,083: pmgr.0000.launching.0: MainProcess                     : MainThread     : DEBUG   : alive check in term
2018-10-11 10:54:31,083: pmgr.0000.launching.0: MainProcess                     : MainThread     : DEBUG   : START: pmgr.0000.launching.0 register publisher state_pubsub
2018-10-11 10:54:31,083: pmgr.0000.launching.0: MainProcess                     : MainThread     : DEBUG   : using addr tcp://204.90.41.4:39809 for pubsub state_pubsub
2018-10-11 10:54:31,089: pmgr.0000.launching.0: MainProcess                     : MainThread     : DEBUG   : registered publisher : state_pubsub : state.pubsub.pub.0001
2018-10-11 10:54:31,089: pmgr.0000.launching.0: MainProcess                     : MainThread     : DEBUG   : alive check in term
2018-10-11 10:54:31,090: pmgr.0000.launching.0: MainProcess                     : MainThread     : DEBUG   : START: pmgr.0000.launching.0 register publisher control_pubsub
2018-10-11 10:54:31,090: pmgr.0000.launching.0: MainProcess                     : MainThread     : DEBUG   : using addr tcp://204.90.41.4:34107 for pubsub control_pubsub
2018-10-11 10:54:31,095: pmgr.0000.launching.0: MainProcess                     : MainThread     : DEBUG   : registered publisher : control_pubsub : control.pubsub.pub.0001
2018-10-11 10:54:31,096: pmgr.0000.launching.0: MainProcess                     : MainThread     : DEBUG   : parent name: pmgr.0000.launching.0.watch
2018-10-11 10:54:31,096: pmgr.0000.launching.0: MainProcess                     : MainThread     : DEBUG   : start thread
2018-10-11 10:54:31,105: pmgr.0000.launching.0: MainProcess                     : pmgr.0000.launching.0.watch: DEBUG   : child name: pmgr.0000.launching.0.watch.thread
2018-10-11 10:54:31,105: pmgr.0000.launching.0: MainProcess                     : pmgr.0000.launching.0.watch: INFO    : child (me) initializing
2018-10-11 10:54:31,105: pmgr.0000.launching.0: MainProcess                     : pmgr.0000.launching.0.watch: DEBUG   : ru_initialize_common (NOOP)
2018-10-11 10:54:31,105: pmgr.0000.launching.0: MainProcess                     : pmgr.0000.launching.0.watch: DEBUG   : ru_initialize_child (NOOP)
2018-10-11 10:54:31,105: pmgr.0000.launching.0: MainProcess                     : pmgr.0000.launching.0.watch: INFO    : send alive
2018-10-11 10:54:31,105: pmgr.0000.launching.0: MainProcess                     : pmgr.0000.launching.0.watch: INFO    : put message: [pmgr.0000.launching.0.watch.thread] alive
2018-10-11 10:54:31,106: pmgr.0000.launching.0: MainProcess                     : MainThread     : INFO    : get msg: alive
2018-10-11 10:54:31,106: pmgr.0000.launching.0: MainProcess                     : MainThread     : DEBUG   : ru_initialize_common (NOOP)
2018-10-11 10:54:31,106: pmgr.0000.launching.0: MainProcess                     : MainThread     : DEBUG   : ru_initialize_parent (NOOP)
2018-10-11 10:54:31,106: pmgr.0000.launching.0: MainProcess                     : MainThread     : DEBUG   : child thread pmgr.0000.launching.0.watch started
2018-10-11 10:54:31,106: pmgr.0000.launching.0: MainProcess                     : MainThread     : INFO    : child is alive
2018-10-11 10:54:31,107: pmgr.0000.launching.0: MainProcess                     : MainThread     : DEBUG   : process class started child
2018-10-11 11:12:34,123: pmgr.0000.launching.0: MainProcess                     : MainThread     : INFO    : stop pmgr.0000.launching.0 (5731 : 5825 : MainThread) [radical.pilot.pilot_manager.PilotManager.finalize_parent]
2018-10-11 11:12:34,123: pmgr.0000.launching.0: MainProcess                     : MainThread     : INFO    : parent stops child  5731 -> 5825 [pmgr.0000.launching.0]
2018-10-11 11:12:34,123: pmgr.0000.launching.0: MainProcess                     : MainThread     : INFO    : send message: [pmgr.0000.launching.0] STOP
2018-10-11 11:12:34,123: pmgr.0000.launching.0: MainProcess                     : MainThread     : DEBUG   : ru_finalize_common()
2018-10-11 11:12:34,123: pmgr.0000.launching.0: MainProcess                     : MainThread     : DEBUG   : TERM : pmgr.0000.launching.0 unregister publisher log_pubsub
2018-10-11 11:12:34,124: pmgr.0000.launching.0: MainProcess                     : MainThread     : DEBUG   : unregistered publisher log_pubsub
2018-10-11 11:12:34,124: pmgr.0000.launching.0: MainProcess                     : MainThread     : DEBUG   : TERM : pmgr.0000.launching.0 unregister publisher state_pubsub
2018-10-11 11:12:34,125: pmgr.0000.launching.0: MainProcess                     : MainThread     : DEBUG   : unregistered publisher state_pubsub
2018-10-11 11:12:34,125: pmgr.0000.launching.0: MainProcess                     : MainThread     : DEBUG   : TERM : pmgr.0000.launching.0 unregister publisher control_pubsub
2018-10-11 11:12:34,126: pmgr.0000.launching.0: MainProcess                     : MainThread     : DEBUG   : unregistered publisher control_pubsub
2018-10-11 11:12:34,126: pmgr.0000.launching.0: MainProcess                     : MainThread     : DEBUG   : pmgr.0000.launching.0 close prof
2018-10-11 11:12:34,126: pmgr.0000.launching.0: MainProcess                     : MainThread     : INFO    : parent stops child
2018-10-11 11:12:34,126: pmgr.0000.launching.0: MainProcess                     : MainThread     : DEBUG   : ru_finalize_parent (NOOP)
2018-10-11 11:12:34,126: pmgr.0000.launching.0: MainProcess                     : MainThread     : DEBUG   : ru_finalize_common (NOOP)
2018-10-11 11:12:34,183: pmgr.0000.launching.0: MainProcess                     : pmgr.0000.launching.0.watch: INFO    : watcher closes
2018-10-11 11:12:34,183: pmgr.0000.launching.0: MainProcess                     : pmgr.0000.launching.0.watch: INFO    : put message: [pmgr.0000.launching.0.watch.thread] work finished
2018-10-11 11:12:34,183: pmgr.0000.launching.0: MainProcess                     : pmgr.0000.launching.0.watch: DEBUG   : ru_finalize_child (NOOP)
2018-10-11 11:12:34,183: pmgr.0000.launching.0: MainProcess                     : pmgr.0000.launching.0.watch: DEBUG   : ru_finalize_common (NOOP)
2018-10-11 11:12:34,183: pmgr.0000.launching.0: MainProcess                     : pmgr.0000.launching.0.watch: INFO    : put message: [pmgr.0000.launching.0.watch.thread] terminating
2018-10-11 11:12:35,179: pmgr.0000.launching.0: MainProcess                     : MainThread     : INFO    : stop pmgr.0000.launching.0 (5731 : 5825 : MainThread) [radical.pilot.utils.component.PilotManager.ru_finalize_common]
2018-10-11 11:12:37,634: pmgr.0000.launching.0: MainProcess                     : MainThread     : INFO    : stop pmgr.0000.launching.0 (5731 : 5825 : MainThread) [radical.pilot.session.Session.close]
