2018-10-11 10:54:27,916: rp.session.smic004.sdimitro.017815.0064: MainProcess                     : MainThread     : INFO    : python.interpreter   version: 2.7.15 |Anaconda, Inc.| (default, May 1 2018, 23:32:55) [GCC 7.2.0]
2018-10-11 10:54:27,916: rp.session.smic004.sdimitro.017815.0064: MainProcess                     : MainThread     : INFO    :                      pid/tid: 5731/MainThread
2018-10-11 10:54:28,283: rp.session.smic004.sdimitro.017815.0064: MainProcess                     : MainThread     : INFO    : using database mongodb://aymenfja:123456789@ds127490.mlab.com:27490/radicallab
2018-10-11 10:54:28,288: rp.session.smic004.sdimitro.017815.0064: MainProcess                     : MainThread     : INFO    : Load resource configurations from /home/sdimitro/miniconda2/envs/RADICALPilot/lib/python2.7/site-packages/radical/pilot/configs/resource_rice.json
2018-10-11 10:54:28,292: rp.session.smic004.sdimitro.017815.0064: MainProcess                     : MainThread     : INFO    : Load resource configurations for rice.davinci_ssh
2018-10-11 10:54:28,292: rp.session.smic004.sdimitro.017815.0064: MainProcess                     : MainThread     : DEBUG   : read rcfg for rice.davinci_ssh (None)
2018-10-11 10:54:28,292: rp.session.smic004.sdimitro.017815.0064: MainProcess                     : MainThread     : INFO    : Load resource configurations for rice.biou_ssh
2018-10-11 10:54:28,292: rp.session.smic004.sdimitro.017815.0064: MainProcess                     : MainThread     : DEBUG   : read rcfg for rice.biou_ssh (None)
2018-10-11 10:54:28,292: rp.session.smic004.sdimitro.017815.0064: MainProcess                     : MainThread     : INFO    : Load resource configurations from /home/sdimitro/miniconda2/envs/RADICALPilot/lib/python2.7/site-packages/radical/pilot/configs/resource_iu.json
2018-10-11 10:54:28,300: rp.session.smic004.sdimitro.017815.0064: MainProcess                     : MainThread     : INFO    : Load resource configurations for iu.bigred2_ccm_ssh
2018-10-11 10:54:28,301: rp.session.smic004.sdimitro.017815.0064: MainProcess                     : MainThread     : DEBUG   : read rcfg for iu.bigred2_ccm_ssh (None)
2018-10-11 10:54:28,301: rp.session.smic004.sdimitro.017815.0064: MainProcess                     : MainThread     : INFO    : Load resource configurations for iu.bigred2_aprun
2018-10-11 10:54:28,301: rp.session.smic004.sdimitro.017815.0064: MainProcess                     : MainThread     : DEBUG   : read rcfg for iu.bigred2_aprun (None)
2018-10-11 10:54:28,301: rp.session.smic004.sdimitro.017815.0064: MainProcess                     : MainThread     : INFO    : Load resource configurations from /home/sdimitro/miniconda2/envs/RADICALPilot/lib/python2.7/site-packages/radical/pilot/configs/resource_aliases.json
2018-10-11 10:54:28,306: rp.session.smic004.sdimitro.017815.0064: MainProcess                     : MainThread     : INFO    : Load resource configurations from /home/sdimitro/miniconda2/envs/RADICALPilot/lib/python2.7/site-packages/radical/pilot/configs/resource_chameleon.json
2018-10-11 10:54:28,312: rp.session.smic004.sdimitro.017815.0064: MainProcess                     : MainThread     : INFO    : Load resource configurations for chameleon.cloud_vm_yarn
2018-10-11 10:54:28,313: rp.session.smic004.sdimitro.017815.0064: MainProcess                     : MainThread     : DEBUG   : read rcfg for chameleon.cloud_vm_yarn (None)
2018-10-11 10:54:28,313: rp.session.smic004.sdimitro.017815.0064: MainProcess                     : MainThread     : INFO    : Load resource configurations from /home/sdimitro/miniconda2/envs/RADICALPilot/lib/python2.7/site-packages/radical/pilot/configs/resource_futuregrid.json
2018-10-11 10:54:28,326: rp.session.smic004.sdimitro.017815.0064: MainProcess                     : MainThread     : INFO    : Load resource configurations for futuregrid.delta_ssh
2018-10-11 10:54:28,335: rp.session.smic004.sdimitro.017815.0064: MainProcess                     : MainThread     : DEBUG   : read rcfg for futuregrid.delta_ssh (None)
2018-10-11 10:54:28,335: rp.session.smic004.sdimitro.017815.0064: MainProcess                     : MainThread     : INFO    : Load resource configurations for futuregrid.india_ssh
2018-10-11 10:54:28,336: rp.session.smic004.sdimitro.017815.0064: MainProcess                     : MainThread     : DEBUG   : read rcfg for futuregrid.india_ssh (None)
2018-10-11 10:54:28,336: rp.session.smic004.sdimitro.017815.0064: MainProcess                     : MainThread     : INFO    : Load resource configurations for futuregrid.echo_ssh
2018-10-11 10:54:28,336: rp.session.smic004.sdimitro.017815.0064: MainProcess                     : MainThread     : DEBUG   : read rcfg for futuregrid.echo_ssh (None)
2018-10-11 10:54:28,336: rp.session.smic004.sdimitro.017815.0064: MainProcess                     : MainThread     : INFO    : Load resource configurations for futuregrid.xray_ccm
2018-10-11 10:54:28,336: rp.session.smic004.sdimitro.017815.0064: MainProcess                     : MainThread     : DEBUG   : read rcfg for futuregrid.xray_ccm (None)
2018-10-11 10:54:28,336: rp.session.smic004.sdimitro.017815.0064: MainProcess                     : MainThread     : INFO    : Load resource configurations for futuregrid.bravo_ssh
2018-10-11 10:54:28,337: rp.session.smic004.sdimitro.017815.0064: MainProcess                     : MainThread     : DEBUG   : read rcfg for futuregrid.bravo_ssh (None)
2018-10-11 10:54:28,337: rp.session.smic004.sdimitro.017815.0064: MainProcess                     : MainThread     : INFO    : Load resource configurations for futuregrid.xray_aprun
2018-10-11 10:54:28,337: rp.session.smic004.sdimitro.017815.0064: MainProcess                     : MainThread     : DEBUG   : read rcfg for futuregrid.xray_aprun (None)
2018-10-11 10:54:28,337: rp.session.smic004.sdimitro.017815.0064: MainProcess                     : MainThread     : INFO    : Load resource configurations from /home/sdimitro/miniconda2/envs/RADICALPilot/lib/python2.7/site-packages/radical/pilot/configs/resource_nersc.json
2018-10-11 10:54:28,362: rp.session.smic004.sdimitro.017815.0064: MainProcess                     : MainThread     : INFO    : Load resource configurations for nersc.edison_ccm_ssh
2018-10-11 10:54:28,363: rp.session.smic004.sdimitro.017815.0064: MainProcess                     : MainThread     : DEBUG   : read rcfg for nersc.edison_ccm_ssh (None)
2018-10-11 10:54:28,363: rp.session.smic004.sdimitro.017815.0064: MainProcess                     : MainThread     : INFO    : Load resource configurations for nersc.hopper_orte
2018-10-11 10:54:28,363: rp.session.smic004.sdimitro.017815.0064: MainProcess                     : MainThread     : DEBUG   : read rcfg for nersc.hopper_orte (None)
2018-10-11 10:54:28,363: rp.session.smic004.sdimitro.017815.0064: MainProcess                     : MainThread     : INFO    : Load resource configurations for nersc.hopper_ccm_ssh
2018-10-11 10:54:28,364: rp.session.smic004.sdimitro.017815.0064: MainProcess                     : MainThread     : DEBUG   : read rcfg for nersc.hopper_ccm_ssh (24)
2018-10-11 10:54:28,364: rp.session.smic004.sdimitro.017815.0064: MainProcess                     : MainThread     : INFO    : Load resource configurations for nersc.edison_aprun
2018-10-11 10:54:28,364: rp.session.smic004.sdimitro.017815.0064: MainProcess                     : MainThread     : DEBUG   : read rcfg for nersc.edison_aprun (None)
2018-10-11 10:54:28,364: rp.session.smic004.sdimitro.017815.0064: MainProcess                     : MainThread     : INFO    : Load resource configurations for nersc.hopper_aprun
2018-10-11 10:54:28,365: rp.session.smic004.sdimitro.017815.0064: MainProcess                     : MainThread     : DEBUG   : read rcfg for nersc.hopper_aprun (24)
2018-10-11 10:54:28,365: rp.session.smic004.sdimitro.017815.0064: MainProcess                     : MainThread     : INFO    : Load resource configurations for nersc.edison_orte
2018-10-11 10:54:28,365: rp.session.smic004.sdimitro.017815.0064: MainProcess                     : MainThread     : DEBUG   : read rcfg for nersc.edison_orte (None)
2018-10-11 10:54:28,365: rp.session.smic004.sdimitro.017815.0064: MainProcess                     : MainThread     : INFO    : Load resource configurations from /home/sdimitro/miniconda2/envs/RADICALPilot/lib/python2.7/site-packages/radical/pilot/configs/resource_ncar.json
2018-10-11 10:54:28,374: rp.session.smic004.sdimitro.017815.0064: MainProcess                     : MainThread     : INFO    : Load resource configurations for ncar.cheyenne_mpirun
2018-10-11 10:54:28,374: rp.session.smic004.sdimitro.017815.0064: MainProcess                     : MainThread     : DEBUG   : read rcfg for ncar.cheyenne_mpirun (None)
2018-10-11 10:54:28,375: rp.session.smic004.sdimitro.017815.0064: MainProcess                     : MainThread     : INFO    : Load resource configurations for ncar.yellowstone_ssh
2018-10-11 10:54:28,375: rp.session.smic004.sdimitro.017815.0064: MainProcess                     : MainThread     : DEBUG   : read rcfg for ncar.yellowstone_ssh (None)
2018-10-11 10:54:28,375: rp.session.smic004.sdimitro.017815.0064: MainProcess                     : MainThread     : INFO    : Load resource configurations from /home/sdimitro/miniconda2/envs/RADICALPilot/lib/python2.7/site-packages/radical/pilot/configs/resource_lrz.json
2018-10-11 10:54:28,382: rp.session.smic004.sdimitro.017815.0064: MainProcess                     : MainThread     : INFO    : Load resource configurations for lrz.supermuc_ssh
2018-10-11 10:54:28,382: rp.session.smic004.sdimitro.017815.0064: MainProcess                     : MainThread     : DEBUG   : read rcfg for lrz.supermuc_ssh (None)
2018-10-11 10:54:28,382: rp.session.smic004.sdimitro.017815.0064: MainProcess                     : MainThread     : INFO    : Load resource configurations from /home/sdimitro/miniconda2/envs/RADICALPilot/lib/python2.7/site-packages/radical/pilot/configs/resource_osg.json
2018-10-11 10:54:28,390: rp.session.smic004.sdimitro.017815.0064: MainProcess                     : MainThread     : INFO    : Load resource configurations for osg.xsede-virt-clust
2018-10-11 10:54:28,391: rp.session.smic004.sdimitro.017815.0064: MainProcess                     : MainThread     : DEBUG   : read rcfg for osg.xsede-virt-clust (None)
2018-10-11 10:54:28,391: rp.session.smic004.sdimitro.017815.0064: MainProcess                     : MainThread     : INFO    : Load resource configurations for osg.connect
2018-10-11 10:54:28,391: rp.session.smic004.sdimitro.017815.0064: MainProcess                     : MainThread     : DEBUG   : read rcfg for osg.connect (None)
2018-10-11 10:54:28,392: rp.session.smic004.sdimitro.017815.0064: MainProcess                     : MainThread     : INFO    : Load resource configurations from /home/sdimitro/miniconda2/envs/RADICALPilot/lib/python2.7/site-packages/radical/pilot/configs/resource_das4.json
2018-10-11 10:54:28,399: rp.session.smic004.sdimitro.017815.0064: MainProcess                     : MainThread     : INFO    : Load resource configurations for das4.fs2_ssh
2018-10-11 10:54:28,399: rp.session.smic004.sdimitro.017815.0064: MainProcess                     : MainThread     : DEBUG   : read rcfg for das4.fs2_ssh (None)
2018-10-11 10:54:28,399: rp.session.smic004.sdimitro.017815.0064: MainProcess                     : MainThread     : INFO    : Load resource configurations from /home/sdimitro/miniconda2/envs/RADICALPilot/lib/python2.7/site-packages/radical/pilot/configs/resource_yale.json
2018-10-11 10:54:28,406: rp.session.smic004.sdimitro.017815.0064: MainProcess                     : MainThread     : INFO    : Load resource configurations for yale.grace_ssh
2018-10-11 10:54:28,406: rp.session.smic004.sdimitro.017815.0064: MainProcess                     : MainThread     : DEBUG   : read rcfg for yale.grace_ssh (None)
2018-10-11 10:54:28,406: rp.session.smic004.sdimitro.017815.0064: MainProcess                     : MainThread     : INFO    : Load resource configurations from /home/sdimitro/miniconda2/envs/RADICALPilot/lib/python2.7/site-packages/radical/pilot/configs/resource_stfc.json
2018-10-11 10:54:28,413: rp.session.smic004.sdimitro.017815.0064: MainProcess                     : MainThread     : INFO    : Load resource configurations for stfc.joule_runjob
2018-10-11 10:54:28,413: rp.session.smic004.sdimitro.017815.0064: MainProcess                     : MainThread     : DEBUG   : read rcfg for stfc.joule_runjob (None)
2018-10-11 10:54:28,413: rp.session.smic004.sdimitro.017815.0064: MainProcess                     : MainThread     : INFO    : Load resource configurations from /home/sdimitro/miniconda2/envs/RADICALPilot/lib/python2.7/site-packages/radical/pilot/configs/resource_lumc.json
2018-10-11 10:54:28,421: rp.session.smic004.sdimitro.017815.0064: MainProcess                     : MainThread     : INFO    : Load resource configurations for lumc.gb-ui_ssh
2018-10-11 10:54:28,422: rp.session.smic004.sdimitro.017815.0064: MainProcess                     : MainThread     : DEBUG   : read rcfg for lumc.gb-ui_ssh (None)
2018-10-11 10:54:28,422: rp.session.smic004.sdimitro.017815.0064: MainProcess                     : MainThread     : INFO    : Load resource configurations for lumc.shark_ssh
2018-10-11 10:54:28,422: rp.session.smic004.sdimitro.017815.0064: MainProcess                     : MainThread     : DEBUG   : read rcfg for lumc.shark_ssh (None)
2018-10-11 10:54:28,422: rp.session.smic004.sdimitro.017815.0064: MainProcess                     : MainThread     : INFO    : Load resource configurations from /home/sdimitro/miniconda2/envs/RADICALPilot/lib/python2.7/site-packages/radical/pilot/configs/resource_vtarc_dt.json
2018-10-11 10:54:28,429: rp.session.smic004.sdimitro.017815.0064: MainProcess                     : MainThread     : INFO    : Load resource configurations for vtarc_dt.stampede_ssh
2018-10-11 10:54:28,429: rp.session.smic004.sdimitro.017815.0064: MainProcess                     : MainThread     : DEBUG   : read rcfg for vtarc_dt.stampede_ssh (None)
2018-10-11 10:54:28,429: rp.session.smic004.sdimitro.017815.0064: MainProcess                     : MainThread     : INFO    : Load resource configurations from /home/sdimitro/miniconda2/envs/RADICALPilot/lib/python2.7/site-packages/radical/pilot/configs/resource_radical.json
2018-10-11 10:54:28,439: rp.session.smic004.sdimitro.017815.0064: MainProcess                     : MainThread     : INFO    : Load resource configurations for radical.two
2018-10-11 10:54:28,439: rp.session.smic004.sdimitro.017815.0064: MainProcess                     : MainThread     : DEBUG   : read rcfg for radical.two (None)
2018-10-11 10:54:28,439: rp.session.smic004.sdimitro.017815.0064: MainProcess                     : MainThread     : INFO    : Load resource configurations for radical.tutorial
2018-10-11 10:54:28,439: rp.session.smic004.sdimitro.017815.0064: MainProcess                     : MainThread     : DEBUG   : read rcfg for radical.tutorial (None)
2018-10-11 10:54:28,440: rp.session.smic004.sdimitro.017815.0064: MainProcess                     : MainThread     : INFO    : Load resource configurations for radical.one
2018-10-11 10:54:28,440: rp.session.smic004.sdimitro.017815.0064: MainProcess                     : MainThread     : DEBUG   : read rcfg for radical.one (None)
2018-10-11 10:54:28,440: rp.session.smic004.sdimitro.017815.0064: MainProcess                     : MainThread     : INFO    : Load resource configurations from /home/sdimitro/miniconda2/envs/RADICALPilot/lib/python2.7/site-packages/radical/pilot/configs/resource_fub.json
2018-10-11 10:54:28,449: rp.session.smic004.sdimitro.017815.0064: MainProcess                     : MainThread     : INFO    : Load resource configurations for fub.allegro_rsh
2018-10-11 10:54:28,449: rp.session.smic004.sdimitro.017815.0064: MainProcess                     : MainThread     : DEBUG   : read rcfg for fub.allegro_rsh (None)
2018-10-11 10:54:28,449: rp.session.smic004.sdimitro.017815.0064: MainProcess                     : MainThread     : INFO    : Load resource configurations from /home/sdimitro/miniconda2/envs/RADICALPilot/lib/python2.7/site-packages/radical/pilot/configs/resource_local.json
2018-10-11 10:54:28,475: rp.session.smic004.sdimitro.017815.0064: MainProcess                     : MainThread     : INFO    : Load resource configurations for local.localhost_orte
2018-10-11 10:54:28,475: rp.session.smic004.sdimitro.017815.0064: MainProcess                     : MainThread     : DEBUG   : read rcfg for local.localhost_orte (None)
2018-10-11 10:54:28,475: rp.session.smic004.sdimitro.017815.0064: MainProcess                     : MainThread     : INFO    : Load resource configurations for local.localhost_anaconda
2018-10-11 10:54:28,476: rp.session.smic004.sdimitro.017815.0064: MainProcess                     : MainThread     : DEBUG   : read rcfg for local.localhost_anaconda (8)
2018-10-11 10:54:28,476: rp.session.smic004.sdimitro.017815.0064: MainProcess                     : MainThread     : INFO    : Load resource configurations for local.localhost_ortelib
2018-10-11 10:54:28,476: rp.session.smic004.sdimitro.017815.0064: MainProcess                     : MainThread     : DEBUG   : read rcfg for local.localhost_ortelib (None)
2018-10-11 10:54:28,476: rp.session.smic004.sdimitro.017815.0064: MainProcess                     : MainThread     : INFO    : Load resource configurations for local.localhost_aprun
2018-10-11 10:54:28,476: rp.session.smic004.sdimitro.017815.0064: MainProcess                     : MainThread     : DEBUG   : read rcfg for local.localhost_aprun (8)
2018-10-11 10:54:28,477: rp.session.smic004.sdimitro.017815.0064: MainProcess                     : MainThread     : INFO    : Load resource configurations for local.localhost
2018-10-11 10:54:28,477: rp.session.smic004.sdimitro.017815.0064: MainProcess                     : MainThread     : DEBUG   : read rcfg for local.localhost (8)
2018-10-11 10:54:28,477: rp.session.smic004.sdimitro.017815.0064: MainProcess                     : MainThread     : INFO    : Load resource configurations for local.localhost_spark
2018-10-11 10:54:28,477: rp.session.smic004.sdimitro.017815.0064: MainProcess                     : MainThread     : DEBUG   : read rcfg for local.localhost_spark (None)
2018-10-11 10:54:28,477: rp.session.smic004.sdimitro.017815.0064: MainProcess                     : MainThread     : INFO    : Load resource configurations for local.localhost_spark_anaconda
2018-10-11 10:54:28,478: rp.session.smic004.sdimitro.017815.0064: MainProcess                     : MainThread     : DEBUG   : read rcfg for local.localhost_spark_anaconda (None)
2018-10-11 10:54:28,478: rp.session.smic004.sdimitro.017815.0064: MainProcess                     : MainThread     : INFO    : Load resource configurations for local.localhost_yarn
2018-10-11 10:54:28,478: rp.session.smic004.sdimitro.017815.0064: MainProcess                     : MainThread     : DEBUG   : read rcfg for local.localhost_yarn (None)
2018-10-11 10:54:28,478: rp.session.smic004.sdimitro.017815.0064: MainProcess                     : MainThread     : INFO    : Load resource configurations from /home/sdimitro/miniconda2/envs/RADICALPilot/lib/python2.7/site-packages/radical/pilot/configs/resource_ornl.json
2018-10-11 10:54:28,503: rp.session.smic004.sdimitro.017815.0064: MainProcess                     : MainThread     : INFO    : Load resource configurations for ornl.titan_orte
2018-10-11 10:54:28,504: rp.session.smic004.sdimitro.017815.0064: MainProcess                     : MainThread     : DEBUG   : read rcfg for ornl.titan_orte (16)
2018-10-11 10:54:28,504: rp.session.smic004.sdimitro.017815.0064: MainProcess                     : MainThread     : INFO    : Load resource configurations for ornl.titan_aprun
2018-10-11 10:54:28,504: rp.session.smic004.sdimitro.017815.0064: MainProcess                     : MainThread     : DEBUG   : read rcfg for ornl.titan_aprun (None)
2018-10-11 10:54:28,505: rp.session.smic004.sdimitro.017815.0064: MainProcess                     : MainThread     : INFO    : Load resource configurations for ornl.rhea
2018-10-11 10:54:28,505: rp.session.smic004.sdimitro.017815.0064: MainProcess                     : MainThread     : DEBUG   : read rcfg for ornl.rhea (16)
2018-10-11 10:54:28,505: rp.session.smic004.sdimitro.017815.0064: MainProcess                     : MainThread     : INFO    : Load resource configurations for ornl.rhea_aprun
2018-10-11 10:54:28,506: rp.session.smic004.sdimitro.017815.0064: MainProcess                     : MainThread     : DEBUG   : read rcfg for ornl.rhea_aprun (None)
2018-10-11 10:54:28,506: rp.session.smic004.sdimitro.017815.0064: MainProcess                     : MainThread     : INFO    : Load resource configurations for ornl.titan_ortelib
2018-10-11 10:54:28,506: rp.session.smic004.sdimitro.017815.0064: MainProcess                     : MainThread     : DEBUG   : read rcfg for ornl.titan_ortelib (None)
2018-10-11 10:54:28,506: rp.session.smic004.sdimitro.017815.0064: MainProcess                     : MainThread     : INFO    : Load resource configurations from /home/sdimitro/miniconda2/envs/RADICALPilot/lib/python2.7/site-packages/radical/pilot/configs/resource_das5.json
2018-10-11 10:54:28,513: rp.session.smic004.sdimitro.017815.0064: MainProcess                     : MainThread     : INFO    : Load resource configurations for das5.fs1_ssh
2018-10-11 10:54:28,513: rp.session.smic004.sdimitro.017815.0064: MainProcess                     : MainThread     : DEBUG   : read rcfg for das5.fs1_ssh (None)
2018-10-11 10:54:28,513: rp.session.smic004.sdimitro.017815.0064: MainProcess                     : MainThread     : INFO    : Load resource configurations from /home/sdimitro/miniconda2/envs/RADICALPilot/lib/python2.7/site-packages/radical/pilot/configs/resource_xsede.json
2018-10-11 10:54:28,593: rp.session.smic004.sdimitro.017815.0064: MainProcess                     : MainThread     : INFO    : Load resource configurations for xsede.gordon_ssh
2018-10-11 10:54:28,594: rp.session.smic004.sdimitro.017815.0064: MainProcess                     : MainThread     : DEBUG   : read rcfg for xsede.gordon_ssh (None)
2018-10-11 10:54:28,594: rp.session.smic004.sdimitro.017815.0064: MainProcess                     : MainThread     : INFO    : Load resource configurations for xsede.lonestar_ssh
2018-10-11 10:54:28,594: rp.session.smic004.sdimitro.017815.0064: MainProcess                     : MainThread     : DEBUG   : read rcfg for xsede.lonestar_ssh (None)
2018-10-11 10:54:28,594: rp.session.smic004.sdimitro.017815.0064: MainProcess                     : MainThread     : INFO    : Load resource configurations for xsede.supermic_spark
2018-10-11 10:54:28,594: rp.session.smic004.sdimitro.017815.0064: MainProcess                     : MainThread     : DEBUG   : read rcfg for xsede.supermic_spark (20)
2018-10-11 10:54:28,595: rp.session.smic004.sdimitro.017815.0064: MainProcess                     : MainThread     : INFO    : Load resource configurations for xsede.wrangler_yarn
2018-10-11 10:54:28,595: rp.session.smic004.sdimitro.017815.0064: MainProcess                     : MainThread     : DEBUG   : read rcfg for xsede.wrangler_yarn (None)
2018-10-11 10:54:28,595: rp.session.smic004.sdimitro.017815.0064: MainProcess                     : MainThread     : INFO    : Load resource configurations for xsede.blacklight_ssh
2018-10-11 10:54:28,595: rp.session.smic004.sdimitro.017815.0064: MainProcess                     : MainThread     : DEBUG   : read rcfg for xsede.blacklight_ssh (16)
2018-10-11 10:54:28,596: rp.session.smic004.sdimitro.017815.0064: MainProcess                     : MainThread     : INFO    : Load resource configurations for xsede.stampede_ortelib
2018-10-11 10:54:28,596: rp.session.smic004.sdimitro.017815.0064: MainProcess                     : MainThread     : DEBUG   : read rcfg for xsede.stampede_ortelib (None)
2018-10-11 10:54:28,596: rp.session.smic004.sdimitro.017815.0064: MainProcess                     : MainThread     : INFO    : Load resource configurations for xsede.stampede_yarn
2018-10-11 10:54:28,596: rp.session.smic004.sdimitro.017815.0064: MainProcess                     : MainThread     : DEBUG   : read rcfg for xsede.stampede_yarn (None)
2018-10-11 10:54:28,597: rp.session.smic004.sdimitro.017815.0064: MainProcess                     : MainThread     : INFO    : Load resource configurations for xsede.stampede_ssh
2018-10-11 10:54:28,597: rp.session.smic004.sdimitro.017815.0064: MainProcess                     : MainThread     : DEBUG   : read rcfg for xsede.stampede_ssh (None)
2018-10-11 10:54:28,597: rp.session.smic004.sdimitro.017815.0064: MainProcess                     : MainThread     : INFO    : Load resource configurations for xsede.greenfield
2018-10-11 10:54:28,597: rp.session.smic004.sdimitro.017815.0064: MainProcess                     : MainThread     : DEBUG   : read rcfg for xsede.greenfield (15)
2018-10-11 10:54:28,598: rp.session.smic004.sdimitro.017815.0064: MainProcess                     : MainThread     : INFO    : Load resource configurations for xsede.bridges
2018-10-11 10:54:28,598: rp.session.smic004.sdimitro.017815.0064: MainProcess                     : MainThread     : DEBUG   : read rcfg for xsede.bridges (None)
2018-10-11 10:54:28,598: rp.session.smic004.sdimitro.017815.0064: MainProcess                     : MainThread     : INFO    : Load resource configurations for xsede.trestles_ssh
2018-10-11 10:54:28,598: rp.session.smic004.sdimitro.017815.0064: MainProcess                     : MainThread     : DEBUG   : read rcfg for xsede.trestles_ssh (None)
2018-10-11 10:54:28,598: rp.session.smic004.sdimitro.017815.0064: MainProcess                     : MainThread     : INFO    : Load resource configurations for xsede.supermic_ortelib
2018-10-11 10:54:28,599: rp.session.smic004.sdimitro.017815.0064: MainProcess                     : MainThread     : DEBUG   : read rcfg for xsede.supermic_ortelib (20)
2018-10-11 10:54:28,608: rp.session.smic004.sdimitro.017815.0064: MainProcess                     : MainThread     : INFO    : Load resource configurations for xsede.stampede2_ssh
2018-10-11 10:54:28,608: rp.session.smic004.sdimitro.017815.0064: MainProcess                     : MainThread     : DEBUG   : read rcfg for xsede.stampede2_ssh (68)
2018-10-11 10:54:28,608: rp.session.smic004.sdimitro.017815.0064: MainProcess                     : MainThread     : INFO    : Load resource configurations for xsede.supermic_ssh
2018-10-11 10:54:28,609: rp.session.smic004.sdimitro.017815.0064: MainProcess                     : MainThread     : DEBUG   : read rcfg for xsede.supermic_ssh (20)
2018-10-11 10:54:28,609: rp.session.smic004.sdimitro.017815.0064: MainProcess                     : MainThread     : INFO    : Load resource configurations for xsede.wrangler_ssh
2018-10-11 10:54:28,609: rp.session.smic004.sdimitro.017815.0064: MainProcess                     : MainThread     : DEBUG   : read rcfg for xsede.wrangler_ssh (None)
2018-10-11 10:54:28,609: rp.session.smic004.sdimitro.017815.0064: MainProcess                     : MainThread     : INFO    : Load resource configurations for xsede.supermic_orte
2018-10-11 10:54:28,610: rp.session.smic004.sdimitro.017815.0064: MainProcess                     : MainThread     : DEBUG   : read rcfg for xsede.supermic_orte (20)
2018-10-11 10:54:28,610: rp.session.smic004.sdimitro.017815.0064: MainProcess                     : MainThread     : INFO    : Load resource configurations for xsede.wrangler_spark
2018-10-11 10:54:28,610: rp.session.smic004.sdimitro.017815.0064: MainProcess                     : MainThread     : DEBUG   : read rcfg for xsede.wrangler_spark (None)
2018-10-11 10:54:28,610: rp.session.smic004.sdimitro.017815.0064: MainProcess                     : MainThread     : INFO    : Load resource configurations for xsede.stampede_orte
2018-10-11 10:54:28,611: rp.session.smic004.sdimitro.017815.0064: MainProcess                     : MainThread     : DEBUG   : read rcfg for xsede.stampede_orte (None)
2018-10-11 10:54:28,611: rp.session.smic004.sdimitro.017815.0064: MainProcess                     : MainThread     : INFO    : Load resource configurations for xsede.comet_ortelib
2018-10-11 10:54:28,611: rp.session.smic004.sdimitro.017815.0064: MainProcess                     : MainThread     : DEBUG   : read rcfg for xsede.comet_ortelib (24)
2018-10-11 10:54:28,611: rp.session.smic004.sdimitro.017815.0064: MainProcess                     : MainThread     : INFO    : Load resource configurations for xsede.comet_orte
2018-10-11 10:54:28,612: rp.session.smic004.sdimitro.017815.0064: MainProcess                     : MainThread     : DEBUG   : read rcfg for xsede.comet_orte (24)
2018-10-11 10:54:28,612: rp.session.smic004.sdimitro.017815.0064: MainProcess                     : MainThread     : INFO    : Load resource configurations for xsede.comet_spark
2018-10-11 10:54:28,612: rp.session.smic004.sdimitro.017815.0064: MainProcess                     : MainThread     : DEBUG   : read rcfg for xsede.comet_spark (24)
2018-10-11 10:54:28,612: rp.session.smic004.sdimitro.017815.0064: MainProcess                     : MainThread     : INFO    : Load resource configurations for xsede.comet_ssh
2018-10-11 10:54:28,613: rp.session.smic004.sdimitro.017815.0064: MainProcess                     : MainThread     : DEBUG   : read rcfg for xsede.comet_ssh (24)
2018-10-11 10:54:28,613: rp.session.smic004.sdimitro.017815.0064: MainProcess                     : MainThread     : INFO    : Load resource configurations for xsede.stampede_spark
2018-10-11 10:54:28,613: rp.session.smic004.sdimitro.017815.0064: MainProcess                     : MainThread     : DEBUG   : read rcfg for xsede.stampede_spark (None)
2018-10-11 10:54:28,613: rp.session.smic004.sdimitro.017815.0064: MainProcess                     : MainThread     : INFO    : Load resource configurations from /home/sdimitro/miniconda2/envs/RADICALPilot/lib/python2.7/site-packages/radical/pilot/configs/resource_ncsa.json
2018-10-11 10:54:28,627: rp.session.smic004.sdimitro.017815.0064: MainProcess                     : MainThread     : INFO    : Load resource configurations for ncsa.bw_orte
2018-10-11 10:54:28,627: rp.session.smic004.sdimitro.017815.0064: MainProcess                     : MainThread     : DEBUG   : read rcfg for ncsa.bw_orte (None)
2018-10-11 10:54:28,627: rp.session.smic004.sdimitro.017815.0064: MainProcess                     : MainThread     : INFO    : Load resource configurations for ncsa.bw_ccm_ssh
2018-10-11 10:54:28,628: rp.session.smic004.sdimitro.017815.0064: MainProcess                     : MainThread     : DEBUG   : read rcfg for ncsa.bw_ccm_ssh (None)
2018-10-11 10:54:28,628: rp.session.smic004.sdimitro.017815.0064: MainProcess                     : MainThread     : INFO    : Load resource configurations for ncsa.bw_ortelib
2018-10-11 10:54:28,637: rp.session.smic004.sdimitro.017815.0064: MainProcess                     : MainThread     : DEBUG   : read rcfg for ncsa.bw_ortelib (None)
2018-10-11 10:54:28,637: rp.session.smic004.sdimitro.017815.0064: MainProcess                     : MainThread     : INFO    : Load resource configurations for ncsa.bw_aprun
2018-10-11 10:54:28,638: rp.session.smic004.sdimitro.017815.0064: MainProcess                     : MainThread     : DEBUG   : read rcfg for ncsa.bw_aprun (None)
2018-10-11 10:54:28,638: rp.session.smic004.sdimitro.017815.0064: MainProcess                     : MainThread     : INFO    : Load resource configurations from /home/sdimitro/miniconda2/envs/RADICALPilot/lib/python2.7/site-packages/radical/pilot/configs/resource_epsrc.json
2018-10-11 10:54:28,645: rp.session.smic004.sdimitro.017815.0064: MainProcess                     : MainThread     : INFO    : Load resource configurations for epsrc.archer_orte
2018-10-11 10:54:28,646: rp.session.smic004.sdimitro.017815.0064: MainProcess                     : MainThread     : DEBUG   : read rcfg for epsrc.archer_orte (None)
2018-10-11 10:54:28,646: rp.session.smic004.sdimitro.017815.0064: MainProcess                     : MainThread     : INFO    : Load resource configurations for epsrc.archer_aprun
2018-10-11 10:54:28,646: rp.session.smic004.sdimitro.017815.0064: MainProcess                     : MainThread     : DEBUG   : read rcfg for epsrc.archer_aprun (None)
2018-10-11 10:54:29,187: rp.session.smic004.sdimitro.017815.0064: MainProcess                     : MainThread     : INFO    : New Session created: rp.session.smic004.sdimitro.017815.0064.
2018-10-11 10:54:29,187: rp.session.smic004.sdimitro.017815.0064: MainProcess                     : MainThread     : DEBUG   : start bridges   : {u'control_pubsub': {u'bulk_size': 0, u'log_level': u'error', u'stall_hwm': 1},
 u'log_pubsub': {u'bulk_size': 0, u'log_level': u'error', u'stall_hwm': 1},
 u'state_pubsub': {u'bulk_size': 0, u'log_level': u'error', u'stall_hwm': 1}}
2018-10-11 10:54:29,187: rp.session.smic004.sdimitro.017815.0064: MainProcess                     : MainThread     : INFO    : create bridge control_pubsub
2018-10-11 10:54:29,266: rp.session.smic004.sdimitro.017815.0064: MainProcess                     : MainThread     : INFO    : created bridge control_pubsub (control.pubsub.bridge.0000)
2018-10-11 10:54:29,266: rp.session.smic004.sdimitro.017815.0064: MainProcess                     : MainThread     : INFO    : create bridge state_pubsub
2018-10-11 10:54:29,326: rp.session.smic004.sdimitro.017815.0064: MainProcess                     : MainThread     : INFO    : created bridge state_pubsub (state.pubsub.bridge.0000)
2018-10-11 10:54:29,326: rp.session.smic004.sdimitro.017815.0064: MainProcess                     : MainThread     : INFO    : create bridge log_pubsub
2018-10-11 10:54:29,383: rp.session.smic004.sdimitro.017815.0064: MainProcess                     : MainThread     : INFO    : created bridge log_pubsub (log.pubsub.bridge.0000)
2018-10-11 10:54:29,384: rp.session.smic004.sdimitro.017815.0064: MainProcess                     : MainThread     : DEBUG   : start components: {u'UpdateWorker': {u'count': 1}}
2018-10-11 10:54:29,384: rp.session.smic004.sdimitro.017815.0064: MainProcess                     : MainThread     : DEBUG   : start 1 component(s) UpdateWorker
2018-10-11 10:54:30,206: rp.session.smic004.sdimitro.017815.0064: MainProcess                     : MainThread     : INFO    : rp.session.smic004.sdimitro.017815.0064 starts update.0
2018-10-11 10:54:30,206: rp.session.smic004.sdimitro.017815.0064: MainProcess                     : MainThread     : INFO    : radical.pilot version: 0.50.8
2018-10-11 10:54:30,206: rp.session.smic004.sdimitro.017815.0064: MainProcess                     : MainThread     : INFO    : radical.saga  version: 0.50.0
2018-10-11 10:54:30,206: rp.session.smic004.sdimitro.017815.0064: MainProcess                     : MainThread     : INFO    : radical.utils version: 0.50.2
2018-10-11 10:54:31,236: rp.session.smic004.sdimitro.017815.0064: MainProcess                     : MainThread     : DEBUG   : get rcfg 1 for local.localhost_anaconda (8)
2018-10-11 10:54:31,237: rp.session.smic004.sdimitro.017815.0064: MainProcess                     : MainThread     : DEBUG   : get rcfg 2 for local.localhost_anaconda (8)
2018-10-11 10:54:31,237: rp.session.smic004.sdimitro.017815.0064: MainProcess                     : MainThread     : DEBUG   : get rcfg 1 for local.localhost_anaconda (8)
2018-10-11 10:54:31,237: rp.session.smic004.sdimitro.017815.0064: MainProcess                     : MainThread     : DEBUG   : get rcfg 2 for local.localhost_anaconda (8)
2018-10-11 10:54:31,237: rp.session.smic004.sdimitro.017815.0064: MainProcess                     : MainThread     : DEBUG   : rsup.PTYShell('fork://localhost/')
2018-10-11 10:54:33,771: rp.session.smic004.sdimitro.017815.0064: MainProcess                     : MainThread     : DEBUG   : sandbox base fork://localhost/: '/home/sdimitro'
2018-10-11 10:54:33,906: rp.session.smic004.sdimitro.017815.0064: MainProcess                     : MainThread     : DEBUG   : bulk pilot insert result: {'nModified': 0, 'nUpserted': 0, 'nMatched': 0, 'writeErrors': [], 'upserted': [], 'writeConcernErrors': [], 'nRemoved': 0, 'nInserted': 1}
2018-10-11 10:54:33,908: rp.session.smic004.sdimitro.017815.0064: pmgr.0000.launching.0           : MainThread     : DEBUG   : get rcfg 1 for local.localhost_anaconda (8)
2018-10-11 10:54:33,908: rp.session.smic004.sdimitro.017815.0064: pmgr.0000.launching.0           : MainThread     : DEBUG   : get rcfg 2 for local.localhost_anaconda (8)
2018-10-11 10:54:33,910: rp.session.smic004.sdimitro.017815.0064: pmgr.0000.launching.0           : MainThread     : DEBUG   : get rcfg 1 for local.localhost_anaconda (8)
2018-10-11 10:54:33,910: rp.session.smic004.sdimitro.017815.0064: pmgr.0000.launching.0           : MainThread     : DEBUG   : get rcfg 2 for local.localhost_anaconda (8)
2018-10-11 10:54:33,911: rp.session.smic004.sdimitro.017815.0064: pmgr.0000.launching.0           : MainThread     : DEBUG   : rsup.PTYShell('fork://localhost/')
2018-10-11 10:54:36,391: rp.session.smic004.sdimitro.017815.0064: pmgr.0000.launching.0           : MainThread     : DEBUG   : sandbox base fork://localhost/: '/home/sdimitro'
2018-10-11 10:54:36,832: rp.session.smic004.sdimitro.017815.0064: MainProcess                     : MainThread     : DEBUG   : bulk unit insert result: {'nModified': 0, 'nUpserted': 0, 'nMatched': 0, 'writeErrors': [], 'upserted': [], 'writeConcernErrors': [], 'nRemoved': 0, 'nInserted': 80}
2018-10-11 11:12:29,250: rp.session.smic004.sdimitro.017815.0064: MainProcess                     : MainThread     : DEBUG   : session rp.session.smic004.sdimitro.017815.0064 closing
2018-10-11 11:12:29,250: rp.session.smic004.sdimitro.017815.0064: MainProcess                     : MainThread     : DEBUG   : session rp.session.smic004.sdimitro.017815.0064 closes umgr   umgr.0000
2018-10-11 11:12:34,120: rp.session.smic004.sdimitro.017815.0064: MainProcess                     : MainThread     : DEBUG   : session rp.session.smic004.sdimitro.017815.0064 closed umgr   umgr.0000
2018-10-11 11:12:34,120: rp.session.smic004.sdimitro.017815.0064: MainProcess                     : MainThread     : DEBUG   : session rp.session.smic004.sdimitro.017815.0064 closes pmgr   pmgr.0000
2018-10-11 11:12:35,247: rp.session.smic004.sdimitro.017815.0064: MainProcess                     : MainThread     : DEBUG   : session rp.session.smic004.sdimitro.017815.0064 closed pmgr   pmgr.0000
2018-10-11 11:12:35,247: rp.session.smic004.sdimitro.017815.0064: MainProcess                     : MainThread     : DEBUG   : session rp.session.smic004.sdimitro.017815.0064 closes comp   update.0
2018-10-11 11:12:35,247: rp.session.smic004.sdimitro.017815.0064: MainProcess                     : MainThread     : DEBUG   : update.0 stop called
2018-10-11 11:12:35,297: rp.session.smic004.sdimitro.017815.0064: update.0                        : MainThread     : DEBUG   : update.0.child stop called
2018-10-11 11:12:35,465: rp.session.smic004.sdimitro.017815.0064: update.0                        : MainThread     : DEBUG   : update.0.child stop called
2018-10-11 11:12:35,479: rp.session.smic004.sdimitro.017815.0064: MainProcess                     : MainThread     : DEBUG   : session rp.session.smic004.sdimitro.017815.0064 closed comp   update.0
2018-10-11 11:12:35,479: rp.session.smic004.sdimitro.017815.0064: MainProcess                     : MainThread     : DEBUG   : session rp.session.smic004.sdimitro.017815.0064 closes bridge control.pubsub.bridge.0000
2018-10-11 11:12:36,511: rp.session.smic004.sdimitro.017815.0064: MainProcess                     : MainThread     : DEBUG   : session rp.session.smic004.sdimitro.017815.0064 closed bridge control.pubsub.bridge.0000
2018-10-11 11:12:36,512: rp.session.smic004.sdimitro.017815.0064: MainProcess                     : MainThread     : DEBUG   : session rp.session.smic004.sdimitro.017815.0064 closes bridge state.pubsub.bridge.0000
2018-10-11 11:12:37,481: rp.session.smic004.sdimitro.017815.0064: MainProcess                     : MainThread     : DEBUG   : session rp.session.smic004.sdimitro.017815.0064 closed bridge state.pubsub.bridge.0000
2018-10-11 11:12:37,481: rp.session.smic004.sdimitro.017815.0064: MainProcess                     : MainThread     : DEBUG   : session rp.session.smic004.sdimitro.017815.0064 closes bridge log.pubsub.bridge.0000
2018-10-11 11:12:37,599: rp.session.smic004.sdimitro.017815.0064: MainProcess                     : MainThread     : DEBUG   : session rp.session.smic004.sdimitro.017815.0064 closed bridge log.pubsub.bridge.0000
2018-10-11 11:12:37,599: rp.session.smic004.sdimitro.017815.0064: MainProcess                     : MainThread     : DEBUG   : session rp.session.smic004.sdimitro.017815.0064 closes db (False)
2018-10-11 11:12:37,632: rp.session.smic004.sdimitro.017815.0064: MainProcess                     : MainThread     : DEBUG   : session rp.session.smic004.sdimitro.017815.0064 closed (delete=False)
2018-10-11 11:12:37,633: rp.session.smic004.sdimitro.017815.0064: MainProcess                     : MainThread     : DEBUG   : update.0 stop called
2018-10-11 11:12:37,636: rp.session.smic004.sdimitro.017815.0064: MainProcess                     : MainThread     : DEBUG   : start download
2018-10-11 11:12:38,429: rp.session.smic004.sdimitro.017815.0064: MainProcess                     : MainThread     : INFO    : session written to /home/sdimitro/rp.session.smic004.sdimitro.017815.0064/rp.session.smic004.sdimitro.017815.0064.json
2018-10-11 11:12:38,798: rp.session.smic004.sdimitro.017815.0064: MainProcess                     : MainThread     : DEBUG   : Session: rp.session.smic004.sdimitro.017815.0064
2018-10-11 11:12:38,798: rp.session.smic004.sdimitro.017815.0064: MainProcess                     : MainThread     : DEBUG   : Number of pilots in session: 1
2018-10-11 11:12:38,798: rp.session.smic004.sdimitro.017815.0064: MainProcess                     : MainThread     : DEBUG   : processing pilot 'pilot.0000'
2018-10-11 11:12:39,538: rp.session.smic004.sdimitro.017815.0064: MainProcess                     : MainThread     : INFO    : profiles tarball exists
2018-10-11 11:12:39,538: rp.session.smic004.sdimitro.017815.0064: MainProcess                     : MainThread     : INFO    : fetch 'file://localhost/home/sdimitro/radical.pilot.sandbox/rp.session.smic004.sdimitro.017815.0064/pilot.0000/pilot.0000.prof.tgz' to 'file://localhost/home/sdimitro/rp.session.smic004.sdimitro.017815.0064/'.
2018-10-11 11:12:39,853: rp.session.smic004.sdimitro.017815.0064: MainProcess                     : MainThread     : INFO    : Extract tarball /home/sdimitro/rp.session.smic004.sdimitro.017815.0064/pilot.0000.prof.tgz to '/home/sdimitro/rp.session.smic004.sdimitro.017815.0064/'.
2018-10-11 11:12:40,203: rp.session.smic004.sdimitro.017815.0064: MainProcess                     : MainThread     : INFO    : Session: rp.session.smic004.sdimitro.017815.0064
2018-10-11 11:12:40,203: rp.session.smic004.sdimitro.017815.0064: MainProcess                     : MainThread     : INFO    : Number of pilots in session: 1
2018-10-11 11:12:40,514: rp.session.smic004.sdimitro.017815.0064: MainProcess                     : MainThread     : INFO    : logfiles tarball exists
2018-10-11 11:12:40,514: rp.session.smic004.sdimitro.017815.0064: MainProcess                     : MainThread     : INFO    : Fetching 'file://localhost/home/sdimitro/radical.pilot.sandbox/rp.session.smic004.sdimitro.017815.0064/pilot.0000/pilot.0000.log.tgz' to 'file://localhost/home/sdimitro/rp.session.smic004.sdimitro.017815.0064/'.
2018-10-11 11:12:40,829: rp.session.smic004.sdimitro.017815.0064: MainProcess                     : MainThread     : DEBUG   : Extract tarball /home/sdimitro/rp.session.smic004.sdimitro.017815.0064/pilot.0000.log.tgz to /home/sdimitro/rp.session.smic004.sdimitro.017815.0064/
2018-10-11 11:12:40,894: rp.session.smic004.sdimitro.017815.0064: MainProcess                     : MainThread     : INFO    : tarball /home/sdimitro/rp.session.smic004.sdimitro.017815.0064/pilot.0000.log.tgz extracted to '/home/sdimitro/rp.session.smic004.sdimitro.017815.0064//pilot.0000/'.
