bootstrap_0 stderr redirected to stdout
---------------------------------------------------------------------
bootstrap_0 running on host: smic002.
bootstrap_0 started as     : '/home/ksiddhan/radical.pilot.sandbox/rp.session.smic002.ksiddhan.017815.0023/bootstrap_0.sh -d radical.utils-0.50.2.tar.gz:saga-python-0.50.0.tar.gz:radical.pilot-0.50.8.tar.gz -p pilot.0000 -s rp.session.smic002.ksiddhan.017815.0023 -m create -r local -b anaconda -g default -v /home/ksiddhan/radical.pilot.sandbox/ve.local.localhost_anaconda.0.50.8 -y 15'
Environment of bootstrap_0 process:
BASH_FUNC_module()=() {  eval `/usr/bin/modulecmd bash $*`
_=/bin/env
CONDA_DEFAULT_ENV=radical-pilot
CONDA_EXE=/home/ksiddhan/miniconda2/bin/conda
CONDA_PREFIX=/home/ksiddhan/miniconda2/envs/radical-pilot
CONDA_PROMPT_MODIFIER=(radical-pilot) 
CONDA_PYTHON_EXE=/home/ksiddhan/miniconda2/bin/python
CONDA_SHLVL=1
CPATH=/usr/local/packages/mvapich2/2.0/INTEL-14.0.2/include:/usr/local/compilers/Intel/cluster_studio_xe_2013.1.046/composer_xe_2013_sp1.2.144/mkl/include:/usr/local/compilers/Intel/cluster_studio_xe_2013.1.046/composer_xe_2013_sp1.2.144/tbb/include
CUDA_NIC_INTEROP=1
CUE_CLUSTER_HOME=/home/ksiddhan
CUE_CLUSTER_SCRATCH=/work/ksiddhan
CUE_CLUSTER_WORK=/work/ksiddhan
CUE_DOCS=http://portal.xsede.org/lsu-supermic
CUE_HOME=/home/ksiddhan
CUE_HOME_TYPE=nfs-4.1
CUE_HOSTNAME=smic1.hpc.lsu.edu
CUE_NODE_SCRATCH_TYPE=lustre-2.5.1
CUE_NODE_SCRATCH=/work/ksiddhan
CUE_PROMPT_HOST=smic1
CUE_RESOURCE_ID=supermic.cct-lsu.xsede.org
CUE_SCRATCH_TYPE=lustre-2.5.1
CUE_SCRATCH=/work/ksiddhan
CUE_WORK_TYPE=lustre-2.5.1
CUE_WORK=/work/ksiddhan
CVS_RSH=ssh
ENVIRONMENT=BATCH
G_BROKEN_FILENAMES=1
GID=84096
GLOBUS_HOSTNAME=smic1.hpc.lsu.edu
GLOBUS_LOCATION=/usr/local/packages/xsede/globus-client-xsede-6.0
GLOBUS_PATH=/usr/local/packages/xsede/globus-client-xsede-6.0
GLOBUS_TCP_PORT_RANGE=50000,51000
HISTCONTROL=ignoredups
HISTIGNORE=*
HISTSIZE=1000
HOME=/home/ksiddhan
HOSTNAME=smic002
INTEL_LICENSE_FILE=/usr/local/compilers/Intel:/usr/local/compilers/Intel/intel_fc_10.1/licenses
JAVA_BINDIR=/usr/lib/jvm/java-1.7.0/bin
JAVA_HOME=/usr/lib/jvm/java-1.7.0
JAVA_ROOT=/usr/lib/jvm/java-1.7.0
JDK_HOME=/usr/lib/jvm/java-1.7.0
JRE_HOME=/usr/lib/jvm/java-1.7.0/jre
LANG=en_US.UTF-8
LANGUAGE_TERRITORY=en_US
LD_INCLUDE_PATH=/usr/local/compilers/Intel/cluster_studio_xe_2013.1.046/composer_xe_2013_sp1.2.144/mkl/include
LD_LIBRARY_PATH=/usr/local/packages/xsede/perl/lib:/usr/local/packages/xsede/globus-5.0.4-r1/lib:/usr/local/packages/xsede/globus-client-xsede-6.0/usr/lib64:/usr/local/packages/mvapich2/2.0/INTEL-14.0.2/lib:/usr/local/compilers/Intel/cluster_studio_xe_2013.1.046/composer_xe_2013_sp1.2.144/compiler/lib/intel64:/usr/local/compilers/Intel/cluster_studio_xe_2013.1.046/composer_xe_2013_sp1.2.144/mkl/lib/intel64
LESSOPEN=||/usr/bin/lesspipe.sh %s
LHPC_DEVELMVAPICH2=/usr/local/packages/mvapich2/2.0/INTEL-14.0.2/easybuild/mvapich2-2.0-INTEL-14.0.2-easybuild-devel
LHPC_ROOTMVAPICH2=/usr/local/packages/mvapich2/2.0/INTEL-14.0.2
LHPC_ROOTPERL=/usr/local/packages/xsede/perl
LHPC_VERSIONMVAPICH2=2.0
LHPC_VERSIONPERL=5.22.0
LIBPATH=/usr/local/packages/xsede/apache-ant-1.9.4/lib:/usr/local/packages/xsede/globus-client-xsede-6.0/usr/lib64
LIBRARY_PATH=/usr/local/packages/xsede/perl/lib:/usr/local/packages/mvapich2/2.0/INTEL-14.0.2/lib:/usr/local/compilers/Intel/cluster_studio_xe_2013.1.046/composer_xe_2013_sp1.2.144/compiler/lib/intel64:/usr/local/compilers/Intel/cluster_studio_xe_2013.1.046/composer_xe_2013_sp1.2.144/mkl/lib/intel64
_LMFILES_=/usr/local/packages/Modules/modulefiles/apps/intel/14.0.2:/usr/local/packages/Modules/modulefiles/apps/mvapich2/2.0/INTEL-14.0.2:/usr/local/packages/Modules/modulefiles/xsede/gx-map/0.5.3.3-r1:/usr/local/packages/Modules/modulefiles/xsede/tgusage/3.0:/usr/local/packages/Modules/modulefiles/xsede/globus/6.0:/usr/local/packages/Modules/modulefiles/xsede/tginfo/1.1.4:/usr/local/packages/Modules/modulefiles/xsede/ant/1.9.4:/usr/local/packages/Modules/modulefiles/xsede/java/1.7.0:/usr/local/packages/Modules/modulefiles/xsede/uberftp/2.6:/usr/local/packages/Modules/modulefiles/xsede/unicore/6.6.0:/usr/local/packages/Modules/modulefiles/xsede/perl/5.22.0:/usr/local/packages/Modules/modulefiles/xsede/xdresourceid/1.0:/usr/local/packages/Modules/modulefiles/xsede/xdusage/2.0-3:/usr/local/packages/Modules/modulefiles/xsede/xdinfo/1.3-1:/usr/local/packages/Modules/modulefiles/xsede/xsede/1.1
LM_LICENSE_FILE=/usr/local/compilers/pgi/license.dat
LOADEDMODULES=intel/14.0.2:mvapich2/2.0/INTEL-14.0.2:gx-map/0.5.3.3-r1:tgusage/3.0:globus/6.0:tginfo/1.1.4:ant/1.9.4:java/1.7.0:uberftp/2.6:unicore/6.6.0:perl/5.22.0:xdresourceid/1.0:xdusage/2.0-3:xdinfo/1.3-1:xsede/1.1
LOGNAME=ksiddhan
LS_COLORS=rs=0:di=01;34:ln=01;36:mh=00:pi=40;33:so=01;35:do=01;35:bd=40;33;01:cd=40;33;01:or=40;31;01:mi=01;05;37;41:su=37;41:sg=30;43:ca=30;41:tw=30;42:ow=34;42:st=37;44:ex=01;32:*.tar=01;31:*.tgz=01;31:*.arj=01;31:*.taz=01;31:*.lzh=01;31:*.lzma=01;31:*.tlz=01;31:*.txz=01;31:*.zip=01;31:*.z=01;31:*.Z=01;31:*.dz=01;31:*.gz=01;31:*.lz=01;31:*.xz=01;31:*.bz2=01;31:*.tbz=01;31:*.tbz2=01;31:*.bz=01;31:*.tz=01;31:*.deb=01;31:*.rpm=01;31:*.jar=01;31:*.rar=01;31:*.ace=01;31:*.zoo=01;31:*.cpio=01;31:*.7z=01;31:*.rz=01;31:*.jpg=01;35:*.jpeg=01;35:*.gif=01;35:*.bmp=01;35:*.pbm=01;35:*.pgm=01;35:*.ppm=01;35:*.tga=01;35:*.xbm=01;35:*.xpm=01;35:*.tif=01;35:*.tiff=01;35:*.png=01;35:*.svg=01;35:*.svgz=01;35:*.mng=01;35:*.pcx=01;35:*.mov=01;35:*.mpg=01;35:*.mpeg=01;35:*.m2v=01;35:*.mkv=01;35:*.ogm=01;35:*.mp4=01;35:*.m4v=01;35:*.mp4v=01;35:*.vob=01;35:*.qt=01;35:*.nuv=01;35:*.wmv=01;35:*.asf=01;35:*.rm=01;35:*.rmvb=01;35:*.flc=01;35:*.avi=01;35:*.fli=01;35:*.flv=01;35:*.gl=01;35:*.dl=01;35:*.xcf=01;35:*.xwd=01;35:*.yuv=01;35:*.cgm=01;35:*.emf=01;35:*.axv=01;35:*.anx=01;35:*.ogv=01;35:*.ogx=01;35:*.aac=01;36:*.au=01;36:*.flac=01;36:*.mid=01;36:*.midi=01;36:*.mka=01;36:*.mp3=01;36:*.mpc=01;36:*.ogg=01;36:*.ra=01;36:*.wav=01;36:*.axa=01;36:*.oga=01;36:*.spx=01;36:*.xspf=01;36:
MAIL=/var/spool/mail/ksiddhan
MANPATH=/usr/local/packages/xsede/xdusage/xdusage-2.0-3/share/man/man1:/usr/local/packages/xsede/xdresourceid-1.0-2/man:/usr/local/packages/xsede/perl/man:/usr/local/packages/xsede/uberftp-2.6/man:/usr/local/packages/xsede/globus-client-xsede-6.0/usr/share/man:/usr/local/packages/xsede/gx-map-0.5.3.3-r1/man:/usr/local/packages/mvapich2/2.0/INTEL-14.0.2/share/man:/usr/local/compilers/pgi/linux86-64/man:/usr/local/compilers/Intel/cluster_studio_xe_2013.1.046/composer_xe_2013_sp1.2.144/man/en_US:/usr/local/compilers/Intel/cluster_studio_xe_2013.1.046/composer_xe_2013_sp1.2.144/man/en_US:/usr/local/compilers/pgi/linux86-64/man:/usr/local/compilers/pgi/linux86-64/man:/usr/local/compilers/pgi/linux86-64/man
MIC_LD_LIBRARY_PATH=/usr/local/compilers/Intel/cluster_studio_xe_2013.1.046/composer_xe_2013_sp1.2.144/compiler/lib/mic:/usr/local/compilers/Intel/cluster_studio_xe_2013.1.046/composer_xe_2013_sp1.2.144/mkl/lib/mic
MKLROOT=/usr/local/compilers/Intel/cluster_studio_xe_2013.1.046/composer_xe_2013_sp1.2.144/mkl
MOABHOMEDIR=/usr/moab
MODULEPATH=/usr/local/packages/Modules/modulefiles/apps:/usr/local/packages/Modules/modulefiles/admin:/usr/local/packages/Modules/modulefiles/xsede
_MODULESBEGINENV_=/home/ksiddhan/.modulesbeginenv
MODULESHOME=/usr/share/Modules
MODULE_VERSION=3.2.10
MODULE_VERSION_STACK=3.2.10
MV2_IBA_HCA=mlx4_0
MYPROXY_SERVER=myproxy.xsede.org
NLSPATH=/usr/local/compilers/Intel/cluster_studio_xe_2013.1.046/composer_xe_2013_sp1.2.144/compiler/lib/intel64/locale/en_US:/usr/local/compilers/Intel/cluster_studio_xe_2013.1.046/composer_xe_2013_sp1.2.144/mkl/lib/intel64/locale/en_US
PATH=/home/ksiddhan/miniconda2/bin:/home/ksiddhan/miniconda2/bin:/home/ksiddhan/miniconda2/envs/radical-pilot/bin:/home/ksiddhan/miniconda2/bin:/home/ksiddhan/miniconda2/bin:/usr/lib64/qt-3.3/bin:/usr/local/packages/xsede/xdinfo-1.3-1/bin:/usr/local/packages/xsede/xdusage/xdusage-2.0-3:/usr/local/packages/xsede/xdresourceid-1.0-2/bin:/usr/local/packages/xsede/perl/bin:/usr/local/packages/xsede/unicore/ucc-6.6.0/bin:/usr/local/packages/xsede/uberftp-2.6/bin:/usr/lib/jvm/java-1.7.0/bin:/usr/lib/jvm/java-1.7.0/jre/bin:/usr/local/packages/xsede/apache-ant-1.9.4/bin:/usr/local/packages/xsede/tginfo-1.1.4-r1/bin:/usr/local/packages/xsede/globus-client-xsede-6.0/usr/bin:/usr/local/packages/xsede/tgusage-3.0-r3/bin:/usr/local/packages/xsede/gx-map-0.5.3.3-r1/bin:/usr/local/packages/mvapich2/2.0/INTEL-14.0.2/bin:/usr/local/bin:/bin:/usr/bin:/usr/bin:/usr/local/sbin:/usr/sbin:/sbin:/usr/local/bin:/usr/local/compilers/pgi/linux86-64/6.1/bin:/usr/local/compilers/Intel/cluster_studio_xe_2013.1.046/composer_xe_2013_sp1.2.144/bin/intel64:/opt/ibutils/bin:/opt/dell/srvadmin/bin:/home/ksiddhan/bin:/usr/local/compilers/pgi/linux86-64/6.1/bin:/home/ksiddhan/bin:/usr/local/compilers/pgi/linux86-64/6.1/bin:/usr/local/compilers/pgi/linux86-64/6.1/bin:/home/ksiddhan/bin
PBS_ENVIRONMENT=PBS_BATCH
PBS_GPUFILE=/var/spool/torque/aux//448095.smic3gpu
PBS_JOBCOOKIE=33BDA5488AF95F8D5E5C57114EC2CE1D
PBS_JOBID=448095.smic3
PBS_JOBNAME=weak_BOT
PBS_MOMPORT=15003
PBS_NODEFILE=/var/spool/torque/aux//448095.smic3
PBS_NODENUM=0
PBS_NP=80
PBS_NUM_NODES=4
PBS_NUM_PPN=20
PBS_O_HOME=/home/ksiddhan
PBS_O_HOST=smic1
PBS_O_LANG=en_US.UTF-8
PBS_O_LOGNAME=ksiddhan
PBS_O_MAIL=/var/spool/mail/ksiddhan
PBS_O_PATH=/home/ksiddhan/miniconda2/bin:/usr/lib64/qt-3.3/bin:/usr/local/packages/xsede/xdinfo-1.3-1/bin:/usr/local/packages/xsede/xdusage/xdusage-2.0-3:/usr/local/packages/xsede/xdresourceid-1.0-2/bin:/usr/local/packages/xsede/perl/bin:/usr/local/packages/xsede/unicore/ucc-6.6.0/bin:/usr/local/packages/xsede/uberftp-2.6/bin:/usr/lib/jvm/java-1.7.0/bin:/usr/lib/jvm/java-1.7.0/jre/bin:/usr/local/packages/xsede/apache-ant-1.9.4/bin:/usr/local/packages/xsede/tginfo-1.1.4-r1/bin:/usr/local/packages/xsede/globus-client-xsede-6.0/usr/bin:/usr/local/packages/xsede/tgusage-3.0-r3/bin:/usr/local/packages/xsede/gx-map-0.5.3.3-r1/bin:/usr/local/packages/mvapich2/2.0/INTEL-14.0.2/bin:/usr/local/bin:/bin:/usr/bin:/usr/bin:/usr/local/sbin:/usr/sbin:/sbin:/usr/local/bin:/usr/local/compilers/pgi/linux86-64/6.1/bin:/usr/local/compilers/Intel/cluster_studio_xe_2013.1.046/composer_xe_2013_sp1.2.144/bin/intel64:/opt/ibutils/bin:/opt/dell/srvadmin/bin:/home/ksiddhan/bin
PBS_O_QUEUE=workq
PBS_O_SHELL=/bin/bash
PBS_O_WORKDIR=/home/ksiddhan/miniconda2/envs/radical-pilot/share/radical.pilot/examples
PBS_QUEUE=workq
PBS_SERVER=smic3
PBS_TASKNUM=1
PBS_VERSION=TORQUE-3.0.6
PBS_VNODENUM=0
PBS_WALLTIME=86400
PGI=/usr/local/compilers/pgi
PKG_CONFIG_PATH=/usr/local/packages/mvapich2/2.0/INTEL-14.0.2/lib/pkgconfig
PS1=#
PWD=/home/ksiddhan/radical.pilot.sandbox/rp.session.smic002.ksiddhan.017815.0023/pilot.0000
PYTHONNOUSERSITE=True
QTDIR=/usr/lib64/qt-3.3
QTINC=/usr/lib64/qt-3.3/include
QTLIB=/usr/lib64/qt-3.3/lib
RADICAL_PILOT_DBURL=mongodb://aymenfja:123456789@ds127490.mlab.com:27490/radicallab
RADICAL_PILOT_PROFILE=TRUE
RADICAL_PILOT_VERBOSE=DEBUG
RADICAL_REPORT=TRUE
RP_BOOTSTRAP_0_REDIR=True
RSHCOMMAND=/usr/bin/ssh
SAGA_PWD=.saga/adaptors/shell_job//84764.0
SAGA_UPID=84764.0
SDK_HOME=/usr/lib/jvm/java-1.7.0
SHELL=/bin/bash
SHLIB_PATH=/usr/local/packages/xsede/globus-client-xsede-6.0/usr/lib64
SHLVL=8
SSH_ASKPASS=/usr/libexec/openssh/gnome-ssh-askpass
SSH_CLIENT=149.165.168.51 39824 2222
SSH_CONNECTION=149.165.168.51 39824 204.90.40.21 2222
SSH_TTY=/dev/pts/12
TERM=vt100
TG_APPS_PREFIX=/usr/local/packages/xsede
TG_CLUSTER_HOME=/home/ksiddhan
TG_CLUSTER_LUSTRE=/work/ksiddhan
TG_CLUSTER_PFS=/work/ksiddhan
TG_CLUSTER_SCRATCH=/work/ksiddhan
TG_COMMUNITY=/usr/local/packages/xsede
TG_EXAMPLES=/usr/local/packages/xsede
TG_NODE_SCRATCH=/var/scratch
USER=ksiddhan
X509_USER_PROXY=/tmp/x509up_p31573.fileF6wep9.1
XDUSAGE_INSTALL_DIR=/usr/local/packages/xsede/xdusage/xdusage-2.0-3
# -------------------------------------------------------------------
# -------------------------------------------------------------------
# Touching output tarballs
# -------------------------------------------------------------------
create gtod
build gtod with cc... success
0.0021,bootstrap_0_start,bootstrap_0,MainThread,pilot.0000,PMGR_ACTIVE_PENDING,
VIRTENV : /home/ksiddhan/radical.pilot.sandbox/ve.local.localhost_anaconda.0.50.8
VIRTENV : /home/ksiddhan/radical.pilot.sandbox/ve.local.localhost_anaconda.0.50.8 (normalized)
PYTHON: /home/ksiddhan/miniconda2/bin/python
PIP   : /home/ksiddhan/miniconda2/bin/pip
0.0242,ve_setup_start,bootstrap_0,MainThread,pilot.0000,PMGR_ACTIVE_PENDING,
virtenv_create   : TRUE
virtenv_update   : FALSE
rp install sources:  radical.utils-0.50.2/ saga-python-0.50.0/ radical.pilot-0.50.8/
rp install target : SANDBOX
rp install lock   : FALSE
virtenv /home/ksiddhan/radical.pilot.sandbox/ve.local.localhost_anaconda.0.50.8 exists
0.3780,ve_activate_start,bootstrap_0,MainThread,pilot.0000,PMGR_ACTIVE_PENDING,
PYTHON: /home/ksiddhan/radical.pilot.sandbox/ve.local.localhost_anaconda.0.50.8/bin/python
PIP   : /home/ksiddhan/radical.pilot.sandbox/ve.local.localhost_anaconda.0.50.8/bin/pip
PYTHON INTERPRETER: /home/ksiddhan/radical.pilot.sandbox/ve.local.localhost_anaconda.0.50.8/bin/python
PYTHON_VERSION    : 2.7
VE_MOD_PREFIX     : /home/ksiddhan/radical.pilot.sandbox/ve.local.localhost_anaconda.0.50.8/lib/python2.7/site-packages
PIP installer     : /home/ksiddhan/radical.pilot.sandbox/ve.local.localhost_anaconda.0.50.8/bin/pip
PIP version       : pip 10.0.1 from /home/ksiddhan/radical.pilot.sandbox/ve.local.localhost_anaconda.0.50.8/lib/python2.7/site-packages/pip (python 2.7)
activated virtenv
VIRTENV      : /home/ksiddhan/radical.pilot.sandbox/ve.local.localhost_anaconda.0.50.8
VE_MOD_PREFIX: /home/ksiddhan/radical.pilot.sandbox/ve.local.localhost_anaconda.0.50.8/lib/python2.7/site-packages
RP_MOD_PREFIX: /home/ksiddhan/radical.pilot.sandbox/ve.local.localhost_anaconda.0.50.8/rp_install/lib/python2.7/site-packages
PYTHONPATH   : /home/ksiddhan/radical.pilot.sandbox/ve.local.localhost_anaconda.0.50.8/lib/python2.7/site-packages:
1.3039,ve_activate_stop,bootstrap_0,MainThread,pilot.0000,PMGR_ACTIVE_PENDING,
do not update virtenv /home/ksiddhan/radical.pilot.sandbox/ve.local.localhost_anaconda.0.50.8
1.3084,rp_install_start,bootstrap_0,MainThread,pilot.0000,PMGR_ACTIVE_PENDING,
Using RADICAL-Pilot install sources ' radical.utils-0.50.2/ saga-python-0.50.0/ radical.pilot-0.50.8/'
VE_MOD_PREFIX: /home/ksiddhan/radical.pilot.sandbox/ve.local.localhost_anaconda.0.50.8/lib/python2.7/site-packages
VIRTENV      : /home/ksiddhan/radical.pilot.sandbox/ve.local.localhost_anaconda.0.50.8
SANDBOX      : /home/ksiddhan/radical.pilot.sandbox/rp.session.smic002.ksiddhan.017815.0023/pilot.0000
VE_LOC_PREFIX: 
using local install tree
PYTHONPATH: /home/ksiddhan/radical.pilot.sandbox/rp.session.smic002.ksiddhan.017815.0023/pilot.0000/rp_install/lib/python2.7/site-packages::
rp_install: /home/ksiddhan/radical.pilot.sandbox/rp.session.smic002.ksiddhan.017815.0023/pilot.0000/rp_install/lib/python2.7/site-packages
radicalmod: /home/ksiddhan/radical.pilot.sandbox/rp.session.smic002.ksiddhan.017815.0023/pilot.0000/rp_install/lib/python2.7/site-packages/radical/
created radical namespace in /home/ksiddhan/radical.pilot.sandbox/rp.session.smic002.ksiddhan.017815.0023/pilot.0000/rp_install/lib/python2.7/site-packages/radical//__init__.py

# -------------------------------------------------------------------
#
# update radical.utils-0.50.2/ via pip
# cmd: /home/ksiddhan/radical.pilot.sandbox/ve.local.localhost_anaconda.0.50.8/bin/pip install  --src '/home/ksiddhan/radical.pilot.sandbox/rp.session.smic002.ksiddhan.017815.0023/pilot.0000/rp_install/src' --build '/home/ksiddhan/radical.pilot.sandbox/rp.session.smic002.ksiddhan.017815.0023/pilot.0000/rp_install/build' --install-option='--prefix=/home/ksiddhan/radical.pilot.sandbox/rp.session.smic002.ksiddhan.017815.0023/pilot.0000/rp_install' --no-deps radical.utils-0.50.2/
#
/home/ksiddhan/radical.pilot.sandbox/ve.local.localhost_anaconda.0.50.8/lib/python2.7/site-packages/pip/_internal/commands/install.py:199: UserWarning: Disabling all use of wheels due to the use of --build-options / --global-options / --install-options.
  cmdoptions.check_install_build_global(options)
Processing ./radical.utils-0.50.2
Skipping bdist_wheel for radical.utils, due to binaries being disabled for it.
Installing collected packages: radical.utils
  Running setup.py install for radical.utils: started
    Running setup.py install for radical.utils: finished with status 'done'
Successfully installed radical.utils
You are using pip version 10.0.1, however version 18.1 is available.
You should consider upgrading via the 'pip install --upgrade pip' command.
#
# SUCCESS
#
# -------------------------------------------------------------------
purge install source at radical.utils-0.50.2/

# -------------------------------------------------------------------
#
# update saga-python-0.50.0/ via pip
# cmd: /home/ksiddhan/radical.pilot.sandbox/ve.local.localhost_anaconda.0.50.8/bin/pip install  --src '/home/ksiddhan/radical.pilot.sandbox/rp.session.smic002.ksiddhan.017815.0023/pilot.0000/rp_install/src' --build '/home/ksiddhan/radical.pilot.sandbox/rp.session.smic002.ksiddhan.017815.0023/pilot.0000/rp_install/build' --install-option='--prefix=/home/ksiddhan/radical.pilot.sandbox/rp.session.smic002.ksiddhan.017815.0023/pilot.0000/rp_install' --no-deps saga-python-0.50.0/
#
/home/ksiddhan/radical.pilot.sandbox/ve.local.localhost_anaconda.0.50.8/lib/python2.7/site-packages/pip/_internal/commands/install.py:199: UserWarning: Disabling all use of wheels due to the use of --build-options / --global-options / --install-options.
  cmdoptions.check_install_build_global(options)
Processing ./saga-python-0.50.0
Skipping bdist_wheel for saga-python, due to binaries being disabled for it.
Installing collected packages: saga-python
  Running setup.py install for saga-python: started
    Running setup.py install for saga-python: finished with status 'done'
Successfully installed saga-python
You are using pip version 10.0.1, however version 18.1 is available.
You should consider upgrading via the 'pip install --upgrade pip' command.
#
# SUCCESS
#
# -------------------------------------------------------------------
purge install source at saga-python-0.50.0/

# -------------------------------------------------------------------
#
# update radical.pilot-0.50.8/ via pip
# cmd: /home/ksiddhan/radical.pilot.sandbox/ve.local.localhost_anaconda.0.50.8/bin/pip install  --src '/home/ksiddhan/radical.pilot.sandbox/rp.session.smic002.ksiddhan.017815.0023/pilot.0000/rp_install/src' --build '/home/ksiddhan/radical.pilot.sandbox/rp.session.smic002.ksiddhan.017815.0023/pilot.0000/rp_install/build' --install-option='--prefix=/home/ksiddhan/radical.pilot.sandbox/rp.session.smic002.ksiddhan.017815.0023/pilot.0000/rp_install' --no-deps radical.pilot-0.50.8/
#
/home/ksiddhan/radical.pilot.sandbox/ve.local.localhost_anaconda.0.50.8/lib/python2.7/site-packages/pip/_internal/commands/install.py:199: UserWarning: Disabling all use of wheels due to the use of --build-options / --global-options / --install-options.
  cmdoptions.check_install_build_global(options)
Processing ./radical.pilot-0.50.8
Skipping bdist_wheel for radical.pilot, due to binaries being disabled for it.
Installing collected packages: radical.pilot
  Running setup.py install for radical.pilot: started
    Running setup.py install for radical.pilot: finished with status 'done'
Successfully installed radical.pilot
You are using pip version 10.0.1, however version 18.1 is available.
You should consider upgrading via the 'pip install --upgrade pip' command.
#
# SUCCESS
#
# -------------------------------------------------------------------
purge install source at radical.pilot-0.50.8/
7.1375,rp_install_stop,bootstrap_0,MainThread,pilot.0000,PMGR_ACTIVE_PENDING,
7.1421,ve_setup_stop,bootstrap_0,MainThread,pilot.0000,PMGR_ACTIVE_PENDING,
7.1466,ve_activate_start,bootstrap_0,MainThread,pilot.0000,PMGR_ACTIVE_PENDING,
verify python viability: /home/ksiddhan/radical.pilot.sandbox/ve.local.localhost_anaconda.0.50.8/bin/python ... ok
verify module viability: saga            ... ok
verify module viability: radical.utils   ... ok
verify module viability: pymongo         ... ok
verify module viability: hostlist        ... ok
verify module viability: netifaces       ... ok
verify module viability: setproctitle    ... ok
verify module viability: ntplib          ... ok
verify module viability: msgpack         ... ok
verify module viability: zmq             ... ok

---------------------------------------------------------------------

Python 2.7.15 :: Anaconda, Inc.
 (/home/ksiddhan/radical.pilot.sandbox/ve.local.localhost_anaconda.0.50.8/bin/python)
PYTHONPATH: /home/ksiddhan/radical.pilot.sandbox/rp.session.smic002.ksiddhan.017815.0023/pilot.0000/rp_install/lib/python2.7/site-packages::
utils :  0.50.2 /home/ksiddhan/radical.pilot.sandbox/rp.session.smic002.ksiddhan.017815.0023/pilot.0000/rp_install/lib/python2.7/site-packages/radical/utils/__init__.pyc
saga  :  0.50.0 /home/ksiddhan/radical.pilot.sandbox/rp.session.smic002.ksiddhan.017815.0023/pilot.0000/rp_install/lib/python2.7/site-packages/saga/__init__.pyc
pilot :  0.50.8 /home/ksiddhan/radical.pilot.sandbox/rp.session.smic002.ksiddhan.017815.0023/pilot.0000/rp_install/lib/python2.7/site-packages/radical/pilot/__init__.pyc
install ok!

---------------------------------------------------------------------


# -------------------------------------------------------------------
# Launching radical-pilot-agent 
# CMDLINE: /home/ksiddhan/radical.pilot.sandbox/ve.local.localhost_anaconda.0.50.8/bin/python /home/ksiddhan/radical.pilot.sandbox/rp.session.smic002.ksiddhan.017815.0023/pilot.0000/rp_install/bin/radical-pilot-agent
ntphost: 46.101.140.169
PING 46.101.140.169 (46.101.140.169) 56(84) bytes of data.
64 bytes from 46.101.140.169: icmp_seq=1 ttl=45 time=137 ms

--- 46.101.140.169 ping statistics ---
1 packets transmitted, 1 received, 0% packet loss, time 137ms
rtt min/avg/max/mdev = 137.868/137.868/137.868/0.000 ms
8.8446,sync_rel,bootstrap_0,MainThread,pilot.0000,PMGR_ACTIVE_PENDING,agent_0 start
910.3792,killme,bootstrap_0,MainThread,pilot.0000,PMGR_ACTIVE_PENDING,2018-10-11 12:40:59.505
910.3855,sigterm,bootstrap_0,MainThread,pilot.0000,PMGR_ACTIVE_PENDING,2018-10-11 12:40:59.511
send SIGTERM to 85378 (84775)
COND start 'kill -0  85378' (I: 1 T: 30)
/home/ksiddhan/radical.pilot.sandbox/rp.session.smic002.ksiddhan.017815.0023/bootstrap_0.sh: line 250: 85378 Terminated              ./bootstrap_2.sh 'agent_0' > agent_0.bootstrap_2.out 2> agent_0.bootstrap_2.err
/home/ksiddhan/radical.pilot.sandbox/rp.session.smic002.ksiddhan.017815.0023/bootstrap_0.sh: line 263: kill: (85378) - No such process
COND failed (1)
agent 85378 is final
agent 85378 is final (143)
911.3962,agent_final,bootstrap_0,MainThread,pilot.0000,PMGR_ACTIVE_PENDING,85378:143 2018-10-11 12:41:00.522

# -------------------------------------------------------------------
# CLEANUP: 
#
911.4009,cleanup_start,bootstrap_0,MainThread,pilot.0000,PMGR_ACTIVE_PENDING,
911.4052,cleanup_stop,bootstrap_0,MainThread,pilot.0000,PMGR_ACTIVE_PENDING,
#
# -------------------------------------------------------------------

# -------------------------------------------------------------------
#
# Mark final profiling entry ...
911.4153,bootstrap_0_stop,bootstrap_0,MainThread,pilot.0000,PMGR_ACTIVE_PENDING,
911.4194,END,bootstrap_0,MainThread,pilot.0000,PMGR_ACTIVE_PENDING,
#
# -------------------------------------------------------------------

# -------------------------------------------------------------------
#
# We wait for some seconds for the FS to flush profiles.
# Success is assumed when all profiles end with a 'END' event.
#
# -------------------------------------------------------------------
nprofs 12 =? nend 12
Thu Oct 11 12:41:00 CDT 2018

# -------------------------------------------------------------------
#
# Tarring profiles ...
-rw-r--r-- 1 ksiddhan xsede 10240 Oct 11 12:41 pilot.0000.prof.tgz
#
# -------------------------------------------------------------------

# -------------------------------------------------------------------
#
# Tarring logfiles ...
