2018-10-11 10:52:45,949: update.0            : MainProcess                     : MainThread     : INFO    : python.interpreter   version: 2.7.15 |Anaconda, Inc.| (default, Oct 10 2018, 21:32:13) [GCC 7.3.0]
2018-10-11 10:52:45,954: update.0            : MainProcess                     : MainThread     : INFO    :                      pid/tid: 50558/MainThread
2018-10-11 10:52:45,954: update.0            : MainProcess                     : MainThread     : DEBUG   : alive check in term
2018-10-11 10:52:45,955: update.0            : MainProcess                     : MainThread     : DEBUG   : start process
2018-10-11 10:52:46,237: update.0            : MainProcess                     : MainThread     : INFO    : recv message: alive
2018-10-11 10:52:46,237: update.0            : MainProcess                     : MainThread     : INFO    : initialize update.0
2018-10-11 10:52:46,245: update.0            : MainProcess                     : MainThread     : INFO    : cfg: {'agent_launch_method': 'FORK',
 'agent_name': 'agent_0',
 'agents': {},
 'bridges': {'agent_executing_queue': {'addr_in': 'tcp://204.90.41.2:35124',
                                       'addr_out': 'tcp://204.90.41.2:45036',
                                       'bulk_size': 0,
                                       'log_level': 'error',
                                       'stall_hwm': 1},
             'agent_schedule_pubsub': {'addr_in': 'tcp://204.90.41.2:44247',
                                       'addr_out': 'tcp://204.90.41.2:34294',
                                       'bulk_size': 0,
                                       'log_level': 'error',
                                       'stall_hwm': 1},
             'agent_scheduling_queue': {'addr_in': 'tcp://204.90.41.2:33365',
                                        'addr_out': 'tcp://204.90.41.2:37692',
                                        'bulk_size': 0,
                                        'log_level': 'error',
                                        'stall_hwm': 1},
             'agent_staging_input_queue': {'addr_in': 'tcp://204.90.41.2:40624',
                                           'addr_out': 'tcp://204.90.41.2:40610',
                                           'bulk_size': 0,
                                           'log_level': 'error',
                                           'stall_hwm': 1},
             'agent_staging_output_queue': {'addr_in': 'tcp://204.90.41.2:39352',
                                            'addr_out': 'tcp://204.90.41.2:33009',
                                            'bulk_size': 0,
                                            'log_level': 'error',
                                            'stall_hwm': 1},
             'agent_unschedule_pubsub': {'addr_in': 'tcp://204.90.41.2:33558',
                                         'addr_out': 'tcp://204.90.41.2:41705',
                                         'bulk_size': 0,
                                         'log_level': 'error',
                                         'stall_hwm': 1},
             'control_pubsub': {'addr_in': 'tcp://204.90.41.2:41233',
                                'addr_out': 'tcp://204.90.41.2:39184',
                                'bulk_size': 0,
                                'log_level': 'error',
                                'stall_hwm': 1},
             'log_pubsub': {'addr_in': 'tcp://204.90.41.2:41655',
                            'addr_out': 'tcp://204.90.41.2:33369',
                            'bulk_size': 0,
                            'log_level': 'error',
                            'stall_hwm': 1},
             'state_pubsub': {'addr_in': 'tcp://204.90.41.2:37102',
                              'addr_out': 'tcp://204.90.41.2:41579',
                              'bulk_size': 0,
                              'log_level': 'error',
                              'stall_hwm': 1}},
 'bulk_collection_size': 100,
 'bulk_collection_time': 1.0,
 'cname': 'UpdateWorker',
 'components': {},
 'cores': 24,
 'cores_per_node': 8,
 'count': 1,
 'cu_post_exec': None,
 'cu_pre_exec': None,
 'cu_tmp': None,
 'db_poll_sleeptime': 1.0,
 'dburl': 'mongodb://aymenfja:123456789@ds127490.mlab.com:27490/radicallab',
 'debug': 10,
 'export_to_cu': None,
 'gpus': 0,
 'gpus_per_node': 1,
 'logdir': '.',
 'lrms': 'FORK',
 'lrms_info': {'agent_nodes': {},
               'cores_per_node': 8,
               'gpus_per_node': 1,
               'lm_info': {'version_info': {'FORK': {'version': '0.42',
                                                     'version_detail': 'There is no spoon'}}},
               'name': 'Fork',
               'node_list': [['localhost', 'localhost_0'],
                             ['localhost', 'localhost_1'],
                             ['localhost', 'localhost_2']]},
 'max_io_loglength': 1024,
 'mode': 'shared',
 'mpi_launch_method': 'MPIEXEC',
 'number': 0,
 'owner': 'agent_0',
 'pilot_id': 'pilot.0000',
 'pilot_sandbox': '/home/ksiddhan/radical.pilot.sandbox/rp.session.smic002.ksiddhan.017815.0017/pilot.0000/',
 'resource_cfg': {'agent_launch_method': 'FORK',
                  'agent_scheduler': 'CONTINUOUS',
                  'agent_spawner': 'POPEN',
                  'cores_per_node': 8,
                  'default_remote_workdir': '$HOME',
                  'description': 'Your local machine.',
                  'filesystem_endpoint': 'file://localhost/',
                  'gpus_per_node': 1,
                  'job_manager_endpoint': 'fork://localhost/',
                  'label': 'local.localhost_anaconda',
                  'local': {'filesystem_endpoint': 'file://localhost/',
                            'job_manager_endpoint': 'fork://localhost/'},
                  'lrms': 'FORK',
                  'mpi_launch_method': 'MPIEXEC',
                  'notes': 'To use the ssh schema, make sure that ssh access to localhost is enabled.',
                  'python_dist': 'anaconda',
                  'rp_version': 'local',
                  'schemas': ['local', 'ssh'],
                  'ssh': {'filesystem_endpoint': 'sftp://localhost/',
                          'job_manager_endpoint': 'ssh://localhost/'},
                  'task_launch_method': 'FORK',
                  'virtenv_mode': 'create'},
 'resource_sandbox': '/home/ksiddhan/radical.pilot.sandbox',
 'runtime': 15,
 'scheduler': 'CONTINUOUS',
 'session_id': 'rp.session.smic002.ksiddhan.017815.0017',
 'session_sandbox': '/home/ksiddhan/radical.pilot.sandbox/rp.session.smic002.ksiddhan.017815.0017',
 'spawner': 'POPEN',
 'staging_area': 'staging_area',
 'staging_schema': 'staging',
 'target': 'local',
 'task_launch_method': 'FORK',
 'uid': 'agent_0',
 'workdir': '/home/ksiddhan/radical.pilot.sandbox/rp.session.smic002.ksiddhan.017815.0017/pilot.0000'}
2018-10-11 10:52:46,245: update.0            : MainProcess                     : MainThread     : DEBUG   : alive check in term
2018-10-11 10:52:46,245: update.0            : MainProcess                     : MainThread     : DEBUG   : START: update.0 register publisher log_pubsub
2018-10-11 10:52:46,245: update.0            : MainProcess                     : MainThread     : DEBUG   : using addr tcp://204.90.41.2:41655 for pubsub log_pubsub
2018-10-11 10:52:46,248: update.0            : MainProcess                     : MainThread     : DEBUG   : registered publisher : log_pubsub : log.pubsub.pub.0003
2018-10-11 10:52:46,248: update.0            : MainProcess                     : MainThread     : DEBUG   : alive check in term
2018-10-11 10:52:46,248: update.0            : MainProcess                     : MainThread     : DEBUG   : START: update.0 register publisher state_pubsub
2018-10-11 10:52:46,248: update.0            : MainProcess                     : MainThread     : DEBUG   : using addr tcp://204.90.41.2:37102 for pubsub state_pubsub
2018-10-11 10:52:46,250: update.0            : MainProcess                     : MainThread     : DEBUG   : registered publisher : state_pubsub : state.pubsub.pub.0003
2018-10-11 10:52:46,250: update.0            : MainProcess                     : MainThread     : DEBUG   : alive check in term
2018-10-11 10:52:46,250: update.0            : MainProcess                     : MainThread     : DEBUG   : START: update.0 register publisher control_pubsub
2018-10-11 10:52:46,250: update.0            : MainProcess                     : MainThread     : DEBUG   : using addr tcp://204.90.41.2:41233 for pubsub control_pubsub
2018-10-11 10:52:46,252: update.0            : MainProcess                     : MainThread     : DEBUG   : registered publisher : control_pubsub : control.pubsub.pub.0003
2018-10-11 10:52:46,252: update.0            : MainProcess                     : MainThread     : DEBUG   : parent name: update.0.watch
2018-10-11 10:52:46,252: update.0            : MainProcess                     : MainThread     : DEBUG   : start thread
2018-10-11 10:52:46,252: update.0            : MainProcess                     : update.0.watch : DEBUG   : child name: update.0.watch.thread
2018-10-11 10:52:46,252: update.0            : MainProcess                     : update.0.watch : INFO    : child (me) initializing
2018-10-11 10:52:46,252: update.0            : MainProcess                     : update.0.watch : DEBUG   : ru_initialize_common (NOOP)
2018-10-11 10:52:46,252: update.0            : MainProcess                     : update.0.watch : DEBUG   : ru_initialize_child (NOOP)
2018-10-11 10:52:46,252: update.0            : MainProcess                     : update.0.watch : INFO    : send alive
2018-10-11 10:52:46,253: update.0            : MainProcess                     : update.0.watch : INFO    : put message: [update.0.watch.thread] alive
2018-10-11 10:52:46,253: update.0            : MainProcess                     : MainThread     : INFO    : get msg: alive
2018-10-11 10:52:46,253: update.0            : MainProcess                     : MainThread     : DEBUG   : ru_initialize_common (NOOP)
2018-10-11 10:52:46,254: update.0            : MainProcess                     : MainThread     : DEBUG   : ru_initialize_parent (NOOP)
2018-10-11 10:52:46,254: update.0            : MainProcess                     : MainThread     : DEBUG   : child thread update.0.watch started
2018-10-11 10:52:46,254: update.0            : MainProcess                     : MainThread     : INFO    : child is alive
2018-10-11 10:52:46,254: update.0            : MainProcess                     : MainThread     : DEBUG   : process class started child
2018-10-11 11:07:43,787: update.0            : MainProcess                     : update.0.watch : INFO    : recv message: STOP
2018-10-11 11:07:43,788: update.0            : MainProcess                     : update.0.watch : INFO    : message received: STOP
2018-10-11 11:07:43,788: update.0            : MainProcess                     : update.0.watch : INFO    : STOP received: STOP
2018-10-11 11:07:43,788: update.0            : MainProcess                     : update.0.watch : INFO    : watcher closes
2018-10-11 11:07:43,788: update.0            : MainProcess                     : update.0.watch : INFO    : put message: [update.0.watch.thread] work finished
2018-10-11 11:07:43,788: update.0            : MainProcess                     : update.0.watch : DEBUG   : ru_finalize_child (NOOP)
2018-10-11 11:07:43,788: update.0            : MainProcess                     : update.0.watch : DEBUG   : ru_finalize_common (NOOP)
2018-10-11 11:07:43,788: update.0            : MainProcess                     : update.0.watch : INFO    : put message: [update.0.watch.thread] terminating
2018-10-11 11:07:43,938: update.0            : MainProcess                     : MainThread     : INFO    : stop update.0 (50558 : 50731 : MainThread) [radical.pilot.worker.update.Update.stop]
2018-10-11 11:07:43,938: update.0            : MainProcess                     : MainThread     : INFO    : parent stops child  50558 -> 50731 [update.0]
2018-10-11 11:07:43,938: update.0            : MainProcess                     : MainThread     : INFO    : send message: [update.0] STOP
2018-10-11 11:07:43,938: update.0            : MainProcess                     : MainThread     : WARNING : send failed ([Errno 9] Bad file descriptor) - terminate
2018-10-11 11:07:43,939: update.0            : MainProcess                     : MainThread     : DEBUG   : ru_finalize_common()
2018-10-11 11:07:43,939: update.0            : MainProcess                     : MainThread     : DEBUG   : TERM : update.0 unregister publisher log_pubsub
2018-10-11 11:07:43,939: update.0            : MainProcess                     : MainThread     : DEBUG   : unregistered publisher log_pubsub
2018-10-11 11:07:43,939: update.0            : MainProcess                     : MainThread     : DEBUG   : TERM : update.0 unregister publisher state_pubsub
2018-10-11 11:07:43,939: update.0            : MainProcess                     : MainThread     : DEBUG   : unregistered publisher state_pubsub
2018-10-11 11:07:43,940: update.0            : MainProcess                     : MainThread     : DEBUG   : TERM : update.0 unregister publisher control_pubsub
2018-10-11 11:07:43,940: update.0            : MainProcess                     : MainThread     : DEBUG   : unregistered publisher control_pubsub
2018-10-11 11:07:43,940: update.0            : MainProcess                     : MainThread     : DEBUG   : update.0 close prof
2018-10-11 11:07:43,940: update.0            : MainProcess                     : MainThread     : INFO    : parent stops child
2018-10-11 11:07:43,940: update.0            : MainProcess                     : MainThread     : DEBUG   : ru_finalize_parent (NOOP)
2018-10-11 11:07:43,940: update.0            : MainProcess                     : MainThread     : DEBUG   : ru_finalize_common (NOOP)
