2018-10-11 10:52:46,019: update.0.child      : update.0                        : MainThread     : INFO    : python.interpreter   version: 2.7.15 |Anaconda, Inc.| (default, Oct 10 2018, 21:32:13) [GCC 7.3.0]
2018-10-11 10:52:46,019: update.0.child      : update.0                        : MainThread     : INFO    :                      pid/tid: 50731/MainThread
2018-10-11 10:52:46,020: update.0.child      : update.0                        : MainThread     : INFO    : initialize update.0.child
2018-10-11 10:52:46,025: update.0.child      : update.0                        : MainThread     : INFO    : cfg: {'agent_launch_method': 'FORK',
 'agent_name': 'agent_0',
 'agents': {},
 'bridges': {'agent_executing_queue': {'addr_in': 'tcp://204.90.41.2:35124',
                                       'addr_out': 'tcp://204.90.41.2:45036',
                                       'bulk_size': 0,
                                       'log_level': 'error',
                                       'stall_hwm': 1},
             'agent_schedule_pubsub': {'addr_in': 'tcp://204.90.41.2:44247',
                                       'addr_out': 'tcp://204.90.41.2:34294',
                                       'bulk_size': 0,
                                       'log_level': 'error',
                                       'stall_hwm': 1},
             'agent_scheduling_queue': {'addr_in': 'tcp://204.90.41.2:33365',
                                        'addr_out': 'tcp://204.90.41.2:37692',
                                        'bulk_size': 0,
                                        'log_level': 'error',
                                        'stall_hwm': 1},
             'agent_staging_input_queue': {'addr_in': 'tcp://204.90.41.2:40624',
                                           'addr_out': 'tcp://204.90.41.2:40610',
                                           'bulk_size': 0,
                                           'log_level': 'error',
                                           'stall_hwm': 1},
             'agent_staging_output_queue': {'addr_in': 'tcp://204.90.41.2:39352',
                                            'addr_out': 'tcp://204.90.41.2:33009',
                                            'bulk_size': 0,
                                            'log_level': 'error',
                                            'stall_hwm': 1},
             'agent_unschedule_pubsub': {'addr_in': 'tcp://204.90.41.2:33558',
                                         'addr_out': 'tcp://204.90.41.2:41705',
                                         'bulk_size': 0,
                                         'log_level': 'error',
                                         'stall_hwm': 1},
             'control_pubsub': {'addr_in': 'tcp://204.90.41.2:41233',
                                'addr_out': 'tcp://204.90.41.2:39184',
                                'bulk_size': 0,
                                'log_level': 'error',
                                'stall_hwm': 1},
             'log_pubsub': {'addr_in': 'tcp://204.90.41.2:41655',
                            'addr_out': 'tcp://204.90.41.2:33369',
                            'bulk_size': 0,
                            'log_level': 'error',
                            'stall_hwm': 1},
             'state_pubsub': {'addr_in': 'tcp://204.90.41.2:37102',
                              'addr_out': 'tcp://204.90.41.2:41579',
                              'bulk_size': 0,
                              'log_level': 'error',
                              'stall_hwm': 1}},
 'bulk_collection_size': 100,
 'bulk_collection_time': 1.0,
 'cname': 'UpdateWorker',
 'components': {},
 'cores': 24,
 'cores_per_node': 8,
 'count': 1,
 'cu_post_exec': None,
 'cu_pre_exec': None,
 'cu_tmp': None,
 'db_poll_sleeptime': 1.0,
 'dburl': 'mongodb://aymenfja:123456789@ds127490.mlab.com:27490/radicallab',
 'debug': 10,
 'export_to_cu': None,
 'gpus': 0,
 'gpus_per_node': 1,
 'logdir': '.',
 'lrms': 'FORK',
 'lrms_info': {'agent_nodes': {},
               'cores_per_node': 8,
               'gpus_per_node': 1,
               'lm_info': {'version_info': {'FORK': {'version': '0.42',
                                                     'version_detail': 'There is no spoon'}}},
               'name': 'Fork',
               'node_list': [['localhost', 'localhost_0'],
                             ['localhost', 'localhost_1'],
                             ['localhost', 'localhost_2']]},
 'max_io_loglength': 1024,
 'mode': 'shared',
 'mpi_launch_method': 'MPIEXEC',
 'number': 0,
 'owner': 'agent_0',
 'pilot_id': 'pilot.0000',
 'pilot_sandbox': '/home/ksiddhan/radical.pilot.sandbox/rp.session.smic002.ksiddhan.017815.0017/pilot.0000/',
 'resource_cfg': {'agent_launch_method': 'FORK',
                  'agent_scheduler': 'CONTINUOUS',
                  'agent_spawner': 'POPEN',
                  'cores_per_node': 8,
                  'default_remote_workdir': '$HOME',
                  'description': 'Your local machine.',
                  'filesystem_endpoint': 'file://localhost/',
                  'gpus_per_node': 1,
                  'job_manager_endpoint': 'fork://localhost/',
                  'label': 'local.localhost_anaconda',
                  'local': {'filesystem_endpoint': 'file://localhost/',
                            'job_manager_endpoint': 'fork://localhost/'},
                  'lrms': 'FORK',
                  'mpi_launch_method': 'MPIEXEC',
                  'notes': 'To use the ssh schema, make sure that ssh access to localhost is enabled.',
                  'python_dist': 'anaconda',
                  'rp_version': 'local',
                  'schemas': ['local', 'ssh'],
                  'ssh': {'filesystem_endpoint': 'sftp://localhost/',
                          'job_manager_endpoint': 'ssh://localhost/'},
                  'task_launch_method': 'FORK',
                  'virtenv_mode': 'create'},
 'resource_sandbox': '/home/ksiddhan/radical.pilot.sandbox',
 'runtime': 15,
 'scheduler': 'CONTINUOUS',
 'session_id': 'rp.session.smic002.ksiddhan.017815.0017',
 'session_sandbox': '/home/ksiddhan/radical.pilot.sandbox/rp.session.smic002.ksiddhan.017815.0017',
 'spawner': 'POPEN',
 'staging_area': 'staging_area',
 'staging_schema': 'staging',
 'target': 'local',
 'task_launch_method': 'FORK',
 'uid': 'agent_0',
 'workdir': '/home/ksiddhan/radical.pilot.sandbox/rp.session.smic002.ksiddhan.017815.0017/pilot.0000'}
2018-10-11 10:52:46,025: update.0.child      : update.0                        : MainThread     : DEBUG   : start components: {}
2018-10-11 10:52:46,025: update.0.child      : update.0                        : MainThread     : DEBUG   : alive check in term
2018-10-11 10:52:46,026: update.0.child      : update.0                        : MainThread     : DEBUG   : START: update.0.child register publisher log_pubsub
2018-10-11 10:52:46,026: update.0.child      : update.0                        : MainThread     : DEBUG   : using addr tcp://204.90.41.2:41655 for pubsub log_pubsub
2018-10-11 10:52:46,028: update.0.child      : update.0                        : MainThread     : DEBUG   : registered publisher : log_pubsub : log.pubsub.pub.0003
2018-10-11 10:52:46,028: update.0.child      : update.0                        : MainThread     : DEBUG   : alive check in term
2018-10-11 10:52:46,028: update.0.child      : update.0                        : MainThread     : DEBUG   : START: update.0.child register publisher state_pubsub
2018-10-11 10:52:46,028: update.0.child      : update.0                        : MainThread     : DEBUG   : using addr tcp://204.90.41.2:37102 for pubsub state_pubsub
2018-10-11 10:52:46,030: update.0.child      : update.0                        : MainThread     : DEBUG   : registered publisher : state_pubsub : state.pubsub.pub.0003
2018-10-11 10:52:46,030: update.0.child      : update.0                        : MainThread     : DEBUG   : alive check in term
2018-10-11 10:52:46,030: update.0.child      : update.0                        : MainThread     : DEBUG   : START: update.0.child register publisher control_pubsub
2018-10-11 10:52:46,030: update.0.child      : update.0                        : MainThread     : DEBUG   : using addr tcp://204.90.41.2:41233 for pubsub control_pubsub
2018-10-11 10:52:46,032: update.0.child      : update.0                        : MainThread     : DEBUG   : registered publisher : control_pubsub : control.pubsub.pub.0003
2018-10-11 10:52:46,032: update.0.child      : update.0                        : MainThread     : DEBUG   : alive check in term
2018-10-11 10:52:46,032: update.0.child      : update.0                        : MainThread     : DEBUG   : START: update.0.child register subscriber update.0.child.subscriber._cancel_monitor_cb
2018-10-11 10:52:46,032: update.0.child      : update.0                        : MainThread     : DEBUG   : using addr tcp://204.90.41.2:39184 for pubsub control_pubsub
2018-10-11 10:52:46,035: update.0.child      : update.0                        : MainThread     : DEBUG   : parent name: update.0.child.subscriber._cancel_monitor_cb
2018-10-11 10:52:46,035: update.0.child      : update.0                        : MainThread     : DEBUG   : start thread
2018-10-11 10:52:46,035: update.0.child      : update.0                        : update.0.child.subscriber._cancel_monitor_cb: DEBUG   : child name: update.0.child.subscriber._cancel_monitor_cb.thread
2018-10-11 10:52:46,035: update.0.child      : update.0                        : update.0.child.subscriber._cancel_monitor_cb: INFO    : child (me) initializing
2018-10-11 10:52:46,035: update.0.child      : update.0                        : update.0.child.subscriber._cancel_monitor_cb: DEBUG   : ru_initialize_common (NOOP)
2018-10-11 10:52:46,035: update.0.child      : update.0                        : update.0.child.subscriber._cancel_monitor_cb: DEBUG   : ru_initialize_child (NOOP)
2018-10-11 10:52:46,035: update.0.child      : update.0                        : update.0.child.subscriber._cancel_monitor_cb: INFO    : send alive
2018-10-11 10:52:46,035: update.0.child      : update.0                        : update.0.child.subscriber._cancel_monitor_cb: INFO    : put message: [update.0.child.subscriber._cancel_monitor_cb.thread] alive
2018-10-11 10:52:46,036: update.0.child      : update.0                        : MainThread     : INFO    : get msg: alive
2018-10-11 10:52:46,036: update.0.child      : update.0                        : MainThread     : DEBUG   : ru_initialize_common (NOOP)
2018-10-11 10:52:46,036: update.0.child      : update.0                        : MainThread     : DEBUG   : ru_initialize_parent (NOOP)
2018-10-11 10:52:46,036: update.0.child      : update.0                        : MainThread     : DEBUG   : child thread update.0.child.subscriber._cancel_monitor_cb started
2018-10-11 10:52:46,036: update.0.child      : update.0                        : MainThread     : DEBUG   : update.0.child registered control_pubsub subscriber update.0.child.subscriber._cancel_monitor_cb
2018-10-11 10:52:46,229: update.0.child      : update.0                        : MainThread     : DEBUG   : alive check in term
2018-10-11 10:52:46,229: update.0.child      : update.0                        : MainThread     : DEBUG   : START: update.0.child register subscriber update.0.child.subscriber._state_cb
2018-10-11 10:52:46,229: update.0.child      : update.0                        : MainThread     : DEBUG   : using addr tcp://204.90.41.2:41579 for pubsub state_pubsub
2018-10-11 10:52:46,231: update.0.child      : update.0                        : MainThread     : DEBUG   : parent name: update.0.child.subscriber._state_cb
2018-10-11 10:52:46,231: update.0.child      : update.0                        : MainThread     : DEBUG   : start thread
2018-10-11 10:52:46,231: update.0.child      : update.0                        : update.0.child.subscriber._state_cb: DEBUG   : child name: update.0.child.subscriber._state_cb.thread
2018-10-11 10:52:46,232: update.0.child      : update.0                        : update.0.child.subscriber._state_cb: INFO    : child (me) initializing
2018-10-11 10:52:46,232: update.0.child      : update.0                        : update.0.child.subscriber._state_cb: DEBUG   : ru_initialize_common (NOOP)
2018-10-11 10:52:46,232: update.0.child      : update.0                        : update.0.child.subscriber._state_cb: DEBUG   : ru_initialize_child (NOOP)
2018-10-11 10:52:46,232: update.0.child      : update.0                        : update.0.child.subscriber._state_cb: INFO    : send alive
2018-10-11 10:52:46,232: update.0.child      : update.0                        : update.0.child.subscriber._state_cb: INFO    : put message: [update.0.child.subscriber._state_cb.thread] alive
2018-10-11 10:52:46,233: update.0.child      : update.0                        : MainThread     : INFO    : get msg: alive
2018-10-11 10:52:46,233: update.0.child      : update.0                        : MainThread     : DEBUG   : ru_initialize_common (NOOP)
2018-10-11 10:52:46,233: update.0.child      : update.0                        : MainThread     : DEBUG   : ru_initialize_parent (NOOP)
2018-10-11 10:52:46,233: update.0.child      : update.0                        : MainThread     : DEBUG   : child thread update.0.child.subscriber._state_cb started
2018-10-11 10:52:46,233: update.0.child      : update.0                        : MainThread     : DEBUG   : update.0.child registered state_pubsub subscriber update.0.child.subscriber._state_cb
2018-10-11 10:52:46,233: update.0.child      : update.0                        : MainThread     : DEBUG   : alive check in term
2018-10-11 10:52:46,233: update.0.child      : update.0                        : MainThread     : DEBUG   : START: update.0.child register idler update.0.child.idler._idle_cb
2018-10-11 10:52:46,233: update.0.child      : update.0                        : MainThread     : DEBUG   : parent name: update.0.child.idler._idle_cb
2018-10-11 10:52:46,233: update.0.child      : update.0                        : MainThread     : DEBUG   : start thread
2018-10-11 10:52:46,233: update.0.child      : update.0                        : update.0.child.idler._idle_cb: DEBUG   : child name: update.0.child.idler._idle_cb.thread
2018-10-11 10:52:46,234: update.0.child      : update.0                        : update.0.child.idler._idle_cb: INFO    : child (me) initializing
2018-10-11 10:52:46,234: update.0.child      : update.0                        : update.0.child.idler._idle_cb: DEBUG   : ru_initialize_common (NOOP)
2018-10-11 10:52:46,234: update.0.child      : update.0                        : update.0.child.idler._idle_cb: DEBUG   : ru_initialize_child (NOOP)
2018-10-11 10:52:46,234: update.0.child      : update.0                        : update.0.child.idler._idle_cb: INFO    : send alive
2018-10-11 10:52:46,234: update.0.child      : update.0                        : update.0.child.idler._idle_cb: INFO    : put message: [update.0.child.idler._idle_cb.thread] alive
2018-10-11 10:52:46,235: update.0.child      : update.0                        : MainThread     : INFO    : get msg: alive
2018-10-11 10:52:46,235: update.0.child      : update.0                        : MainThread     : DEBUG   : ru_initialize_common (NOOP)
2018-10-11 10:52:46,235: update.0.child      : update.0                        : MainThread     : DEBUG   : ru_initialize_parent (NOOP)
2018-10-11 10:52:46,235: update.0.child      : update.0                        : MainThread     : DEBUG   : child thread update.0.child.idler._idle_cb started
2018-10-11 10:52:46,235: update.0.child      : update.0                        : MainThread     : DEBUG   : update.0.child registered idler update.0.child.idler._idle_cb
2018-10-11 10:52:46,235: update.0.child      : update.0                        : MainThread     : INFO    : child (me) initializing
2018-10-11 10:52:46,235: update.0.child      : update.0                        : MainThread     : DEBUG   : parent name: update.0.child.watch
2018-10-11 10:52:46,235: update.0.child      : update.0                        : MainThread     : DEBUG   : start thread
2018-10-11 10:52:46,235: update.0.child      : update.0                        : update.0.child.watch: DEBUG   : child name: update.0.child.watch.thread
2018-10-11 10:52:46,236: update.0.child      : update.0                        : update.0.child.watch: INFO    : child (me) initializing
2018-10-11 10:52:46,236: update.0.child      : update.0                        : update.0.child.watch: DEBUG   : ru_initialize_common (NOOP)
2018-10-11 10:52:46,236: update.0.child      : update.0                        : update.0.child.watch: DEBUG   : ru_initialize_child (NOOP)
2018-10-11 10:52:46,236: update.0.child      : update.0                        : update.0.child.watch: INFO    : send alive
2018-10-11 10:52:46,236: update.0.child      : update.0                        : update.0.child.watch: INFO    : put message: [update.0.child.watch.thread] alive
2018-10-11 10:52:46,237: update.0.child      : update.0                        : MainThread     : INFO    : get msg: alive
2018-10-11 10:52:46,237: update.0.child      : update.0                        : MainThread     : DEBUG   : ru_initialize_common (NOOP)
2018-10-11 10:52:46,237: update.0.child      : update.0                        : MainThread     : DEBUG   : ru_initialize_parent (NOOP)
2018-10-11 10:52:46,237: update.0.child      : update.0                        : MainThread     : DEBUG   : child thread update.0.child.watch started
2018-10-11 10:52:46,237: update.0.child      : update.0                        : MainThread     : INFO    : child (me) is alive
2018-10-11 10:52:46,237: update.0.child      : update.0                        : MainThread     : INFO    : send alive
2018-10-11 10:52:46,237: update.0.child      : update.0                        : MainThread     : INFO    : send message: [update.0.child] alive
2018-10-11 10:52:46,956: update.0.child      : update.0                        : update.0.child.subscriber._state_cb: DEBUG   : bulk update result: {'nModified': 100, 'nUpserted': 0, 'nMatched': 100, 'writeErrors': [], 'upserted': [], 'writeConcernErrors': [], 'nRemoved': 0, 'nInserted': 0}
2018-10-11 10:52:48,274: update.0.child      : update.0                        : update.0.child.idler._idle_cb: DEBUG   : bulk update result: {'nModified': 1, 'nUpserted': 0, 'nMatched': 1, 'writeErrors': [], 'upserted': [], 'writeConcernErrors': [], 'nRemoved': 0, 'nInserted': 0}
2018-10-11 10:57:57,912: update.0.child      : update.0                        : update.0.child.subscriber._state_cb: DEBUG   : bulk update result: {'nModified': 1, 'nUpserted': 0, 'nMatched': 1, 'writeErrors': [], 'upserted': [], 'writeConcernErrors': [], 'nRemoved': 0, 'nInserted': 0}
2018-10-11 10:57:59,666: update.0.child      : update.0                        : update.0.child.idler._idle_cb: DEBUG   : bulk update result: {'nModified': 2, 'nUpserted': 0, 'nMatched': 2, 'writeErrors': [], 'upserted': [], 'writeConcernErrors': [], 'nRemoved': 0, 'nInserted': 0}
2018-10-11 10:59:17,938: update.0.child      : update.0                        : update.0.child.subscriber._state_cb: DEBUG   : bulk update result: {'nModified': 1, 'nUpserted': 0, 'nMatched': 1, 'writeErrors': [], 'upserted': [], 'writeConcernErrors': [], 'nRemoved': 0, 'nInserted': 0}
2018-10-11 10:59:19,804: update.0.child      : update.0                        : update.0.child.idler._idle_cb: DEBUG   : bulk update result: {'nModified': 2, 'nUpserted': 0, 'nMatched': 2, 'writeErrors': [], 'upserted': [], 'writeConcernErrors': [], 'nRemoved': 0, 'nInserted': 0}
2018-10-11 11:00:04,901: update.0.child      : update.0                        : update.0.child.subscriber._state_cb: DEBUG   : bulk update result: {'nModified': 1, 'nUpserted': 0, 'nMatched': 1, 'writeErrors': [], 'upserted': [], 'writeConcernErrors': [], 'nRemoved': 0, 'nInserted': 0}
2018-10-11 11:00:06,909: update.0.child      : update.0                        : update.0.child.idler._idle_cb: DEBUG   : bulk update result: {'nModified': 2, 'nUpserted': 0, 'nMatched': 2, 'writeErrors': [], 'upserted': [], 'writeConcernErrors': [], 'nRemoved': 0, 'nInserted': 0}
2018-10-11 11:00:17,824: update.0.child      : update.0                        : update.0.child.subscriber._state_cb: DEBUG   : bulk update result: {'nModified': 1, 'nUpserted': 0, 'nMatched': 1, 'writeErrors': [], 'upserted': [], 'writeConcernErrors': [], 'nRemoved': 0, 'nInserted': 0}
2018-10-11 11:00:18,962: update.0.child      : update.0                        : update.0.child.idler._idle_cb: DEBUG   : bulk update result: {'nModified': 2, 'nUpserted': 0, 'nMatched': 2, 'writeErrors': [], 'upserted': [], 'writeConcernErrors': [], 'nRemoved': 0, 'nInserted': 0}
2018-10-11 11:00:23,834: update.0.child      : update.0                        : update.0.child.subscriber._state_cb: DEBUG   : bulk update result: {'nModified': 1, 'nUpserted': 0, 'nMatched': 1, 'writeErrors': [], 'upserted': [], 'writeConcernErrors': [], 'nRemoved': 0, 'nInserted': 0}
2018-10-11 11:00:25,007: update.0.child      : update.0                        : update.0.child.idler._idle_cb: DEBUG   : bulk update result: {'nModified': 2, 'nUpserted': 0, 'nMatched': 2, 'writeErrors': [], 'upserted': [], 'writeConcernErrors': [], 'nRemoved': 0, 'nInserted': 0}
2018-10-11 11:00:26,046: update.0.child      : update.0                        : update.0.child.idler._idle_cb: DEBUG   : bulk update result: {'nModified': 3, 'nUpserted': 0, 'nMatched': 3, 'writeErrors': [], 'upserted': [], 'writeConcernErrors': [], 'nRemoved': 0, 'nInserted': 0}
2018-10-11 11:00:38,959: update.0.child      : update.0                        : update.0.child.subscriber._state_cb: DEBUG   : bulk update result: {'nModified': 1, 'nUpserted': 0, 'nMatched': 1, 'writeErrors': [], 'upserted': [], 'writeConcernErrors': [], 'nRemoved': 0, 'nInserted': 0}
2018-10-11 11:00:40,102: update.0.child      : update.0                        : update.0.child.idler._idle_cb: DEBUG   : bulk update result: {'nModified': 2, 'nUpserted': 0, 'nMatched': 2, 'writeErrors': [], 'upserted': [], 'writeConcernErrors': [], 'nRemoved': 0, 'nInserted': 0}
2018-10-11 11:01:07,804: update.0.child      : update.0                        : update.0.child.subscriber._state_cb: DEBUG   : bulk update result: {'nModified': 1, 'nUpserted': 0, 'nMatched': 1, 'writeErrors': [], 'upserted': [], 'writeConcernErrors': [], 'nRemoved': 0, 'nInserted': 0}
2018-10-11 11:01:08,806: update.0.child      : update.0                        : update.0.child.subscriber._state_cb: DEBUG   : bulk update result: {'nModified': 3, 'nUpserted': 0, 'nMatched': 3, 'writeErrors': [], 'upserted': [], 'writeConcernErrors': [], 'nRemoved': 0, 'nInserted': 0}
2018-10-11 11:01:10,177: update.0.child      : update.0                        : update.0.child.idler._idle_cb: DEBUG   : bulk update result: {'nModified': 2, 'nUpserted': 0, 'nMatched': 2, 'writeErrors': [], 'upserted': [], 'writeConcernErrors': [], 'nRemoved': 0, 'nInserted': 0}
2018-10-11 11:01:17,920: update.0.child      : update.0                        : update.0.child.subscriber._state_cb: DEBUG   : bulk update result: {'nModified': 1, 'nUpserted': 0, 'nMatched': 1, 'writeErrors': [], 'upserted': [], 'writeConcernErrors': [], 'nRemoved': 0, 'nInserted': 0}
2018-10-11 11:01:19,227: update.0.child      : update.0                        : update.0.child.idler._idle_cb: DEBUG   : bulk update result: {'nModified': 2, 'nUpserted': 0, 'nMatched': 2, 'writeErrors': [], 'upserted': [], 'writeConcernErrors': [], 'nRemoved': 0, 'nInserted': 0}
2018-10-11 11:01:22,928: update.0.child      : update.0                        : update.0.child.subscriber._state_cb: DEBUG   : bulk update result: {'nModified': 1, 'nUpserted': 0, 'nMatched': 1, 'writeErrors': [], 'upserted': [], 'writeConcernErrors': [], 'nRemoved': 0, 'nInserted': 0}
2018-10-11 11:01:24,271: update.0.child      : update.0                        : update.0.child.idler._idle_cb: DEBUG   : bulk update result: {'nModified': 2, 'nUpserted': 0, 'nMatched': 2, 'writeErrors': [], 'upserted': [], 'writeConcernErrors': [], 'nRemoved': 0, 'nInserted': 0}
2018-10-11 11:01:57,883: update.0.child      : update.0                        : update.0.child.subscriber._state_cb: DEBUG   : bulk update result: {'nModified': 1, 'nUpserted': 0, 'nMatched': 1, 'writeErrors': [], 'upserted': [], 'writeConcernErrors': [], 'nRemoved': 0, 'nInserted': 0}
2018-10-11 11:01:59,354: update.0.child      : update.0                        : update.0.child.idler._idle_cb: DEBUG   : bulk update result: {'nModified': 2, 'nUpserted': 0, 'nMatched': 2, 'writeErrors': [], 'upserted': [], 'writeConcernErrors': [], 'nRemoved': 0, 'nInserted': 0}
2018-10-11 11:03:41,941: update.0.child      : update.0                        : update.0.child.subscriber._state_cb: DEBUG   : bulk update result: {'nModified': 1, 'nUpserted': 0, 'nMatched': 1, 'writeErrors': [], 'upserted': [], 'writeConcernErrors': [], 'nRemoved': 0, 'nInserted': 0}
2018-10-11 11:03:43,525: update.0.child      : update.0                        : update.0.child.idler._idle_cb: DEBUG   : bulk update result: {'nModified': 2, 'nUpserted': 0, 'nMatched': 2, 'writeErrors': [], 'upserted': [], 'writeConcernErrors': [], 'nRemoved': 0, 'nInserted': 0}
2018-10-11 11:03:49,954: update.0.child      : update.0                        : update.0.child.subscriber._state_cb: DEBUG   : bulk update result: {'nModified': 1, 'nUpserted': 0, 'nMatched': 1, 'writeErrors': [], 'upserted': [], 'writeConcernErrors': [], 'nRemoved': 0, 'nInserted': 0}
2018-10-11 11:03:51,572: update.0.child      : update.0                        : update.0.child.idler._idle_cb: DEBUG   : bulk update result: {'nModified': 2, 'nUpserted': 0, 'nMatched': 2, 'writeErrors': [], 'upserted': [], 'writeConcernErrors': [], 'nRemoved': 0, 'nInserted': 0}
2018-10-11 11:05:04,964: update.0.child      : update.0                        : update.0.child.subscriber._state_cb: DEBUG   : bulk update result: {'nModified': 1, 'nUpserted': 0, 'nMatched': 1, 'writeErrors': [], 'upserted': [], 'writeConcernErrors': [], 'nRemoved': 0, 'nInserted': 0}
2018-10-11 11:05:06,708: update.0.child      : update.0                        : update.0.child.idler._idle_cb: DEBUG   : bulk update result: {'nModified': 2, 'nUpserted': 0, 'nMatched': 2, 'writeErrors': [], 'upserted': [], 'writeConcernErrors': [], 'nRemoved': 0, 'nInserted': 0}
2018-10-11 11:05:26,896: update.0.child      : update.0                        : update.0.child.subscriber._state_cb: DEBUG   : bulk update result: {'nModified': 1, 'nUpserted': 0, 'nMatched': 1, 'writeErrors': [], 'upserted': [], 'writeConcernErrors': [], 'nRemoved': 0, 'nInserted': 0}
2018-10-11 11:05:28,774: update.0.child      : update.0                        : update.0.child.idler._idle_cb: DEBUG   : bulk update result: {'nModified': 2, 'nUpserted': 0, 'nMatched': 2, 'writeErrors': [], 'upserted': [], 'writeConcernErrors': [], 'nRemoved': 0, 'nInserted': 0}
2018-10-11 11:05:51,833: update.0.child      : update.0                        : update.0.child.subscriber._state_cb: DEBUG   : bulk update result: {'nModified': 1, 'nUpserted': 0, 'nMatched': 1, 'writeErrors': [], 'upserted': [], 'writeConcernErrors': [], 'nRemoved': 0, 'nInserted': 0}
2018-10-11 11:05:52,871: update.0.child      : update.0                        : update.0.child.idler._idle_cb: DEBUG   : bulk update result: {'nModified': 2, 'nUpserted': 0, 'nMatched': 2, 'writeErrors': [], 'upserted': [], 'writeConcernErrors': [], 'nRemoved': 0, 'nInserted': 0}
2018-10-11 11:06:16,869: update.0.child      : update.0                        : update.0.child.subscriber._state_cb: DEBUG   : bulk update result: {'nModified': 1, 'nUpserted': 0, 'nMatched': 1, 'writeErrors': [], 'upserted': [], 'writeConcernErrors': [], 'nRemoved': 0, 'nInserted': 0}
2018-10-11 11:06:17,941: update.0.child      : update.0                        : update.0.child.idler._idle_cb: DEBUG   : bulk update result: {'nModified': 2, 'nUpserted': 0, 'nMatched': 2, 'writeErrors': [], 'upserted': [], 'writeConcernErrors': [], 'nRemoved': 0, 'nInserted': 0}
2018-10-11 11:06:31,891: update.0.child      : update.0                        : update.0.child.subscriber._state_cb: DEBUG   : bulk update result: {'nModified': 1, 'nUpserted': 0, 'nMatched': 1, 'writeErrors': [], 'upserted': [], 'writeConcernErrors': [], 'nRemoved': 0, 'nInserted': 0}
2018-10-11 11:06:32,998: update.0.child      : update.0                        : update.0.child.idler._idle_cb: DEBUG   : bulk update result: {'nModified': 2, 'nUpserted': 0, 'nMatched': 2, 'writeErrors': [], 'upserted': [], 'writeConcernErrors': [], 'nRemoved': 0, 'nInserted': 0}
2018-10-11 11:07:37,895: update.0.child      : update.0                        : update.0.child.subscriber._state_cb: DEBUG   : bulk update result: {'nModified': 1, 'nUpserted': 0, 'nMatched': 1, 'writeErrors': [], 'upserted': [], 'writeConcernErrors': [], 'nRemoved': 0, 'nInserted': 0}
2018-10-11 11:07:39,132: update.0.child      : update.0                        : update.0.child.idler._idle_cb: DEBUG   : bulk update result: {'nModified': 2, 'nUpserted': 0, 'nMatched': 2, 'writeErrors': [], 'upserted': [], 'writeConcernErrors': [], 'nRemoved': 0, 'nInserted': 0}
2018-10-11 11:07:43,678: update.0.child      : update.0                        : update.0.child.subscriber._cancel_monitor_cb: INFO    : got termination command
2018-10-11 11:07:43,768: update.0.child      : update.0                        : update.0.child.subscriber._cancel_monitor_cb: INFO    : stop update.0.child (50731 : 50731 : update.0.child.subscriber._cancel_monitor_cb) [radical.pilot.worker.update.Update.stop]
2018-10-11 11:07:43,768: update.0.child      : update.0                        : update.0.child.subscriber._cancel_monitor_cb: INFO    : parent stops child  50731 -> 50731 [update.0.child]
2018-10-11 11:07:43,768: update.0.child      : update.0                        : update.0.child.subscriber._cancel_monitor_cb: INFO    : send message: [update.0.child] STOP
2018-10-11 11:07:43,768: update.0.child      : update.0                        : update.0.child.subscriber._cancel_monitor_cb: DEBUG   : TERM : update.0.child unregister idler update.0.child.idler._idle_cb
2018-10-11 11:07:43,768: update.0.child      : update.0                        : update.0.child.subscriber._cancel_monitor_cb: INFO    : signal stop for update.0.child.subscriber._cancel_monitor_cb - do not join
2018-10-11 11:07:43,769: update.0.child      : update.0                        : update.0.child.subscriber._cancel_monitor_cb: DEBUG   : TERM : update.0.child unregistered idler update.0.child.idler._idle_cb
2018-10-11 11:07:43,769: update.0.child      : update.0                        : update.0.child.subscriber._cancel_monitor_cb: DEBUG   : TERM : update.0.child unregister subscriber update.0.child.subscriber._state_cb
2018-10-11 11:07:43,769: update.0.child      : update.0                        : update.0.child.subscriber._cancel_monitor_cb: DEBUG   : unregistered subscriber update.0.child.subscriber._state_cb
2018-10-11 11:07:43,769: update.0.child      : update.0                        : update.0.child.subscriber._cancel_monitor_cb: DEBUG   : ru_finalize_common()
2018-10-11 11:07:43,769: update.0.child      : update.0                        : update.0.child.subscriber._cancel_monitor_cb: DEBUG   : TERM : update.0.child unregister publisher log_pubsub
2018-10-11 11:07:43,769: update.0.child      : update.0                        : update.0.child.subscriber._cancel_monitor_cb: DEBUG   : unregistered publisher log_pubsub
2018-10-11 11:07:43,769: update.0.child      : update.0                        : update.0.child.subscriber._cancel_monitor_cb: DEBUG   : TERM : update.0.child unregister publisher state_pubsub
2018-10-11 11:07:43,770: update.0.child      : update.0                        : update.0.child.subscriber._cancel_monitor_cb: DEBUG   : unregistered publisher state_pubsub
2018-10-11 11:07:43,770: update.0.child      : update.0                        : update.0.child.subscriber._cancel_monitor_cb: DEBUG   : TERM : update.0.child unregister publisher control_pubsub
2018-10-11 11:07:43,770: update.0.child      : update.0                        : update.0.child.subscriber._cancel_monitor_cb: DEBUG   : unregistered publisher control_pubsub
2018-10-11 11:07:43,771: update.0.child      : update.0                        : update.0.child.subscriber._cancel_monitor_cb: DEBUG   : update.0.child close prof
2018-10-11 11:07:43,771: update.0.child      : update.0                        : update.0.child.subscriber._cancel_monitor_cb: INFO    : signal stop for update.0.child.subscriber._cancel_monitor_cb - do not join
2018-10-11 11:07:43,771: update.0.child      : update.0                        : update.0.child.subscriber._cancel_monitor_cb: INFO    : child calls stop()
2018-10-11 11:07:43,771: update.0.child      : update.0                        : update.0.child.subscriber._cancel_monitor_cb: INFO    : signal stop for update.0.child.subscriber._cancel_monitor_cb - do not join
2018-10-11 11:07:43,771: update.0.child      : update.0                        : update.0.child.subscriber._cancel_monitor_cb: INFO    : signal stop for update.0.child.subscriber._cancel_monitor_cb - do not join
2018-10-11 11:07:43,771: update.0.child      : update.0                        : update.0.child.subscriber._cancel_monitor_cb: INFO    : signal stop for update.0.child.subscriber._cancel_monitor_cb - do not join
2018-10-11 11:07:43,771: update.0.child      : update.0                        : update.0.child.subscriber._cancel_monitor_cb: INFO    : signal stop for update.0.child.subscriber._cancel_monitor_cb - do not join
2018-10-11 11:07:43,771: update.0.child      : update.0                        : update.0.child.subscriber._cancel_monitor_cb: DEBUG   : ru_finalize_child (NOOP)
2018-10-11 11:07:43,772: update.0.child      : update.0                        : update.0.child.subscriber._cancel_monitor_cb: INFO    : put message: [update.0.child.subscriber._cancel_monitor_cb.thread] terminating
2018-10-11 11:07:43,788: update.0.child      : update.0                        : update.0.child.watch: INFO    : recv message: 
2018-10-11 11:07:43,788: update.0.child      : update.0                        : update.0.child.watch: INFO    : message received: 
2018-10-11 11:07:43,788: update.0.child      : update.0                        : update.0.child.watch: WARNING : received empty string, parent closed ep
2018-10-11 11:07:43,788: update.0.child      : update.0                        : update.0.child.watch: INFO    : watcher closes
2018-10-11 11:07:43,788: update.0.child      : update.0                        : update.0.child.watch: INFO    : put message: [update.0.child.watch.thread] work finished
2018-10-11 11:07:43,788: update.0.child      : update.0                        : update.0.child.watch: DEBUG   : ru_finalize_child (NOOP)
2018-10-11 11:07:43,788: update.0.child      : update.0                        : update.0.child.watch: DEBUG   : ru_finalize_common (NOOP)
2018-10-11 11:07:43,789: update.0.child      : update.0                        : update.0.child.watch: INFO    : put message: [update.0.child.watch.thread] terminating
2018-10-11 11:07:43,839: update.0.child      : update.0                        : update.0.child.idler._idle_cb: DEBUG   : ru_finalize_child (NOOP)
2018-10-11 11:07:43,839: update.0.child      : update.0                        : update.0.child.idler._idle_cb: DEBUG   : ru_finalize_common (NOOP)
2018-10-11 11:07:43,839: update.0.child      : update.0                        : update.0.child.idler._idle_cb: INFO    : put message: [update.0.child.idler._idle_cb.thread] terminating
2018-10-11 11:07:43,868: update.0.child      : update.0                        : MainThread     : DEBUG   : TERM : update.0.child unregister idler update.0.child.idler._idle_cb
2018-10-11 11:07:43,869: update.0.child      : update.0                        : MainThread     : WARNING : timed cb update.0.child.idler._idle_cb is not registered
2018-10-11 11:07:43,869: update.0.child      : update.0                        : MainThread     : DEBUG   : TERM : update.0.child unregister subscriber update.0.child.subscriber._state_cb
2018-10-11 11:07:43,869: update.0.child      : update.0                        : MainThread     : WARNING : subscriber _state_cb is not registered
2018-10-11 11:07:43,869: update.0.child      : update.0                        : MainThread     : DEBUG   : ru_finalize_common()
2018-10-11 11:07:43,869: update.0.child      : update.0                        : MainThread     : WARNING : publisher log_pubsub is not registered
2018-10-11 11:07:43,869: update.0.child      : update.0                        : MainThread     : WARNING : publisher state_pubsub is not registered
2018-10-11 11:07:43,869: update.0.child      : update.0                        : MainThread     : WARNING : publisher control_pubsub is not registered
2018-10-11 11:07:43,869: update.0.child      : update.0                        : MainThread     : DEBUG   : update.0.child close prof
2018-10-11 11:07:43,869: update.0.child      : update.0                        : MainThread     : INFO    : send message: [update.0.child] terminating
2018-10-11 11:07:43,869: update.0.child      : update.0                        : MainThread     : WARNING : send failed ([Errno 9] Bad file descriptor) - terminate
2018-10-11 11:07:43,869: update.0.child      : update.0                        : MainThread     : INFO    : parent stops child
2018-10-11 11:07:43,869: update.0.child      : update.0                        : MainThread     : DEBUG   : ru_finalize_parent (NOOP)
2018-10-11 11:07:43,869: update.0.child      : update.0                        : MainThread     : INFO    : parent stops child
2018-10-11 11:07:43,869: update.0.child      : update.0                        : MainThread     : DEBUG   : ru_finalize_parent (NOOP)
2018-10-11 11:07:43,870: update.0.child      : update.0                        : update.0.child.subscriber._state_cb: DEBUG   : ru_finalize_child (NOOP)
2018-10-11 11:07:43,870: update.0.child      : update.0                        : update.0.child.subscriber._state_cb: INFO    : put message: [update.0.child.subscriber._state_cb.thread] terminating
2018-10-11 11:07:43,870: update.0.child      : update.0                        : MainThread     : INFO    : parent stops child
2018-10-11 11:07:43,870: update.0.child      : update.0                        : MainThread     : DEBUG   : ru_finalize_parent (NOOP)
2018-10-11 11:07:43,870: update.0.child      : update.0                        : MainThread     : DEBUG   : ru_finalize_common (NOOP)
