2018-10-11 11:24:12,022: umgr.0000.scheduling.0: MainProcess                     : MainThread     : INFO    : python.interpreter   version: 2.7.15 |Anaconda, Inc.| (default, May 1 2018, 23:32:55) [GCC 7.2.0]
2018-10-11 11:24:12,022: umgr.0000.scheduling.0: MainProcess                     : MainThread     : INFO    :                      pid/tid: 59809/MainThread
2018-10-11 11:24:12,022: umgr.0000.scheduling.0: MainProcess                     : MainThread     : DEBUG   : alive check in term
2018-10-11 11:24:12,022: umgr.0000.scheduling.0: MainProcess                     : MainThread     : DEBUG   : start process
2018-10-11 11:24:12,121: umgr.0000.scheduling.0: MainProcess                     : MainThread     : INFO    : recv message: alive
2018-10-11 11:24:12,121: umgr.0000.scheduling.0: MainProcess                     : MainThread     : INFO    : initialize umgr.0000.scheduling.0
2018-10-11 11:24:12,123: umgr.0000.scheduling.0: MainProcess                     : MainThread     : INFO    : cfg: {'agents': {},
 u'bridges': {u'control_pubsub': {'addr_in': 'tcp://204.90.41.2:44904',
                                  'addr_out': 'tcp://204.90.41.2:36456',
                                  u'bulk_size': 0,
                                  u'log_level': u'error',
                                  u'stall_hwm': 1},
              u'log_pubsub': {'addr_in': 'tcp://204.90.41.2:34428',
                              'addr_out': 'tcp://204.90.41.2:34619',
                              u'bulk_size': 0,
                              u'log_level': u'error',
                              u'stall_hwm': 1},
              u'state_pubsub': {'addr_in': 'tcp://204.90.41.2:37134',
                                'addr_out': 'tcp://204.90.41.2:42706',
                                u'bulk_size': 0,
                                u'log_level': u'error',
                                u'stall_hwm': 1},
              u'umgr_reschedule_pubsub': {'addr_in': 'tcp://204.90.41.2:38785',
                                          'addr_out': 'tcp://204.90.41.2:33770',
                                          u'bulk_size': 0,
                                          u'log_level': u'error',
                                          u'stall_hwm': 1},
              u'umgr_scheduling_queue': {'addr_in': 'tcp://204.90.41.2:42981',
                                         'addr_out': 'tcp://204.90.41.2:46058',
                                         u'bulk_size': 0,
                                         u'log_level': u'error',
                                         u'stall_hwm': 1},
              u'umgr_staging_input_queue': {'addr_in': 'tcp://204.90.41.2:36357',
                                            'addr_out': 'tcp://204.90.41.2:33333',
                                            u'bulk_size': 0,
                                            u'log_level': u'error',
                                            u'stall_hwm': 1},
              u'umgr_staging_output_queue': {'addr_in': 'tcp://204.90.41.2:45689',
                                             'addr_out': 'tcp://204.90.41.2:34711',
                                             u'bulk_size': 0,
                                             u'log_level': u'error',
                                             u'stall_hwm': 1},
              u'umgr_unschedule_pubsub': {'addr_in': 'tcp://204.90.41.2:45474',
                                          'addr_out': 'tcp://204.90.41.2:44331',
                                          u'bulk_size': 0,
                                          u'log_level': u'error',
                                          u'stall_hwm': 1}},
 u'bulk_collection_size': 100,
 u'bulk_collection_time': 1.0,
 'cname': u'UMGRSchedulingComponent',
 u'components': {},
 u'count': 1,
 u'db_poll_sleeptime': 1.0,
 'number': 0,
 'owner': 'umgr.0000',
 u'scheduler': u'round_robin',
 'uid': 'umgr.0000'}
2018-10-11 11:24:12,123: umgr.0000.scheduling.0: MainProcess                     : MainThread     : DEBUG   : alive check in term
2018-10-11 11:24:12,123: umgr.0000.scheduling.0: MainProcess                     : MainThread     : DEBUG   : START: umgr.0000.scheduling.0 register publisher log_pubsub
2018-10-11 11:24:12,124: umgr.0000.scheduling.0: MainProcess                     : MainThread     : DEBUG   : using addr tcp://204.90.41.2:34428 for pubsub log_pubsub
2018-10-11 11:24:12,126: umgr.0000.scheduling.0: MainProcess                     : MainThread     : DEBUG   : registered publisher : log_pubsub : log.pubsub.pub.0005
2018-10-11 11:24:12,126: umgr.0000.scheduling.0: MainProcess                     : MainThread     : DEBUG   : alive check in term
2018-10-11 11:24:12,126: umgr.0000.scheduling.0: MainProcess                     : MainThread     : DEBUG   : START: umgr.0000.scheduling.0 register publisher state_pubsub
2018-10-11 11:24:12,126: umgr.0000.scheduling.0: MainProcess                     : MainThread     : DEBUG   : using addr tcp://204.90.41.2:37134 for pubsub state_pubsub
2018-10-11 11:24:12,128: umgr.0000.scheduling.0: MainProcess                     : MainThread     : DEBUG   : registered publisher : state_pubsub : state.pubsub.pub.0005
2018-10-11 11:24:12,128: umgr.0000.scheduling.0: MainProcess                     : MainThread     : DEBUG   : alive check in term
2018-10-11 11:24:12,128: umgr.0000.scheduling.0: MainProcess                     : MainThread     : DEBUG   : START: umgr.0000.scheduling.0 register publisher control_pubsub
2018-10-11 11:24:12,128: umgr.0000.scheduling.0: MainProcess                     : MainThread     : DEBUG   : using addr tcp://204.90.41.2:44904 for pubsub control_pubsub
2018-10-11 11:24:12,130: umgr.0000.scheduling.0: MainProcess                     : MainThread     : DEBUG   : registered publisher : control_pubsub : control.pubsub.pub.0005
2018-10-11 11:24:12,130: umgr.0000.scheduling.0: MainProcess                     : MainThread     : DEBUG   : parent name: umgr.0000.scheduling.0.watch
2018-10-11 11:24:12,130: umgr.0000.scheduling.0: MainProcess                     : MainThread     : DEBUG   : start thread
2018-10-11 11:24:12,130: umgr.0000.scheduling.0: MainProcess                     : umgr.0000.scheduling.0.watch: DEBUG   : child name: umgr.0000.scheduling.0.watch.thread
2018-10-11 11:24:12,130: umgr.0000.scheduling.0: MainProcess                     : umgr.0000.scheduling.0.watch: INFO    : child (me) initializing
2018-10-11 11:24:12,130: umgr.0000.scheduling.0: MainProcess                     : umgr.0000.scheduling.0.watch: DEBUG   : ru_initialize_common (NOOP)
2018-10-11 11:24:12,130: umgr.0000.scheduling.0: MainProcess                     : umgr.0000.scheduling.0.watch: DEBUG   : ru_initialize_child (NOOP)
2018-10-11 11:24:12,130: umgr.0000.scheduling.0: MainProcess                     : umgr.0000.scheduling.0.watch: INFO    : send alive
2018-10-11 11:24:12,131: umgr.0000.scheduling.0: MainProcess                     : umgr.0000.scheduling.0.watch: INFO    : put message: [umgr.0000.scheduling.0.watch.thread] alive
2018-10-11 11:24:12,131: umgr.0000.scheduling.0: MainProcess                     : MainThread     : INFO    : get msg: alive
2018-10-11 11:24:12,132: umgr.0000.scheduling.0: MainProcess                     : MainThread     : DEBUG   : ru_initialize_common (NOOP)
2018-10-11 11:24:12,132: umgr.0000.scheduling.0: MainProcess                     : MainThread     : DEBUG   : ru_initialize_parent (NOOP)
2018-10-11 11:24:12,132: umgr.0000.scheduling.0: MainProcess                     : MainThread     : DEBUG   : child thread umgr.0000.scheduling.0.watch started
2018-10-11 11:24:12,132: umgr.0000.scheduling.0: MainProcess                     : MainThread     : INFO    : child is alive
2018-10-11 11:24:12,132: umgr.0000.scheduling.0: MainProcess                     : MainThread     : DEBUG   : process class started child
2018-10-11 11:38:14,483: umgr.0000.scheduling.0: MainProcess                     : MainThread     : INFO    : stop umgr.0000.scheduling.0 (59809 : 60284 : MainThread) [radical.pilot.unit_manager.UnitManager.finalize_parent]
2018-10-11 11:38:14,483: umgr.0000.scheduling.0: MainProcess                     : MainThread     : INFO    : parent stops child  59809 -> 60284 [umgr.0000.scheduling.0]
2018-10-11 11:38:14,483: umgr.0000.scheduling.0: MainProcess                     : MainThread     : INFO    : send message: [umgr.0000.scheduling.0] STOP
2018-10-11 11:38:14,483: umgr.0000.scheduling.0: MainProcess                     : MainThread     : DEBUG   : ru_finalize_common()
2018-10-11 11:38:14,483: umgr.0000.scheduling.0: MainProcess                     : MainThread     : DEBUG   : TERM : umgr.0000.scheduling.0 unregister publisher log_pubsub
2018-10-11 11:38:14,484: umgr.0000.scheduling.0: MainProcess                     : MainThread     : DEBUG   : unregistered publisher log_pubsub
2018-10-11 11:38:14,484: umgr.0000.scheduling.0: MainProcess                     : umgr.0000.scheduling.0.watch: INFO    : recv message: 
2018-10-11 11:38:14,484: umgr.0000.scheduling.0: MainProcess                     : MainThread     : DEBUG   : TERM : umgr.0000.scheduling.0 unregister publisher state_pubsub
2018-10-11 11:38:14,484: umgr.0000.scheduling.0: MainProcess                     : umgr.0000.scheduling.0.watch: INFO    : message received: 
2018-10-11 11:38:14,484: umgr.0000.scheduling.0: MainProcess                     : umgr.0000.scheduling.0.watch: WARNING : received empty string, parent closed ep
2018-10-11 11:38:14,485: umgr.0000.scheduling.0: MainProcess                     : umgr.0000.scheduling.0.watch: INFO    : watcher closes
2018-10-11 11:38:14,485: umgr.0000.scheduling.0: MainProcess                     : umgr.0000.scheduling.0.watch: INFO    : put message: [umgr.0000.scheduling.0.watch.thread] work finished
2018-10-11 11:38:14,485: umgr.0000.scheduling.0: MainProcess                     : umgr.0000.scheduling.0.watch: DEBUG   : ru_finalize_child (NOOP)
2018-10-11 11:38:14,485: umgr.0000.scheduling.0: MainProcess                     : umgr.0000.scheduling.0.watch: DEBUG   : ru_finalize_common (NOOP)
2018-10-11 11:38:14,485: umgr.0000.scheduling.0: MainProcess                     : MainThread     : DEBUG   : unregistered publisher state_pubsub
2018-10-11 11:38:14,485: umgr.0000.scheduling.0: MainProcess                     : umgr.0000.scheduling.0.watch: INFO    : put message: [umgr.0000.scheduling.0.watch.thread] terminating
2018-10-11 11:38:14,485: umgr.0000.scheduling.0: MainProcess                     : MainThread     : DEBUG   : TERM : umgr.0000.scheduling.0 unregister publisher control_pubsub
2018-10-11 11:38:14,486: umgr.0000.scheduling.0: MainProcess                     : MainThread     : DEBUG   : unregistered publisher control_pubsub
2018-10-11 11:38:14,486: umgr.0000.scheduling.0: MainProcess                     : MainThread     : DEBUG   : umgr.0000.scheduling.0 close prof
2018-10-11 11:38:14,486: umgr.0000.scheduling.0: MainProcess                     : MainThread     : INFO    : parent stops child
2018-10-11 11:38:14,486: umgr.0000.scheduling.0: MainProcess                     : MainThread     : DEBUG   : ru_finalize_parent (NOOP)
2018-10-11 11:38:14,486: umgr.0000.scheduling.0: MainProcess                     : MainThread     : DEBUG   : ru_finalize_common (NOOP)
2018-10-11 11:38:17,253: umgr.0000.scheduling.0: MainProcess                     : MainThread     : INFO    : stop umgr.0000.scheduling.0 (59809 : 60284 : MainThread) [radical.pilot.utils.component.UnitManager.ru_finalize_common]
2018-10-11 11:38:23,350: umgr.0000.scheduling.0: MainProcess                     : MainThread     : INFO    : stop umgr.0000.scheduling.0 (59809 : 60284 : MainThread) [radical.pilot.session.Session.close]
