2018-10-11 11:24:09,537: update.0.child      : update.0                        : MainThread     : INFO    : python.interpreter   version: 2.7.15 |Anaconda, Inc.| (default, May 1 2018, 23:32:55) [GCC 7.2.0]
2018-10-11 11:24:09,538: update.0.child      : update.0                        : MainThread     : INFO    :                      pid/tid: 59872/MainThread
2018-10-11 11:24:09,538: update.0.child      : update.0                        : MainThread     : INFO    : initialize update.0.child
2018-10-11 11:24:09,539: update.0.child      : update.0                        : MainThread     : INFO    : cfg: {'agents': {},
 u'bridges': {u'control_pubsub': {'addr_in': 'tcp://204.90.41.2:44904',
                                  'addr_out': 'tcp://204.90.41.2:36456',
                                  u'bulk_size': 0,
                                  u'log_level': u'error',
                                  u'stall_hwm': 1},
              u'log_pubsub': {'addr_in': 'tcp://204.90.41.2:34428',
                              'addr_out': 'tcp://204.90.41.2:34619',
                              u'bulk_size': 0,
                              u'log_level': u'error',
                              u'stall_hwm': 1},
              u'state_pubsub': {'addr_in': 'tcp://204.90.41.2:37134',
                                'addr_out': 'tcp://204.90.41.2:42706',
                                u'bulk_size': 0,
                                u'log_level': u'error',
                                u'stall_hwm': 1}},
 'cname': u'UpdateWorker',
 u'components': {},
 u'count': 1,
 'dburl': 'mongodb://aymenfja:123456789@ds127490.mlab.com:27490/radicallab',
 u'default_dburl': u'mongodb://rp:rp@ds015335.mlab.com:15335/rp',
 'logdir': '/home/ksiddhan/rp.session.smic002.ksiddhan.017815.0019',
 'number': 0,
 'owner': 'rp.session.smic002.ksiddhan.017815.0019',
 'session_id': 'rp.session.smic002.ksiddhan.017815.0019'}
2018-10-11 11:24:09,539: update.0.child      : update.0                        : MainThread     : DEBUG   : start components: {}
2018-10-11 11:24:09,539: update.0.child      : update.0                        : MainThread     : DEBUG   : alive check in term
2018-10-11 11:24:09,539: update.0.child      : update.0                        : MainThread     : DEBUG   : START: update.0.child register publisher log_pubsub
2018-10-11 11:24:09,539: update.0.child      : update.0                        : MainThread     : DEBUG   : using addr tcp://204.90.41.2:34428 for pubsub log_pubsub
2018-10-11 11:24:09,541: update.0.child      : update.0                        : MainThread     : DEBUG   : registered publisher : log_pubsub : log.pubsub.pub.0000
2018-10-11 11:24:09,541: update.0.child      : update.0                        : MainThread     : DEBUG   : alive check in term
2018-10-11 11:24:09,541: update.0.child      : update.0                        : MainThread     : DEBUG   : START: update.0.child register publisher state_pubsub
2018-10-11 11:24:09,542: update.0.child      : update.0                        : MainThread     : DEBUG   : using addr tcp://204.90.41.2:37134 for pubsub state_pubsub
2018-10-11 11:24:09,543: update.0.child      : update.0                        : MainThread     : DEBUG   : registered publisher : state_pubsub : state.pubsub.pub.0000
2018-10-11 11:24:09,543: update.0.child      : update.0                        : MainThread     : DEBUG   : alive check in term
2018-10-11 11:24:09,543: update.0.child      : update.0                        : MainThread     : DEBUG   : START: update.0.child register publisher control_pubsub
2018-10-11 11:24:09,543: update.0.child      : update.0                        : MainThread     : DEBUG   : using addr tcp://204.90.41.2:44904 for pubsub control_pubsub
2018-10-11 11:24:09,545: update.0.child      : update.0                        : MainThread     : DEBUG   : registered publisher : control_pubsub : control.pubsub.pub.0000
2018-10-11 11:24:09,545: update.0.child      : update.0                        : MainThread     : DEBUG   : alive check in term
2018-10-11 11:24:09,545: update.0.child      : update.0                        : MainThread     : DEBUG   : START: update.0.child register subscriber update.0.child.subscriber._cancel_monitor_cb
2018-10-11 11:24:09,545: update.0.child      : update.0                        : MainThread     : DEBUG   : using addr tcp://204.90.41.2:36456 for pubsub control_pubsub
2018-10-11 11:24:09,547: update.0.child      : update.0                        : MainThread     : DEBUG   : parent name: update.0.child.subscriber._cancel_monitor_cb
2018-10-11 11:24:09,547: update.0.child      : update.0                        : MainThread     : DEBUG   : start thread
2018-10-11 11:24:09,547: update.0.child      : update.0                        : update.0.child.subscriber._cancel_monitor_cb: DEBUG   : child name: update.0.child.subscriber._cancel_monitor_cb.thread
2018-10-11 11:24:09,548: update.0.child      : update.0                        : update.0.child.subscriber._cancel_monitor_cb: INFO    : child (me) initializing
2018-10-11 11:24:09,548: update.0.child      : update.0                        : update.0.child.subscriber._cancel_monitor_cb: DEBUG   : ru_initialize_common (NOOP)
2018-10-11 11:24:09,548: update.0.child      : update.0                        : update.0.child.subscriber._cancel_monitor_cb: DEBUG   : ru_initialize_child (NOOP)
2018-10-11 11:24:09,548: update.0.child      : update.0                        : update.0.child.subscriber._cancel_monitor_cb: INFO    : send alive
2018-10-11 11:24:09,548: update.0.child      : update.0                        : update.0.child.subscriber._cancel_monitor_cb: INFO    : put message: [update.0.child.subscriber._cancel_monitor_cb.thread] alive
2018-10-11 11:24:09,549: update.0.child      : update.0                        : MainThread     : INFO    : get msg: alive
2018-10-11 11:24:09,549: update.0.child      : update.0                        : MainThread     : DEBUG   : ru_initialize_common (NOOP)
2018-10-11 11:24:09,549: update.0.child      : update.0                        : MainThread     : DEBUG   : ru_initialize_parent (NOOP)
2018-10-11 11:24:09,549: update.0.child      : update.0                        : MainThread     : DEBUG   : child thread update.0.child.subscriber._cancel_monitor_cb started
2018-10-11 11:24:09,549: update.0.child      : update.0                        : MainThread     : DEBUG   : update.0.child registered control_pubsub subscriber update.0.child.subscriber._cancel_monitor_cb
2018-10-11 11:24:09,858: update.0.child      : update.0                        : MainThread     : DEBUG   : alive check in term
2018-10-11 11:24:09,858: update.0.child      : update.0                        : MainThread     : DEBUG   : START: update.0.child register subscriber update.0.child.subscriber._state_cb
2018-10-11 11:24:09,858: update.0.child      : update.0                        : MainThread     : DEBUG   : using addr tcp://204.90.41.2:42706 for pubsub state_pubsub
2018-10-11 11:24:09,859: update.0.child      : update.0                        : MainThread     : DEBUG   : parent name: update.0.child.subscriber._state_cb
2018-10-11 11:24:09,860: update.0.child      : update.0                        : MainThread     : DEBUG   : start thread
2018-10-11 11:24:09,860: update.0.child      : update.0                        : update.0.child.subscriber._state_cb: DEBUG   : child name: update.0.child.subscriber._state_cb.thread
2018-10-11 11:24:09,861: update.0.child      : update.0                        : update.0.child.subscriber._state_cb: INFO    : child (me) initializing
2018-10-11 11:24:09,861: update.0.child      : update.0                        : update.0.child.subscriber._state_cb: DEBUG   : ru_initialize_common (NOOP)
2018-10-11 11:24:09,861: update.0.child      : update.0                        : update.0.child.subscriber._state_cb: DEBUG   : ru_initialize_child (NOOP)
2018-10-11 11:24:09,861: update.0.child      : update.0                        : update.0.child.subscriber._state_cb: INFO    : send alive
2018-10-11 11:24:09,861: update.0.child      : update.0                        : update.0.child.subscriber._state_cb: INFO    : put message: [update.0.child.subscriber._state_cb.thread] alive
2018-10-11 11:24:09,862: update.0.child      : update.0                        : MainThread     : INFO    : get msg: alive
2018-10-11 11:24:09,862: update.0.child      : update.0                        : MainThread     : DEBUG   : ru_initialize_common (NOOP)
2018-10-11 11:24:09,862: update.0.child      : update.0                        : MainThread     : DEBUG   : ru_initialize_parent (NOOP)
2018-10-11 11:24:09,862: update.0.child      : update.0                        : MainThread     : DEBUG   : child thread update.0.child.subscriber._state_cb started
2018-10-11 11:24:09,862: update.0.child      : update.0                        : MainThread     : DEBUG   : update.0.child registered state_pubsub subscriber update.0.child.subscriber._state_cb
2018-10-11 11:24:09,862: update.0.child      : update.0                        : MainThread     : DEBUG   : alive check in term
2018-10-11 11:24:09,862: update.0.child      : update.0                        : MainThread     : DEBUG   : START: update.0.child register idler update.0.child.idler._idle_cb
2018-10-11 11:24:09,862: update.0.child      : update.0                        : MainThread     : DEBUG   : parent name: update.0.child.idler._idle_cb
2018-10-11 11:24:09,862: update.0.child      : update.0                        : MainThread     : DEBUG   : start thread
2018-10-11 11:24:09,863: update.0.child      : update.0                        : update.0.child.idler._idle_cb: DEBUG   : child name: update.0.child.idler._idle_cb.thread
2018-10-11 11:24:09,863: update.0.child      : update.0                        : update.0.child.idler._idle_cb: INFO    : child (me) initializing
2018-10-11 11:24:09,863: update.0.child      : update.0                        : update.0.child.idler._idle_cb: DEBUG   : ru_initialize_common (NOOP)
2018-10-11 11:24:09,863: update.0.child      : update.0                        : update.0.child.idler._idle_cb: DEBUG   : ru_initialize_child (NOOP)
2018-10-11 11:24:09,863: update.0.child      : update.0                        : update.0.child.idler._idle_cb: INFO    : send alive
2018-10-11 11:24:09,863: update.0.child      : update.0                        : update.0.child.idler._idle_cb: INFO    : put message: [update.0.child.idler._idle_cb.thread] alive
2018-10-11 11:24:09,864: update.0.child      : update.0                        : MainThread     : INFO    : get msg: alive
2018-10-11 11:24:09,864: update.0.child      : update.0                        : MainThread     : DEBUG   : ru_initialize_common (NOOP)
2018-10-11 11:24:09,864: update.0.child      : update.0                        : MainThread     : DEBUG   : ru_initialize_parent (NOOP)
2018-10-11 11:24:09,864: update.0.child      : update.0                        : MainThread     : DEBUG   : child thread update.0.child.idler._idle_cb started
2018-10-11 11:24:09,864: update.0.child      : update.0                        : MainThread     : DEBUG   : update.0.child registered idler update.0.child.idler._idle_cb
2018-10-11 11:24:09,864: update.0.child      : update.0                        : MainThread     : INFO    : child (me) initializing
2018-10-11 11:24:09,864: update.0.child      : update.0                        : MainThread     : DEBUG   : parent name: update.0.child.watch
2018-10-11 11:24:09,864: update.0.child      : update.0                        : MainThread     : DEBUG   : start thread
2018-10-11 11:24:09,865: update.0.child      : update.0                        : update.0.child.watch: DEBUG   : child name: update.0.child.watch.thread
2018-10-11 11:24:09,865: update.0.child      : update.0                        : update.0.child.watch: INFO    : child (me) initializing
2018-10-11 11:24:09,865: update.0.child      : update.0                        : update.0.child.watch: DEBUG   : ru_initialize_common (NOOP)
2018-10-11 11:24:09,865: update.0.child      : update.0                        : update.0.child.watch: DEBUG   : ru_initialize_child (NOOP)
2018-10-11 11:24:09,865: update.0.child      : update.0                        : update.0.child.watch: INFO    : send alive
2018-10-11 11:24:09,865: update.0.child      : update.0                        : update.0.child.watch: INFO    : put message: [update.0.child.watch.thread] alive
2018-10-11 11:24:09,866: update.0.child      : update.0                        : MainThread     : INFO    : get msg: alive
2018-10-11 11:24:09,866: update.0.child      : update.0                        : MainThread     : DEBUG   : ru_initialize_common (NOOP)
2018-10-11 11:24:09,866: update.0.child      : update.0                        : MainThread     : DEBUG   : ru_initialize_parent (NOOP)
2018-10-11 11:24:09,866: update.0.child      : update.0                        : MainThread     : DEBUG   : child thread update.0.child.watch started
2018-10-11 11:24:09,866: update.0.child      : update.0                        : MainThread     : INFO    : child (me) is alive
2018-10-11 11:24:09,866: update.0.child      : update.0                        : MainThread     : INFO    : send alive
2018-10-11 11:24:09,866: update.0.child      : update.0                        : MainThread     : INFO    : send message: [update.0.child] alive
2018-10-11 11:24:11,310: update.0.child      : update.0                        : update.0.child.subscriber._state_cb: DEBUG   : bulk update result: {'nModified': 1, 'nUpserted': 0, 'nMatched': 1, 'writeErrors': [], 'upserted': [], 'writeConcernErrors': [], 'nRemoved': 0, 'nInserted': 0}
2018-10-11 11:24:12,279: update.0.child      : update.0                        : update.0.child.subscriber._cancel_monitor_cb: DEBUG   : command ignored: add_pilots
2018-10-11 11:24:12,423: update.0.child      : update.0                        : update.0.child.subscriber._state_cb: DEBUG   : bulk update result: {'nModified': 21, 'nUpserted': 0, 'nMatched': 21, 'writeErrors': [], 'upserted': [], 'writeConcernErrors': [], 'nRemoved': 0, 'nInserted': 0}
2018-10-11 11:24:14,040: update.0.child      : update.0                        : update.0.child.idler._idle_cb: DEBUG   : bulk update result: {'nModified': 80, 'nUpserted': 0, 'nMatched': 80, 'writeErrors': [], 'upserted': [], 'writeConcernErrors': [], 'nRemoved': 0, 'nInserted': 0}
2018-10-11 11:24:17,494: update.0.child      : update.0                        : update.0.child.subscriber._state_cb: DEBUG   : bulk update result: {'nModified': 1, 'nUpserted': 0, 'nMatched': 1, 'writeErrors': [], 'upserted': [], 'writeConcernErrors': [], 'nRemoved': 0, 'nInserted': 0}
2018-10-11 11:24:30,599: update.0.child      : update.0                        : update.0.child.subscriber._state_cb: DEBUG   : bulk update result: {'nModified': 1, 'nUpserted': 0, 'nMatched': 1, 'writeErrors': [], 'upserted': [], 'writeConcernErrors': [], 'nRemoved': 0, 'nInserted': 0}
2018-10-11 11:29:58,881: update.0.child      : update.0                        : update.0.child.subscriber._state_cb: DEBUG   : bulk update result: {'nModified': 1, 'nUpserted': 0, 'nMatched': 1, 'writeErrors': [], 'upserted': [], 'writeConcernErrors': [], 'nRemoved': 0, 'nInserted': 0}
2018-10-11 11:30:00,804: update.0.child      : update.0                        : update.0.child.idler._idle_cb: DEBUG   : bulk update result: {'nModified': 2, 'nUpserted': 0, 'nMatched': 2, 'writeErrors': [], 'upserted': [], 'writeConcernErrors': [], 'nRemoved': 0, 'nInserted': 0}
2018-10-11 11:30:10,756: update.0.child      : update.0                        : update.0.child.subscriber._state_cb: DEBUG   : bulk update result: {'nModified': 1, 'nUpserted': 0, 'nMatched': 1, 'writeErrors': [], 'upserted': [], 'writeConcernErrors': [], 'nRemoved': 0, 'nInserted': 0}
2018-10-11 11:30:11,898: update.0.child      : update.0                        : update.0.child.idler._idle_cb: DEBUG   : bulk update result: {'nModified': 2, 'nUpserted': 0, 'nMatched': 2, 'writeErrors': [], 'upserted': [], 'writeConcernErrors': [], 'nRemoved': 0, 'nInserted': 0}
2018-10-11 11:30:13,999: update.0.child      : update.0                        : update.0.child.subscriber._state_cb: DEBUG   : bulk update result: {'nModified': 1, 'nUpserted': 0, 'nMatched': 1, 'writeErrors': [], 'upserted': [], 'writeConcernErrors': [], 'nRemoved': 0, 'nInserted': 0}
2018-10-11 11:30:15,957: update.0.child      : update.0                        : update.0.child.idler._idle_cb: DEBUG   : bulk update result: {'nModified': 2, 'nUpserted': 0, 'nMatched': 2, 'writeErrors': [], 'upserted': [], 'writeConcernErrors': [], 'nRemoved': 0, 'nInserted': 0}
2018-10-11 11:30:43,145: update.0.child      : update.0                        : update.0.child.subscriber._state_cb: DEBUG   : bulk update result: {'nModified': 1, 'nUpserted': 0, 'nMatched': 1, 'writeErrors': [], 'upserted': [], 'writeConcernErrors': [], 'nRemoved': 0, 'nInserted': 0}
2018-10-11 11:30:45,143: update.0.child      : update.0                        : update.0.child.idler._idle_cb: DEBUG   : bulk update result: {'nModified': 2, 'nUpserted': 0, 'nMatched': 2, 'writeErrors': [], 'upserted': [], 'writeConcernErrors': [], 'nRemoved': 0, 'nInserted': 0}
2018-10-11 11:31:20,920: update.0.child      : update.0                        : update.0.child.subscriber._state_cb: DEBUG   : bulk update result: {'nModified': 1, 'nUpserted': 0, 'nMatched': 1, 'writeErrors': [], 'upserted': [], 'writeConcernErrors': [], 'nRemoved': 0, 'nInserted': 0}
2018-10-11 11:31:22,373: update.0.child      : update.0                        : update.0.child.idler._idle_cb: DEBUG   : bulk update result: {'nModified': 2, 'nUpserted': 0, 'nMatched': 2, 'writeErrors': [], 'upserted': [], 'writeConcernErrors': [], 'nRemoved': 0, 'nInserted': 0}
2018-10-11 11:31:38,188: update.0.child      : update.0                        : update.0.child.subscriber._state_cb: DEBUG   : bulk update result: {'nModified': 1, 'nUpserted': 0, 'nMatched': 1, 'writeErrors': [], 'upserted': [], 'writeConcernErrors': [], 'nRemoved': 0, 'nInserted': 0}
2018-10-11 11:31:39,497: update.0.child      : update.0                        : update.0.child.idler._idle_cb: DEBUG   : bulk update result: {'nModified': 2, 'nUpserted': 0, 'nMatched': 2, 'writeErrors': [], 'upserted': [], 'writeConcernErrors': [], 'nRemoved': 0, 'nInserted': 0}
2018-10-11 11:32:19,209: update.0.child      : update.0                        : update.0.child.subscriber._state_cb: DEBUG   : bulk update result: {'nModified': 1, 'nUpserted': 0, 'nMatched': 1, 'writeErrors': [], 'upserted': [], 'writeConcernErrors': [], 'nRemoved': 0, 'nInserted': 0}
2018-10-11 11:32:20,767: update.0.child      : update.0                        : update.0.child.idler._idle_cb: DEBUG   : bulk update result: {'nModified': 2, 'nUpserted': 0, 'nMatched': 2, 'writeErrors': [], 'upserted': [], 'writeConcernErrors': [], 'nRemoved': 0, 'nInserted': 0}
2018-10-11 11:32:26,767: update.0.child      : update.0                        : update.0.child.subscriber._state_cb: DEBUG   : bulk update result: {'nModified': 1, 'nUpserted': 0, 'nMatched': 1, 'writeErrors': [], 'upserted': [], 'writeConcernErrors': [], 'nRemoved': 0, 'nInserted': 0}
2018-10-11 11:32:27,840: update.0.child      : update.0                        : update.0.child.idler._idle_cb: DEBUG   : bulk update result: {'nModified': 2, 'nUpserted': 0, 'nMatched': 2, 'writeErrors': [], 'upserted': [], 'writeConcernErrors': [], 'nRemoved': 0, 'nInserted': 0}
2018-10-11 11:33:13,183: update.0.child      : update.0                        : update.0.child.subscriber._state_cb: DEBUG   : bulk update result: {'nModified': 2, 'nUpserted': 0, 'nMatched': 2, 'writeErrors': [], 'upserted': [], 'writeConcernErrors': [], 'nRemoved': 0, 'nInserted': 0}
2018-10-11 11:33:15,124: update.0.child      : update.0                        : update.0.child.idler._idle_cb: DEBUG   : bulk update result: {'nModified': 4, 'nUpserted': 0, 'nMatched': 4, 'writeErrors': [], 'upserted': [], 'writeConcernErrors': [], 'nRemoved': 0, 'nInserted': 0}
2018-10-11 11:33:22,898: update.0.child      : update.0                        : update.0.child.subscriber._state_cb: DEBUG   : bulk update result: {'nModified': 1, 'nUpserted': 0, 'nMatched': 1, 'writeErrors': [], 'upserted': [], 'writeConcernErrors': [], 'nRemoved': 0, 'nInserted': 0}
2018-10-11 11:33:24,209: update.0.child      : update.0                        : update.0.child.idler._idle_cb: DEBUG   : bulk update result: {'nModified': 2, 'nUpserted': 0, 'nMatched': 2, 'writeErrors': [], 'upserted': [], 'writeConcernErrors': [], 'nRemoved': 0, 'nInserted': 0}
2018-10-11 11:33:36,934: update.0.child      : update.0                        : update.0.child.subscriber._state_cb: DEBUG   : bulk update result: {'nModified': 1, 'nUpserted': 0, 'nMatched': 1, 'writeErrors': [], 'upserted': [], 'writeConcernErrors': [], 'nRemoved': 0, 'nInserted': 0}
2018-10-11 11:33:38,321: update.0.child      : update.0                        : update.0.child.idler._idle_cb: DEBUG   : bulk update result: {'nModified': 2, 'nUpserted': 0, 'nMatched': 2, 'writeErrors': [], 'upserted': [], 'writeConcernErrors': [], 'nRemoved': 0, 'nInserted': 0}
2018-10-11 11:33:43,411: update.0.child      : update.0                        : update.0.child.subscriber._state_cb: DEBUG   : bulk update result: {'nModified': 1, 'nUpserted': 0, 'nMatched': 1, 'writeErrors': [], 'upserted': [], 'writeConcernErrors': [], 'nRemoved': 0, 'nInserted': 0}
2018-10-11 11:33:45,395: update.0.child      : update.0                        : update.0.child.idler._idle_cb: DEBUG   : bulk update result: {'nModified': 2, 'nUpserted': 0, 'nMatched': 2, 'writeErrors': [], 'upserted': [], 'writeConcernErrors': [], 'nRemoved': 0, 'nInserted': 0}
2018-10-11 11:34:33,091: update.0.child      : update.0                        : update.0.child.subscriber._state_cb: DEBUG   : bulk update result: {'nModified': 1, 'nUpserted': 0, 'nMatched': 1, 'writeErrors': [], 'upserted': [], 'writeConcernErrors': [], 'nRemoved': 0, 'nInserted': 0}
2018-10-11 11:34:34,689: update.0.child      : update.0                        : update.0.child.idler._idle_cb: DEBUG   : bulk update result: {'nModified': 2, 'nUpserted': 0, 'nMatched': 2, 'writeErrors': [], 'upserted': [], 'writeConcernErrors': [], 'nRemoved': 0, 'nInserted': 0}
2018-10-11 11:35:53,026: update.0.child      : update.0                        : update.0.child.subscriber._state_cb: DEBUG   : bulk update result: {'nModified': 1, 'nUpserted': 0, 'nMatched': 1, 'writeErrors': [], 'upserted': [], 'writeConcernErrors': [], 'nRemoved': 0, 'nInserted': 0}
2018-10-11 11:35:54,141: update.0.child      : update.0                        : update.0.child.idler._idle_cb: DEBUG   : bulk update result: {'nModified': 2, 'nUpserted': 0, 'nMatched': 2, 'writeErrors': [], 'upserted': [], 'writeConcernErrors': [], 'nRemoved': 0, 'nInserted': 0}
2018-10-11 11:36:27,568: update.0.child      : update.0                        : update.0.child.subscriber._state_cb: DEBUG   : bulk update result: {'nModified': 1, 'nUpserted': 0, 'nMatched': 1, 'writeErrors': [], 'upserted': [], 'writeConcernErrors': [], 'nRemoved': 0, 'nInserted': 0}
2018-10-11 11:36:29,361: update.0.child      : update.0                        : update.0.child.idler._idle_cb: DEBUG   : bulk update result: {'nModified': 2, 'nUpserted': 0, 'nMatched': 2, 'writeErrors': [], 'upserted': [], 'writeConcernErrors': [], 'nRemoved': 0, 'nInserted': 0}
2018-10-11 11:37:35,629: update.0.child      : update.0                        : update.0.child.subscriber._state_cb: DEBUG   : bulk update result: {'nModified': 1, 'nUpserted': 0, 'nMatched': 1, 'writeErrors': [], 'upserted': [], 'writeConcernErrors': [], 'nRemoved': 0, 'nInserted': 0}
2018-10-11 11:37:36,753: update.0.child      : update.0                        : update.0.child.idler._idle_cb: DEBUG   : bulk update result: {'nModified': 2, 'nUpserted': 0, 'nMatched': 2, 'writeErrors': [], 'upserted': [], 'writeConcernErrors': [], 'nRemoved': 0, 'nInserted': 0}
2018-10-11 11:37:57,908: update.0.child      : update.0                        : update.0.child.subscriber._state_cb: DEBUG   : bulk update result: {'nModified': 1, 'nUpserted': 0, 'nMatched': 1, 'writeErrors': [], 'upserted': [], 'writeConcernErrors': [], 'nRemoved': 0, 'nInserted': 0}
2018-10-11 11:37:59,910: update.0.child      : update.0                        : update.0.child.idler._idle_cb: DEBUG   : bulk update result: {'nModified': 2, 'nUpserted': 0, 'nMatched': 2, 'writeErrors': [], 'upserted': [], 'writeConcernErrors': [], 'nRemoved': 0, 'nInserted': 0}
2018-10-11 11:38:06,763: update.0.child      : update.0                        : update.0.child.subscriber._state_cb: DEBUG   : bulk update result: {'nModified': 1, 'nUpserted': 0, 'nMatched': 1, 'writeErrors': [], 'upserted': [], 'writeConcernErrors': [], 'nRemoved': 0, 'nInserted': 0}
2018-10-11 11:38:07,989: update.0.child      : update.0                        : update.0.child.idler._idle_cb: DEBUG   : bulk update result: {'nModified': 2, 'nUpserted': 0, 'nMatched': 2, 'writeErrors': [], 'upserted': [], 'writeConcernErrors': [], 'nRemoved': 0, 'nInserted': 0}
2018-10-11 11:38:13,458: update.0.child      : update.0                        : update.0.child.subscriber._state_cb: DEBUG   : bulk update result: {'nModified': 1, 'nUpserted': 0, 'nMatched': 1, 'writeErrors': [], 'upserted': [], 'writeConcernErrors': [], 'nRemoved': 0, 'nInserted': 0}
2018-10-11 11:38:15,064: update.0.child      : update.0                        : update.0.child.idler._idle_cb: DEBUG   : bulk update result: {'nModified': 2, 'nUpserted': 0, 'nMatched': 2, 'writeErrors': [], 'upserted': [], 'writeConcernErrors': [], 'nRemoved': 0, 'nInserted': 0}
2018-10-11 11:38:17,257: update.0.child      : update.0                        : update.0.child.subscriber._cancel_monitor_cb: DEBUG   : command ignored: cancel_pilots
2018-10-11 11:38:17,295: update.0.child      : update.0                        : update.0.child.subscriber._state_cb: DEBUG   : bulk update result: {'nModified': 1, 'nUpserted': 0, 'nMatched': 1, 'writeErrors': [], 'upserted': [], 'writeConcernErrors': [], 'nRemoved': 0, 'nInserted': 0}
2018-10-11 11:38:20,308: update.0.child      : update.0                        : update.0.child.watch: INFO    : recv message: STOP
2018-10-11 11:38:20,308: update.0.child      : update.0                        : update.0.child.watch: INFO    : message received: STOP
2018-10-11 11:38:20,308: update.0.child      : update.0                        : update.0.child.watch: INFO    : STOP received: STOP
2018-10-11 11:38:20,308: update.0.child      : update.0                        : update.0.child.watch: INFO    : watcher closes
2018-10-11 11:38:20,308: update.0.child      : update.0                        : update.0.child.watch: INFO    : put message: [update.0.child.watch.thread] work finished
2018-10-11 11:38:20,308: update.0.child      : update.0                        : update.0.child.watch: DEBUG   : ru_finalize_child (NOOP)
2018-10-11 11:38:20,309: update.0.child      : update.0                        : update.0.child.watch: DEBUG   : ru_finalize_common (NOOP)
2018-10-11 11:38:20,309: update.0.child      : update.0                        : update.0.child.watch: INFO    : put message: [update.0.child.watch.thread] terminating
2018-10-11 11:38:20,402: update.0.child      : update.0                        : MainThread     : WARNING : alive check: proc invalid - stop [False - True]
2018-10-11 11:38:20,453: update.0.child      : update.0                        : MainThread     : INFO    : stop update.0.child (59872 : 59872 : MainThread) [radical.pilot.worker.update.Update.stop]
2018-10-11 11:38:20,453: update.0.child      : update.0                        : MainThread     : INFO    : parent stops child  59872 -> 59872 [update.0.child]
2018-10-11 11:38:20,453: update.0.child      : update.0                        : MainThread     : INFO    : send message: [update.0.child] STOP
2018-10-11 11:38:20,453: update.0.child      : update.0                        : MainThread     : WARNING : send failed ([Errno 9] Bad file descriptor) - terminate
2018-10-11 11:38:20,453: update.0.child      : update.0                        : MainThread     : DEBUG   : TERM : update.0.child unregister idler update.0.child.idler._idle_cb
2018-10-11 11:38:20,453: update.0.child      : update.0                        : MainThread     : INFO    : parent stops child
2018-10-11 11:38:20,453: update.0.child      : update.0                        : MainThread     : DEBUG   : ru_finalize_parent (NOOP)
2018-10-11 11:38:20,453: update.0.child      : update.0                        : MainThread     : DEBUG   : ru_finalize_common (NOOP)
2018-10-11 11:38:20,493: update.0.child      : update.0                        : update.0.child.idler._idle_cb: DEBUG   : ru_finalize_child (NOOP)
2018-10-11 11:38:20,493: update.0.child      : update.0                        : update.0.child.idler._idle_cb: DEBUG   : ru_finalize_common (NOOP)
2018-10-11 11:38:20,493: update.0.child      : update.0                        : update.0.child.idler._idle_cb: INFO    : put message: [update.0.child.idler._idle_cb.thread] terminating
2018-10-11 11:38:20,517: update.0.child      : update.0                        : MainThread     : DEBUG   : TERM : update.0.child unregistered idler update.0.child.idler._idle_cb
2018-10-11 11:38:20,517: update.0.child      : update.0                        : MainThread     : DEBUG   : TERM : update.0.child unregister subscriber update.0.child.subscriber._state_cb
2018-10-11 11:38:20,517: update.0.child      : update.0                        : MainThread     : DEBUG   : unregistered subscriber update.0.child.subscriber._state_cb
2018-10-11 11:38:20,517: update.0.child      : update.0                        : MainThread     : DEBUG   : ru_finalize_common()
2018-10-11 11:38:20,517: update.0.child      : update.0                        : MainThread     : DEBUG   : TERM : update.0.child unregister publisher log_pubsub
2018-10-11 11:38:20,518: update.0.child      : update.0                        : MainThread     : DEBUG   : unregistered publisher log_pubsub
2018-10-11 11:38:20,518: update.0.child      : update.0                        : MainThread     : DEBUG   : TERM : update.0.child unregister publisher state_pubsub
2018-10-11 11:38:20,518: update.0.child      : update.0                        : MainThread     : DEBUG   : unregistered publisher state_pubsub
2018-10-11 11:38:20,518: update.0.child      : update.0                        : MainThread     : DEBUG   : TERM : update.0.child unregister publisher control_pubsub
2018-10-11 11:38:20,519: update.0.child      : update.0                        : MainThread     : DEBUG   : unregistered publisher control_pubsub
2018-10-11 11:38:20,519: update.0.child      : update.0                        : MainThread     : DEBUG   : update.0.child close prof
2018-10-11 11:38:20,519: update.0.child      : update.0                        : MainThread     : INFO    : parent stops child
2018-10-11 11:38:20,519: update.0.child      : update.0                        : MainThread     : DEBUG   : ru_finalize_parent (NOOP)
2018-10-11 11:38:20,519: update.0.child      : update.0                        : MainThread     : DEBUG   : ru_finalize_common (NOOP)
2018-10-11 11:38:20,519: update.0.child      : update.0                        : MainThread     : INFO    : parent stops child
2018-10-11 11:38:20,519: update.0.child      : update.0                        : MainThread     : DEBUG   : ru_finalize_parent (NOOP)
2018-10-11 11:38:20,520: update.0.child      : update.0                        : update.0.child.subscriber._cancel_monitor_cb: DEBUG   : ru_finalize_child (NOOP)
2018-10-11 11:38:20,520: update.0.child      : update.0                        : update.0.child.subscriber._cancel_monitor_cb: INFO    : put message: [update.0.child.subscriber._cancel_monitor_cb.thread] terminating
2018-10-11 11:38:20,521: update.0.child      : update.0                        : MainThread     : INFO    : parent stops child
2018-10-11 11:38:20,521: update.0.child      : update.0                        : MainThread     : DEBUG   : ru_finalize_parent (NOOP)
2018-10-11 11:38:20,521: update.0.child      : update.0                        : update.0.child.subscriber._state_cb: DEBUG   : ru_finalize_child (NOOP)
2018-10-11 11:38:20,522: update.0.child      : update.0                        : update.0.child.subscriber._state_cb: INFO    : put message: [update.0.child.subscriber._state_cb.thread] terminating
2018-10-11 11:38:20,523: update.0.child      : update.0                        : MainThread     : INFO    : parent stops child
2018-10-11 11:38:20,523: update.0.child      : update.0                        : MainThread     : WARNING : super update.0.child is invalid
2018-10-11 11:38:20,523: update.0.child      : update.0                        : MainThread     : WARNING : component update.0.child is invalid
2018-10-11 11:38:20,524: update.0.child      : update.0                        : MainThread     : INFO    : stop update.0.child (59872 : 59872 : MainThread) [radical.pilot.worker.update.Update.stop]
2018-10-11 11:38:20,524: update.0.child      : update.0                        : MainThread     : DEBUG   : TERM : update.0.child unregister idler update.0.child.idler._idle_cb
2018-10-11 11:38:20,524: update.0.child      : update.0                        : MainThread     : WARNING : timed cb update.0.child.idler._idle_cb is not registered
2018-10-11 11:38:20,524: update.0.child      : update.0                        : MainThread     : DEBUG   : TERM : update.0.child unregister subscriber update.0.child.subscriber._state_cb
2018-10-11 11:38:20,524: update.0.child      : update.0                        : MainThread     : WARNING : subscriber _state_cb is not registered
2018-10-11 11:38:20,524: update.0.child      : update.0                        : MainThread     : DEBUG   : ru_finalize_common()
2018-10-11 11:38:20,524: update.0.child      : update.0                        : MainThread     : WARNING : publisher log_pubsub is not registered
2018-10-11 11:38:20,524: update.0.child      : update.0                        : MainThread     : WARNING : publisher state_pubsub is not registered
2018-10-11 11:38:20,524: update.0.child      : update.0                        : MainThread     : WARNING : publisher control_pubsub is not registered
2018-10-11 11:38:20,524: update.0.child      : update.0                        : MainThread     : DEBUG   : update.0.child close prof
2018-10-11 11:38:20,524: update.0.child      : update.0                        : MainThread     : INFO    : send message: [update.0.child] terminating
2018-10-11 11:38:20,524: update.0.child      : update.0                        : MainThread     : WARNING : send failed ([Errno 9] Bad file descriptor) - terminate
2018-10-11 11:38:20,524: update.0.child      : update.0                        : MainThread     : INFO    : parent stops child
2018-10-11 11:38:20,525: update.0.child      : update.0                        : MainThread     : INFO    : parent stops child
2018-10-11 11:38:20,525: update.0.child      : update.0                        : MainThread     : INFO    : parent stops child
