2018-10-11 11:12:42,830: control.pubsub.sub.0000: update.0                        : MainThread     : INFO    : python.interpreter   version: 2.7.15 |Anaconda, Inc.| (default, May 1 2018, 23:32:55) [GCC 7.2.0]
2018-10-11 11:12:42,830: control.pubsub.sub.0000: update.0                        : MainThread     : INFO    :                      pid/tid: 21705/MainThread
2018-10-11 11:12:42,830: control.pubsub.sub.0000: update.0                        : MainThread     : INFO    : create control_pubsub - sub - tcp://204.90.41.4:42987
2018-10-11 11:12:42,830: control.pubsub.sub.0000: update.0                        : MainThread     : DEBUG   : start process
2018-10-11 11:12:42,830: control.pubsub.sub.0000: update.0                        : MainThread     : DEBUG   : ru_initialize_common (NOOP)
2018-10-11 11:12:42,830: control.pubsub.sub.0000: update.0                        : MainThread     : DEBUG   : ru_initialize_parent (NOOP)
2018-10-11 11:12:42,830: control.pubsub.sub.0000: update.0                        : MainThread     : DEBUG   : process class started (no child)
2018-10-11 11:12:43,381: control.pubsub.sub.0000: pmgr.0000.launching.0           : MainThread     : INFO    : python.interpreter   version: 2.7.15 |Anaconda, Inc.| (default, May 1 2018, 23:32:55) [GCC 7.2.0]
2018-10-11 11:12:43,381: control.pubsub.sub.0000: pmgr.0000.launching.0           : MainThread     : INFO    :                      pid/tid: 21735/MainThread
2018-10-11 11:12:43,381: control.pubsub.sub.0000: pmgr.0000.launching.0           : MainThread     : INFO    : create control_pubsub - sub - tcp://204.90.41.4:42987
2018-10-11 11:12:43,382: control.pubsub.sub.0000: pmgr.0000.launching.0           : MainThread     : DEBUG   : start process
2018-10-11 11:12:43,382: control.pubsub.sub.0000: pmgr.0000.launching.0           : MainThread     : DEBUG   : ru_initialize_common (NOOP)
2018-10-11 11:12:43,382: control.pubsub.sub.0000: pmgr.0000.launching.0           : MainThread     : DEBUG   : ru_initialize_parent (NOOP)
2018-10-11 11:12:43,382: control.pubsub.sub.0000: pmgr.0000.launching.0           : MainThread     : DEBUG   : process class started (no child)
2018-10-11 11:12:43,415: control.pubsub.sub.0000: MainProcess                     : MainThread     : INFO    : python.interpreter   version: 2.7.15 |Anaconda, Inc.| (default, May 1 2018, 23:32:55) [GCC 7.2.0]
2018-10-11 11:12:43,415: control.pubsub.sub.0000: MainProcess                     : MainThread     : INFO    :                      pid/tid: 21643/MainThread
2018-10-11 11:12:43,415: control.pubsub.sub.0000: MainProcess                     : MainThread     : INFO    : create control_pubsub - sub - tcp://204.90.41.4:42987
2018-10-11 11:12:43,415: control.pubsub.sub.0000: MainProcess                     : MainThread     : DEBUG   : start process
2018-10-11 11:12:43,415: control.pubsub.sub.0000: MainProcess                     : MainThread     : DEBUG   : ru_initialize_common (NOOP)
2018-10-11 11:12:43,416: control.pubsub.sub.0000: MainProcess                     : MainThread     : DEBUG   : ru_initialize_parent (NOOP)
2018-10-11 11:12:43,416: control.pubsub.sub.0000: MainProcess                     : MainThread     : DEBUG   : process class started (no child)
2018-10-11 11:28:37,662: control.pubsub.sub.0000: pmgr.0000.launching.0           : MainThread     : INFO    : parent stops child  21735 -> None [control.pubsub.sub.0000]
2018-10-11 11:28:37,662: control.pubsub.sub.0000: pmgr.0000.launching.0           : MainThread     : DEBUG   : ru_finalize_parent (NOOP)
2018-10-11 11:28:38,130: control.pubsub.sub.0000: MainProcess                     : MainThread     : INFO    : parent stops child  21643 -> None [control.pubsub.sub.0000]
2018-10-11 11:28:38,130: control.pubsub.sub.0000: MainProcess                     : MainThread     : DEBUG   : ru_finalize_parent (NOOP)
2018-10-11 11:28:38,406: control.pubsub.sub.0000: update.0                        : MainThread     : INFO    : parent stops child  21705 -> None [control.pubsub.sub.0000]
2018-10-11 11:28:38,406: control.pubsub.sub.0000: update.0                        : MainThread     : DEBUG   : ru_finalize_parent (NOOP)
