2018-10-11 12:41:07,013: control.pubsub.sub.0000: update.0                        : MainThread     : INFO    : python.interpreter   version: 2.7.15 |Anaconda, Inc.| (default, May 1 2018, 23:32:55) [GCC 7.2.0]
2018-10-11 12:41:07,013: control.pubsub.sub.0000: update.0                        : MainThread     : INFO    :                      pid/tid: 88003/MainThread
2018-10-11 12:41:07,013: control.pubsub.sub.0000: update.0                        : MainThread     : INFO    : create control_pubsub - sub - tcp://204.90.41.2:42289
2018-10-11 12:41:07,013: control.pubsub.sub.0000: update.0                        : MainThread     : DEBUG   : start process
2018-10-11 12:41:07,013: control.pubsub.sub.0000: update.0                        : MainThread     : DEBUG   : ru_initialize_common (NOOP)
2018-10-11 12:41:07,013: control.pubsub.sub.0000: update.0                        : MainThread     : DEBUG   : ru_initialize_parent (NOOP)
2018-10-11 12:41:07,014: control.pubsub.sub.0000: update.0                        : MainThread     : DEBUG   : process class started (no child)
2018-10-11 12:41:07,785: control.pubsub.sub.0000: pmgr.0000.launching.0           : MainThread     : INFO    : python.interpreter   version: 2.7.15 |Anaconda, Inc.| (default, May 1 2018, 23:32:55) [GCC 7.2.0]
2018-10-11 12:41:07,785: control.pubsub.sub.0000: pmgr.0000.launching.0           : MainThread     : INFO    :                      pid/tid: 88033/MainThread
2018-10-11 12:41:07,785: control.pubsub.sub.0000: pmgr.0000.launching.0           : MainThread     : INFO    : create control_pubsub - sub - tcp://204.90.41.2:42289
2018-10-11 12:41:07,785: control.pubsub.sub.0000: pmgr.0000.launching.0           : MainThread     : DEBUG   : start process
2018-10-11 12:41:07,785: control.pubsub.sub.0000: pmgr.0000.launching.0           : MainThread     : DEBUG   : ru_initialize_common (NOOP)
2018-10-11 12:41:07,786: control.pubsub.sub.0000: pmgr.0000.launching.0           : MainThread     : DEBUG   : ru_initialize_parent (NOOP)
2018-10-11 12:41:07,786: control.pubsub.sub.0000: pmgr.0000.launching.0           : MainThread     : DEBUG   : process class started (no child)
2018-10-11 12:41:07,819: control.pubsub.sub.0000: MainProcess                     : MainThread     : INFO    : python.interpreter   version: 2.7.15 |Anaconda, Inc.| (default, May 1 2018, 23:32:55) [GCC 7.2.0]
2018-10-11 12:41:07,819: control.pubsub.sub.0000: MainProcess                     : MainThread     : INFO    :                      pid/tid: 87940/MainThread
2018-10-11 12:41:07,819: control.pubsub.sub.0000: MainProcess                     : MainThread     : INFO    : create control_pubsub - sub - tcp://204.90.41.2:42289
2018-10-11 12:41:07,819: control.pubsub.sub.0000: MainProcess                     : MainThread     : DEBUG   : start process
2018-10-11 12:41:07,819: control.pubsub.sub.0000: MainProcess                     : MainThread     : DEBUG   : ru_initialize_common (NOOP)
2018-10-11 12:41:07,819: control.pubsub.sub.0000: MainProcess                     : MainThread     : DEBUG   : ru_initialize_parent (NOOP)
2018-10-11 12:41:07,819: control.pubsub.sub.0000: MainProcess                     : MainThread     : DEBUG   : process class started (no child)
2018-10-11 12:55:42,894: control.pubsub.sub.0000: MainProcess                     : MainThread     : INFO    : parent stops child  87940 -> None [control.pubsub.sub.0000]
2018-10-11 12:55:42,894: control.pubsub.sub.0000: MainProcess                     : MainThread     : DEBUG   : ru_finalize_parent (NOOP)
2018-10-11 12:55:43,221: control.pubsub.sub.0000: update.0                        : MainThread     : INFO    : parent stops child  88003 -> None [control.pubsub.sub.0000]
2018-10-11 12:55:43,221: control.pubsub.sub.0000: update.0                        : MainThread     : DEBUG   : ru_finalize_parent (NOOP)
