2018-10-11 12:41:07,793: control.pubsub.sub.0001: pmgr.0000.launching.0           : MainThread     : INFO    : python.interpreter   version: 2.7.15 |Anaconda, Inc.| (default, May 1 2018, 23:32:55) [GCC 7.2.0]
2018-10-11 12:41:07,793: control.pubsub.sub.0001: pmgr.0000.launching.0           : MainThread     : INFO    :                      pid/tid: 88033/MainThread
2018-10-11 12:41:07,793: control.pubsub.sub.0001: pmgr.0000.launching.0           : MainThread     : INFO    : create control_pubsub - sub - tcp://204.90.41.2:42289
2018-10-11 12:41:07,794: control.pubsub.sub.0001: pmgr.0000.launching.0           : MainThread     : DEBUG   : start process
2018-10-11 12:41:07,794: control.pubsub.sub.0001: pmgr.0000.launching.0           : MainThread     : DEBUG   : ru_initialize_common (NOOP)
2018-10-11 12:41:07,794: control.pubsub.sub.0001: pmgr.0000.launching.0           : MainThread     : DEBUG   : ru_initialize_parent (NOOP)
2018-10-11 12:41:07,794: control.pubsub.sub.0001: pmgr.0000.launching.0           : MainThread     : DEBUG   : process class started (no child)
2018-10-11 12:41:08,995: control.pubsub.sub.0001: umgr.0000.staging.input.0       : MainThread     : INFO    : python.interpreter   version: 2.7.15 |Anaconda, Inc.| (default, May 1 2018, 23:32:55) [GCC 7.2.0]
2018-10-11 12:41:08,995: control.pubsub.sub.0001: umgr.0000.staging.input.0       : MainThread     : INFO    :                      pid/tid: 88286/MainThread
2018-10-11 12:41:08,995: control.pubsub.sub.0001: umgr.0000.staging.input.0       : MainThread     : INFO    : create control_pubsub - sub - tcp://204.90.41.2:42289
2018-10-11 12:41:08,995: control.pubsub.sub.0001: umgr.0000.staging.input.0       : MainThread     : DEBUG   : start process
2018-10-11 12:41:08,996: control.pubsub.sub.0001: umgr.0000.staging.input.0       : MainThread     : DEBUG   : ru_initialize_common (NOOP)
2018-10-11 12:41:08,996: control.pubsub.sub.0001: umgr.0000.staging.input.0       : MainThread     : DEBUG   : ru_initialize_parent (NOOP)
2018-10-11 12:41:08,996: control.pubsub.sub.0001: umgr.0000.staging.input.0       : MainThread     : DEBUG   : process class started (no child)
2018-10-11 12:41:09,205: control.pubsub.sub.0001: umgr.0000.staging.output.0      : MainThread     : INFO    : python.interpreter   version: 2.7.15 |Anaconda, Inc.| (default, May 1 2018, 23:32:55) [GCC 7.2.0]
2018-10-11 12:41:09,206: control.pubsub.sub.0001: umgr.0000.staging.output.0      : MainThread     : INFO    :                      pid/tid: 88374/MainThread
2018-10-11 12:41:09,206: control.pubsub.sub.0001: umgr.0000.staging.output.0      : MainThread     : INFO    : create control_pubsub - sub - tcp://204.90.41.2:42289
2018-10-11 12:41:09,206: control.pubsub.sub.0001: umgr.0000.staging.output.0      : MainThread     : DEBUG   : start process
2018-10-11 12:41:09,206: control.pubsub.sub.0001: umgr.0000.staging.output.0      : MainThread     : DEBUG   : ru_initialize_common (NOOP)
2018-10-11 12:41:09,206: control.pubsub.sub.0001: umgr.0000.staging.output.0      : MainThread     : DEBUG   : ru_initialize_parent (NOOP)
2018-10-11 12:41:09,206: control.pubsub.sub.0001: umgr.0000.staging.output.0      : MainThread     : DEBUG   : process class started (no child)
2018-10-11 12:41:09,403: control.pubsub.sub.0001: umgr.0000.scheduling.0          : MainThread     : INFO    : python.interpreter   version: 2.7.15 |Anaconda, Inc.| (default, May 1 2018, 23:32:55) [GCC 7.2.0]
2018-10-11 12:41:09,403: control.pubsub.sub.0001: umgr.0000.scheduling.0          : MainThread     : INFO    :                      pid/tid: 88415/MainThread
2018-10-11 12:41:09,403: control.pubsub.sub.0001: umgr.0000.scheduling.0          : MainThread     : INFO    : create control_pubsub - sub - tcp://204.90.41.2:42289
2018-10-11 12:41:09,403: control.pubsub.sub.0001: umgr.0000.scheduling.0          : MainThread     : DEBUG   : start process
2018-10-11 12:41:09,403: control.pubsub.sub.0001: umgr.0000.scheduling.0          : MainThread     : DEBUG   : ru_initialize_common (NOOP)
2018-10-11 12:41:09,403: control.pubsub.sub.0001: umgr.0000.scheduling.0          : MainThread     : DEBUG   : ru_initialize_parent (NOOP)
2018-10-11 12:41:09,404: control.pubsub.sub.0001: umgr.0000.scheduling.0          : MainThread     : DEBUG   : process class started (no child)
2018-10-11 12:55:35,026: control.pubsub.sub.0001: umgr.0000.staging.input.0       : MainThread     : INFO    : parent stops child  88286 -> None [control.pubsub.sub.0001]
2018-10-11 12:55:35,026: control.pubsub.sub.0001: umgr.0000.staging.input.0       : MainThread     : DEBUG   : ru_finalize_parent (NOOP)
2018-10-11 12:55:35,559: control.pubsub.sub.0001: umgr.0000.staging.output.0      : MainThread     : INFO    : parent stops child  88374 -> None [control.pubsub.sub.0001]
2018-10-11 12:55:35,559: control.pubsub.sub.0001: umgr.0000.staging.output.0      : MainThread     : DEBUG   : ru_finalize_parent (NOOP)
2018-10-11 12:55:36,049: control.pubsub.sub.0001: umgr.0000.scheduling.0          : MainThread     : INFO    : parent stops child  88415 -> None [control.pubsub.sub.0001]
2018-10-11 12:55:36,049: control.pubsub.sub.0001: umgr.0000.scheduling.0          : MainThread     : DEBUG   : ru_finalize_parent (NOOP)
