2018-10-11 12:41:09,104: umgr.0000.staging.output.0: MainProcess                     : MainThread     : INFO    : python.interpreter   version: 2.7.15 |Anaconda, Inc.| (default, May 1 2018, 23:32:55) [GCC 7.2.0]
2018-10-11 12:41:09,104: umgr.0000.staging.output.0: MainProcess                     : MainThread     : INFO    :                      pid/tid: 87940/MainThread
2018-10-11 12:41:09,105: umgr.0000.staging.output.0: MainProcess                     : MainThread     : DEBUG   : alive check in term
2018-10-11 12:41:09,105: umgr.0000.staging.output.0: MainProcess                     : MainThread     : DEBUG   : start process
2018-10-11 12:41:09,213: umgr.0000.staging.output.0: MainProcess                     : MainThread     : INFO    : recv message: alive
2018-10-11 12:41:09,213: umgr.0000.staging.output.0: MainProcess                     : MainThread     : INFO    : initialize umgr.0000.staging.output.0
2018-10-11 12:41:09,215: umgr.0000.staging.output.0: MainProcess                     : MainThread     : INFO    : cfg: {'agents': {},
 u'bridges': {u'control_pubsub': {'addr_in': 'tcp://204.90.41.2:39719',
                                  'addr_out': 'tcp://204.90.41.2:42289',
                                  u'bulk_size': 0,
                                  u'log_level': u'error',
                                  u'stall_hwm': 1},
              u'log_pubsub': {'addr_in': 'tcp://204.90.41.2:40391',
                              'addr_out': 'tcp://204.90.41.2:39096',
                              u'bulk_size': 0,
                              u'log_level': u'error',
                              u'stall_hwm': 1},
              u'state_pubsub': {'addr_in': 'tcp://204.90.41.2:35323',
                                'addr_out': 'tcp://204.90.41.2:35535',
                                u'bulk_size': 0,
                                u'log_level': u'error',
                                u'stall_hwm': 1},
              u'umgr_reschedule_pubsub': {'addr_in': 'tcp://204.90.41.2:32940',
                                          'addr_out': 'tcp://204.90.41.2:40257',
                                          u'bulk_size': 0,
                                          u'log_level': u'error',
                                          u'stall_hwm': 1},
              u'umgr_scheduling_queue': {'addr_in': 'tcp://204.90.41.2:43253',
                                         'addr_out': 'tcp://204.90.41.2:34151',
                                         u'bulk_size': 0,
                                         u'log_level': u'error',
                                         u'stall_hwm': 1},
              u'umgr_staging_input_queue': {'addr_in': 'tcp://204.90.41.2:37576',
                                            'addr_out': 'tcp://204.90.41.2:45824',
                                            u'bulk_size': 0,
                                            u'log_level': u'error',
                                            u'stall_hwm': 1},
              u'umgr_staging_output_queue': {'addr_in': 'tcp://204.90.41.2:40262',
                                             'addr_out': 'tcp://204.90.41.2:40305',
                                             u'bulk_size': 0,
                                             u'log_level': u'error',
                                             u'stall_hwm': 1},
              u'umgr_unschedule_pubsub': {'addr_in': 'tcp://204.90.41.2:39103',
                                          'addr_out': 'tcp://204.90.41.2:37834',
                                          u'bulk_size': 0,
                                          u'log_level': u'error',
                                          u'stall_hwm': 1}},
 u'bulk_collection_size': 100,
 u'bulk_collection_time': 1.0,
 'cname': u'UMGRStagingOutputComponent',
 u'components': {},
 u'count': 1,
 u'db_poll_sleeptime': 1.0,
 'number': 0,
 'owner': 'umgr.0000',
 u'scheduler': u'round_robin',
 'uid': 'umgr.0000'}
2018-10-11 12:41:09,215: umgr.0000.staging.output.0: MainProcess                     : MainThread     : DEBUG   : alive check in term
2018-10-11 12:41:09,216: umgr.0000.staging.output.0: MainProcess                     : MainThread     : DEBUG   : START: umgr.0000.staging.output.0 register publisher log_pubsub
2018-10-11 12:41:09,216: umgr.0000.staging.output.0: MainProcess                     : MainThread     : DEBUG   : using addr tcp://204.90.41.2:40391 for pubsub log_pubsub
2018-10-11 12:41:09,218: umgr.0000.staging.output.0: MainProcess                     : MainThread     : DEBUG   : registered publisher : log_pubsub : log.pubsub.pub.0004
2018-10-11 12:41:09,218: umgr.0000.staging.output.0: MainProcess                     : MainThread     : DEBUG   : alive check in term
2018-10-11 12:41:09,218: umgr.0000.staging.output.0: MainProcess                     : MainThread     : DEBUG   : START: umgr.0000.staging.output.0 register publisher state_pubsub
2018-10-11 12:41:09,218: umgr.0000.staging.output.0: MainProcess                     : MainThread     : DEBUG   : using addr tcp://204.90.41.2:35323 for pubsub state_pubsub
2018-10-11 12:41:09,220: umgr.0000.staging.output.0: MainProcess                     : MainThread     : DEBUG   : registered publisher : state_pubsub : state.pubsub.pub.0004
2018-10-11 12:41:09,220: umgr.0000.staging.output.0: MainProcess                     : MainThread     : DEBUG   : alive check in term
2018-10-11 12:41:09,220: umgr.0000.staging.output.0: MainProcess                     : MainThread     : DEBUG   : START: umgr.0000.staging.output.0 register publisher control_pubsub
2018-10-11 12:41:09,220: umgr.0000.staging.output.0: MainProcess                     : MainThread     : DEBUG   : using addr tcp://204.90.41.2:39719 for pubsub control_pubsub
2018-10-11 12:41:09,222: umgr.0000.staging.output.0: MainProcess                     : MainThread     : DEBUG   : registered publisher : control_pubsub : control.pubsub.pub.0004
2018-10-11 12:41:09,222: umgr.0000.staging.output.0: MainProcess                     : MainThread     : DEBUG   : parent name: umgr.0000.staging.output.0.watch
2018-10-11 12:41:09,222: umgr.0000.staging.output.0: MainProcess                     : MainThread     : DEBUG   : start thread
2018-10-11 12:41:09,222: umgr.0000.staging.output.0: MainProcess                     : umgr.0000.staging.output.0.watch: DEBUG   : child name: umgr.0000.staging.output.0.watch.thread
2018-10-11 12:41:09,222: umgr.0000.staging.output.0: MainProcess                     : umgr.0000.staging.output.0.watch: INFO    : child (me) initializing
2018-10-11 12:41:09,222: umgr.0000.staging.output.0: MainProcess                     : umgr.0000.staging.output.0.watch: DEBUG   : ru_initialize_common (NOOP)
2018-10-11 12:41:09,222: umgr.0000.staging.output.0: MainProcess                     : umgr.0000.staging.output.0.watch: DEBUG   : ru_initialize_child (NOOP)
2018-10-11 12:41:09,222: umgr.0000.staging.output.0: MainProcess                     : umgr.0000.staging.output.0.watch: INFO    : send alive
2018-10-11 12:41:09,223: umgr.0000.staging.output.0: MainProcess                     : umgr.0000.staging.output.0.watch: INFO    : put message: [umgr.0000.staging.output.0.watch.thread] alive
2018-10-11 12:41:09,223: umgr.0000.staging.output.0: MainProcess                     : MainThread     : INFO    : get msg: alive
2018-10-11 12:41:09,224: umgr.0000.staging.output.0: MainProcess                     : MainThread     : DEBUG   : ru_initialize_common (NOOP)
2018-10-11 12:41:09,224: umgr.0000.staging.output.0: MainProcess                     : MainThread     : DEBUG   : ru_initialize_parent (NOOP)
2018-10-11 12:41:09,224: umgr.0000.staging.output.0: MainProcess                     : MainThread     : DEBUG   : child thread umgr.0000.staging.output.0.watch started
2018-10-11 12:41:09,224: umgr.0000.staging.output.0: MainProcess                     : MainThread     : INFO    : child is alive
2018-10-11 12:41:09,224: umgr.0000.staging.output.0: MainProcess                     : MainThread     : DEBUG   : process class started child
2018-10-11 12:55:35,077: umgr.0000.staging.output.0: MainProcess                     : MainThread     : INFO    : stop umgr.0000.staging.output.0 (87940 : 88374 : MainThread) [radical.pilot.unit_manager.UnitManager.finalize_parent]
2018-10-11 12:55:35,078: umgr.0000.staging.output.0: MainProcess                     : MainThread     : INFO    : parent stops child  87940 -> 88374 [umgr.0000.staging.output.0]
2018-10-11 12:55:35,078: umgr.0000.staging.output.0: MainProcess                     : MainThread     : INFO    : send message: [umgr.0000.staging.output.0] STOP
2018-10-11 12:55:35,078: umgr.0000.staging.output.0: MainProcess                     : MainThread     : DEBUG   : ru_finalize_common()
2018-10-11 12:55:35,078: umgr.0000.staging.output.0: MainProcess                     : MainThread     : DEBUG   : TERM : umgr.0000.staging.output.0 unregister publisher log_pubsub
2018-10-11 12:55:35,079: umgr.0000.staging.output.0: MainProcess                     : MainThread     : DEBUG   : unregistered publisher log_pubsub
2018-10-11 12:55:35,079: umgr.0000.staging.output.0: MainProcess                     : umgr.0000.staging.output.0.watch: INFO    : recv message: 
2018-10-11 12:55:35,079: umgr.0000.staging.output.0: MainProcess                     : MainThread     : DEBUG   : TERM : umgr.0000.staging.output.0 unregister publisher state_pubsub
2018-10-11 12:55:35,079: umgr.0000.staging.output.0: MainProcess                     : umgr.0000.staging.output.0.watch: INFO    : message received: 
2018-10-11 12:55:35,079: umgr.0000.staging.output.0: MainProcess                     : umgr.0000.staging.output.0.watch: WARNING : received empty string, parent closed ep
2018-10-11 12:55:35,079: umgr.0000.staging.output.0: MainProcess                     : umgr.0000.staging.output.0.watch: INFO    : watcher closes
2018-10-11 12:55:35,079: umgr.0000.staging.output.0: MainProcess                     : umgr.0000.staging.output.0.watch: INFO    : put message: [umgr.0000.staging.output.0.watch.thread] work finished
2018-10-11 12:55:35,079: umgr.0000.staging.output.0: MainProcess                     : umgr.0000.staging.output.0.watch: DEBUG   : ru_finalize_child (NOOP)
2018-10-11 12:55:35,079: umgr.0000.staging.output.0: MainProcess                     : umgr.0000.staging.output.0.watch: DEBUG   : ru_finalize_common (NOOP)
2018-10-11 12:55:35,079: umgr.0000.staging.output.0: MainProcess                     : MainThread     : DEBUG   : unregistered publisher state_pubsub
2018-10-11 12:55:35,080: umgr.0000.staging.output.0: MainProcess                     : umgr.0000.staging.output.0.watch: INFO    : put message: [umgr.0000.staging.output.0.watch.thread] terminating
2018-10-11 12:55:35,080: umgr.0000.staging.output.0: MainProcess                     : MainThread     : DEBUG   : TERM : umgr.0000.staging.output.0 unregister publisher control_pubsub
2018-10-11 12:55:35,080: umgr.0000.staging.output.0: MainProcess                     : MainThread     : DEBUG   : unregistered publisher control_pubsub
2018-10-11 12:55:35,080: umgr.0000.staging.output.0: MainProcess                     : MainThread     : DEBUG   : umgr.0000.staging.output.0 close prof
2018-10-11 12:55:35,081: umgr.0000.staging.output.0: MainProcess                     : MainThread     : INFO    : parent stops child
2018-10-11 12:55:35,081: umgr.0000.staging.output.0: MainProcess                     : MainThread     : DEBUG   : ru_finalize_parent (NOOP)
2018-10-11 12:55:35,081: umgr.0000.staging.output.0: MainProcess                     : MainThread     : DEBUG   : ru_finalize_common (NOOP)
2018-10-11 12:55:39,932: umgr.0000.staging.output.0: MainProcess                     : MainThread     : INFO    : stop umgr.0000.staging.output.0 (87940 : 88374 : MainThread) [radical.pilot.utils.component.UnitManager.ru_finalize_common]
2018-10-11 12:55:46,095: umgr.0000.staging.output.0: MainProcess                     : MainThread     : INFO    : stop umgr.0000.staging.output.0 (87940 : 88374 : MainThread) [radical.pilot.session.Session.close]
