2018-10-11 12:25:41,705: pmgr.0000.launching.0.child: pmgr.0000.launching.0           : MainThread     : INFO    : python.interpreter   version: 2.7.15 |Anaconda, Inc.| (default, May 1 2018, 23:32:55) [GCC 7.2.0]
2018-10-11 12:25:41,705: pmgr.0000.launching.0.child: pmgr.0000.launching.0           : MainThread     : INFO    :                      pid/tid: 82633/MainThread
2018-10-11 12:25:41,705: pmgr.0000.launching.0.child: pmgr.0000.launching.0           : MainThread     : INFO    : initialize pmgr.0000.launching.0.child
2018-10-11 12:25:41,707: pmgr.0000.launching.0.child: pmgr.0000.launching.0           : MainThread     : INFO    : cfg: {'agents': {},
 u'bridges': {u'control_pubsub': {'addr_in': 'tcp://204.90.41.2:41507',
                                  'addr_out': 'tcp://204.90.41.2:36640',
                                  u'bulk_size': 0,
                                  u'log_level': u'error',
                                  u'stall_hwm': 1},
              u'log_pubsub': {'addr_in': 'tcp://204.90.41.2:44514',
                              'addr_out': 'tcp://204.90.41.2:42015',
                              u'bulk_size': 0,
                              u'log_level': u'error',
                              u'stall_hwm': 1},
              u'pmgr_launching_queue': {'addr_in': 'tcp://204.90.41.2:36500',
                                        'addr_out': 'tcp://204.90.41.2:37857',
                                        u'bulk_size': 0,
                                        u'log_level': u'error',
                                        u'stall_hwm': 1},
              u'state_pubsub': {'addr_in': 'tcp://204.90.41.2:42161',
                                'addr_out': 'tcp://204.90.41.2:46690',
                                u'bulk_size': 0,
                                u'log_level': u'error',
                                u'stall_hwm': 1}},
 'cname': u'PMGRLaunchingComponent',
 u'components': {},
 u'count': 1,
 u'db_poll_sleeptime': 10.0,
 'number': 0,
 'owner': 'pmgr.0000',
 'uid': 'pmgr.0000'}
2018-10-11 12:25:41,707: pmgr.0000.launching.0.child: pmgr.0000.launching.0           : MainThread     : DEBUG   : start components: {}
2018-10-11 12:25:41,707: pmgr.0000.launching.0.child: pmgr.0000.launching.0           : MainThread     : DEBUG   : alive check in term
2018-10-11 12:25:41,707: pmgr.0000.launching.0.child: pmgr.0000.launching.0           : MainThread     : DEBUG   : START: pmgr.0000.launching.0.child register publisher log_pubsub
2018-10-11 12:25:41,707: pmgr.0000.launching.0.child: pmgr.0000.launching.0           : MainThread     : DEBUG   : using addr tcp://204.90.41.2:44514 for pubsub log_pubsub
2018-10-11 12:25:41,709: pmgr.0000.launching.0.child: pmgr.0000.launching.0           : MainThread     : DEBUG   : registered publisher : log_pubsub : log.pubsub.pub.0001
2018-10-11 12:25:41,709: pmgr.0000.launching.0.child: pmgr.0000.launching.0           : MainThread     : DEBUG   : alive check in term
2018-10-11 12:25:41,709: pmgr.0000.launching.0.child: pmgr.0000.launching.0           : MainThread     : DEBUG   : START: pmgr.0000.launching.0.child register publisher state_pubsub
2018-10-11 12:25:41,709: pmgr.0000.launching.0.child: pmgr.0000.launching.0           : MainThread     : DEBUG   : using addr tcp://204.90.41.2:42161 for pubsub state_pubsub
2018-10-11 12:25:41,711: pmgr.0000.launching.0.child: pmgr.0000.launching.0           : MainThread     : DEBUG   : registered publisher : state_pubsub : state.pubsub.pub.0001
2018-10-11 12:25:41,711: pmgr.0000.launching.0.child: pmgr.0000.launching.0           : MainThread     : DEBUG   : alive check in term
2018-10-11 12:25:41,711: pmgr.0000.launching.0.child: pmgr.0000.launching.0           : MainThread     : DEBUG   : START: pmgr.0000.launching.0.child register publisher control_pubsub
2018-10-11 12:25:41,711: pmgr.0000.launching.0.child: pmgr.0000.launching.0           : MainThread     : DEBUG   : using addr tcp://204.90.41.2:41507 for pubsub control_pubsub
2018-10-11 12:25:41,712: pmgr.0000.launching.0.child: pmgr.0000.launching.0           : MainThread     : DEBUG   : registered publisher : control_pubsub : control.pubsub.pub.0001
2018-10-11 12:25:41,713: pmgr.0000.launching.0.child: pmgr.0000.launching.0           : MainThread     : DEBUG   : alive check in term
2018-10-11 12:25:41,713: pmgr.0000.launching.0.child: pmgr.0000.launching.0           : MainThread     : DEBUG   : START: pmgr.0000.launching.0.child register subscriber pmgr.0000.launching.0.child.subscriber._cancel_monitor_cb
2018-10-11 12:25:41,713: pmgr.0000.launching.0.child: pmgr.0000.launching.0           : MainThread     : DEBUG   : using addr tcp://204.90.41.2:36640 for pubsub control_pubsub
2018-10-11 12:25:41,715: pmgr.0000.launching.0.child: pmgr.0000.launching.0           : MainThread     : DEBUG   : parent name: pmgr.0000.launching.0.child.subscriber._cancel_monitor_cb
2018-10-11 12:25:41,715: pmgr.0000.launching.0.child: pmgr.0000.launching.0           : MainThread     : DEBUG   : start thread
2018-10-11 12:25:41,715: pmgr.0000.launching.0.child: pmgr.0000.launching.0           : pmgr.0000.launching.0.child.subscriber._cancel_monitor_cb: DEBUG   : child name: pmgr.0000.launching.0.child.subscriber._cancel_monitor_cb.thread
2018-10-11 12:25:41,715: pmgr.0000.launching.0.child: pmgr.0000.launching.0           : pmgr.0000.launching.0.child.subscriber._cancel_monitor_cb: INFO    : child (me) initializing
2018-10-11 12:25:41,715: pmgr.0000.launching.0.child: pmgr.0000.launching.0           : pmgr.0000.launching.0.child.subscriber._cancel_monitor_cb: DEBUG   : ru_initialize_common (NOOP)
2018-10-11 12:25:41,715: pmgr.0000.launching.0.child: pmgr.0000.launching.0           : pmgr.0000.launching.0.child.subscriber._cancel_monitor_cb: DEBUG   : ru_initialize_child (NOOP)
2018-10-11 12:25:41,715: pmgr.0000.launching.0.child: pmgr.0000.launching.0           : pmgr.0000.launching.0.child.subscriber._cancel_monitor_cb: INFO    : send alive
2018-10-11 12:25:41,715: pmgr.0000.launching.0.child: pmgr.0000.launching.0           : pmgr.0000.launching.0.child.subscriber._cancel_monitor_cb: INFO    : put message: [pmgr.0000.launching.0.child.subscriber._cancel_monitor_cb.thread] alive
2018-10-11 12:25:41,716: pmgr.0000.launching.0.child: pmgr.0000.launching.0           : MainThread     : INFO    : get msg: alive
2018-10-11 12:25:41,716: pmgr.0000.launching.0.child: pmgr.0000.launching.0           : MainThread     : DEBUG   : ru_initialize_common (NOOP)
2018-10-11 12:25:41,716: pmgr.0000.launching.0.child: pmgr.0000.launching.0           : MainThread     : DEBUG   : ru_initialize_parent (NOOP)
2018-10-11 12:25:41,716: pmgr.0000.launching.0.child: pmgr.0000.launching.0           : MainThread     : DEBUG   : child thread pmgr.0000.launching.0.child.subscriber._cancel_monitor_cb started
2018-10-11 12:25:41,716: pmgr.0000.launching.0.child: pmgr.0000.launching.0           : MainThread     : DEBUG   : pmgr.0000.launching.0.child registered control_pubsub subscriber pmgr.0000.launching.0.child.subscriber._cancel_monitor_cb
2018-10-11 12:25:41,716: pmgr.0000.launching.0.child: pmgr.0000.launching.0           : MainThread     : DEBUG   : alive check in term
2018-10-11 12:25:41,717: pmgr.0000.launching.0.child: pmgr.0000.launching.0           : MainThread     : DEBUG   : using addr tcp://204.90.41.2:37857 for input pmgr_launching_queue
2018-10-11 12:25:41,718: pmgr.0000.launching.0.child: pmgr.0000.launching.0           : MainThread     : DEBUG   : registered input pmgr.0000.launching.0.child.work.PMGR_LAUNCHING_PENDING
2018-10-11 12:25:41,718: pmgr.0000.launching.0.child: pmgr.0000.launching.0           : MainThread     : DEBUG   : START: pmgr.0000.launching.0.child register input PMGR_LAUNCHING_PENDING: pmgr.0000.launching.0.child.work.PMGR_LAUNCHING_PENDING
2018-10-11 12:25:41,718: pmgr.0000.launching.0.child: pmgr.0000.launching.0           : MainThread     : DEBUG   : registered worker work [PMGR_LAUNCHING_PENDING]
2018-10-11 12:25:41,718: pmgr.0000.launching.0.child: pmgr.0000.launching.0           : MainThread     : DEBUG   : alive check in term
2018-10-11 12:25:41,718: pmgr.0000.launching.0.child: pmgr.0000.launching.0           : MainThread     : DEBUG   : START: pmgr.0000.launching.0.child register idler pmgr.0000.launching.0.child.idler._pilot_watcher_cb
2018-10-11 12:25:41,718: pmgr.0000.launching.0.child: pmgr.0000.launching.0           : MainThread     : DEBUG   : parent name: pmgr.0000.launching.0.child.idler._pilot_watcher_cb
2018-10-11 12:25:41,719: pmgr.0000.launching.0.child: pmgr.0000.launching.0           : MainThread     : DEBUG   : start thread
2018-10-11 12:25:41,719: pmgr.0000.launching.0.child: pmgr.0000.launching.0           : pmgr.0000.launching.0.child.idler._pilot_watcher_cb: DEBUG   : child name: pmgr.0000.launching.0.child.idler._pilot_watcher_cb.thread
2018-10-11 12:25:41,719: pmgr.0000.launching.0.child: pmgr.0000.launching.0           : pmgr.0000.launching.0.child.idler._pilot_watcher_cb: INFO    : child (me) initializing
2018-10-11 12:25:41,719: pmgr.0000.launching.0.child: pmgr.0000.launching.0           : pmgr.0000.launching.0.child.idler._pilot_watcher_cb: DEBUG   : ru_initialize_common (NOOP)
2018-10-11 12:25:41,719: pmgr.0000.launching.0.child: pmgr.0000.launching.0           : pmgr.0000.launching.0.child.idler._pilot_watcher_cb: DEBUG   : ru_initialize_child (NOOP)
2018-10-11 12:25:41,719: pmgr.0000.launching.0.child: pmgr.0000.launching.0           : pmgr.0000.launching.0.child.idler._pilot_watcher_cb: INFO    : send alive
2018-10-11 12:25:41,719: pmgr.0000.launching.0.child: pmgr.0000.launching.0           : pmgr.0000.launching.0.child.idler._pilot_watcher_cb: INFO    : put message: [pmgr.0000.launching.0.child.idler._pilot_watcher_cb.thread] alive
2018-10-11 12:25:41,720: pmgr.0000.launching.0.child: pmgr.0000.launching.0           : MainThread     : INFO    : get msg: alive
2018-10-11 12:25:41,720: pmgr.0000.launching.0.child: pmgr.0000.launching.0           : MainThread     : DEBUG   : ru_initialize_common (NOOP)
2018-10-11 12:25:41,720: pmgr.0000.launching.0.child: pmgr.0000.launching.0           : MainThread     : DEBUG   : ru_initialize_parent (NOOP)
2018-10-11 12:25:41,720: pmgr.0000.launching.0.child: pmgr.0000.launching.0           : MainThread     : DEBUG   : child thread pmgr.0000.launching.0.child.idler._pilot_watcher_cb started
2018-10-11 12:25:41,720: pmgr.0000.launching.0.child: pmgr.0000.launching.0           : MainThread     : DEBUG   : pmgr.0000.launching.0.child registered idler pmgr.0000.launching.0.child.idler._pilot_watcher_cb
2018-10-11 12:25:41,720: pmgr.0000.launching.0.child: pmgr.0000.launching.0           : MainThread     : DEBUG   : alive check in term
2018-10-11 12:25:41,721: pmgr.0000.launching.0.child: pmgr.0000.launching.0           : MainThread     : DEBUG   : START: pmgr.0000.launching.0.child register subscriber pmgr.0000.launching.0.child.subscriber._pmgr_control_cb
2018-10-11 12:25:41,721: pmgr.0000.launching.0.child: pmgr.0000.launching.0           : MainThread     : DEBUG   : using addr tcp://204.90.41.2:36640 for pubsub control_pubsub
2018-10-11 12:25:41,723: pmgr.0000.launching.0.child: pmgr.0000.launching.0           : MainThread     : DEBUG   : parent name: pmgr.0000.launching.0.child.subscriber._pmgr_control_cb
2018-10-11 12:25:41,723: pmgr.0000.launching.0.child: pmgr.0000.launching.0           : MainThread     : DEBUG   : start thread
2018-10-11 12:25:41,723: pmgr.0000.launching.0.child: pmgr.0000.launching.0           : pmgr.0000.launching.0.child.subscriber._pmgr_control_cb: DEBUG   : child name: pmgr.0000.launching.0.child.subscriber._pmgr_control_cb.thread
2018-10-11 12:25:41,723: pmgr.0000.launching.0.child: pmgr.0000.launching.0           : pmgr.0000.launching.0.child.subscriber._pmgr_control_cb: INFO    : child (me) initializing
2018-10-11 12:25:41,724: pmgr.0000.launching.0.child: pmgr.0000.launching.0           : pmgr.0000.launching.0.child.subscriber._pmgr_control_cb: DEBUG   : ru_initialize_common (NOOP)
2018-10-11 12:25:41,724: pmgr.0000.launching.0.child: pmgr.0000.launching.0           : pmgr.0000.launching.0.child.subscriber._pmgr_control_cb: DEBUG   : ru_initialize_child (NOOP)
2018-10-11 12:25:41,724: pmgr.0000.launching.0.child: pmgr.0000.launching.0           : pmgr.0000.launching.0.child.subscriber._pmgr_control_cb: INFO    : send alive
2018-10-11 12:25:41,724: pmgr.0000.launching.0.child: pmgr.0000.launching.0           : pmgr.0000.launching.0.child.subscriber._pmgr_control_cb: INFO    : put message: [pmgr.0000.launching.0.child.subscriber._pmgr_control_cb.thread] alive
2018-10-11 12:25:41,725: pmgr.0000.launching.0.child: pmgr.0000.launching.0           : MainThread     : INFO    : get msg: alive
2018-10-11 12:25:41,725: pmgr.0000.launching.0.child: pmgr.0000.launching.0           : MainThread     : DEBUG   : ru_initialize_common (NOOP)
2018-10-11 12:25:41,725: pmgr.0000.launching.0.child: pmgr.0000.launching.0           : MainThread     : DEBUG   : ru_initialize_parent (NOOP)
2018-10-11 12:25:41,725: pmgr.0000.launching.0.child: pmgr.0000.launching.0           : MainThread     : DEBUG   : child thread pmgr.0000.launching.0.child.subscriber._pmgr_control_cb started
2018-10-11 12:25:41,726: pmgr.0000.launching.0.child: pmgr.0000.launching.0           : pmgr.0000.launching.0.child.idler._pilot_watcher_cb: DEBUG   : bulk states: []
2018-10-11 12:25:41,726: pmgr.0000.launching.0.child: pmgr.0000.launching.0           : MainThread     : DEBUG   : pmgr.0000.launching.0.child registered control_pubsub subscriber pmgr.0000.launching.0.child.subscriber._pmgr_control_cb
2018-10-11 12:25:41,727: pmgr.0000.launching.0.child: pmgr.0000.launching.0           : MainThread     : INFO    : ('0.50.8', '0.50.8', None, None, 'radical.pilot-0.50.8.tar.gz', '/home/ksiddhan/miniconda2/envs/radical-pilot/lib/python2.7/site-packages/radical/pilot/pmgr/launching/../..//radical.pilot-0.50.8.tar.gz')
2018-10-11 12:25:41,727: pmgr.0000.launching.0.child: pmgr.0000.launching.0           : MainThread     : INFO    : child (me) initializing
2018-10-11 12:25:41,727: pmgr.0000.launching.0.child: pmgr.0000.launching.0           : MainThread     : DEBUG   : parent name: pmgr.0000.launching.0.child.watch
2018-10-11 12:25:41,727: pmgr.0000.launching.0.child: pmgr.0000.launching.0           : MainThread     : DEBUG   : start thread
2018-10-11 12:25:41,727: pmgr.0000.launching.0.child: pmgr.0000.launching.0           : pmgr.0000.launching.0.child.watch: DEBUG   : child name: pmgr.0000.launching.0.child.watch.thread
2018-10-11 12:25:41,727: pmgr.0000.launching.0.child: pmgr.0000.launching.0           : pmgr.0000.launching.0.child.watch: INFO    : child (me) initializing
2018-10-11 12:25:41,728: pmgr.0000.launching.0.child: pmgr.0000.launching.0           : pmgr.0000.launching.0.child.watch: DEBUG   : ru_initialize_common (NOOP)
2018-10-11 12:25:41,728: pmgr.0000.launching.0.child: pmgr.0000.launching.0           : pmgr.0000.launching.0.child.watch: DEBUG   : ru_initialize_child (NOOP)
2018-10-11 12:25:41,728: pmgr.0000.launching.0.child: pmgr.0000.launching.0           : pmgr.0000.launching.0.child.watch: INFO    : send alive
2018-10-11 12:25:41,728: pmgr.0000.launching.0.child: pmgr.0000.launching.0           : pmgr.0000.launching.0.child.watch: INFO    : put message: [pmgr.0000.launching.0.child.watch.thread] alive
2018-10-11 12:25:41,729: pmgr.0000.launching.0.child: pmgr.0000.launching.0           : MainThread     : INFO    : get msg: alive
2018-10-11 12:25:41,729: pmgr.0000.launching.0.child: pmgr.0000.launching.0           : MainThread     : DEBUG   : ru_initialize_common (NOOP)
2018-10-11 12:25:41,729: pmgr.0000.launching.0.child: pmgr.0000.launching.0           : MainThread     : DEBUG   : ru_initialize_parent (NOOP)
2018-10-11 12:25:41,729: pmgr.0000.launching.0.child: pmgr.0000.launching.0           : MainThread     : DEBUG   : child thread pmgr.0000.launching.0.child.watch started
2018-10-11 12:25:41,729: pmgr.0000.launching.0.child: pmgr.0000.launching.0           : MainThread     : INFO    : child (me) is alive
2018-10-11 12:25:41,729: pmgr.0000.launching.0.child: pmgr.0000.launching.0           : MainThread     : INFO    : send alive
2018-10-11 12:25:41,729: pmgr.0000.launching.0.child: pmgr.0000.launching.0           : MainThread     : INFO    : send message: [pmgr.0000.launching.0.child] alive
2018-10-11 12:25:42,683: pmgr.0000.launching.0.child: pmgr.0000.launching.0           : MainThread     : DEBUG   : got pilot (pilot.0000)
2018-10-11 12:25:42,684: pmgr.0000.launching.0.child: pmgr.0000.launching.0           : MainThread     : DEBUG   : advance bulk size: 1 [False, True]
2018-10-11 12:25:42,684: pmgr.0000.launching.0.child: pmgr.0000.launching.0           : MainThread     : INFO    : Launching pilots on local.localhost_anaconda: ['pilot.0000']
2018-10-11 12:25:43,524: pmgr.0000.launching.0.child: pmgr.0000.launching.0           : MainThread     : DEBUG   : 8
2018-10-11 12:25:43,525: pmgr.0000.launching.0.child: pmgr.0000.launching.0           : MainThread     : DEBUG   : {'agent_launch_method': 'FORK',
 'agent_scheduler': 'CONTINUOUS',
 'agent_spawner': 'POPEN',
 'cores_per_node': 8,
 'default_remote_workdir': '$HOME',
 'description': 'Your local machine.',
 'filesystem_endpoint': 'file://localhost/',
 'gpus_per_node': 1,
 'job_manager_endpoint': 'fork://localhost/',
 'label': 'local.localhost_anaconda',
 'local': {'filesystem_endpoint': 'file://localhost/',
           'job_manager_endpoint': 'fork://localhost/'},
 'lrms': 'FORK',
 'mpi_launch_method': 'MPIEXEC',
 'notes': 'To use the ssh schema, make sure that ssh access to localhost is enabled.',
 'python_dist': 'anaconda',
 'rp_version': 'local',
 'schemas': ['local', 'ssh'],
 'ssh': {'filesystem_endpoint': 'sftp://localhost/',
         'job_manager_endpoint': 'ssh://localhost/'},
 'task_launch_method': 'FORK',
 'virtenv_mode': 'create'}
2018-10-11 12:25:43,525: pmgr.0000.launching.0.child: pmgr.0000.launching.0           : MainThread     : INFO    : Read agent config file: /home/ksiddhan/miniconda2/envs/radical-pilot/lib/python2.7/site-packages/radical/pilot/pmgr/launching/../..//configs/agent_default.json
2018-10-11 12:25:43,526: pmgr.0000.launching.0.child: pmgr.0000.launching.0           : MainThread     : DEBUG   : Write agent cfg to '/tmp/rp.agent_cfg.t0zXVl'.
2018-10-11 12:25:43,530: pmgr.0000.launching.0.child: pmgr.0000.launching.0           : MainThread     : DEBUG   : {'agent_launch_method': 'FORK',
 u'bridges': {u'agent_executing_queue': {u'bulk_size': 0,
                                         u'log_level': u'error',
                                         u'stall_hwm': 1},
              u'agent_schedule_pubsub': {u'bulk_size': 0,
                                         u'log_level': u'error',
                                         u'stall_hwm': 1},
              u'agent_scheduling_queue': {u'bulk_size': 0,
                                          u'log_level': u'error',
                                          u'stall_hwm': 1},
              u'agent_staging_input_queue': {u'bulk_size': 0,
                                             u'log_level': u'error',
                                             u'stall_hwm': 1},
              u'agent_staging_output_queue': {u'bulk_size': 0,
                                              u'log_level': u'error',
                                              u'stall_hwm': 1},
              u'agent_unschedule_pubsub': {u'bulk_size': 0,
                                           u'log_level': u'error',
                                           u'stall_hwm': 1},
              u'control_pubsub': {u'bulk_size': 0,
                                  u'log_level': u'error',
                                  u'stall_hwm': 1},
              u'log_pubsub': {u'bulk_size': 0,
                              u'log_level': u'error',
                              u'stall_hwm': 1},
              u'state_pubsub': {u'bulk_size': 0,
                                u'log_level': u'error',
                                u'stall_hwm': 1}},
 u'bulk_collection_size': 100,
 u'bulk_collection_time': 1.0,
 u'components': {u'AgentExecutingComponent': {u'count': 1},
                 u'AgentSchedulingComponent': {u'count': 1},
                 u'AgentStagingInputComponent': {u'count': 1},
                 u'AgentStagingOutputComponent': {u'count': 1},
                 u'UpdateWorker': {u'count': 1}},
 'cores': 24,
 'cores_per_node': 8,
 'cu_post_exec': None,
 'cu_pre_exec': None,
 'cu_tmp': None,
 u'db_poll_sleeptime': 1.0,
 'dburl': 'mongodb://aymenfja:123456789@ds127490.mlab.com:27490/radicallab',
 'debug': 10,
 'export_to_cu': None,
 'gpus': 0,
 'gpus_per_node': 1,
 'logdir': '.',
 'lrms': 'FORK',
 u'max_io_loglength': 1024,
 u'mode': u'shared',
 'mpi_launch_method': 'MPIEXEC',
 'owner': 'agent_0',
 'pilot_id': 'pilot.0000',
 'pilot_sandbox': '/home/ksiddhan/radical.pilot.sandbox/rp.session.smic002.ksiddhan.017815.0023/pilot.0000/',
 'resource_cfg': {'agent_launch_method': 'FORK',
                  'agent_scheduler': 'CONTINUOUS',
                  'agent_spawner': 'POPEN',
                  'cores_per_node': 8,
                  'default_remote_workdir': '$HOME',
                  'description': 'Your local machine.',
                  'filesystem_endpoint': 'file://localhost/',
                  'gpus_per_node': 1,
                  'job_manager_endpoint': 'fork://localhost/',
                  'label': 'local.localhost_anaconda',
                  'local': {'filesystem_endpoint': 'file://localhost/',
                            'job_manager_endpoint': 'fork://localhost/'},
                  'lrms': 'FORK',
                  'mpi_launch_method': 'MPIEXEC',
                  'notes': 'To use the ssh schema, make sure that ssh access to localhost is enabled.',
                  'python_dist': 'anaconda',
                  'rp_version': 'local',
                  'schemas': ['local', 'ssh'],
                  'ssh': {'filesystem_endpoint': 'sftp://localhost/',
                          'job_manager_endpoint': 'ssh://localhost/'},
                  'task_launch_method': 'FORK',
                  'virtenv_mode': 'create'},
 'resource_sandbox': '/home/ksiddhan/radical.pilot.sandbox',
 'runtime': 15,
 'scheduler': 'CONTINUOUS',
 'session_id': 'rp.session.smic002.ksiddhan.017815.0023',
 'session_sandbox': '/home/ksiddhan/radical.pilot.sandbox/rp.session.smic002.ksiddhan.017815.0023',
 'spawner': 'POPEN',
 u'staging_area': u'staging_area',
 u'staging_schema': u'staging',
 u'target': u'local',
 'task_launch_method': 'FORK'}
2018-10-11 12:25:43,531: pmgr.0000.launching.0.child: pmgr.0000.launching.0           : MainThread     : DEBUG   : use bootstrapper /home/ksiddhan/miniconda2/envs/radical-pilot/lib/python2.7/site-packages/radical/pilot/agent/bootstrap_0.sh
2018-10-11 12:25:43,532: pmgr.0000.launching.0.child: pmgr.0000.launching.0           : MainThread     : DEBUG   : Bootstrap command line: /bin/bash ['-l /home/ksiddhan/radical.pilot.sandbox/rp.session.smic002.ksiddhan.017815.0023/bootstrap_0.sh', " -d 'radical.utils-0.50.2.tar.gz:saga-python-0.50.0.tar.gz:radical.pilot-0.50.8.tar.gz' -p 'pilot.0000' -s 'rp.session.smic002.ksiddhan.017815.0023' -m 'create' -r 'local' -b 'anaconda' -g 'default' -v '/home/ksiddhan/radical.pilot.sandbox/ve.local.localhost_anaconda.0.50.8' -y '15'"]
2018-10-11 12:25:43,532: pmgr.0000.launching.0.child: pmgr.0000.launching.0           : MainThread     : DEBUG   : cmd: cd /tmp/rp_agent_tar_dirD4QkOn && tar zchf /tmp/rp_agent_tar_dirD4QkOn/rp.session.smic002.ksiddhan.017815.0023.pmgr.0000.launching.0.child.tgz *
2018-10-11 12:25:43,580: pmgr.0000.launching.0.child: pmgr.0000.launching.0           : MainThread     : DEBUG   : out: 
2018-10-11 12:25:43,581: pmgr.0000.launching.0.child: pmgr.0000.launching.0           : MainThread     : DEBUG   : rs.file.Directory ('file://localhost/')
2018-10-11 12:25:46,555: pmgr.0000.launching.0.child: pmgr.0000.launching.0           : MainThread     : DEBUG   : tar cmd : tar zmxvf /home/ksiddhan/radical.pilot.sandbox/rp.session.smic002.ksiddhan.017815.0023/rp.session.smic002.ksiddhan.017815.0023.pmgr.0000.launching.0.child.tgz -C /home/ksiddhan/radical.pilot.sandbox/rp.session.smic002.ksiddhan.017815.0023
2018-10-11 12:25:46,769: pmgr.0000.launching.0.child: pmgr.0000.launching.0           : MainThread     : DEBUG   : tar done: Done, bootstrap_0.sh
pilot.0000/
pilot.0000/agent_0.cfg
pilot.0000/pilot.0000.prof.tgz
pilot.0000/pilot.0000.log.tgz
radical.pilot-0.50.8.tar.gz
radical.utils-0.50.2.tar.gz
saga-python-0.50.0.tar.gz
, 
2018-10-11 12:25:48,750: pmgr.0000.launching.0.child: pmgr.0000.launching.0           : MainThread     : DEBUG   : jd: {'Arguments': ['-l /home/ksiddhan/radical.pilot.sandbox/rp.session.smic002.ksiddhan.017815.0023/bootstrap_0.sh',
               " -d 'radical.utils-0.50.2.tar.gz:saga-python-0.50.0.tar.gz:radical.pilot-0.50.8.tar.gz' -p 'pilot.0000' -s 'rp.session.smic002.ksiddhan.017815.0023' -m 'create' -r 'local' -b 'anaconda' -g 'default' -v '/home/ksiddhan/radical.pilot.sandbox/ve.local.localhost_anaconda.0.50.8' -y '15'"],
 'CandidateHosts': None,
 'Environment': {'RADICAL_PILOT_PROFILE': 'TRUE'},
 'Error': 'bootstrap_0.err',
 'Executable': '/bin/bash',
 'FileTransfer': [],
 'Name': 'pilot.0000',
 'Output': 'bootstrap_0.out',
 'ProcessesPerHost': 8,
 'Project': None,
 'Queue': None,
 'SPMDVariation': None,
 'TotalCPUCount': 24,
 'TotalGPUCount': 0,
 'TotalPhysicalMemory': None,
 'WallTimeLimit': 15,
 'WorkingDirectory': '/home/ksiddhan/radical.pilot.sandbox/rp.session.smic002.ksiddhan.017815.0023/pilot.0000/'}
2018-10-11 12:25:49,098: pmgr.0000.launching.0.child: pmgr.0000.launching.0           : MainThread     : DEBUG   : pilot job: pilot.0000 : [fork://localhost/]-[84764.0] : pilot.0000 : Running
2018-10-11 12:25:49,098: pmgr.0000.launching.0.child: pmgr.0000.launching.0           : MainThread     : DEBUG   : advance bulk size: 1 [False, True]
2018-10-11 12:25:49,098: pmgr.0000.launching.0.child: pmgr.0000.launching.0           : pmgr.0000.launching.0.child.subscriber._cancel_monitor_cb: DEBUG   : command ignored: add_pilots
2018-10-11 12:25:49,099: pmgr.0000.launching.0.child: pmgr.0000.launching.0           : pmgr.0000.launching.0.child.subscriber._pmgr_control_cb: DEBUG   : launcher got {'cmd': 'add_pilots', 'arg': {'pilots': [{'resource_sandbox': 'file://localhost/home/ksiddhan/radical.pilot.sandbox', 'resource_details': None, 'resource': 'local.localhost_anaconda', 'uid': 'pilot.0000', 'pmgr': 'pmgr.0000', 'stdout': None, 'js_url': 'fork://localhost/', 'state': 'PMGR_LAUNCHING', 'session': 'rp.session.smic002.ksiddhan.017815.0023', 'log': None, 'stderr': None, 'js_hop': 'fork://localhost/', 'client_sandbox': '/home/ksiddhan', 'type': 'pilot', 'pilot_sandbox': 'file://localhost/home/ksiddhan/radical.pilot.sandbox/rp.session.smic002.ksiddhan.017815.0023/pilot.0000/', 'description': {'queue': None, 'resource': 'local.localhost_anaconda', 'exit_on_error': True, 'candidate_hosts': None, 'project': None, 'sandbox': None, 'cleanup': None, 'access_schema': None, 'gpus': 0, 'memory': None, 'cores': 20, 'runtime': 15}}], 'umgr': 'umgr.0000'}}
2018-10-11 12:25:51,887: pmgr.0000.launching.0.child: pmgr.0000.launching.0           : pmgr.0000.launching.0.child.idler._pilot_watcher_cb: DEBUG   : bulk states: [['Running']]
2018-10-11 12:25:51,999: pmgr.0000.launching.0.child: pmgr.0000.launching.0           : pmgr.0000.launching.0.child.idler._pilot_watcher_cb: DEBUG   : saga job state: pilot.0000 Running
2018-10-11 12:26:02,161: pmgr.0000.launching.0.child: pmgr.0000.launching.0           : pmgr.0000.launching.0.child.idler._pilot_watcher_cb: DEBUG   : bulk states: [['Running']]
2018-10-11 12:26:02,271: pmgr.0000.launching.0.child: pmgr.0000.launching.0           : pmgr.0000.launching.0.child.idler._pilot_watcher_cb: DEBUG   : saga job state: pilot.0000 Running
2018-10-11 12:26:12,489: pmgr.0000.launching.0.child: pmgr.0000.launching.0           : pmgr.0000.launching.0.child.idler._pilot_watcher_cb: DEBUG   : bulk states: [['Running']]
2018-10-11 12:26:12,693: pmgr.0000.launching.0.child: pmgr.0000.launching.0           : pmgr.0000.launching.0.child.idler._pilot_watcher_cb: DEBUG   : saga job state: pilot.0000 Running
2018-10-11 12:26:22,911: pmgr.0000.launching.0.child: pmgr.0000.launching.0           : pmgr.0000.launching.0.child.idler._pilot_watcher_cb: DEBUG   : bulk states: [['Running']]
2018-10-11 12:26:23,130: pmgr.0000.launching.0.child: pmgr.0000.launching.0           : pmgr.0000.launching.0.child.idler._pilot_watcher_cb: DEBUG   : saga job state: pilot.0000 Running
2018-10-11 12:26:33,350: pmgr.0000.launching.0.child: pmgr.0000.launching.0           : pmgr.0000.launching.0.child.idler._pilot_watcher_cb: DEBUG   : bulk states: [['Running']]
2018-10-11 12:26:33,566: pmgr.0000.launching.0.child: pmgr.0000.launching.0           : pmgr.0000.launching.0.child.idler._pilot_watcher_cb: DEBUG   : saga job state: pilot.0000 Running
2018-10-11 12:26:43,786: pmgr.0000.launching.0.child: pmgr.0000.launching.0           : pmgr.0000.launching.0.child.idler._pilot_watcher_cb: DEBUG   : bulk states: [['Running']]
2018-10-11 12:26:44,001: pmgr.0000.launching.0.child: pmgr.0000.launching.0           : pmgr.0000.launching.0.child.idler._pilot_watcher_cb: DEBUG   : saga job state: pilot.0000 Running
2018-10-11 12:26:54,220: pmgr.0000.launching.0.child: pmgr.0000.launching.0           : pmgr.0000.launching.0.child.idler._pilot_watcher_cb: DEBUG   : bulk states: [['Running']]
2018-10-11 12:26:54,436: pmgr.0000.launching.0.child: pmgr.0000.launching.0           : pmgr.0000.launching.0.child.idler._pilot_watcher_cb: DEBUG   : saga job state: pilot.0000 Running
2018-10-11 12:27:04,654: pmgr.0000.launching.0.child: pmgr.0000.launching.0           : pmgr.0000.launching.0.child.idler._pilot_watcher_cb: DEBUG   : bulk states: [['Running']]
2018-10-11 12:27:04,870: pmgr.0000.launching.0.child: pmgr.0000.launching.0           : pmgr.0000.launching.0.child.idler._pilot_watcher_cb: DEBUG   : saga job state: pilot.0000 Running
2018-10-11 12:27:15,090: pmgr.0000.launching.0.child: pmgr.0000.launching.0           : pmgr.0000.launching.0.child.idler._pilot_watcher_cb: DEBUG   : bulk states: [['Running']]
2018-10-11 12:27:15,307: pmgr.0000.launching.0.child: pmgr.0000.launching.0           : pmgr.0000.launching.0.child.idler._pilot_watcher_cb: DEBUG   : saga job state: pilot.0000 Running
2018-10-11 12:27:25,538: pmgr.0000.launching.0.child: pmgr.0000.launching.0           : pmgr.0000.launching.0.child.idler._pilot_watcher_cb: DEBUG   : bulk states: [['Running']]
2018-10-11 12:27:25,754: pmgr.0000.launching.0.child: pmgr.0000.launching.0           : pmgr.0000.launching.0.child.idler._pilot_watcher_cb: DEBUG   : saga job state: pilot.0000 Running
2018-10-11 12:27:35,971: pmgr.0000.launching.0.child: pmgr.0000.launching.0           : pmgr.0000.launching.0.child.idler._pilot_watcher_cb: DEBUG   : bulk states: [['Running']]
2018-10-11 12:27:36,184: pmgr.0000.launching.0.child: pmgr.0000.launching.0           : pmgr.0000.launching.0.child.idler._pilot_watcher_cb: DEBUG   : saga job state: pilot.0000 Running
2018-10-11 12:27:46,406: pmgr.0000.launching.0.child: pmgr.0000.launching.0           : pmgr.0000.launching.0.child.idler._pilot_watcher_cb: DEBUG   : bulk states: [['Running']]
2018-10-11 12:27:46,621: pmgr.0000.launching.0.child: pmgr.0000.launching.0           : pmgr.0000.launching.0.child.idler._pilot_watcher_cb: DEBUG   : saga job state: pilot.0000 Running
2018-10-11 12:27:56,840: pmgr.0000.launching.0.child: pmgr.0000.launching.0           : pmgr.0000.launching.0.child.idler._pilot_watcher_cb: DEBUG   : bulk states: [['Running']]
2018-10-11 12:27:57,056: pmgr.0000.launching.0.child: pmgr.0000.launching.0           : pmgr.0000.launching.0.child.idler._pilot_watcher_cb: DEBUG   : saga job state: pilot.0000 Running
2018-10-11 12:28:07,277: pmgr.0000.launching.0.child: pmgr.0000.launching.0           : pmgr.0000.launching.0.child.idler._pilot_watcher_cb: DEBUG   : bulk states: [['Running']]
2018-10-11 12:28:07,491: pmgr.0000.launching.0.child: pmgr.0000.launching.0           : pmgr.0000.launching.0.child.idler._pilot_watcher_cb: DEBUG   : saga job state: pilot.0000 Running
2018-10-11 12:28:17,710: pmgr.0000.launching.0.child: pmgr.0000.launching.0           : pmgr.0000.launching.0.child.idler._pilot_watcher_cb: DEBUG   : bulk states: [['Running']]
2018-10-11 12:28:17,926: pmgr.0000.launching.0.child: pmgr.0000.launching.0           : pmgr.0000.launching.0.child.idler._pilot_watcher_cb: DEBUG   : saga job state: pilot.0000 Running
2018-10-11 12:28:28,146: pmgr.0000.launching.0.child: pmgr.0000.launching.0           : pmgr.0000.launching.0.child.idler._pilot_watcher_cb: DEBUG   : bulk states: [['Running']]
2018-10-11 12:28:28,354: pmgr.0000.launching.0.child: pmgr.0000.launching.0           : pmgr.0000.launching.0.child.idler._pilot_watcher_cb: DEBUG   : saga job state: pilot.0000 Running
2018-10-11 12:28:38,570: pmgr.0000.launching.0.child: pmgr.0000.launching.0           : pmgr.0000.launching.0.child.idler._pilot_watcher_cb: DEBUG   : bulk states: [['Running']]
2018-10-11 12:28:38,783: pmgr.0000.launching.0.child: pmgr.0000.launching.0           : pmgr.0000.launching.0.child.idler._pilot_watcher_cb: DEBUG   : saga job state: pilot.0000 Running
2018-10-11 12:28:49,004: pmgr.0000.launching.0.child: pmgr.0000.launching.0           : pmgr.0000.launching.0.child.idler._pilot_watcher_cb: DEBUG   : bulk states: [['Running']]
2018-10-11 12:28:49,219: pmgr.0000.launching.0.child: pmgr.0000.launching.0           : pmgr.0000.launching.0.child.idler._pilot_watcher_cb: DEBUG   : saga job state: pilot.0000 Running
2018-10-11 12:28:59,440: pmgr.0000.launching.0.child: pmgr.0000.launching.0           : pmgr.0000.launching.0.child.idler._pilot_watcher_cb: DEBUG   : bulk states: [['Running']]
2018-10-11 12:28:59,652: pmgr.0000.launching.0.child: pmgr.0000.launching.0           : pmgr.0000.launching.0.child.idler._pilot_watcher_cb: DEBUG   : saga job state: pilot.0000 Running
2018-10-11 12:29:09,877: pmgr.0000.launching.0.child: pmgr.0000.launching.0           : pmgr.0000.launching.0.child.idler._pilot_watcher_cb: DEBUG   : bulk states: [['Running']]
2018-10-11 12:29:10,092: pmgr.0000.launching.0.child: pmgr.0000.launching.0           : pmgr.0000.launching.0.child.idler._pilot_watcher_cb: DEBUG   : saga job state: pilot.0000 Running
2018-10-11 12:29:20,312: pmgr.0000.launching.0.child: pmgr.0000.launching.0           : pmgr.0000.launching.0.child.idler._pilot_watcher_cb: DEBUG   : bulk states: [['Running']]
2018-10-11 12:29:20,527: pmgr.0000.launching.0.child: pmgr.0000.launching.0           : pmgr.0000.launching.0.child.idler._pilot_watcher_cb: DEBUG   : saga job state: pilot.0000 Running
2018-10-11 12:29:30,754: pmgr.0000.launching.0.child: pmgr.0000.launching.0           : pmgr.0000.launching.0.child.idler._pilot_watcher_cb: DEBUG   : bulk states: [['Running']]
2018-10-11 12:29:30,963: pmgr.0000.launching.0.child: pmgr.0000.launching.0           : pmgr.0000.launching.0.child.idler._pilot_watcher_cb: DEBUG   : saga job state: pilot.0000 Running
2018-10-11 12:29:41,183: pmgr.0000.launching.0.child: pmgr.0000.launching.0           : pmgr.0000.launching.0.child.idler._pilot_watcher_cb: DEBUG   : bulk states: [['Running']]
2018-10-11 12:29:41,398: pmgr.0000.launching.0.child: pmgr.0000.launching.0           : pmgr.0000.launching.0.child.idler._pilot_watcher_cb: DEBUG   : saga job state: pilot.0000 Running
2018-10-11 12:29:51,620: pmgr.0000.launching.0.child: pmgr.0000.launching.0           : pmgr.0000.launching.0.child.idler._pilot_watcher_cb: DEBUG   : bulk states: [['Running']]
2018-10-11 12:29:51,842: pmgr.0000.launching.0.child: pmgr.0000.launching.0           : pmgr.0000.launching.0.child.idler._pilot_watcher_cb: DEBUG   : saga job state: pilot.0000 Running
2018-10-11 12:30:02,058: pmgr.0000.launching.0.child: pmgr.0000.launching.0           : pmgr.0000.launching.0.child.idler._pilot_watcher_cb: DEBUG   : bulk states: [['Running']]
2018-10-11 12:30:02,272: pmgr.0000.launching.0.child: pmgr.0000.launching.0           : pmgr.0000.launching.0.child.idler._pilot_watcher_cb: DEBUG   : saga job state: pilot.0000 Running
2018-10-11 12:30:12,491: pmgr.0000.launching.0.child: pmgr.0000.launching.0           : pmgr.0000.launching.0.child.idler._pilot_watcher_cb: DEBUG   : bulk states: [['Running']]
2018-10-11 12:30:12,703: pmgr.0000.launching.0.child: pmgr.0000.launching.0           : pmgr.0000.launching.0.child.idler._pilot_watcher_cb: DEBUG   : saga job state: pilot.0000 Running
2018-10-11 12:30:22,920: pmgr.0000.launching.0.child: pmgr.0000.launching.0           : pmgr.0000.launching.0.child.idler._pilot_watcher_cb: DEBUG   : bulk states: [['Running']]
2018-10-11 12:30:23,136: pmgr.0000.launching.0.child: pmgr.0000.launching.0           : pmgr.0000.launching.0.child.idler._pilot_watcher_cb: DEBUG   : saga job state: pilot.0000 Running
2018-10-11 12:30:33,356: pmgr.0000.launching.0.child: pmgr.0000.launching.0           : pmgr.0000.launching.0.child.idler._pilot_watcher_cb: DEBUG   : bulk states: [['Running']]
2018-10-11 12:30:33,575: pmgr.0000.launching.0.child: pmgr.0000.launching.0           : pmgr.0000.launching.0.child.idler._pilot_watcher_cb: DEBUG   : saga job state: pilot.0000 Running
2018-10-11 12:30:43,796: pmgr.0000.launching.0.child: pmgr.0000.launching.0           : pmgr.0000.launching.0.child.idler._pilot_watcher_cb: DEBUG   : bulk states: [['Running']]
2018-10-11 12:30:44,014: pmgr.0000.launching.0.child: pmgr.0000.launching.0           : pmgr.0000.launching.0.child.idler._pilot_watcher_cb: DEBUG   : saga job state: pilot.0000 Running
2018-10-11 12:30:54,235: pmgr.0000.launching.0.child: pmgr.0000.launching.0           : pmgr.0000.launching.0.child.idler._pilot_watcher_cb: DEBUG   : bulk states: [['Running']]
2018-10-11 12:30:54,450: pmgr.0000.launching.0.child: pmgr.0000.launching.0           : pmgr.0000.launching.0.child.idler._pilot_watcher_cb: DEBUG   : saga job state: pilot.0000 Running
2018-10-11 12:31:04,668: pmgr.0000.launching.0.child: pmgr.0000.launching.0           : pmgr.0000.launching.0.child.idler._pilot_watcher_cb: DEBUG   : bulk states: [['Running']]
2018-10-11 12:31:04,884: pmgr.0000.launching.0.child: pmgr.0000.launching.0           : pmgr.0000.launching.0.child.idler._pilot_watcher_cb: DEBUG   : saga job state: pilot.0000 Running
2018-10-11 12:31:15,105: pmgr.0000.launching.0.child: pmgr.0000.launching.0           : pmgr.0000.launching.0.child.idler._pilot_watcher_cb: DEBUG   : bulk states: [['Running']]
2018-10-11 12:31:15,320: pmgr.0000.launching.0.child: pmgr.0000.launching.0           : pmgr.0000.launching.0.child.idler._pilot_watcher_cb: DEBUG   : saga job state: pilot.0000 Running
2018-10-11 12:31:25,490: pmgr.0000.launching.0.child: pmgr.0000.launching.0           : pmgr.0000.launching.0.child.idler._pilot_watcher_cb: DEBUG   : bulk states: [['Running']]
2018-10-11 12:31:25,607: pmgr.0000.launching.0.child: pmgr.0000.launching.0           : pmgr.0000.launching.0.child.idler._pilot_watcher_cb: DEBUG   : saga job state: pilot.0000 Running
2018-10-11 12:31:35,771: pmgr.0000.launching.0.child: pmgr.0000.launching.0           : pmgr.0000.launching.0.child.idler._pilot_watcher_cb: DEBUG   : bulk states: [['Running']]
2018-10-11 12:31:35,881: pmgr.0000.launching.0.child: pmgr.0000.launching.0           : pmgr.0000.launching.0.child.idler._pilot_watcher_cb: DEBUG   : saga job state: pilot.0000 Running
2018-10-11 12:31:46,039: pmgr.0000.launching.0.child: pmgr.0000.launching.0           : pmgr.0000.launching.0.child.idler._pilot_watcher_cb: DEBUG   : bulk states: [['Running']]
2018-10-11 12:31:46,148: pmgr.0000.launching.0.child: pmgr.0000.launching.0           : pmgr.0000.launching.0.child.idler._pilot_watcher_cb: DEBUG   : saga job state: pilot.0000 Running
2018-10-11 12:31:56,309: pmgr.0000.launching.0.child: pmgr.0000.launching.0           : pmgr.0000.launching.0.child.idler._pilot_watcher_cb: DEBUG   : bulk states: [['Running']]
2018-10-11 12:31:56,418: pmgr.0000.launching.0.child: pmgr.0000.launching.0           : pmgr.0000.launching.0.child.idler._pilot_watcher_cb: DEBUG   : saga job state: pilot.0000 Running
2018-10-11 12:32:06,577: pmgr.0000.launching.0.child: pmgr.0000.launching.0           : pmgr.0000.launching.0.child.idler._pilot_watcher_cb: DEBUG   : bulk states: [['Running']]
2018-10-11 12:32:06,686: pmgr.0000.launching.0.child: pmgr.0000.launching.0           : pmgr.0000.launching.0.child.idler._pilot_watcher_cb: DEBUG   : saga job state: pilot.0000 Running
2018-10-11 12:32:16,849: pmgr.0000.launching.0.child: pmgr.0000.launching.0           : pmgr.0000.launching.0.child.idler._pilot_watcher_cb: DEBUG   : bulk states: [['Running']]
2018-10-11 12:32:16,958: pmgr.0000.launching.0.child: pmgr.0000.launching.0           : pmgr.0000.launching.0.child.idler._pilot_watcher_cb: DEBUG   : saga job state: pilot.0000 Running
2018-10-11 12:32:27,118: pmgr.0000.launching.0.child: pmgr.0000.launching.0           : pmgr.0000.launching.0.child.idler._pilot_watcher_cb: DEBUG   : bulk states: [['Running']]
2018-10-11 12:32:27,227: pmgr.0000.launching.0.child: pmgr.0000.launching.0           : pmgr.0000.launching.0.child.idler._pilot_watcher_cb: DEBUG   : saga job state: pilot.0000 Running
2018-10-11 12:32:37,388: pmgr.0000.launching.0.child: pmgr.0000.launching.0           : pmgr.0000.launching.0.child.idler._pilot_watcher_cb: DEBUG   : bulk states: [['Running']]
2018-10-11 12:32:37,498: pmgr.0000.launching.0.child: pmgr.0000.launching.0           : pmgr.0000.launching.0.child.idler._pilot_watcher_cb: DEBUG   : saga job state: pilot.0000 Running
2018-10-11 12:32:47,658: pmgr.0000.launching.0.child: pmgr.0000.launching.0           : pmgr.0000.launching.0.child.idler._pilot_watcher_cb: DEBUG   : bulk states: [['Running']]
2018-10-11 12:32:47,768: pmgr.0000.launching.0.child: pmgr.0000.launching.0           : pmgr.0000.launching.0.child.idler._pilot_watcher_cb: DEBUG   : saga job state: pilot.0000 Running
2018-10-11 12:32:57,928: pmgr.0000.launching.0.child: pmgr.0000.launching.0           : pmgr.0000.launching.0.child.idler._pilot_watcher_cb: DEBUG   : bulk states: [['Running']]
2018-10-11 12:32:58,037: pmgr.0000.launching.0.child: pmgr.0000.launching.0           : pmgr.0000.launching.0.child.idler._pilot_watcher_cb: DEBUG   : saga job state: pilot.0000 Running
2018-10-11 12:33:08,196: pmgr.0000.launching.0.child: pmgr.0000.launching.0           : pmgr.0000.launching.0.child.idler._pilot_watcher_cb: DEBUG   : bulk states: [['Running']]
2018-10-11 12:33:08,306: pmgr.0000.launching.0.child: pmgr.0000.launching.0           : pmgr.0000.launching.0.child.idler._pilot_watcher_cb: DEBUG   : saga job state: pilot.0000 Running
2018-10-11 12:33:18,469: pmgr.0000.launching.0.child: pmgr.0000.launching.0           : pmgr.0000.launching.0.child.idler._pilot_watcher_cb: DEBUG   : bulk states: [['Running']]
2018-10-11 12:33:18,578: pmgr.0000.launching.0.child: pmgr.0000.launching.0           : pmgr.0000.launching.0.child.idler._pilot_watcher_cb: DEBUG   : saga job state: pilot.0000 Running
2018-10-11 12:33:28,738: pmgr.0000.launching.0.child: pmgr.0000.launching.0           : pmgr.0000.launching.0.child.idler._pilot_watcher_cb: DEBUG   : bulk states: [['Running']]
2018-10-11 12:33:28,848: pmgr.0000.launching.0.child: pmgr.0000.launching.0           : pmgr.0000.launching.0.child.idler._pilot_watcher_cb: DEBUG   : saga job state: pilot.0000 Running
2018-10-11 12:33:39,007: pmgr.0000.launching.0.child: pmgr.0000.launching.0           : pmgr.0000.launching.0.child.idler._pilot_watcher_cb: DEBUG   : bulk states: [['Running']]
2018-10-11 12:33:39,118: pmgr.0000.launching.0.child: pmgr.0000.launching.0           : pmgr.0000.launching.0.child.idler._pilot_watcher_cb: DEBUG   : saga job state: pilot.0000 Running
2018-10-11 12:33:49,279: pmgr.0000.launching.0.child: pmgr.0000.launching.0           : pmgr.0000.launching.0.child.idler._pilot_watcher_cb: DEBUG   : bulk states: [['Running']]
2018-10-11 12:33:49,389: pmgr.0000.launching.0.child: pmgr.0000.launching.0           : pmgr.0000.launching.0.child.idler._pilot_watcher_cb: DEBUG   : saga job state: pilot.0000 Running
2018-10-11 12:33:59,550: pmgr.0000.launching.0.child: pmgr.0000.launching.0           : pmgr.0000.launching.0.child.idler._pilot_watcher_cb: DEBUG   : bulk states: [['Running']]
2018-10-11 12:33:59,660: pmgr.0000.launching.0.child: pmgr.0000.launching.0           : pmgr.0000.launching.0.child.idler._pilot_watcher_cb: DEBUG   : saga job state: pilot.0000 Running
2018-10-11 12:34:09,820: pmgr.0000.launching.0.child: pmgr.0000.launching.0           : pmgr.0000.launching.0.child.idler._pilot_watcher_cb: DEBUG   : bulk states: [['Running']]
2018-10-11 12:34:09,930: pmgr.0000.launching.0.child: pmgr.0000.launching.0           : pmgr.0000.launching.0.child.idler._pilot_watcher_cb: DEBUG   : saga job state: pilot.0000 Running
2018-10-11 12:34:20,094: pmgr.0000.launching.0.child: pmgr.0000.launching.0           : pmgr.0000.launching.0.child.idler._pilot_watcher_cb: DEBUG   : bulk states: [['Running']]
2018-10-11 12:34:20,204: pmgr.0000.launching.0.child: pmgr.0000.launching.0           : pmgr.0000.launching.0.child.idler._pilot_watcher_cb: DEBUG   : saga job state: pilot.0000 Running
2018-10-11 12:34:30,365: pmgr.0000.launching.0.child: pmgr.0000.launching.0           : pmgr.0000.launching.0.child.idler._pilot_watcher_cb: DEBUG   : bulk states: [['Running']]
2018-10-11 12:34:30,474: pmgr.0000.launching.0.child: pmgr.0000.launching.0           : pmgr.0000.launching.0.child.idler._pilot_watcher_cb: DEBUG   : saga job state: pilot.0000 Running
2018-10-11 12:34:40,633: pmgr.0000.launching.0.child: pmgr.0000.launching.0           : pmgr.0000.launching.0.child.idler._pilot_watcher_cb: DEBUG   : bulk states: [['Running']]
2018-10-11 12:34:40,744: pmgr.0000.launching.0.child: pmgr.0000.launching.0           : pmgr.0000.launching.0.child.idler._pilot_watcher_cb: DEBUG   : saga job state: pilot.0000 Running
2018-10-11 12:34:50,904: pmgr.0000.launching.0.child: pmgr.0000.launching.0           : pmgr.0000.launching.0.child.idler._pilot_watcher_cb: DEBUG   : bulk states: [['Running']]
2018-10-11 12:34:51,014: pmgr.0000.launching.0.child: pmgr.0000.launching.0           : pmgr.0000.launching.0.child.idler._pilot_watcher_cb: DEBUG   : saga job state: pilot.0000 Running
2018-10-11 12:35:01,176: pmgr.0000.launching.0.child: pmgr.0000.launching.0           : pmgr.0000.launching.0.child.idler._pilot_watcher_cb: DEBUG   : bulk states: [['Running']]
2018-10-11 12:35:01,285: pmgr.0000.launching.0.child: pmgr.0000.launching.0           : pmgr.0000.launching.0.child.idler._pilot_watcher_cb: DEBUG   : saga job state: pilot.0000 Running
2018-10-11 12:35:11,447: pmgr.0000.launching.0.child: pmgr.0000.launching.0           : pmgr.0000.launching.0.child.idler._pilot_watcher_cb: DEBUG   : bulk states: [['Running']]
2018-10-11 12:35:11,557: pmgr.0000.launching.0.child: pmgr.0000.launching.0           : pmgr.0000.launching.0.child.idler._pilot_watcher_cb: DEBUG   : saga job state: pilot.0000 Running
2018-10-11 12:35:21,721: pmgr.0000.launching.0.child: pmgr.0000.launching.0           : pmgr.0000.launching.0.child.idler._pilot_watcher_cb: DEBUG   : bulk states: [['Running']]
2018-10-11 12:35:21,831: pmgr.0000.launching.0.child: pmgr.0000.launching.0           : pmgr.0000.launching.0.child.idler._pilot_watcher_cb: DEBUG   : saga job state: pilot.0000 Running
2018-10-11 12:35:31,991: pmgr.0000.launching.0.child: pmgr.0000.launching.0           : pmgr.0000.launching.0.child.idler._pilot_watcher_cb: DEBUG   : bulk states: [['Running']]
2018-10-11 12:35:32,101: pmgr.0000.launching.0.child: pmgr.0000.launching.0           : pmgr.0000.launching.0.child.idler._pilot_watcher_cb: DEBUG   : saga job state: pilot.0000 Running
2018-10-11 12:35:42,261: pmgr.0000.launching.0.child: pmgr.0000.launching.0           : pmgr.0000.launching.0.child.idler._pilot_watcher_cb: DEBUG   : bulk states: [['Running']]
2018-10-11 12:35:42,371: pmgr.0000.launching.0.child: pmgr.0000.launching.0           : pmgr.0000.launching.0.child.idler._pilot_watcher_cb: DEBUG   : saga job state: pilot.0000 Running
2018-10-11 12:35:52,533: pmgr.0000.launching.0.child: pmgr.0000.launching.0           : pmgr.0000.launching.0.child.idler._pilot_watcher_cb: DEBUG   : bulk states: [['Running']]
2018-10-11 12:35:52,643: pmgr.0000.launching.0.child: pmgr.0000.launching.0           : pmgr.0000.launching.0.child.idler._pilot_watcher_cb: DEBUG   : saga job state: pilot.0000 Running
2018-10-11 12:36:02,804: pmgr.0000.launching.0.child: pmgr.0000.launching.0           : pmgr.0000.launching.0.child.idler._pilot_watcher_cb: DEBUG   : bulk states: [['Running']]
2018-10-11 12:36:02,914: pmgr.0000.launching.0.child: pmgr.0000.launching.0           : pmgr.0000.launching.0.child.idler._pilot_watcher_cb: DEBUG   : saga job state: pilot.0000 Running
2018-10-11 12:36:13,074: pmgr.0000.launching.0.child: pmgr.0000.launching.0           : pmgr.0000.launching.0.child.idler._pilot_watcher_cb: DEBUG   : bulk states: [['Running']]
2018-10-11 12:36:13,184: pmgr.0000.launching.0.child: pmgr.0000.launching.0           : pmgr.0000.launching.0.child.idler._pilot_watcher_cb: DEBUG   : saga job state: pilot.0000 Running
2018-10-11 12:36:23,349: pmgr.0000.launching.0.child: pmgr.0000.launching.0           : pmgr.0000.launching.0.child.idler._pilot_watcher_cb: DEBUG   : bulk states: [['Running']]
2018-10-11 12:36:23,459: pmgr.0000.launching.0.child: pmgr.0000.launching.0           : pmgr.0000.launching.0.child.idler._pilot_watcher_cb: DEBUG   : saga job state: pilot.0000 Running
2018-10-11 12:36:33,621: pmgr.0000.launching.0.child: pmgr.0000.launching.0           : pmgr.0000.launching.0.child.idler._pilot_watcher_cb: DEBUG   : bulk states: [['Running']]
2018-10-11 12:36:33,731: pmgr.0000.launching.0.child: pmgr.0000.launching.0           : pmgr.0000.launching.0.child.idler._pilot_watcher_cb: DEBUG   : saga job state: pilot.0000 Running
2018-10-11 12:36:43,893: pmgr.0000.launching.0.child: pmgr.0000.launching.0           : pmgr.0000.launching.0.child.idler._pilot_watcher_cb: DEBUG   : bulk states: [['Running']]
2018-10-11 12:36:44,004: pmgr.0000.launching.0.child: pmgr.0000.launching.0           : pmgr.0000.launching.0.child.idler._pilot_watcher_cb: DEBUG   : saga job state: pilot.0000 Running
2018-10-11 12:36:54,168: pmgr.0000.launching.0.child: pmgr.0000.launching.0           : pmgr.0000.launching.0.child.idler._pilot_watcher_cb: DEBUG   : bulk states: [['Running']]
2018-10-11 12:36:54,278: pmgr.0000.launching.0.child: pmgr.0000.launching.0           : pmgr.0000.launching.0.child.idler._pilot_watcher_cb: DEBUG   : saga job state: pilot.0000 Running
2018-10-11 12:37:04,441: pmgr.0000.launching.0.child: pmgr.0000.launching.0           : pmgr.0000.launching.0.child.idler._pilot_watcher_cb: DEBUG   : bulk states: [['Running']]
2018-10-11 12:37:04,552: pmgr.0000.launching.0.child: pmgr.0000.launching.0           : pmgr.0000.launching.0.child.idler._pilot_watcher_cb: DEBUG   : saga job state: pilot.0000 Running
2018-10-11 12:37:14,714: pmgr.0000.launching.0.child: pmgr.0000.launching.0           : pmgr.0000.launching.0.child.idler._pilot_watcher_cb: DEBUG   : bulk states: [['Running']]
2018-10-11 12:37:14,825: pmgr.0000.launching.0.child: pmgr.0000.launching.0           : pmgr.0000.launching.0.child.idler._pilot_watcher_cb: DEBUG   : saga job state: pilot.0000 Running
2018-10-11 12:37:24,988: pmgr.0000.launching.0.child: pmgr.0000.launching.0           : pmgr.0000.launching.0.child.idler._pilot_watcher_cb: DEBUG   : bulk states: [['Running']]
2018-10-11 12:37:25,099: pmgr.0000.launching.0.child: pmgr.0000.launching.0           : pmgr.0000.launching.0.child.idler._pilot_watcher_cb: DEBUG   : saga job state: pilot.0000 Running
2018-10-11 12:37:35,259: pmgr.0000.launching.0.child: pmgr.0000.launching.0           : pmgr.0000.launching.0.child.idler._pilot_watcher_cb: DEBUG   : bulk states: [['Running']]
2018-10-11 12:37:35,369: pmgr.0000.launching.0.child: pmgr.0000.launching.0           : pmgr.0000.launching.0.child.idler._pilot_watcher_cb: DEBUG   : saga job state: pilot.0000 Running
2018-10-11 12:37:45,530: pmgr.0000.launching.0.child: pmgr.0000.launching.0           : pmgr.0000.launching.0.child.idler._pilot_watcher_cb: DEBUG   : bulk states: [['Running']]
2018-10-11 12:37:45,641: pmgr.0000.launching.0.child: pmgr.0000.launching.0           : pmgr.0000.launching.0.child.idler._pilot_watcher_cb: DEBUG   : saga job state: pilot.0000 Running
2018-10-11 12:37:55,803: pmgr.0000.launching.0.child: pmgr.0000.launching.0           : pmgr.0000.launching.0.child.idler._pilot_watcher_cb: DEBUG   : bulk states: [['Running']]
2018-10-11 12:37:55,913: pmgr.0000.launching.0.child: pmgr.0000.launching.0           : pmgr.0000.launching.0.child.idler._pilot_watcher_cb: DEBUG   : saga job state: pilot.0000 Running
2018-10-11 12:38:06,074: pmgr.0000.launching.0.child: pmgr.0000.launching.0           : pmgr.0000.launching.0.child.idler._pilot_watcher_cb: DEBUG   : bulk states: [['Running']]
2018-10-11 12:38:06,184: pmgr.0000.launching.0.child: pmgr.0000.launching.0           : pmgr.0000.launching.0.child.idler._pilot_watcher_cb: DEBUG   : saga job state: pilot.0000 Running
2018-10-11 12:38:16,347: pmgr.0000.launching.0.child: pmgr.0000.launching.0           : pmgr.0000.launching.0.child.idler._pilot_watcher_cb: DEBUG   : bulk states: [['Running']]
2018-10-11 12:38:16,459: pmgr.0000.launching.0.child: pmgr.0000.launching.0           : pmgr.0000.launching.0.child.idler._pilot_watcher_cb: DEBUG   : saga job state: pilot.0000 Running
2018-10-11 12:38:26,625: pmgr.0000.launching.0.child: pmgr.0000.launching.0           : pmgr.0000.launching.0.child.idler._pilot_watcher_cb: DEBUG   : bulk states: [['Running']]
2018-10-11 12:38:26,735: pmgr.0000.launching.0.child: pmgr.0000.launching.0           : pmgr.0000.launching.0.child.idler._pilot_watcher_cb: DEBUG   : saga job state: pilot.0000 Running
2018-10-11 12:38:36,900: pmgr.0000.launching.0.child: pmgr.0000.launching.0           : pmgr.0000.launching.0.child.idler._pilot_watcher_cb: DEBUG   : bulk states: [['Running']]
2018-10-11 12:38:37,010: pmgr.0000.launching.0.child: pmgr.0000.launching.0           : pmgr.0000.launching.0.child.idler._pilot_watcher_cb: DEBUG   : saga job state: pilot.0000 Running
2018-10-11 12:38:47,170: pmgr.0000.launching.0.child: pmgr.0000.launching.0           : pmgr.0000.launching.0.child.idler._pilot_watcher_cb: DEBUG   : bulk states: [['Running']]
2018-10-11 12:38:47,282: pmgr.0000.launching.0.child: pmgr.0000.launching.0           : pmgr.0000.launching.0.child.idler._pilot_watcher_cb: DEBUG   : saga job state: pilot.0000 Running
2018-10-11 12:38:57,444: pmgr.0000.launching.0.child: pmgr.0000.launching.0           : pmgr.0000.launching.0.child.idler._pilot_watcher_cb: DEBUG   : bulk states: [['Running']]
2018-10-11 12:38:57,555: pmgr.0000.launching.0.child: pmgr.0000.launching.0           : pmgr.0000.launching.0.child.idler._pilot_watcher_cb: DEBUG   : saga job state: pilot.0000 Running
2018-10-11 12:39:07,718: pmgr.0000.launching.0.child: pmgr.0000.launching.0           : pmgr.0000.launching.0.child.idler._pilot_watcher_cb: DEBUG   : bulk states: [['Running']]
2018-10-11 12:39:07,829: pmgr.0000.launching.0.child: pmgr.0000.launching.0           : pmgr.0000.launching.0.child.idler._pilot_watcher_cb: DEBUG   : saga job state: pilot.0000 Running
2018-10-11 12:39:17,991: pmgr.0000.launching.0.child: pmgr.0000.launching.0           : pmgr.0000.launching.0.child.idler._pilot_watcher_cb: DEBUG   : bulk states: [['Running']]
2018-10-11 12:39:18,102: pmgr.0000.launching.0.child: pmgr.0000.launching.0           : pmgr.0000.launching.0.child.idler._pilot_watcher_cb: DEBUG   : saga job state: pilot.0000 Running
2018-10-11 12:39:28,265: pmgr.0000.launching.0.child: pmgr.0000.launching.0           : pmgr.0000.launching.0.child.idler._pilot_watcher_cb: DEBUG   : bulk states: [['Running']]
2018-10-11 12:39:28,375: pmgr.0000.launching.0.child: pmgr.0000.launching.0           : pmgr.0000.launching.0.child.idler._pilot_watcher_cb: DEBUG   : saga job state: pilot.0000 Running
2018-10-11 12:39:38,537: pmgr.0000.launching.0.child: pmgr.0000.launching.0           : pmgr.0000.launching.0.child.idler._pilot_watcher_cb: DEBUG   : bulk states: [['Running']]
2018-10-11 12:39:38,648: pmgr.0000.launching.0.child: pmgr.0000.launching.0           : pmgr.0000.launching.0.child.idler._pilot_watcher_cb: DEBUG   : saga job state: pilot.0000 Running
2018-10-11 12:39:48,811: pmgr.0000.launching.0.child: pmgr.0000.launching.0           : pmgr.0000.launching.0.child.idler._pilot_watcher_cb: DEBUG   : bulk states: [['Running']]
2018-10-11 12:39:48,923: pmgr.0000.launching.0.child: pmgr.0000.launching.0           : pmgr.0000.launching.0.child.idler._pilot_watcher_cb: DEBUG   : saga job state: pilot.0000 Running
2018-10-11 12:39:59,085: pmgr.0000.launching.0.child: pmgr.0000.launching.0           : pmgr.0000.launching.0.child.idler._pilot_watcher_cb: DEBUG   : bulk states: [['Running']]
2018-10-11 12:39:59,196: pmgr.0000.launching.0.child: pmgr.0000.launching.0           : pmgr.0000.launching.0.child.idler._pilot_watcher_cb: DEBUG   : saga job state: pilot.0000 Running
2018-10-11 12:40:09,360: pmgr.0000.launching.0.child: pmgr.0000.launching.0           : pmgr.0000.launching.0.child.idler._pilot_watcher_cb: DEBUG   : bulk states: [['Running']]
2018-10-11 12:40:09,471: pmgr.0000.launching.0.child: pmgr.0000.launching.0           : pmgr.0000.launching.0.child.idler._pilot_watcher_cb: DEBUG   : saga job state: pilot.0000 Running
2018-10-11 12:40:19,635: pmgr.0000.launching.0.child: pmgr.0000.launching.0           : pmgr.0000.launching.0.child.idler._pilot_watcher_cb: DEBUG   : bulk states: [['Running']]
2018-10-11 12:40:19,746: pmgr.0000.launching.0.child: pmgr.0000.launching.0           : pmgr.0000.launching.0.child.idler._pilot_watcher_cb: DEBUG   : saga job state: pilot.0000 Running
2018-10-11 12:40:29,912: pmgr.0000.launching.0.child: pmgr.0000.launching.0           : pmgr.0000.launching.0.child.idler._pilot_watcher_cb: DEBUG   : bulk states: [['Running']]
2018-10-11 12:40:30,024: pmgr.0000.launching.0.child: pmgr.0000.launching.0           : pmgr.0000.launching.0.child.idler._pilot_watcher_cb: DEBUG   : saga job state: pilot.0000 Running
2018-10-11 12:40:40,186: pmgr.0000.launching.0.child: pmgr.0000.launching.0           : pmgr.0000.launching.0.child.idler._pilot_watcher_cb: DEBUG   : bulk states: [['Running']]
2018-10-11 12:40:40,297: pmgr.0000.launching.0.child: pmgr.0000.launching.0           : pmgr.0000.launching.0.child.idler._pilot_watcher_cb: DEBUG   : saga job state: pilot.0000 Running
2018-10-11 12:40:50,460: pmgr.0000.launching.0.child: pmgr.0000.launching.0           : pmgr.0000.launching.0.child.idler._pilot_watcher_cb: DEBUG   : bulk states: [['Running']]
2018-10-11 12:40:50,571: pmgr.0000.launching.0.child: pmgr.0000.launching.0           : pmgr.0000.launching.0.child.idler._pilot_watcher_cb: DEBUG   : saga job state: pilot.0000 Running
2018-10-11 12:40:55,946: pmgr.0000.launching.0.child: pmgr.0000.launching.0           : pmgr.0000.launching.0.child.subscriber._cancel_monitor_cb: DEBUG   : command ignored: cancel_pilots
2018-10-11 12:40:55,946: pmgr.0000.launching.0.child: pmgr.0000.launching.0           : pmgr.0000.launching.0.child.subscriber._pmgr_control_cb: DEBUG   : launcher got {'cmd': 'cancel_pilots', 'arg': {'uids': ['pilot.0000'], 'pmgr': 'pmgr.0000'}}
2018-10-11 12:40:55,946: pmgr.0000.launching.0.child: pmgr.0000.launching.0           : pmgr.0000.launching.0.child.subscriber._pmgr_control_cb: INFO    : received pilot_cancel command (['pilot.0000'])
2018-10-11 12:40:56,019: pmgr.0000.launching.0.child: pmgr.0000.launching.0           : pmgr.0000.launching.0.child.watch: INFO    : recv message: STOP
2018-10-11 12:40:56,019: pmgr.0000.launching.0.child: pmgr.0000.launching.0           : pmgr.0000.launching.0.child.watch: INFO    : message received: STOP
2018-10-11 12:40:56,019: pmgr.0000.launching.0.child: pmgr.0000.launching.0           : pmgr.0000.launching.0.child.watch: INFO    : STOP received: STOP
2018-10-11 12:40:56,019: pmgr.0000.launching.0.child: pmgr.0000.launching.0           : pmgr.0000.launching.0.child.watch: INFO    : watcher closes
2018-10-11 12:40:56,020: pmgr.0000.launching.0.child: pmgr.0000.launching.0           : pmgr.0000.launching.0.child.watch: INFO    : put message: [pmgr.0000.launching.0.child.watch.thread] work finished
2018-10-11 12:40:56,020: pmgr.0000.launching.0.child: pmgr.0000.launching.0           : pmgr.0000.launching.0.child.watch: DEBUG   : ru_finalize_child (NOOP)
2018-10-11 12:40:56,020: pmgr.0000.launching.0.child: pmgr.0000.launching.0           : pmgr.0000.launching.0.child.watch: DEBUG   : ru_finalize_common (NOOP)
2018-10-11 12:40:56,020: pmgr.0000.launching.0.child: pmgr.0000.launching.0           : pmgr.0000.launching.0.child.watch: INFO    : put message: [pmgr.0000.launching.0.child.watch.thread] terminating
2018-10-11 12:40:56,234: pmgr.0000.launching.0.child: pmgr.0000.launching.0           : pmgr.0000.launching.0.child.subscriber._pmgr_control_cb: DEBUG   : pilot(s).need(s) cancellation ['pilot.0000']
2018-10-11 12:40:56,234: pmgr.0000.launching.0.child: pmgr.0000.launching.0           : pmgr.0000.launching.0.child.subscriber._pmgr_control_cb: DEBUG   : update cancel req: pilot.0000 1539279656.23
2018-10-11 12:40:56,251: pmgr.0000.launching.0.child: pmgr.0000.launching.0           : MainThread     : WARNING : alive check: proc invalid - stop [False - True]
2018-10-11 12:40:56,296: pmgr.0000.launching.0.child: pmgr.0000.launching.0           : MainThread     : INFO    : stop pmgr.0000.launching.0.child (82633 : 82633 : MainThread) [radical.utils.process.Default.is_valid]
2018-10-11 12:40:56,296: pmgr.0000.launching.0.child: pmgr.0000.launching.0           : MainThread     : INFO    : parent stops child  82633 -> 82633 [pmgr.0000.launching.0.child]
2018-10-11 12:40:56,296: pmgr.0000.launching.0.child: pmgr.0000.launching.0           : MainThread     : INFO    : send message: [pmgr.0000.launching.0.child] STOP
2018-10-11 12:40:56,296: pmgr.0000.launching.0.child: pmgr.0000.launching.0           : MainThread     : WARNING : send failed ([Errno 9] Bad file descriptor) - terminate
2018-10-11 12:40:56,296: pmgr.0000.launching.0.child: pmgr.0000.launching.0           : MainThread     : DEBUG   : TERM : pmgr.0000.launching.0.child unregister idler pmgr.0000.launching.0.child.idler._pilot_watcher_cb
2018-10-11 12:40:56,296: pmgr.0000.launching.0.child: pmgr.0000.launching.0           : MainThread     : INFO    : parent stops child
2018-10-11 12:40:56,296: pmgr.0000.launching.0.child: pmgr.0000.launching.0           : MainThread     : DEBUG   : ru_finalize_parent (NOOP)
2018-10-11 12:40:56,296: pmgr.0000.launching.0.child: pmgr.0000.launching.0           : MainThread     : DEBUG   : ru_finalize_common (NOOP)
2018-10-11 12:40:56,301: pmgr.0000.launching.0.child: pmgr.0000.launching.0           : pmgr.0000.launching.0.child.idler._pilot_watcher_cb: DEBUG   : ru_finalize_child (NOOP)
2018-10-11 12:40:56,301: pmgr.0000.launching.0.child: pmgr.0000.launching.0           : pmgr.0000.launching.0.child.idler._pilot_watcher_cb: DEBUG   : ru_finalize_common (NOOP)
2018-10-11 12:40:56,301: pmgr.0000.launching.0.child: pmgr.0000.launching.0           : pmgr.0000.launching.0.child.idler._pilot_watcher_cb: INFO    : put message: [pmgr.0000.launching.0.child.idler._pilot_watcher_cb.thread] terminating
2018-10-11 12:40:56,304: pmgr.0000.launching.0.child: pmgr.0000.launching.0           : MainThread     : DEBUG   : TERM : pmgr.0000.launching.0.child unregistered idler pmgr.0000.launching.0.child.idler._pilot_watcher_cb
2018-10-11 12:40:56,304: pmgr.0000.launching.0.child: pmgr.0000.launching.0           : MainThread     : DEBUG   : TERM : pmgr.0000.launching.0.child unregister subscriber pmgr.0000.launching.0.child.subscriber._pmgr_control_cb
2018-10-11 12:40:56,304: pmgr.0000.launching.0.child: pmgr.0000.launching.0           : MainThread     : DEBUG   : unregistered subscriber pmgr.0000.launching.0.child.subscriber._pmgr_control_cb
2018-10-11 12:40:56,338: pmgr.0000.launching.0.child: pmgr.0000.launching.0           : MainThread     : DEBUG   : pilot(s).need(s) cancellation ['pilot.0000']
2018-10-11 12:40:56,338: pmgr.0000.launching.0.child: pmgr.0000.launching.0           : MainThread     : DEBUG   : update cancel req: pilot.0000 1539279656.34
2018-10-11 12:40:56,338: pmgr.0000.launching.0.child: pmgr.0000.launching.0           : MainThread     : DEBUG   : killing pilots: ['pilot.0000']
2018-10-11 12:40:56,338: pmgr.0000.launching.0.child: pmgr.0000.launching.0           : MainThread     : DEBUG   : killing pilots: [1539279656.338182]
2018-10-11 12:40:56,338: pmgr.0000.launching.0.child: pmgr.0000.launching.0           : MainThread     : DEBUG   : killing pilots: last cancel: 1539279656.34
2018-10-11 12:40:56,338: pmgr.0000.launching.0.child: pmgr.0000.launching.0           : MainThread     : DEBUG   : killing pilots: check 1539279656.34 < 1539279656.34 + 120
2018-10-11 12:40:56,338: pmgr.0000.launching.0.child: pmgr.0000.launching.0           : MainThread     : DEBUG   : killing pilots: alive pilot.0000
2018-10-11 12:40:57,343: pmgr.0000.launching.0.child: pmgr.0000.launching.0           : MainThread     : DEBUG   : killing pilots: check 1539279657.34 < 1539279656.34 + 120
2018-10-11 12:40:57,343: pmgr.0000.launching.0.child: pmgr.0000.launching.0           : MainThread     : DEBUG   : killing pilots: alive pilot.0000
