2018-10-11 12:25:40,299: rp.session.smic002.ksiddhan.017815.0023: MainProcess                     : MainThread     : INFO    : python.interpreter   version: 2.7.15 |Anaconda, Inc.| (default, May 1 2018, 23:32:55) [GCC 7.2.0]
2018-10-11 12:25:40,299: rp.session.smic002.ksiddhan.017815.0023: MainProcess                     : MainThread     : INFO    :                      pid/tid: 82540/MainThread
2018-10-11 12:25:40,380: rp.session.smic002.ksiddhan.017815.0023: MainProcess                     : MainThread     : INFO    : using database mongodb://aymenfja:123456789@ds127490.mlab.com:27490/radicallab
2018-10-11 12:25:40,381: rp.session.smic002.ksiddhan.017815.0023: MainProcess                     : MainThread     : INFO    : Load resource configurations from /home/ksiddhan/miniconda2/envs/radical-pilot/lib/python2.7/site-packages/radical/pilot/configs/resource_rice.json
2018-10-11 12:25:40,384: rp.session.smic002.ksiddhan.017815.0023: MainProcess                     : MainThread     : INFO    : Load resource configurations for rice.davinci_ssh
2018-10-11 12:25:40,385: rp.session.smic002.ksiddhan.017815.0023: MainProcess                     : MainThread     : DEBUG   : read rcfg for rice.davinci_ssh (None)
2018-10-11 12:25:40,385: rp.session.smic002.ksiddhan.017815.0023: MainProcess                     : MainThread     : INFO    : Load resource configurations for rice.biou_ssh
2018-10-11 12:25:40,385: rp.session.smic002.ksiddhan.017815.0023: MainProcess                     : MainThread     : DEBUG   : read rcfg for rice.biou_ssh (None)
2018-10-11 12:25:40,385: rp.session.smic002.ksiddhan.017815.0023: MainProcess                     : MainThread     : INFO    : Load resource configurations from /home/ksiddhan/miniconda2/envs/radical-pilot/lib/python2.7/site-packages/radical/pilot/configs/resource_iu.json
2018-10-11 12:25:40,388: rp.session.smic002.ksiddhan.017815.0023: MainProcess                     : MainThread     : INFO    : Load resource configurations for iu.bigred2_ccm_ssh
2018-10-11 12:25:40,389: rp.session.smic002.ksiddhan.017815.0023: MainProcess                     : MainThread     : DEBUG   : read rcfg for iu.bigred2_ccm_ssh (None)
2018-10-11 12:25:40,389: rp.session.smic002.ksiddhan.017815.0023: MainProcess                     : MainThread     : INFO    : Load resource configurations for iu.bigred2_aprun
2018-10-11 12:25:40,389: rp.session.smic002.ksiddhan.017815.0023: MainProcess                     : MainThread     : DEBUG   : read rcfg for iu.bigred2_aprun (None)
2018-10-11 12:25:40,389: rp.session.smic002.ksiddhan.017815.0023: MainProcess                     : MainThread     : INFO    : Load resource configurations from /home/ksiddhan/miniconda2/envs/radical-pilot/lib/python2.7/site-packages/radical/pilot/configs/resource_aliases.json
2018-10-11 12:25:40,390: rp.session.smic002.ksiddhan.017815.0023: MainProcess                     : MainThread     : INFO    : Load resource configurations from /home/ksiddhan/miniconda2/envs/radical-pilot/lib/python2.7/site-packages/radical/pilot/configs/resource_chameleon.json
2018-10-11 12:25:40,391: rp.session.smic002.ksiddhan.017815.0023: MainProcess                     : MainThread     : INFO    : Load resource configurations for chameleon.cloud_vm_yarn
2018-10-11 12:25:40,391: rp.session.smic002.ksiddhan.017815.0023: MainProcess                     : MainThread     : DEBUG   : read rcfg for chameleon.cloud_vm_yarn (None)
2018-10-11 12:25:40,391: rp.session.smic002.ksiddhan.017815.0023: MainProcess                     : MainThread     : INFO    : Load resource configurations from /home/ksiddhan/miniconda2/envs/radical-pilot/lib/python2.7/site-packages/radical/pilot/configs/resource_futuregrid.json
2018-10-11 12:25:40,401: rp.session.smic002.ksiddhan.017815.0023: MainProcess                     : MainThread     : INFO    : Load resource configurations for futuregrid.delta_ssh
2018-10-11 12:25:40,401: rp.session.smic002.ksiddhan.017815.0023: MainProcess                     : MainThread     : DEBUG   : read rcfg for futuregrid.delta_ssh (None)
2018-10-11 12:25:40,401: rp.session.smic002.ksiddhan.017815.0023: MainProcess                     : MainThread     : INFO    : Load resource configurations for futuregrid.india_ssh
2018-10-11 12:25:40,401: rp.session.smic002.ksiddhan.017815.0023: MainProcess                     : MainThread     : DEBUG   : read rcfg for futuregrid.india_ssh (None)
2018-10-11 12:25:40,401: rp.session.smic002.ksiddhan.017815.0023: MainProcess                     : MainThread     : INFO    : Load resource configurations for futuregrid.echo_ssh
2018-10-11 12:25:40,402: rp.session.smic002.ksiddhan.017815.0023: MainProcess                     : MainThread     : DEBUG   : read rcfg for futuregrid.echo_ssh (None)
2018-10-11 12:25:40,402: rp.session.smic002.ksiddhan.017815.0023: MainProcess                     : MainThread     : INFO    : Load resource configurations for futuregrid.xray_ccm
2018-10-11 12:25:40,402: rp.session.smic002.ksiddhan.017815.0023: MainProcess                     : MainThread     : DEBUG   : read rcfg for futuregrid.xray_ccm (None)
2018-10-11 12:25:40,402: rp.session.smic002.ksiddhan.017815.0023: MainProcess                     : MainThread     : INFO    : Load resource configurations for futuregrid.bravo_ssh
2018-10-11 12:25:40,402: rp.session.smic002.ksiddhan.017815.0023: MainProcess                     : MainThread     : DEBUG   : read rcfg for futuregrid.bravo_ssh (None)
2018-10-11 12:25:40,402: rp.session.smic002.ksiddhan.017815.0023: MainProcess                     : MainThread     : INFO    : Load resource configurations for futuregrid.xray_aprun
2018-10-11 12:25:40,403: rp.session.smic002.ksiddhan.017815.0023: MainProcess                     : MainThread     : DEBUG   : read rcfg for futuregrid.xray_aprun (None)
2018-10-11 12:25:40,403: rp.session.smic002.ksiddhan.017815.0023: MainProcess                     : MainThread     : INFO    : Load resource configurations from /home/ksiddhan/miniconda2/envs/radical-pilot/lib/python2.7/site-packages/radical/pilot/configs/resource_nersc.json
2018-10-11 12:25:40,412: rp.session.smic002.ksiddhan.017815.0023: MainProcess                     : MainThread     : INFO    : Load resource configurations for nersc.edison_ccm_ssh
2018-10-11 12:25:40,412: rp.session.smic002.ksiddhan.017815.0023: MainProcess                     : MainThread     : DEBUG   : read rcfg for nersc.edison_ccm_ssh (None)
2018-10-11 12:25:40,412: rp.session.smic002.ksiddhan.017815.0023: MainProcess                     : MainThread     : INFO    : Load resource configurations for nersc.hopper_orte
2018-10-11 12:25:40,413: rp.session.smic002.ksiddhan.017815.0023: MainProcess                     : MainThread     : DEBUG   : read rcfg for nersc.hopper_orte (None)
2018-10-11 12:25:40,413: rp.session.smic002.ksiddhan.017815.0023: MainProcess                     : MainThread     : INFO    : Load resource configurations for nersc.hopper_ccm_ssh
2018-10-11 12:25:40,413: rp.session.smic002.ksiddhan.017815.0023: MainProcess                     : MainThread     : DEBUG   : read rcfg for nersc.hopper_ccm_ssh (24)
2018-10-11 12:25:40,413: rp.session.smic002.ksiddhan.017815.0023: MainProcess                     : MainThread     : INFO    : Load resource configurations for nersc.edison_aprun
2018-10-11 12:25:40,414: rp.session.smic002.ksiddhan.017815.0023: MainProcess                     : MainThread     : DEBUG   : read rcfg for nersc.edison_aprun (None)
2018-10-11 12:25:40,414: rp.session.smic002.ksiddhan.017815.0023: MainProcess                     : MainThread     : INFO    : Load resource configurations for nersc.hopper_aprun
2018-10-11 12:25:40,414: rp.session.smic002.ksiddhan.017815.0023: MainProcess                     : MainThread     : DEBUG   : read rcfg for nersc.hopper_aprun (24)
2018-10-11 12:25:40,414: rp.session.smic002.ksiddhan.017815.0023: MainProcess                     : MainThread     : INFO    : Load resource configurations for nersc.edison_orte
2018-10-11 12:25:40,415: rp.session.smic002.ksiddhan.017815.0023: MainProcess                     : MainThread     : DEBUG   : read rcfg for nersc.edison_orte (None)
2018-10-11 12:25:40,415: rp.session.smic002.ksiddhan.017815.0023: MainProcess                     : MainThread     : INFO    : Load resource configurations from /home/ksiddhan/miniconda2/envs/radical-pilot/lib/python2.7/site-packages/radical/pilot/configs/resource_ncar.json
2018-10-11 12:25:40,417: rp.session.smic002.ksiddhan.017815.0023: MainProcess                     : MainThread     : INFO    : Load resource configurations for ncar.cheyenne_mpirun
2018-10-11 12:25:40,418: rp.session.smic002.ksiddhan.017815.0023: MainProcess                     : MainThread     : DEBUG   : read rcfg for ncar.cheyenne_mpirun (None)
2018-10-11 12:25:40,418: rp.session.smic002.ksiddhan.017815.0023: MainProcess                     : MainThread     : INFO    : Load resource configurations for ncar.yellowstone_ssh
2018-10-11 12:25:40,418: rp.session.smic002.ksiddhan.017815.0023: MainProcess                     : MainThread     : DEBUG   : read rcfg for ncar.yellowstone_ssh (None)
2018-10-11 12:25:40,418: rp.session.smic002.ksiddhan.017815.0023: MainProcess                     : MainThread     : INFO    : Load resource configurations from /home/ksiddhan/miniconda2/envs/radical-pilot/lib/python2.7/site-packages/radical/pilot/configs/resource_lrz.json
2018-10-11 12:25:40,420: rp.session.smic002.ksiddhan.017815.0023: MainProcess                     : MainThread     : INFO    : Load resource configurations for lrz.supermuc_ssh
2018-10-11 12:25:40,420: rp.session.smic002.ksiddhan.017815.0023: MainProcess                     : MainThread     : DEBUG   : read rcfg for lrz.supermuc_ssh (None)
2018-10-11 12:25:40,420: rp.session.smic002.ksiddhan.017815.0023: MainProcess                     : MainThread     : INFO    : Load resource configurations from /home/ksiddhan/miniconda2/envs/radical-pilot/lib/python2.7/site-packages/radical/pilot/configs/resource_osg.json
2018-10-11 12:25:40,423: rp.session.smic002.ksiddhan.017815.0023: MainProcess                     : MainThread     : INFO    : Load resource configurations for osg.xsede-virt-clust
2018-10-11 12:25:40,424: rp.session.smic002.ksiddhan.017815.0023: MainProcess                     : MainThread     : DEBUG   : read rcfg for osg.xsede-virt-clust (None)
2018-10-11 12:25:40,424: rp.session.smic002.ksiddhan.017815.0023: MainProcess                     : MainThread     : INFO    : Load resource configurations for osg.connect
2018-10-11 12:25:40,424: rp.session.smic002.ksiddhan.017815.0023: MainProcess                     : MainThread     : DEBUG   : read rcfg for osg.connect (None)
2018-10-11 12:25:40,424: rp.session.smic002.ksiddhan.017815.0023: MainProcess                     : MainThread     : INFO    : Load resource configurations from /home/ksiddhan/miniconda2/envs/radical-pilot/lib/python2.7/site-packages/radical/pilot/configs/resource_das4.json
2018-10-11 12:25:40,426: rp.session.smic002.ksiddhan.017815.0023: MainProcess                     : MainThread     : INFO    : Load resource configurations for das4.fs2_ssh
2018-10-11 12:25:40,426: rp.session.smic002.ksiddhan.017815.0023: MainProcess                     : MainThread     : DEBUG   : read rcfg for das4.fs2_ssh (None)
2018-10-11 12:25:40,426: rp.session.smic002.ksiddhan.017815.0023: MainProcess                     : MainThread     : INFO    : Load resource configurations from /home/ksiddhan/miniconda2/envs/radical-pilot/lib/python2.7/site-packages/radical/pilot/configs/resource_yale.json
2018-10-11 12:25:40,428: rp.session.smic002.ksiddhan.017815.0023: MainProcess                     : MainThread     : INFO    : Load resource configurations for yale.grace_ssh
2018-10-11 12:25:40,428: rp.session.smic002.ksiddhan.017815.0023: MainProcess                     : MainThread     : DEBUG   : read rcfg for yale.grace_ssh (None)
2018-10-11 12:25:40,428: rp.session.smic002.ksiddhan.017815.0023: MainProcess                     : MainThread     : INFO    : Load resource configurations from /home/ksiddhan/miniconda2/envs/radical-pilot/lib/python2.7/site-packages/radical/pilot/configs/resource_stfc.json
2018-10-11 12:25:40,430: rp.session.smic002.ksiddhan.017815.0023: MainProcess                     : MainThread     : INFO    : Load resource configurations for stfc.joule_runjob
2018-10-11 12:25:40,430: rp.session.smic002.ksiddhan.017815.0023: MainProcess                     : MainThread     : DEBUG   : read rcfg for stfc.joule_runjob (None)
2018-10-11 12:25:40,430: rp.session.smic002.ksiddhan.017815.0023: MainProcess                     : MainThread     : INFO    : Load resource configurations from /home/ksiddhan/miniconda2/envs/radical-pilot/lib/python2.7/site-packages/radical/pilot/configs/resource_lumc.json
2018-10-11 12:25:40,433: rp.session.smic002.ksiddhan.017815.0023: MainProcess                     : MainThread     : INFO    : Load resource configurations for lumc.gb-ui_ssh
2018-10-11 12:25:40,434: rp.session.smic002.ksiddhan.017815.0023: MainProcess                     : MainThread     : DEBUG   : read rcfg for lumc.gb-ui_ssh (None)
2018-10-11 12:25:40,434: rp.session.smic002.ksiddhan.017815.0023: MainProcess                     : MainThread     : INFO    : Load resource configurations for lumc.shark_ssh
2018-10-11 12:25:40,434: rp.session.smic002.ksiddhan.017815.0023: MainProcess                     : MainThread     : DEBUG   : read rcfg for lumc.shark_ssh (None)
2018-10-11 12:25:40,434: rp.session.smic002.ksiddhan.017815.0023: MainProcess                     : MainThread     : INFO    : Load resource configurations from /home/ksiddhan/miniconda2/envs/radical-pilot/lib/python2.7/site-packages/radical/pilot/configs/resource_vtarc_dt.json
2018-10-11 12:25:40,436: rp.session.smic002.ksiddhan.017815.0023: MainProcess                     : MainThread     : INFO    : Load resource configurations for vtarc_dt.stampede_ssh
2018-10-11 12:25:40,436: rp.session.smic002.ksiddhan.017815.0023: MainProcess                     : MainThread     : DEBUG   : read rcfg for vtarc_dt.stampede_ssh (None)
2018-10-11 12:25:40,436: rp.session.smic002.ksiddhan.017815.0023: MainProcess                     : MainThread     : INFO    : Load resource configurations from /home/ksiddhan/miniconda2/envs/radical-pilot/lib/python2.7/site-packages/radical/pilot/configs/resource_radical.json
2018-10-11 12:25:40,441: rp.session.smic002.ksiddhan.017815.0023: MainProcess                     : MainThread     : INFO    : Load resource configurations for radical.two
2018-10-11 12:25:40,441: rp.session.smic002.ksiddhan.017815.0023: MainProcess                     : MainThread     : DEBUG   : read rcfg for radical.two (None)
2018-10-11 12:25:40,441: rp.session.smic002.ksiddhan.017815.0023: MainProcess                     : MainThread     : INFO    : Load resource configurations for radical.tutorial
2018-10-11 12:25:40,441: rp.session.smic002.ksiddhan.017815.0023: MainProcess                     : MainThread     : DEBUG   : read rcfg for radical.tutorial (None)
2018-10-11 12:25:40,441: rp.session.smic002.ksiddhan.017815.0023: MainProcess                     : MainThread     : INFO    : Load resource configurations for radical.one
2018-10-11 12:25:40,442: rp.session.smic002.ksiddhan.017815.0023: MainProcess                     : MainThread     : DEBUG   : read rcfg for radical.one (None)
2018-10-11 12:25:40,442: rp.session.smic002.ksiddhan.017815.0023: MainProcess                     : MainThread     : INFO    : Load resource configurations from /home/ksiddhan/miniconda2/envs/radical-pilot/lib/python2.7/site-packages/radical/pilot/configs/resource_fub.json
2018-10-11 12:25:40,444: rp.session.smic002.ksiddhan.017815.0023: MainProcess                     : MainThread     : INFO    : Load resource configurations for fub.allegro_rsh
2018-10-11 12:25:40,444: rp.session.smic002.ksiddhan.017815.0023: MainProcess                     : MainThread     : DEBUG   : read rcfg for fub.allegro_rsh (None)
2018-10-11 12:25:40,444: rp.session.smic002.ksiddhan.017815.0023: MainProcess                     : MainThread     : INFO    : Load resource configurations from /home/ksiddhan/miniconda2/envs/radical-pilot/lib/python2.7/site-packages/radical/pilot/configs/resource_local.json
2018-10-11 12:25:40,454: rp.session.smic002.ksiddhan.017815.0023: MainProcess                     : MainThread     : INFO    : Load resource configurations for local.localhost_orte
2018-10-11 12:25:40,455: rp.session.smic002.ksiddhan.017815.0023: MainProcess                     : MainThread     : DEBUG   : read rcfg for local.localhost_orte (None)
2018-10-11 12:25:40,455: rp.session.smic002.ksiddhan.017815.0023: MainProcess                     : MainThread     : INFO    : Load resource configurations for local.localhost_anaconda
2018-10-11 12:25:40,455: rp.session.smic002.ksiddhan.017815.0023: MainProcess                     : MainThread     : DEBUG   : read rcfg for local.localhost_anaconda (8)
2018-10-11 12:25:40,455: rp.session.smic002.ksiddhan.017815.0023: MainProcess                     : MainThread     : INFO    : Load resource configurations for local.localhost_ortelib
2018-10-11 12:25:40,455: rp.session.smic002.ksiddhan.017815.0023: MainProcess                     : MainThread     : DEBUG   : read rcfg for local.localhost_ortelib (None)
2018-10-11 12:25:40,456: rp.session.smic002.ksiddhan.017815.0023: MainProcess                     : MainThread     : INFO    : Load resource configurations for local.localhost_aprun
2018-10-11 12:25:40,456: rp.session.smic002.ksiddhan.017815.0023: MainProcess                     : MainThread     : DEBUG   : read rcfg for local.localhost_aprun (8)
2018-10-11 12:25:40,456: rp.session.smic002.ksiddhan.017815.0023: MainProcess                     : MainThread     : INFO    : Load resource configurations for local.localhost
2018-10-11 12:25:40,456: rp.session.smic002.ksiddhan.017815.0023: MainProcess                     : MainThread     : DEBUG   : read rcfg for local.localhost (8)
2018-10-11 12:25:40,456: rp.session.smic002.ksiddhan.017815.0023: MainProcess                     : MainThread     : INFO    : Load resource configurations for local.localhost_spark
2018-10-11 12:25:40,457: rp.session.smic002.ksiddhan.017815.0023: MainProcess                     : MainThread     : DEBUG   : read rcfg for local.localhost_spark (None)
2018-10-11 12:25:40,457: rp.session.smic002.ksiddhan.017815.0023: MainProcess                     : MainThread     : INFO    : Load resource configurations for local.localhost_spark_anaconda
2018-10-11 12:25:40,457: rp.session.smic002.ksiddhan.017815.0023: MainProcess                     : MainThread     : DEBUG   : read rcfg for local.localhost_spark_anaconda (None)
2018-10-11 12:25:40,457: rp.session.smic002.ksiddhan.017815.0023: MainProcess                     : MainThread     : INFO    : Load resource configurations for local.localhost_yarn
2018-10-11 12:25:40,457: rp.session.smic002.ksiddhan.017815.0023: MainProcess                     : MainThread     : DEBUG   : read rcfg for local.localhost_yarn (None)
2018-10-11 12:25:40,457: rp.session.smic002.ksiddhan.017815.0023: MainProcess                     : MainThread     : INFO    : Load resource configurations from /home/ksiddhan/miniconda2/envs/radical-pilot/lib/python2.7/site-packages/radical/pilot/configs/resource_ornl.json
2018-10-11 12:25:40,466: rp.session.smic002.ksiddhan.017815.0023: MainProcess                     : MainThread     : INFO    : Load resource configurations for ornl.titan_orte
2018-10-11 12:25:40,466: rp.session.smic002.ksiddhan.017815.0023: MainProcess                     : MainThread     : DEBUG   : read rcfg for ornl.titan_orte (16)
2018-10-11 12:25:40,466: rp.session.smic002.ksiddhan.017815.0023: MainProcess                     : MainThread     : INFO    : Load resource configurations for ornl.titan_aprun
2018-10-11 12:25:40,466: rp.session.smic002.ksiddhan.017815.0023: MainProcess                     : MainThread     : DEBUG   : read rcfg for ornl.titan_aprun (None)
2018-10-11 12:25:40,466: rp.session.smic002.ksiddhan.017815.0023: MainProcess                     : MainThread     : INFO    : Load resource configurations for ornl.rhea
2018-10-11 12:25:40,467: rp.session.smic002.ksiddhan.017815.0023: MainProcess                     : MainThread     : DEBUG   : read rcfg for ornl.rhea (16)
2018-10-11 12:25:40,467: rp.session.smic002.ksiddhan.017815.0023: MainProcess                     : MainThread     : INFO    : Load resource configurations for ornl.rhea_aprun
2018-10-11 12:25:40,467: rp.session.smic002.ksiddhan.017815.0023: MainProcess                     : MainThread     : DEBUG   : read rcfg for ornl.rhea_aprun (None)
2018-10-11 12:25:40,467: rp.session.smic002.ksiddhan.017815.0023: MainProcess                     : MainThread     : INFO    : Load resource configurations for ornl.titan_ortelib
2018-10-11 12:25:40,468: rp.session.smic002.ksiddhan.017815.0023: MainProcess                     : MainThread     : DEBUG   : read rcfg for ornl.titan_ortelib (None)
2018-10-11 12:25:40,468: rp.session.smic002.ksiddhan.017815.0023: MainProcess                     : MainThread     : INFO    : Load resource configurations from /home/ksiddhan/miniconda2/envs/radical-pilot/lib/python2.7/site-packages/radical/pilot/configs/resource_das5.json
2018-10-11 12:25:40,469: rp.session.smic002.ksiddhan.017815.0023: MainProcess                     : MainThread     : INFO    : Load resource configurations for das5.fs1_ssh
2018-10-11 12:25:40,470: rp.session.smic002.ksiddhan.017815.0023: MainProcess                     : MainThread     : DEBUG   : read rcfg for das5.fs1_ssh (None)
2018-10-11 12:25:40,470: rp.session.smic002.ksiddhan.017815.0023: MainProcess                     : MainThread     : INFO    : Load resource configurations from /home/ksiddhan/miniconda2/envs/radical-pilot/lib/python2.7/site-packages/radical/pilot/configs/resource_xsede.json
2018-10-11 12:25:40,503: rp.session.smic002.ksiddhan.017815.0023: MainProcess                     : MainThread     : INFO    : Load resource configurations for xsede.gordon_ssh
2018-10-11 12:25:40,503: rp.session.smic002.ksiddhan.017815.0023: MainProcess                     : MainThread     : DEBUG   : read rcfg for xsede.gordon_ssh (None)
2018-10-11 12:25:40,503: rp.session.smic002.ksiddhan.017815.0023: MainProcess                     : MainThread     : INFO    : Load resource configurations for xsede.lonestar_ssh
2018-10-11 12:25:40,504: rp.session.smic002.ksiddhan.017815.0023: MainProcess                     : MainThread     : DEBUG   : read rcfg for xsede.lonestar_ssh (None)
2018-10-11 12:25:40,504: rp.session.smic002.ksiddhan.017815.0023: MainProcess                     : MainThread     : INFO    : Load resource configurations for xsede.supermic_spark
2018-10-11 12:25:40,504: rp.session.smic002.ksiddhan.017815.0023: MainProcess                     : MainThread     : DEBUG   : read rcfg for xsede.supermic_spark (20)
2018-10-11 12:25:40,504: rp.session.smic002.ksiddhan.017815.0023: MainProcess                     : MainThread     : INFO    : Load resource configurations for xsede.wrangler_yarn
2018-10-11 12:25:40,504: rp.session.smic002.ksiddhan.017815.0023: MainProcess                     : MainThread     : DEBUG   : read rcfg for xsede.wrangler_yarn (None)
2018-10-11 12:25:40,505: rp.session.smic002.ksiddhan.017815.0023: MainProcess                     : MainThread     : INFO    : Load resource configurations for xsede.blacklight_ssh
2018-10-11 12:25:40,505: rp.session.smic002.ksiddhan.017815.0023: MainProcess                     : MainThread     : DEBUG   : read rcfg for xsede.blacklight_ssh (16)
2018-10-11 12:25:40,505: rp.session.smic002.ksiddhan.017815.0023: MainProcess                     : MainThread     : INFO    : Load resource configurations for xsede.stampede_ortelib
2018-10-11 12:25:40,505: rp.session.smic002.ksiddhan.017815.0023: MainProcess                     : MainThread     : DEBUG   : read rcfg for xsede.stampede_ortelib (None)
2018-10-11 12:25:40,505: rp.session.smic002.ksiddhan.017815.0023: MainProcess                     : MainThread     : INFO    : Load resource configurations for xsede.stampede_yarn
2018-10-11 12:25:40,506: rp.session.smic002.ksiddhan.017815.0023: MainProcess                     : MainThread     : DEBUG   : read rcfg for xsede.stampede_yarn (None)
2018-10-11 12:25:40,506: rp.session.smic002.ksiddhan.017815.0023: MainProcess                     : MainThread     : INFO    : Load resource configurations for xsede.stampede_ssh
2018-10-11 12:25:40,506: rp.session.smic002.ksiddhan.017815.0023: MainProcess                     : MainThread     : DEBUG   : read rcfg for xsede.stampede_ssh (None)
2018-10-11 12:25:40,506: rp.session.smic002.ksiddhan.017815.0023: MainProcess                     : MainThread     : INFO    : Load resource configurations for xsede.greenfield
2018-10-11 12:25:40,507: rp.session.smic002.ksiddhan.017815.0023: MainProcess                     : MainThread     : DEBUG   : read rcfg for xsede.greenfield (15)
2018-10-11 12:25:40,507: rp.session.smic002.ksiddhan.017815.0023: MainProcess                     : MainThread     : INFO    : Load resource configurations for xsede.bridges
2018-10-11 12:25:40,507: rp.session.smic002.ksiddhan.017815.0023: MainProcess                     : MainThread     : DEBUG   : read rcfg for xsede.bridges (None)
2018-10-11 12:25:40,507: rp.session.smic002.ksiddhan.017815.0023: MainProcess                     : MainThread     : INFO    : Load resource configurations for xsede.trestles_ssh
2018-10-11 12:25:40,507: rp.session.smic002.ksiddhan.017815.0023: MainProcess                     : MainThread     : DEBUG   : read rcfg for xsede.trestles_ssh (None)
2018-10-11 12:25:40,507: rp.session.smic002.ksiddhan.017815.0023: MainProcess                     : MainThread     : INFO    : Load resource configurations for xsede.supermic_ortelib
2018-10-11 12:25:40,508: rp.session.smic002.ksiddhan.017815.0023: MainProcess                     : MainThread     : DEBUG   : read rcfg for xsede.supermic_ortelib (20)
2018-10-11 12:25:40,508: rp.session.smic002.ksiddhan.017815.0023: MainProcess                     : MainThread     : INFO    : Load resource configurations for xsede.stampede2_ssh
2018-10-11 12:25:40,508: rp.session.smic002.ksiddhan.017815.0023: MainProcess                     : MainThread     : DEBUG   : read rcfg for xsede.stampede2_ssh (68)
2018-10-11 12:25:40,508: rp.session.smic002.ksiddhan.017815.0023: MainProcess                     : MainThread     : INFO    : Load resource configurations for xsede.supermic_ssh
2018-10-11 12:25:40,509: rp.session.smic002.ksiddhan.017815.0023: MainProcess                     : MainThread     : DEBUG   : read rcfg for xsede.supermic_ssh (20)
2018-10-11 12:25:40,509: rp.session.smic002.ksiddhan.017815.0023: MainProcess                     : MainThread     : INFO    : Load resource configurations for xsede.wrangler_ssh
2018-10-11 12:25:40,509: rp.session.smic002.ksiddhan.017815.0023: MainProcess                     : MainThread     : DEBUG   : read rcfg for xsede.wrangler_ssh (None)
2018-10-11 12:25:40,509: rp.session.smic002.ksiddhan.017815.0023: MainProcess                     : MainThread     : INFO    : Load resource configurations for xsede.supermic_orte
2018-10-11 12:25:40,509: rp.session.smic002.ksiddhan.017815.0023: MainProcess                     : MainThread     : DEBUG   : read rcfg for xsede.supermic_orte (20)
2018-10-11 12:25:40,509: rp.session.smic002.ksiddhan.017815.0023: MainProcess                     : MainThread     : INFO    : Load resource configurations for xsede.wrangler_spark
2018-10-11 12:25:40,510: rp.session.smic002.ksiddhan.017815.0023: MainProcess                     : MainThread     : DEBUG   : read rcfg for xsede.wrangler_spark (None)
2018-10-11 12:25:40,510: rp.session.smic002.ksiddhan.017815.0023: MainProcess                     : MainThread     : INFO    : Load resource configurations for xsede.stampede_orte
2018-10-11 12:25:40,510: rp.session.smic002.ksiddhan.017815.0023: MainProcess                     : MainThread     : DEBUG   : read rcfg for xsede.stampede_orte (None)
2018-10-11 12:25:40,510: rp.session.smic002.ksiddhan.017815.0023: MainProcess                     : MainThread     : INFO    : Load resource configurations for xsede.comet_ortelib
2018-10-11 12:25:40,511: rp.session.smic002.ksiddhan.017815.0023: MainProcess                     : MainThread     : DEBUG   : read rcfg for xsede.comet_ortelib (24)
2018-10-11 12:25:40,511: rp.session.smic002.ksiddhan.017815.0023: MainProcess                     : MainThread     : INFO    : Load resource configurations for xsede.comet_orte
2018-10-11 12:25:40,511: rp.session.smic002.ksiddhan.017815.0023: MainProcess                     : MainThread     : DEBUG   : read rcfg for xsede.comet_orte (24)
2018-10-11 12:25:40,511: rp.session.smic002.ksiddhan.017815.0023: MainProcess                     : MainThread     : INFO    : Load resource configurations for xsede.comet_spark
2018-10-11 12:25:40,511: rp.session.smic002.ksiddhan.017815.0023: MainProcess                     : MainThread     : DEBUG   : read rcfg for xsede.comet_spark (24)
2018-10-11 12:25:40,512: rp.session.smic002.ksiddhan.017815.0023: MainProcess                     : MainThread     : INFO    : Load resource configurations for xsede.comet_ssh
2018-10-11 12:25:40,512: rp.session.smic002.ksiddhan.017815.0023: MainProcess                     : MainThread     : DEBUG   : read rcfg for xsede.comet_ssh (24)
2018-10-11 12:25:40,512: rp.session.smic002.ksiddhan.017815.0023: MainProcess                     : MainThread     : INFO    : Load resource configurations for xsede.stampede_spark
2018-10-11 12:25:40,512: rp.session.smic002.ksiddhan.017815.0023: MainProcess                     : MainThread     : DEBUG   : read rcfg for xsede.stampede_spark (None)
2018-10-11 12:25:40,512: rp.session.smic002.ksiddhan.017815.0023: MainProcess                     : MainThread     : INFO    : Load resource configurations from /home/ksiddhan/miniconda2/envs/radical-pilot/lib/python2.7/site-packages/radical/pilot/configs/resource_ncsa.json
2018-10-11 12:25:40,519: rp.session.smic002.ksiddhan.017815.0023: MainProcess                     : MainThread     : INFO    : Load resource configurations for ncsa.bw_orte
2018-10-11 12:25:40,519: rp.session.smic002.ksiddhan.017815.0023: MainProcess                     : MainThread     : DEBUG   : read rcfg for ncsa.bw_orte (None)
2018-10-11 12:25:40,519: rp.session.smic002.ksiddhan.017815.0023: MainProcess                     : MainThread     : INFO    : Load resource configurations for ncsa.bw_ccm_ssh
2018-10-11 12:25:40,520: rp.session.smic002.ksiddhan.017815.0023: MainProcess                     : MainThread     : DEBUG   : read rcfg for ncsa.bw_ccm_ssh (None)
2018-10-11 12:25:40,520: rp.session.smic002.ksiddhan.017815.0023: MainProcess                     : MainThread     : INFO    : Load resource configurations for ncsa.bw_ortelib
2018-10-11 12:25:40,520: rp.session.smic002.ksiddhan.017815.0023: MainProcess                     : MainThread     : DEBUG   : read rcfg for ncsa.bw_ortelib (None)
2018-10-11 12:25:40,520: rp.session.smic002.ksiddhan.017815.0023: MainProcess                     : MainThread     : INFO    : Load resource configurations for ncsa.bw_aprun
2018-10-11 12:25:40,521: rp.session.smic002.ksiddhan.017815.0023: MainProcess                     : MainThread     : DEBUG   : read rcfg for ncsa.bw_aprun (None)
2018-10-11 12:25:40,521: rp.session.smic002.ksiddhan.017815.0023: MainProcess                     : MainThread     : INFO    : Load resource configurations from /home/ksiddhan/miniconda2/envs/radical-pilot/lib/python2.7/site-packages/radical/pilot/configs/resource_epsrc.json
2018-10-11 12:25:40,524: rp.session.smic002.ksiddhan.017815.0023: MainProcess                     : MainThread     : INFO    : Load resource configurations for epsrc.archer_orte
2018-10-11 12:25:40,524: rp.session.smic002.ksiddhan.017815.0023: MainProcess                     : MainThread     : DEBUG   : read rcfg for epsrc.archer_orte (None)
2018-10-11 12:25:40,524: rp.session.smic002.ksiddhan.017815.0023: MainProcess                     : MainThread     : INFO    : Load resource configurations for epsrc.archer_aprun
2018-10-11 12:25:40,525: rp.session.smic002.ksiddhan.017815.0023: MainProcess                     : MainThread     : DEBUG   : read rcfg for epsrc.archer_aprun (None)
2018-10-11 12:25:41,011: rp.session.smic002.ksiddhan.017815.0023: MainProcess                     : MainThread     : INFO    : New Session created: rp.session.smic002.ksiddhan.017815.0023.
2018-10-11 12:25:41,011: rp.session.smic002.ksiddhan.017815.0023: MainProcess                     : MainThread     : DEBUG   : start bridges   : {u'control_pubsub': {u'bulk_size': 0, u'log_level': u'error', u'stall_hwm': 1},
 u'log_pubsub': {u'bulk_size': 0, u'log_level': u'error', u'stall_hwm': 1},
 u'state_pubsub': {u'bulk_size': 0, u'log_level': u'error', u'stall_hwm': 1}}
2018-10-11 12:25:41,011: rp.session.smic002.ksiddhan.017815.0023: MainProcess                     : MainThread     : INFO    : create bridge control_pubsub
2018-10-11 12:25:41,021: rp.session.smic002.ksiddhan.017815.0023: MainProcess                     : MainThread     : INFO    : created bridge control_pubsub (control.pubsub.bridge.0000)
2018-10-11 12:25:41,021: rp.session.smic002.ksiddhan.017815.0023: MainProcess                     : MainThread     : INFO    : create bridge state_pubsub
2018-10-11 12:25:41,029: rp.session.smic002.ksiddhan.017815.0023: MainProcess                     : MainThread     : INFO    : created bridge state_pubsub (state.pubsub.bridge.0000)
2018-10-11 12:25:41,029: rp.session.smic002.ksiddhan.017815.0023: MainProcess                     : MainThread     : INFO    : create bridge log_pubsub
2018-10-11 12:25:41,036: rp.session.smic002.ksiddhan.017815.0023: MainProcess                     : MainThread     : INFO    : created bridge log_pubsub (log.pubsub.bridge.0000)
2018-10-11 12:25:41,037: rp.session.smic002.ksiddhan.017815.0023: MainProcess                     : MainThread     : DEBUG   : start components: {u'UpdateWorker': {u'count': 1}}
2018-10-11 12:25:41,037: rp.session.smic002.ksiddhan.017815.0023: MainProcess                     : MainThread     : DEBUG   : start 1 component(s) UpdateWorker
2018-10-11 12:25:41,473: rp.session.smic002.ksiddhan.017815.0023: MainProcess                     : MainThread     : INFO    : rp.session.smic002.ksiddhan.017815.0023 starts update.0
2018-10-11 12:25:41,473: rp.session.smic002.ksiddhan.017815.0023: MainProcess                     : MainThread     : INFO    : radical.pilot version: 0.50.8
2018-10-11 12:25:41,473: rp.session.smic002.ksiddhan.017815.0023: MainProcess                     : MainThread     : INFO    : radical.saga  version: 0.50.0
2018-10-11 12:25:41,473: rp.session.smic002.ksiddhan.017815.0023: MainProcess                     : MainThread     : INFO    : radical.utils version: 0.50.2
2018-10-11 12:25:41,823: rp.session.smic002.ksiddhan.017815.0023: MainProcess                     : MainThread     : DEBUG   : get rcfg 1 for local.localhost_anaconda (8)
2018-10-11 12:25:41,823: rp.session.smic002.ksiddhan.017815.0023: MainProcess                     : MainThread     : DEBUG   : get rcfg 2 for local.localhost_anaconda (8)
2018-10-11 12:25:41,823: rp.session.smic002.ksiddhan.017815.0023: MainProcess                     : MainThread     : DEBUG   : get rcfg 1 for local.localhost_anaconda (8)
2018-10-11 12:25:41,823: rp.session.smic002.ksiddhan.017815.0023: MainProcess                     : MainThread     : DEBUG   : get rcfg 2 for local.localhost_anaconda (8)
2018-10-11 12:25:41,824: rp.session.smic002.ksiddhan.017815.0023: MainProcess                     : MainThread     : DEBUG   : rsup.PTYShell('fork://localhost/')
2018-10-11 12:25:42,547: rp.session.smic002.ksiddhan.017815.0023: MainProcess                     : MainThread     : DEBUG   : sandbox base fork://localhost/: '/home/ksiddhan'
2018-10-11 12:25:42,682: rp.session.smic002.ksiddhan.017815.0023: MainProcess                     : MainThread     : DEBUG   : bulk pilot insert result: {'nModified': 0, 'nUpserted': 0, 'nMatched': 0, 'writeErrors': [], 'upserted': [], 'writeConcernErrors': [], 'nRemoved': 0, 'nInserted': 1}
2018-10-11 12:25:42,684: rp.session.smic002.ksiddhan.017815.0023: pmgr.0000.launching.0           : MainThread     : DEBUG   : get rcfg 1 for local.localhost_anaconda (8)
2018-10-11 12:25:42,684: rp.session.smic002.ksiddhan.017815.0023: pmgr.0000.launching.0           : MainThread     : DEBUG   : get rcfg 2 for local.localhost_anaconda (8)
2018-10-11 12:25:42,686: rp.session.smic002.ksiddhan.017815.0023: pmgr.0000.launching.0           : MainThread     : DEBUG   : get rcfg 1 for local.localhost_anaconda (8)
2018-10-11 12:25:42,686: rp.session.smic002.ksiddhan.017815.0023: pmgr.0000.launching.0           : MainThread     : DEBUG   : get rcfg 2 for local.localhost_anaconda (8)
2018-10-11 12:25:42,686: rp.session.smic002.ksiddhan.017815.0023: pmgr.0000.launching.0           : MainThread     : DEBUG   : rsup.PTYShell('fork://localhost/')
2018-10-11 12:25:43,423: rp.session.smic002.ksiddhan.017815.0023: pmgr.0000.launching.0           : MainThread     : DEBUG   : sandbox base fork://localhost/: '/home/ksiddhan'
2018-10-11 12:25:43,615: rp.session.smic002.ksiddhan.017815.0023: MainProcess                     : MainThread     : DEBUG   : bulk unit insert result: {'nModified': 0, 'nUpserted': 0, 'nMatched': 0, 'writeErrors': [], 'upserted': [], 'writeConcernErrors': [], 'nRemoved': 0, 'nInserted': 20}
2018-10-11 12:40:49,938: rp.session.smic002.ksiddhan.017815.0023: MainProcess                     : MainThread     : DEBUG   : session rp.session.smic002.ksiddhan.017815.0023 closing
2018-10-11 12:40:49,938: rp.session.smic002.ksiddhan.017815.0023: MainProcess                     : MainThread     : DEBUG   : session rp.session.smic002.ksiddhan.017815.0023 closes umgr   umgr.0000
2018-10-11 12:40:55,944: rp.session.smic002.ksiddhan.017815.0023: MainProcess                     : MainThread     : DEBUG   : session rp.session.smic002.ksiddhan.017815.0023 closed umgr   umgr.0000
2018-10-11 12:40:55,944: rp.session.smic002.ksiddhan.017815.0023: MainProcess                     : MainThread     : DEBUG   : session rp.session.smic002.ksiddhan.017815.0023 closes pmgr   pmgr.0000
2018-10-11 12:40:59,072: rp.session.smic002.ksiddhan.017815.0023: MainProcess                     : MainThread     : DEBUG   : session rp.session.smic002.ksiddhan.017815.0023 closed pmgr   pmgr.0000
2018-10-11 12:40:59,072: rp.session.smic002.ksiddhan.017815.0023: MainProcess                     : MainThread     : DEBUG   : session rp.session.smic002.ksiddhan.017815.0023 closes comp   update.0
2018-10-11 12:40:59,073: rp.session.smic002.ksiddhan.017815.0023: MainProcess                     : MainThread     : DEBUG   : update.0 stop called
2018-10-11 12:40:59,165: rp.session.smic002.ksiddhan.017815.0023: update.0                        : MainThread     : DEBUG   : update.0.child stop called
2018-10-11 12:40:59,330: rp.session.smic002.ksiddhan.017815.0023: update.0                        : MainThread     : DEBUG   : update.0.child stop called
2018-10-11 12:40:59,341: rp.session.smic002.ksiddhan.017815.0023: MainProcess                     : MainThread     : DEBUG   : session rp.session.smic002.ksiddhan.017815.0023 closed comp   update.0
2018-10-11 12:40:59,342: rp.session.smic002.ksiddhan.017815.0023: MainProcess                     : MainThread     : DEBUG   : session rp.session.smic002.ksiddhan.017815.0023 closes bridge control.pubsub.bridge.0000
2018-10-11 12:41:00,362: rp.session.smic002.ksiddhan.017815.0023: MainProcess                     : MainThread     : DEBUG   : session rp.session.smic002.ksiddhan.017815.0023 closed bridge control.pubsub.bridge.0000
2018-10-11 12:41:00,362: rp.session.smic002.ksiddhan.017815.0023: MainProcess                     : MainThread     : DEBUG   : session rp.session.smic002.ksiddhan.017815.0023 closes bridge state.pubsub.bridge.0000
2018-10-11 12:41:01,382: rp.session.smic002.ksiddhan.017815.0023: MainProcess                     : MainThread     : DEBUG   : session rp.session.smic002.ksiddhan.017815.0023 closed bridge state.pubsub.bridge.0000
2018-10-11 12:41:01,382: rp.session.smic002.ksiddhan.017815.0023: MainProcess                     : MainThread     : DEBUG   : session rp.session.smic002.ksiddhan.017815.0023 closes bridge log.pubsub.bridge.0000
2018-10-11 12:41:02,403: rp.session.smic002.ksiddhan.017815.0023: MainProcess                     : MainThread     : DEBUG   : session rp.session.smic002.ksiddhan.017815.0023 closed bridge log.pubsub.bridge.0000
2018-10-11 12:41:02,403: rp.session.smic002.ksiddhan.017815.0023: MainProcess                     : MainThread     : DEBUG   : session rp.session.smic002.ksiddhan.017815.0023 closes db (False)
2018-10-11 12:41:02,436: rp.session.smic002.ksiddhan.017815.0023: MainProcess                     : MainThread     : DEBUG   : session rp.session.smic002.ksiddhan.017815.0023 closed (delete=False)
2018-10-11 12:41:02,437: rp.session.smic002.ksiddhan.017815.0023: MainProcess                     : MainThread     : DEBUG   : update.0 stop called
2018-10-11 12:41:02,440: rp.session.smic002.ksiddhan.017815.0023: MainProcess                     : MainThread     : DEBUG   : start download
2018-10-11 12:41:03,047: rp.session.smic002.ksiddhan.017815.0023: MainProcess                     : MainThread     : INFO    : session written to /home/ksiddhan/rp.session.smic002.ksiddhan.017815.0023/rp.session.smic002.ksiddhan.017815.0023.json
2018-10-11 12:41:03,399: rp.session.smic002.ksiddhan.017815.0023: MainProcess                     : MainThread     : DEBUG   : Session: rp.session.smic002.ksiddhan.017815.0023
2018-10-11 12:41:03,400: rp.session.smic002.ksiddhan.017815.0023: MainProcess                     : MainThread     : DEBUG   : Number of pilots in session: 1
2018-10-11 12:41:03,400: rp.session.smic002.ksiddhan.017815.0023: MainProcess                     : MainThread     : DEBUG   : processing pilot 'pilot.0000'
2018-10-11 12:41:04,137: rp.session.smic002.ksiddhan.017815.0023: MainProcess                     : MainThread     : INFO    : profiles tarball exists
2018-10-11 12:41:04,137: rp.session.smic002.ksiddhan.017815.0023: MainProcess                     : MainThread     : INFO    : fetch 'file://localhost/home/ksiddhan/radical.pilot.sandbox/rp.session.smic002.ksiddhan.017815.0023/pilot.0000/pilot.0000.prof.tgz' to 'file://localhost/home/ksiddhan/rp.session.smic002.ksiddhan.017815.0023/'.
2018-10-11 12:41:04,452: rp.session.smic002.ksiddhan.017815.0023: MainProcess                     : MainThread     : INFO    : Extract tarball /home/ksiddhan/rp.session.smic002.ksiddhan.017815.0023/pilot.0000.prof.tgz to '/home/ksiddhan/rp.session.smic002.ksiddhan.017815.0023/'.
2018-10-11 12:41:04,763: rp.session.smic002.ksiddhan.017815.0023: MainProcess                     : MainThread     : INFO    : Session: rp.session.smic002.ksiddhan.017815.0023
2018-10-11 12:41:04,763: rp.session.smic002.ksiddhan.017815.0023: MainProcess                     : MainThread     : INFO    : Number of pilots in session: 1
2018-10-11 12:41:05,074: rp.session.smic002.ksiddhan.017815.0023: MainProcess                     : MainThread     : INFO    : logfiles tarball exists
2018-10-11 12:41:05,074: rp.session.smic002.ksiddhan.017815.0023: MainProcess                     : MainThread     : INFO    : Fetching 'file://localhost/home/ksiddhan/radical.pilot.sandbox/rp.session.smic002.ksiddhan.017815.0023/pilot.0000/pilot.0000.log.tgz' to 'file://localhost/home/ksiddhan/rp.session.smic002.ksiddhan.017815.0023/'.
2018-10-11 12:41:05,388: rp.session.smic002.ksiddhan.017815.0023: MainProcess                     : MainThread     : DEBUG   : Extract tarball /home/ksiddhan/rp.session.smic002.ksiddhan.017815.0023/pilot.0000.log.tgz to /home/ksiddhan/rp.session.smic002.ksiddhan.017815.0023/
2018-10-11 12:41:05,451: rp.session.smic002.ksiddhan.017815.0023: MainProcess                     : MainThread     : INFO    : tarball /home/ksiddhan/rp.session.smic002.ksiddhan.017815.0023/pilot.0000.log.tgz extracted to '/home/ksiddhan/rp.session.smic002.ksiddhan.017815.0023//pilot.0000/'.
