2018-10-11 12:25:41,118: update.0            : MainProcess                     : MainThread     : INFO    : python.interpreter   version: 2.7.15 |Anaconda, Inc.| (default, May 1 2018, 23:32:55) [GCC 7.2.0]
2018-10-11 12:25:41,118: update.0            : MainProcess                     : MainThread     : INFO    :                      pid/tid: 82540/MainThread
2018-10-11 12:25:41,118: update.0            : MainProcess                     : MainThread     : DEBUG   : alive check in term
2018-10-11 12:25:41,118: update.0            : MainProcess                     : MainThread     : DEBUG   : start process
2018-10-11 12:25:41,464: update.0            : MainProcess                     : MainThread     : INFO    : recv message: alive
2018-10-11 12:25:41,464: update.0            : MainProcess                     : MainThread     : INFO    : initialize update.0
2018-10-11 12:25:41,465: update.0            : MainProcess                     : MainThread     : INFO    : cfg: {'agents': {},
 u'bridges': {u'control_pubsub': {'addr_in': 'tcp://204.90.41.2:41507',
                                  'addr_out': 'tcp://204.90.41.2:36640',
                                  u'bulk_size': 0,
                                  u'log_level': u'error',
                                  u'stall_hwm': 1},
              u'log_pubsub': {'addr_in': 'tcp://204.90.41.2:44514',
                              'addr_out': 'tcp://204.90.41.2:42015',
                              u'bulk_size': 0,
                              u'log_level': u'error',
                              u'stall_hwm': 1},
              u'state_pubsub': {'addr_in': 'tcp://204.90.41.2:42161',
                                'addr_out': 'tcp://204.90.41.2:46690',
                                u'bulk_size': 0,
                                u'log_level': u'error',
                                u'stall_hwm': 1}},
 'cname': u'UpdateWorker',
 u'components': {},
 u'count': 1,
 'dburl': 'mongodb://aymenfja:123456789@ds127490.mlab.com:27490/radicallab',
 u'default_dburl': u'mongodb://rp:rp@ds015335.mlab.com:15335/rp',
 'logdir': '/home/ksiddhan/rp.session.smic002.ksiddhan.017815.0023',
 'number': 0,
 'owner': 'rp.session.smic002.ksiddhan.017815.0023',
 'session_id': 'rp.session.smic002.ksiddhan.017815.0023'}
2018-10-11 12:25:41,465: update.0            : MainProcess                     : MainThread     : DEBUG   : alive check in term
2018-10-11 12:25:41,466: update.0            : MainProcess                     : MainThread     : DEBUG   : START: update.0 register publisher log_pubsub
2018-10-11 12:25:41,466: update.0            : MainProcess                     : MainThread     : DEBUG   : using addr tcp://204.90.41.2:44514 for pubsub log_pubsub
2018-10-11 12:25:41,468: update.0            : MainProcess                     : MainThread     : DEBUG   : registered publisher : log_pubsub : log.pubsub.pub.0000
2018-10-11 12:25:41,468: update.0            : MainProcess                     : MainThread     : DEBUG   : alive check in term
2018-10-11 12:25:41,468: update.0            : MainProcess                     : MainThread     : DEBUG   : START: update.0 register publisher state_pubsub
2018-10-11 12:25:41,468: update.0            : MainProcess                     : MainThread     : DEBUG   : using addr tcp://204.90.41.2:42161 for pubsub state_pubsub
2018-10-11 12:25:41,469: update.0            : MainProcess                     : MainThread     : DEBUG   : registered publisher : state_pubsub : state.pubsub.pub.0000
2018-10-11 12:25:41,469: update.0            : MainProcess                     : MainThread     : DEBUG   : alive check in term
2018-10-11 12:25:41,469: update.0            : MainProcess                     : MainThread     : DEBUG   : START: update.0 register publisher control_pubsub
2018-10-11 12:25:41,470: update.0            : MainProcess                     : MainThread     : DEBUG   : using addr tcp://204.90.41.2:41507 for pubsub control_pubsub
2018-10-11 12:25:41,471: update.0            : MainProcess                     : MainThread     : DEBUG   : registered publisher : control_pubsub : control.pubsub.pub.0000
2018-10-11 12:25:41,471: update.0            : MainProcess                     : MainThread     : DEBUG   : parent name: update.0.watch
2018-10-11 12:25:41,471: update.0            : MainProcess                     : MainThread     : DEBUG   : start thread
2018-10-11 12:25:41,472: update.0            : MainProcess                     : update.0.watch : DEBUG   : child name: update.0.watch.thread
2018-10-11 12:25:41,472: update.0            : MainProcess                     : update.0.watch : INFO    : child (me) initializing
2018-10-11 12:25:41,472: update.0            : MainProcess                     : update.0.watch : DEBUG   : ru_initialize_common (NOOP)
2018-10-11 12:25:41,472: update.0            : MainProcess                     : update.0.watch : DEBUG   : ru_initialize_child (NOOP)
2018-10-11 12:25:41,472: update.0            : MainProcess                     : update.0.watch : INFO    : send alive
2018-10-11 12:25:41,472: update.0            : MainProcess                     : update.0.watch : INFO    : put message: [update.0.watch.thread] alive
2018-10-11 12:25:41,473: update.0            : MainProcess                     : MainThread     : INFO    : get msg: alive
2018-10-11 12:25:41,473: update.0            : MainProcess                     : MainThread     : DEBUG   : ru_initialize_common (NOOP)
2018-10-11 12:25:41,473: update.0            : MainProcess                     : MainThread     : DEBUG   : ru_initialize_parent (NOOP)
2018-10-11 12:25:41,473: update.0            : MainProcess                     : MainThread     : DEBUG   : child thread update.0.watch started
2018-10-11 12:25:41,473: update.0            : MainProcess                     : MainThread     : INFO    : child is alive
2018-10-11 12:25:41,473: update.0            : MainProcess                     : MainThread     : DEBUG   : process class started child
2018-10-11 12:40:59,073: update.0            : MainProcess                     : MainThread     : INFO    : stop update.0 (82540 : 82603 : MainThread) [radical.pilot.worker.update.Update.stop]
2018-10-11 12:40:59,074: update.0            : MainProcess                     : MainThread     : INFO    : parent stops child  82540 -> 82603 [update.0]
2018-10-11 12:40:59,074: update.0            : MainProcess                     : MainThread     : INFO    : send message: [update.0] STOP
2018-10-11 12:40:59,074: update.0            : MainProcess                     : MainThread     : DEBUG   : ru_finalize_common()
2018-10-11 12:40:59,074: update.0            : MainProcess                     : MainThread     : DEBUG   : TERM : update.0 unregister publisher log_pubsub
2018-10-11 12:40:59,074: update.0            : MainProcess                     : update.0.watch : INFO    : recv message: 
2018-10-11 12:40:59,074: update.0            : MainProcess                     : update.0.watch : INFO    : message received: 
2018-10-11 12:40:59,075: update.0            : MainProcess                     : MainThread     : DEBUG   : unregistered publisher log_pubsub
2018-10-11 12:40:59,075: update.0            : MainProcess                     : update.0.watch : WARNING : received empty string, parent closed ep
2018-10-11 12:40:59,075: update.0            : MainProcess                     : MainThread     : DEBUG   : TERM : update.0 unregister publisher state_pubsub
2018-10-11 12:40:59,075: update.0            : MainProcess                     : update.0.watch : INFO    : watcher closes
2018-10-11 12:40:59,075: update.0            : MainProcess                     : update.0.watch : INFO    : put message: [update.0.watch.thread] work finished
2018-10-11 12:40:59,075: update.0            : MainProcess                     : update.0.watch : DEBUG   : ru_finalize_child (NOOP)
2018-10-11 12:40:59,075: update.0            : MainProcess                     : update.0.watch : DEBUG   : ru_finalize_common (NOOP)
2018-10-11 12:40:59,075: update.0            : MainProcess                     : update.0.watch : INFO    : put message: [update.0.watch.thread] terminating
2018-10-11 12:40:59,075: update.0            : MainProcess                     : MainThread     : DEBUG   : unregistered publisher state_pubsub
2018-10-11 12:40:59,076: update.0            : MainProcess                     : MainThread     : DEBUG   : TERM : update.0 unregister publisher control_pubsub
2018-10-11 12:40:59,076: update.0            : MainProcess                     : MainThread     : DEBUG   : unregistered publisher control_pubsub
2018-10-11 12:40:59,076: update.0            : MainProcess                     : MainThread     : DEBUG   : update.0 close prof
2018-10-11 12:40:59,076: update.0            : MainProcess                     : MainThread     : INFO    : parent stops child
2018-10-11 12:40:59,077: update.0            : MainProcess                     : MainThread     : DEBUG   : ru_finalize_parent (NOOP)
2018-10-11 12:40:59,077: update.0            : MainProcess                     : MainThread     : DEBUG   : ru_finalize_common (NOOP)
2018-10-11 12:41:02,437: update.0            : MainProcess                     : MainThread     : INFO    : stop update.0 (82540 : 82603 : MainThread) [radical.pilot.worker.update.Update.stop]
