2018-10-11 11:46:27,607: rp.session.smic004.sdimitro.017815.0067: MainProcess                     : MainThread     : INFO    : python.interpreter   version: 2.7.15 |Anaconda, Inc.| (default, May 1 2018, 23:32:55) [GCC 7.2.0]
2018-10-11 11:46:27,608: rp.session.smic004.sdimitro.017815.0067: MainProcess                     : MainThread     : INFO    :                      pid/tid: 46557/MainThread
2018-10-11 11:46:27,991: rp.session.smic004.sdimitro.017815.0067: MainProcess                     : MainThread     : INFO    : using database mongodb://aymenfja:123456789@ds127490.mlab.com:27490/radicallab
2018-10-11 11:46:27,996: rp.session.smic004.sdimitro.017815.0067: MainProcess                     : MainThread     : INFO    : Load resource configurations from /home/sdimitro/miniconda2/envs/RADICALPilot/lib/python2.7/site-packages/radical/pilot/configs/resource_rice.json
2018-10-11 11:46:28,000: rp.session.smic004.sdimitro.017815.0067: MainProcess                     : MainThread     : INFO    : Load resource configurations for rice.davinci_ssh
2018-10-11 11:46:28,000: rp.session.smic004.sdimitro.017815.0067: MainProcess                     : MainThread     : DEBUG   : read rcfg for rice.davinci_ssh (None)
2018-10-11 11:46:28,000: rp.session.smic004.sdimitro.017815.0067: MainProcess                     : MainThread     : INFO    : Load resource configurations for rice.biou_ssh
2018-10-11 11:46:28,000: rp.session.smic004.sdimitro.017815.0067: MainProcess                     : MainThread     : DEBUG   : read rcfg for rice.biou_ssh (None)
2018-10-11 11:46:28,000: rp.session.smic004.sdimitro.017815.0067: MainProcess                     : MainThread     : INFO    : Load resource configurations from /home/sdimitro/miniconda2/envs/RADICALPilot/lib/python2.7/site-packages/radical/pilot/configs/resource_iu.json
2018-10-11 11:46:28,008: rp.session.smic004.sdimitro.017815.0067: MainProcess                     : MainThread     : INFO    : Load resource configurations for iu.bigred2_ccm_ssh
2018-10-11 11:46:28,009: rp.session.smic004.sdimitro.017815.0067: MainProcess                     : MainThread     : DEBUG   : read rcfg for iu.bigred2_ccm_ssh (None)
2018-10-11 11:46:28,009: rp.session.smic004.sdimitro.017815.0067: MainProcess                     : MainThread     : INFO    : Load resource configurations for iu.bigred2_aprun
2018-10-11 11:46:28,009: rp.session.smic004.sdimitro.017815.0067: MainProcess                     : MainThread     : DEBUG   : read rcfg for iu.bigred2_aprun (None)
2018-10-11 11:46:28,009: rp.session.smic004.sdimitro.017815.0067: MainProcess                     : MainThread     : INFO    : Load resource configurations from /home/sdimitro/miniconda2/envs/RADICALPilot/lib/python2.7/site-packages/radical/pilot/configs/resource_aliases.json
2018-10-11 11:46:28,014: rp.session.smic004.sdimitro.017815.0067: MainProcess                     : MainThread     : INFO    : Load resource configurations from /home/sdimitro/miniconda2/envs/RADICALPilot/lib/python2.7/site-packages/radical/pilot/configs/resource_chameleon.json
2018-10-11 11:46:28,020: rp.session.smic004.sdimitro.017815.0067: MainProcess                     : MainThread     : INFO    : Load resource configurations for chameleon.cloud_vm_yarn
2018-10-11 11:46:28,021: rp.session.smic004.sdimitro.017815.0067: MainProcess                     : MainThread     : DEBUG   : read rcfg for chameleon.cloud_vm_yarn (None)
2018-10-11 11:46:28,021: rp.session.smic004.sdimitro.017815.0067: MainProcess                     : MainThread     : INFO    : Load resource configurations from /home/sdimitro/miniconda2/envs/RADICALPilot/lib/python2.7/site-packages/radical/pilot/configs/resource_futuregrid.json
2018-10-11 11:46:28,034: rp.session.smic004.sdimitro.017815.0067: MainProcess                     : MainThread     : INFO    : Load resource configurations for futuregrid.delta_ssh
2018-10-11 11:46:28,043: rp.session.smic004.sdimitro.017815.0067: MainProcess                     : MainThread     : DEBUG   : read rcfg for futuregrid.delta_ssh (None)
2018-10-11 11:46:28,043: rp.session.smic004.sdimitro.017815.0067: MainProcess                     : MainThread     : INFO    : Load resource configurations for futuregrid.india_ssh
2018-10-11 11:46:28,043: rp.session.smic004.sdimitro.017815.0067: MainProcess                     : MainThread     : DEBUG   : read rcfg for futuregrid.india_ssh (None)
2018-10-11 11:46:28,044: rp.session.smic004.sdimitro.017815.0067: MainProcess                     : MainThread     : INFO    : Load resource configurations for futuregrid.echo_ssh
2018-10-11 11:46:28,044: rp.session.smic004.sdimitro.017815.0067: MainProcess                     : MainThread     : DEBUG   : read rcfg for futuregrid.echo_ssh (None)
2018-10-11 11:46:28,044: rp.session.smic004.sdimitro.017815.0067: MainProcess                     : MainThread     : INFO    : Load resource configurations for futuregrid.xray_ccm
2018-10-11 11:46:28,044: rp.session.smic004.sdimitro.017815.0067: MainProcess                     : MainThread     : DEBUG   : read rcfg for futuregrid.xray_ccm (None)
2018-10-11 11:46:28,044: rp.session.smic004.sdimitro.017815.0067: MainProcess                     : MainThread     : INFO    : Load resource configurations for futuregrid.bravo_ssh
2018-10-11 11:46:28,045: rp.session.smic004.sdimitro.017815.0067: MainProcess                     : MainThread     : DEBUG   : read rcfg for futuregrid.bravo_ssh (None)
2018-10-11 11:46:28,045: rp.session.smic004.sdimitro.017815.0067: MainProcess                     : MainThread     : INFO    : Load resource configurations for futuregrid.xray_aprun
2018-10-11 11:46:28,045: rp.session.smic004.sdimitro.017815.0067: MainProcess                     : MainThread     : DEBUG   : read rcfg for futuregrid.xray_aprun (None)
2018-10-11 11:46:28,045: rp.session.smic004.sdimitro.017815.0067: MainProcess                     : MainThread     : INFO    : Load resource configurations from /home/sdimitro/miniconda2/envs/RADICALPilot/lib/python2.7/site-packages/radical/pilot/configs/resource_nersc.json
2018-10-11 11:46:28,070: rp.session.smic004.sdimitro.017815.0067: MainProcess                     : MainThread     : INFO    : Load resource configurations for nersc.edison_ccm_ssh
2018-10-11 11:46:28,071: rp.session.smic004.sdimitro.017815.0067: MainProcess                     : MainThread     : DEBUG   : read rcfg for nersc.edison_ccm_ssh (None)
2018-10-11 11:46:28,071: rp.session.smic004.sdimitro.017815.0067: MainProcess                     : MainThread     : INFO    : Load resource configurations for nersc.hopper_orte
2018-10-11 11:46:28,071: rp.session.smic004.sdimitro.017815.0067: MainProcess                     : MainThread     : DEBUG   : read rcfg for nersc.hopper_orte (None)
2018-10-11 11:46:28,071: rp.session.smic004.sdimitro.017815.0067: MainProcess                     : MainThread     : INFO    : Load resource configurations for nersc.hopper_ccm_ssh
2018-10-11 11:46:28,072: rp.session.smic004.sdimitro.017815.0067: MainProcess                     : MainThread     : DEBUG   : read rcfg for nersc.hopper_ccm_ssh (24)
2018-10-11 11:46:28,072: rp.session.smic004.sdimitro.017815.0067: MainProcess                     : MainThread     : INFO    : Load resource configurations for nersc.edison_aprun
2018-10-11 11:46:28,072: rp.session.smic004.sdimitro.017815.0067: MainProcess                     : MainThread     : DEBUG   : read rcfg for nersc.edison_aprun (None)
2018-10-11 11:46:28,072: rp.session.smic004.sdimitro.017815.0067: MainProcess                     : MainThread     : INFO    : Load resource configurations for nersc.hopper_aprun
2018-10-11 11:46:28,073: rp.session.smic004.sdimitro.017815.0067: MainProcess                     : MainThread     : DEBUG   : read rcfg for nersc.hopper_aprun (24)
2018-10-11 11:46:28,073: rp.session.smic004.sdimitro.017815.0067: MainProcess                     : MainThread     : INFO    : Load resource configurations for nersc.edison_orte
2018-10-11 11:46:28,073: rp.session.smic004.sdimitro.017815.0067: MainProcess                     : MainThread     : DEBUG   : read rcfg for nersc.edison_orte (None)
2018-10-11 11:46:28,073: rp.session.smic004.sdimitro.017815.0067: MainProcess                     : MainThread     : INFO    : Load resource configurations from /home/sdimitro/miniconda2/envs/RADICALPilot/lib/python2.7/site-packages/radical/pilot/configs/resource_ncar.json
2018-10-11 11:46:28,081: rp.session.smic004.sdimitro.017815.0067: MainProcess                     : MainThread     : INFO    : Load resource configurations for ncar.cheyenne_mpirun
2018-10-11 11:46:28,081: rp.session.smic004.sdimitro.017815.0067: MainProcess                     : MainThread     : DEBUG   : read rcfg for ncar.cheyenne_mpirun (None)
2018-10-11 11:46:28,082: rp.session.smic004.sdimitro.017815.0067: MainProcess                     : MainThread     : INFO    : Load resource configurations for ncar.yellowstone_ssh
2018-10-11 11:46:28,082: rp.session.smic004.sdimitro.017815.0067: MainProcess                     : MainThread     : DEBUG   : read rcfg for ncar.yellowstone_ssh (None)
2018-10-11 11:46:28,082: rp.session.smic004.sdimitro.017815.0067: MainProcess                     : MainThread     : INFO    : Load resource configurations from /home/sdimitro/miniconda2/envs/RADICALPilot/lib/python2.7/site-packages/radical/pilot/configs/resource_lrz.json
2018-10-11 11:46:28,089: rp.session.smic004.sdimitro.017815.0067: MainProcess                     : MainThread     : INFO    : Load resource configurations for lrz.supermuc_ssh
2018-10-11 11:46:28,089: rp.session.smic004.sdimitro.017815.0067: MainProcess                     : MainThread     : DEBUG   : read rcfg for lrz.supermuc_ssh (None)
2018-10-11 11:46:28,089: rp.session.smic004.sdimitro.017815.0067: MainProcess                     : MainThread     : INFO    : Load resource configurations from /home/sdimitro/miniconda2/envs/RADICALPilot/lib/python2.7/site-packages/radical/pilot/configs/resource_osg.json
2018-10-11 11:46:28,097: rp.session.smic004.sdimitro.017815.0067: MainProcess                     : MainThread     : INFO    : Load resource configurations for osg.xsede-virt-clust
2018-10-11 11:46:28,098: rp.session.smic004.sdimitro.017815.0067: MainProcess                     : MainThread     : DEBUG   : read rcfg for osg.xsede-virt-clust (None)
2018-10-11 11:46:28,098: rp.session.smic004.sdimitro.017815.0067: MainProcess                     : MainThread     : INFO    : Load resource configurations for osg.connect
2018-10-11 11:46:28,098: rp.session.smic004.sdimitro.017815.0067: MainProcess                     : MainThread     : DEBUG   : read rcfg for osg.connect (None)
2018-10-11 11:46:28,099: rp.session.smic004.sdimitro.017815.0067: MainProcess                     : MainThread     : INFO    : Load resource configurations from /home/sdimitro/miniconda2/envs/RADICALPilot/lib/python2.7/site-packages/radical/pilot/configs/resource_das4.json
2018-10-11 11:46:28,106: rp.session.smic004.sdimitro.017815.0067: MainProcess                     : MainThread     : INFO    : Load resource configurations for das4.fs2_ssh
2018-10-11 11:46:28,106: rp.session.smic004.sdimitro.017815.0067: MainProcess                     : MainThread     : DEBUG   : read rcfg for das4.fs2_ssh (None)
2018-10-11 11:46:28,106: rp.session.smic004.sdimitro.017815.0067: MainProcess                     : MainThread     : INFO    : Load resource configurations from /home/sdimitro/miniconda2/envs/RADICALPilot/lib/python2.7/site-packages/radical/pilot/configs/resource_yale.json
2018-10-11 11:46:28,113: rp.session.smic004.sdimitro.017815.0067: MainProcess                     : MainThread     : INFO    : Load resource configurations for yale.grace_ssh
2018-10-11 11:46:28,113: rp.session.smic004.sdimitro.017815.0067: MainProcess                     : MainThread     : DEBUG   : read rcfg for yale.grace_ssh (None)
2018-10-11 11:46:28,113: rp.session.smic004.sdimitro.017815.0067: MainProcess                     : MainThread     : INFO    : Load resource configurations from /home/sdimitro/miniconda2/envs/RADICALPilot/lib/python2.7/site-packages/radical/pilot/configs/resource_stfc.json
2018-10-11 11:46:28,120: rp.session.smic004.sdimitro.017815.0067: MainProcess                     : MainThread     : INFO    : Load resource configurations for stfc.joule_runjob
2018-10-11 11:46:28,120: rp.session.smic004.sdimitro.017815.0067: MainProcess                     : MainThread     : DEBUG   : read rcfg for stfc.joule_runjob (None)
2018-10-11 11:46:28,120: rp.session.smic004.sdimitro.017815.0067: MainProcess                     : MainThread     : INFO    : Load resource configurations from /home/sdimitro/miniconda2/envs/RADICALPilot/lib/python2.7/site-packages/radical/pilot/configs/resource_lumc.json
2018-10-11 11:46:28,128: rp.session.smic004.sdimitro.017815.0067: MainProcess                     : MainThread     : INFO    : Load resource configurations for lumc.gb-ui_ssh
2018-10-11 11:46:28,129: rp.session.smic004.sdimitro.017815.0067: MainProcess                     : MainThread     : DEBUG   : read rcfg for lumc.gb-ui_ssh (None)
2018-10-11 11:46:28,129: rp.session.smic004.sdimitro.017815.0067: MainProcess                     : MainThread     : INFO    : Load resource configurations for lumc.shark_ssh
2018-10-11 11:46:28,129: rp.session.smic004.sdimitro.017815.0067: MainProcess                     : MainThread     : DEBUG   : read rcfg for lumc.shark_ssh (None)
2018-10-11 11:46:28,129: rp.session.smic004.sdimitro.017815.0067: MainProcess                     : MainThread     : INFO    : Load resource configurations from /home/sdimitro/miniconda2/envs/RADICALPilot/lib/python2.7/site-packages/radical/pilot/configs/resource_vtarc_dt.json
2018-10-11 11:46:28,136: rp.session.smic004.sdimitro.017815.0067: MainProcess                     : MainThread     : INFO    : Load resource configurations for vtarc_dt.stampede_ssh
2018-10-11 11:46:28,136: rp.session.smic004.sdimitro.017815.0067: MainProcess                     : MainThread     : DEBUG   : read rcfg for vtarc_dt.stampede_ssh (None)
2018-10-11 11:46:28,136: rp.session.smic004.sdimitro.017815.0067: MainProcess                     : MainThread     : INFO    : Load resource configurations from /home/sdimitro/miniconda2/envs/RADICALPilot/lib/python2.7/site-packages/radical/pilot/configs/resource_radical.json
2018-10-11 11:46:28,146: rp.session.smic004.sdimitro.017815.0067: MainProcess                     : MainThread     : INFO    : Load resource configurations for radical.two
2018-10-11 11:46:28,146: rp.session.smic004.sdimitro.017815.0067: MainProcess                     : MainThread     : DEBUG   : read rcfg for radical.two (None)
2018-10-11 11:46:28,146: rp.session.smic004.sdimitro.017815.0067: MainProcess                     : MainThread     : INFO    : Load resource configurations for radical.tutorial
2018-10-11 11:46:28,146: rp.session.smic004.sdimitro.017815.0067: MainProcess                     : MainThread     : DEBUG   : read rcfg for radical.tutorial (None)
2018-10-11 11:46:28,147: rp.session.smic004.sdimitro.017815.0067: MainProcess                     : MainThread     : INFO    : Load resource configurations for radical.one
2018-10-11 11:46:28,147: rp.session.smic004.sdimitro.017815.0067: MainProcess                     : MainThread     : DEBUG   : read rcfg for radical.one (None)
2018-10-11 11:46:28,147: rp.session.smic004.sdimitro.017815.0067: MainProcess                     : MainThread     : INFO    : Load resource configurations from /home/sdimitro/miniconda2/envs/RADICALPilot/lib/python2.7/site-packages/radical/pilot/configs/resource_fub.json
2018-10-11 11:46:28,156: rp.session.smic004.sdimitro.017815.0067: MainProcess                     : MainThread     : INFO    : Load resource configurations for fub.allegro_rsh
2018-10-11 11:46:28,156: rp.session.smic004.sdimitro.017815.0067: MainProcess                     : MainThread     : DEBUG   : read rcfg for fub.allegro_rsh (None)
2018-10-11 11:46:28,156: rp.session.smic004.sdimitro.017815.0067: MainProcess                     : MainThread     : INFO    : Load resource configurations from /home/sdimitro/miniconda2/envs/RADICALPilot/lib/python2.7/site-packages/radical/pilot/configs/resource_local.json
2018-10-11 11:46:28,182: rp.session.smic004.sdimitro.017815.0067: MainProcess                     : MainThread     : INFO    : Load resource configurations for local.localhost_orte
2018-10-11 11:46:28,182: rp.session.smic004.sdimitro.017815.0067: MainProcess                     : MainThread     : DEBUG   : read rcfg for local.localhost_orte (None)
2018-10-11 11:46:28,182: rp.session.smic004.sdimitro.017815.0067: MainProcess                     : MainThread     : INFO    : Load resource configurations for local.localhost_anaconda
2018-10-11 11:46:28,182: rp.session.smic004.sdimitro.017815.0067: MainProcess                     : MainThread     : DEBUG   : read rcfg for local.localhost_anaconda (8)
2018-10-11 11:46:28,183: rp.session.smic004.sdimitro.017815.0067: MainProcess                     : MainThread     : INFO    : Load resource configurations for local.localhost_ortelib
2018-10-11 11:46:28,183: rp.session.smic004.sdimitro.017815.0067: MainProcess                     : MainThread     : DEBUG   : read rcfg for local.localhost_ortelib (None)
2018-10-11 11:46:28,183: rp.session.smic004.sdimitro.017815.0067: MainProcess                     : MainThread     : INFO    : Load resource configurations for local.localhost_aprun
2018-10-11 11:46:28,183: rp.session.smic004.sdimitro.017815.0067: MainProcess                     : MainThread     : DEBUG   : read rcfg for local.localhost_aprun (8)
2018-10-11 11:46:28,183: rp.session.smic004.sdimitro.017815.0067: MainProcess                     : MainThread     : INFO    : Load resource configurations for local.localhost
2018-10-11 11:46:28,184: rp.session.smic004.sdimitro.017815.0067: MainProcess                     : MainThread     : DEBUG   : read rcfg for local.localhost (8)
2018-10-11 11:46:28,184: rp.session.smic004.sdimitro.017815.0067: MainProcess                     : MainThread     : INFO    : Load resource configurations for local.localhost_spark
2018-10-11 11:46:28,184: rp.session.smic004.sdimitro.017815.0067: MainProcess                     : MainThread     : DEBUG   : read rcfg for local.localhost_spark (None)
2018-10-11 11:46:28,184: rp.session.smic004.sdimitro.017815.0067: MainProcess                     : MainThread     : INFO    : Load resource configurations for local.localhost_spark_anaconda
2018-10-11 11:46:28,185: rp.session.smic004.sdimitro.017815.0067: MainProcess                     : MainThread     : DEBUG   : read rcfg for local.localhost_spark_anaconda (None)
2018-10-11 11:46:28,185: rp.session.smic004.sdimitro.017815.0067: MainProcess                     : MainThread     : INFO    : Load resource configurations for local.localhost_yarn
2018-10-11 11:46:28,185: rp.session.smic004.sdimitro.017815.0067: MainProcess                     : MainThread     : DEBUG   : read rcfg for local.localhost_yarn (None)
2018-10-11 11:46:28,185: rp.session.smic004.sdimitro.017815.0067: MainProcess                     : MainThread     : INFO    : Load resource configurations from /home/sdimitro/miniconda2/envs/RADICALPilot/lib/python2.7/site-packages/radical/pilot/configs/resource_ornl.json
2018-10-11 11:46:28,210: rp.session.smic004.sdimitro.017815.0067: MainProcess                     : MainThread     : INFO    : Load resource configurations for ornl.titan_orte
2018-10-11 11:46:28,211: rp.session.smic004.sdimitro.017815.0067: MainProcess                     : MainThread     : DEBUG   : read rcfg for ornl.titan_orte (16)
2018-10-11 11:46:28,211: rp.session.smic004.sdimitro.017815.0067: MainProcess                     : MainThread     : INFO    : Load resource configurations for ornl.titan_aprun
2018-10-11 11:46:28,211: rp.session.smic004.sdimitro.017815.0067: MainProcess                     : MainThread     : DEBUG   : read rcfg for ornl.titan_aprun (None)
2018-10-11 11:46:28,211: rp.session.smic004.sdimitro.017815.0067: MainProcess                     : MainThread     : INFO    : Load resource configurations for ornl.rhea
2018-10-11 11:46:28,212: rp.session.smic004.sdimitro.017815.0067: MainProcess                     : MainThread     : DEBUG   : read rcfg for ornl.rhea (16)
2018-10-11 11:46:28,212: rp.session.smic004.sdimitro.017815.0067: MainProcess                     : MainThread     : INFO    : Load resource configurations for ornl.rhea_aprun
2018-10-11 11:46:28,212: rp.session.smic004.sdimitro.017815.0067: MainProcess                     : MainThread     : DEBUG   : read rcfg for ornl.rhea_aprun (None)
2018-10-11 11:46:28,212: rp.session.smic004.sdimitro.017815.0067: MainProcess                     : MainThread     : INFO    : Load resource configurations for ornl.titan_ortelib
2018-10-11 11:46:28,213: rp.session.smic004.sdimitro.017815.0067: MainProcess                     : MainThread     : DEBUG   : read rcfg for ornl.titan_ortelib (None)
2018-10-11 11:46:28,213: rp.session.smic004.sdimitro.017815.0067: MainProcess                     : MainThread     : INFO    : Load resource configurations from /home/sdimitro/miniconda2/envs/RADICALPilot/lib/python2.7/site-packages/radical/pilot/configs/resource_das5.json
2018-10-11 11:46:28,220: rp.session.smic004.sdimitro.017815.0067: MainProcess                     : MainThread     : INFO    : Load resource configurations for das5.fs1_ssh
2018-10-11 11:46:28,220: rp.session.smic004.sdimitro.017815.0067: MainProcess                     : MainThread     : DEBUG   : read rcfg for das5.fs1_ssh (None)
2018-10-11 11:46:28,220: rp.session.smic004.sdimitro.017815.0067: MainProcess                     : MainThread     : INFO    : Load resource configurations from /home/sdimitro/miniconda2/envs/RADICALPilot/lib/python2.7/site-packages/radical/pilot/configs/resource_xsede.json
2018-10-11 11:46:28,296: rp.session.smic004.sdimitro.017815.0067: MainProcess                     : MainThread     : INFO    : Load resource configurations for xsede.gordon_ssh
2018-10-11 11:46:28,296: rp.session.smic004.sdimitro.017815.0067: MainProcess                     : MainThread     : DEBUG   : read rcfg for xsede.gordon_ssh (None)
2018-10-11 11:46:28,296: rp.session.smic004.sdimitro.017815.0067: MainProcess                     : MainThread     : INFO    : Load resource configurations for xsede.lonestar_ssh
2018-10-11 11:46:28,297: rp.session.smic004.sdimitro.017815.0067: MainProcess                     : MainThread     : DEBUG   : read rcfg for xsede.lonestar_ssh (None)
2018-10-11 11:46:28,297: rp.session.smic004.sdimitro.017815.0067: MainProcess                     : MainThread     : INFO    : Load resource configurations for xsede.supermic_spark
2018-10-11 11:46:28,297: rp.session.smic004.sdimitro.017815.0067: MainProcess                     : MainThread     : DEBUG   : read rcfg for xsede.supermic_spark (20)
2018-10-11 11:46:28,297: rp.session.smic004.sdimitro.017815.0067: MainProcess                     : MainThread     : INFO    : Load resource configurations for xsede.wrangler_yarn
2018-10-11 11:46:28,298: rp.session.smic004.sdimitro.017815.0067: MainProcess                     : MainThread     : DEBUG   : read rcfg for xsede.wrangler_yarn (None)
2018-10-11 11:46:28,298: rp.session.smic004.sdimitro.017815.0067: MainProcess                     : MainThread     : INFO    : Load resource configurations for xsede.blacklight_ssh
2018-10-11 11:46:28,307: rp.session.smic004.sdimitro.017815.0067: MainProcess                     : MainThread     : DEBUG   : read rcfg for xsede.blacklight_ssh (16)
2018-10-11 11:46:28,307: rp.session.smic004.sdimitro.017815.0067: MainProcess                     : MainThread     : INFO    : Load resource configurations for xsede.stampede_ortelib
2018-10-11 11:46:28,307: rp.session.smic004.sdimitro.017815.0067: MainProcess                     : MainThread     : DEBUG   : read rcfg for xsede.stampede_ortelib (None)
2018-10-11 11:46:28,308: rp.session.smic004.sdimitro.017815.0067: MainProcess                     : MainThread     : INFO    : Load resource configurations for xsede.stampede_yarn
2018-10-11 11:46:28,308: rp.session.smic004.sdimitro.017815.0067: MainProcess                     : MainThread     : DEBUG   : read rcfg for xsede.stampede_yarn (None)
2018-10-11 11:46:28,308: rp.session.smic004.sdimitro.017815.0067: MainProcess                     : MainThread     : INFO    : Load resource configurations for xsede.stampede_ssh
2018-10-11 11:46:28,308: rp.session.smic004.sdimitro.017815.0067: MainProcess                     : MainThread     : DEBUG   : read rcfg for xsede.stampede_ssh (None)
2018-10-11 11:46:28,309: rp.session.smic004.sdimitro.017815.0067: MainProcess                     : MainThread     : INFO    : Load resource configurations for xsede.greenfield
2018-10-11 11:46:28,309: rp.session.smic004.sdimitro.017815.0067: MainProcess                     : MainThread     : DEBUG   : read rcfg for xsede.greenfield (15)
2018-10-11 11:46:28,309: rp.session.smic004.sdimitro.017815.0067: MainProcess                     : MainThread     : INFO    : Load resource configurations for xsede.bridges
2018-10-11 11:46:28,309: rp.session.smic004.sdimitro.017815.0067: MainProcess                     : MainThread     : DEBUG   : read rcfg for xsede.bridges (None)
2018-10-11 11:46:28,310: rp.session.smic004.sdimitro.017815.0067: MainProcess                     : MainThread     : INFO    : Load resource configurations for xsede.trestles_ssh
2018-10-11 11:46:28,310: rp.session.smic004.sdimitro.017815.0067: MainProcess                     : MainThread     : DEBUG   : read rcfg for xsede.trestles_ssh (None)
2018-10-11 11:46:28,310: rp.session.smic004.sdimitro.017815.0067: MainProcess                     : MainThread     : INFO    : Load resource configurations for xsede.supermic_ortelib
2018-10-11 11:46:28,310: rp.session.smic004.sdimitro.017815.0067: MainProcess                     : MainThread     : DEBUG   : read rcfg for xsede.supermic_ortelib (20)
2018-10-11 11:46:28,310: rp.session.smic004.sdimitro.017815.0067: MainProcess                     : MainThread     : INFO    : Load resource configurations for xsede.stampede2_ssh
2018-10-11 11:46:28,311: rp.session.smic004.sdimitro.017815.0067: MainProcess                     : MainThread     : DEBUG   : read rcfg for xsede.stampede2_ssh (68)
2018-10-11 11:46:28,311: rp.session.smic004.sdimitro.017815.0067: MainProcess                     : MainThread     : INFO    : Load resource configurations for xsede.supermic_ssh
2018-10-11 11:46:28,311: rp.session.smic004.sdimitro.017815.0067: MainProcess                     : MainThread     : DEBUG   : read rcfg for xsede.supermic_ssh (20)
2018-10-11 11:46:28,311: rp.session.smic004.sdimitro.017815.0067: MainProcess                     : MainThread     : INFO    : Load resource configurations for xsede.wrangler_ssh
2018-10-11 11:46:28,312: rp.session.smic004.sdimitro.017815.0067: MainProcess                     : MainThread     : DEBUG   : read rcfg for xsede.wrangler_ssh (None)
2018-10-11 11:46:28,312: rp.session.smic004.sdimitro.017815.0067: MainProcess                     : MainThread     : INFO    : Load resource configurations for xsede.supermic_orte
2018-10-11 11:46:28,312: rp.session.smic004.sdimitro.017815.0067: MainProcess                     : MainThread     : DEBUG   : read rcfg for xsede.supermic_orte (20)
2018-10-11 11:46:28,312: rp.session.smic004.sdimitro.017815.0067: MainProcess                     : MainThread     : INFO    : Load resource configurations for xsede.wrangler_spark
2018-10-11 11:46:28,313: rp.session.smic004.sdimitro.017815.0067: MainProcess                     : MainThread     : DEBUG   : read rcfg for xsede.wrangler_spark (None)
2018-10-11 11:46:28,313: rp.session.smic004.sdimitro.017815.0067: MainProcess                     : MainThread     : INFO    : Load resource configurations for xsede.stampede_orte
2018-10-11 11:46:28,313: rp.session.smic004.sdimitro.017815.0067: MainProcess                     : MainThread     : DEBUG   : read rcfg for xsede.stampede_orte (None)
2018-10-11 11:46:28,313: rp.session.smic004.sdimitro.017815.0067: MainProcess                     : MainThread     : INFO    : Load resource configurations for xsede.comet_ortelib
2018-10-11 11:46:28,314: rp.session.smic004.sdimitro.017815.0067: MainProcess                     : MainThread     : DEBUG   : read rcfg for xsede.comet_ortelib (24)
2018-10-11 11:46:28,314: rp.session.smic004.sdimitro.017815.0067: MainProcess                     : MainThread     : INFO    : Load resource configurations for xsede.comet_orte
2018-10-11 11:46:28,314: rp.session.smic004.sdimitro.017815.0067: MainProcess                     : MainThread     : DEBUG   : read rcfg for xsede.comet_orte (24)
2018-10-11 11:46:28,314: rp.session.smic004.sdimitro.017815.0067: MainProcess                     : MainThread     : INFO    : Load resource configurations for xsede.comet_spark
2018-10-11 11:46:28,315: rp.session.smic004.sdimitro.017815.0067: MainProcess                     : MainThread     : DEBUG   : read rcfg for xsede.comet_spark (24)
2018-10-11 11:46:28,315: rp.session.smic004.sdimitro.017815.0067: MainProcess                     : MainThread     : INFO    : Load resource configurations for xsede.comet_ssh
2018-10-11 11:46:28,315: rp.session.smic004.sdimitro.017815.0067: MainProcess                     : MainThread     : DEBUG   : read rcfg for xsede.comet_ssh (24)
2018-10-11 11:46:28,315: rp.session.smic004.sdimitro.017815.0067: MainProcess                     : MainThread     : INFO    : Load resource configurations for xsede.stampede_spark
2018-10-11 11:46:28,316: rp.session.smic004.sdimitro.017815.0067: MainProcess                     : MainThread     : DEBUG   : read rcfg for xsede.stampede_spark (None)
2018-10-11 11:46:28,316: rp.session.smic004.sdimitro.017815.0067: MainProcess                     : MainThread     : INFO    : Load resource configurations from /home/sdimitro/miniconda2/envs/RADICALPilot/lib/python2.7/site-packages/radical/pilot/configs/resource_ncsa.json
2018-10-11 11:46:28,332: rp.session.smic004.sdimitro.017815.0067: MainProcess                     : MainThread     : INFO    : Load resource configurations for ncsa.bw_orte
2018-10-11 11:46:28,333: rp.session.smic004.sdimitro.017815.0067: MainProcess                     : MainThread     : DEBUG   : read rcfg for ncsa.bw_orte (None)
2018-10-11 11:46:28,333: rp.session.smic004.sdimitro.017815.0067: MainProcess                     : MainThread     : INFO    : Load resource configurations for ncsa.bw_ccm_ssh
2018-10-11 11:46:28,333: rp.session.smic004.sdimitro.017815.0067: MainProcess                     : MainThread     : DEBUG   : read rcfg for ncsa.bw_ccm_ssh (None)
2018-10-11 11:46:28,334: rp.session.smic004.sdimitro.017815.0067: MainProcess                     : MainThread     : INFO    : Load resource configurations for ncsa.bw_ortelib
2018-10-11 11:46:28,343: rp.session.smic004.sdimitro.017815.0067: MainProcess                     : MainThread     : DEBUG   : read rcfg for ncsa.bw_ortelib (None)
2018-10-11 11:46:28,343: rp.session.smic004.sdimitro.017815.0067: MainProcess                     : MainThread     : INFO    : Load resource configurations for ncsa.bw_aprun
2018-10-11 11:46:28,344: rp.session.smic004.sdimitro.017815.0067: MainProcess                     : MainThread     : DEBUG   : read rcfg for ncsa.bw_aprun (None)
2018-10-11 11:46:28,344: rp.session.smic004.sdimitro.017815.0067: MainProcess                     : MainThread     : INFO    : Load resource configurations from /home/sdimitro/miniconda2/envs/RADICALPilot/lib/python2.7/site-packages/radical/pilot/configs/resource_epsrc.json
2018-10-11 11:46:28,351: rp.session.smic004.sdimitro.017815.0067: MainProcess                     : MainThread     : INFO    : Load resource configurations for epsrc.archer_orte
2018-10-11 11:46:28,352: rp.session.smic004.sdimitro.017815.0067: MainProcess                     : MainThread     : DEBUG   : read rcfg for epsrc.archer_orte (None)
2018-10-11 11:46:28,352: rp.session.smic004.sdimitro.017815.0067: MainProcess                     : MainThread     : INFO    : Load resource configurations for epsrc.archer_aprun
2018-10-11 11:46:28,352: rp.session.smic004.sdimitro.017815.0067: MainProcess                     : MainThread     : DEBUG   : read rcfg for epsrc.archer_aprun (None)
2018-10-11 11:46:28,845: rp.session.smic004.sdimitro.017815.0067: MainProcess                     : MainThread     : INFO    : New Session created: rp.session.smic004.sdimitro.017815.0067.
2018-10-11 11:46:28,845: rp.session.smic004.sdimitro.017815.0067: MainProcess                     : MainThread     : DEBUG   : start bridges   : {u'control_pubsub': {u'bulk_size': 0, u'log_level': u'error', u'stall_hwm': 1},
 u'log_pubsub': {u'bulk_size': 0, u'log_level': u'error', u'stall_hwm': 1},
 u'state_pubsub': {u'bulk_size': 0, u'log_level': u'error', u'stall_hwm': 1}}
2018-10-11 11:46:28,845: rp.session.smic004.sdimitro.017815.0067: MainProcess                     : MainThread     : INFO    : create bridge control_pubsub
2018-10-11 11:46:28,919: rp.session.smic004.sdimitro.017815.0067: MainProcess                     : MainThread     : INFO    : created bridge control_pubsub (control.pubsub.bridge.0000)
2018-10-11 11:46:28,919: rp.session.smic004.sdimitro.017815.0067: MainProcess                     : MainThread     : INFO    : create bridge state_pubsub
2018-10-11 11:46:28,972: rp.session.smic004.sdimitro.017815.0067: MainProcess                     : MainThread     : INFO    : created bridge state_pubsub (state.pubsub.bridge.0000)
2018-10-11 11:46:28,973: rp.session.smic004.sdimitro.017815.0067: MainProcess                     : MainThread     : INFO    : create bridge log_pubsub
2018-10-11 11:46:29,029: rp.session.smic004.sdimitro.017815.0067: MainProcess                     : MainThread     : INFO    : created bridge log_pubsub (log.pubsub.bridge.0000)
2018-10-11 11:46:29,030: rp.session.smic004.sdimitro.017815.0067: MainProcess                     : MainThread     : DEBUG   : start components: {u'UpdateWorker': {u'count': 1}}
2018-10-11 11:46:29,030: rp.session.smic004.sdimitro.017815.0067: MainProcess                     : MainThread     : DEBUG   : start 1 component(s) UpdateWorker
2018-10-11 11:46:29,610: rp.session.smic004.sdimitro.017815.0067: MainProcess                     : MainThread     : INFO    : rp.session.smic004.sdimitro.017815.0067 starts update.0
2018-10-11 11:46:29,610: rp.session.smic004.sdimitro.017815.0067: MainProcess                     : MainThread     : INFO    : radical.pilot version: 0.50.8
2018-10-11 11:46:29,610: rp.session.smic004.sdimitro.017815.0067: MainProcess                     : MainThread     : INFO    : radical.saga  version: 0.50.0
2018-10-11 11:46:29,610: rp.session.smic004.sdimitro.017815.0067: MainProcess                     : MainThread     : INFO    : radical.utils version: 0.50.2
2018-10-11 11:46:30,290: rp.session.smic004.sdimitro.017815.0067: MainProcess                     : MainThread     : DEBUG   : get rcfg 1 for local.localhost_anaconda (8)
2018-10-11 11:46:30,290: rp.session.smic004.sdimitro.017815.0067: MainProcess                     : MainThread     : DEBUG   : get rcfg 2 for local.localhost_anaconda (8)
2018-10-11 11:46:30,291: rp.session.smic004.sdimitro.017815.0067: MainProcess                     : MainThread     : DEBUG   : get rcfg 1 for local.localhost_anaconda (8)
2018-10-11 11:46:30,291: rp.session.smic004.sdimitro.017815.0067: MainProcess                     : MainThread     : DEBUG   : get rcfg 2 for local.localhost_anaconda (8)
2018-10-11 11:46:30,291: rp.session.smic004.sdimitro.017815.0067: MainProcess                     : MainThread     : DEBUG   : rsup.PTYShell('fork://localhost/')
2018-10-11 11:46:32,858: rp.session.smic004.sdimitro.017815.0067: MainProcess                     : MainThread     : DEBUG   : sandbox base fork://localhost/: '/home/sdimitro'
2018-10-11 11:46:32,997: rp.session.smic004.sdimitro.017815.0067: MainProcess                     : MainThread     : DEBUG   : bulk pilot insert result: {'nModified': 0, 'nUpserted': 0, 'nMatched': 0, 'writeErrors': [], 'upserted': [], 'writeConcernErrors': [], 'nRemoved': 0, 'nInserted': 1}
2018-10-11 11:46:32,999: rp.session.smic004.sdimitro.017815.0067: pmgr.0000.launching.0           : MainThread     : DEBUG   : get rcfg 1 for local.localhost_anaconda (8)
2018-10-11 11:46:32,999: rp.session.smic004.sdimitro.017815.0067: pmgr.0000.launching.0           : MainThread     : DEBUG   : get rcfg 2 for local.localhost_anaconda (8)
2018-10-11 11:46:33,001: rp.session.smic004.sdimitro.017815.0067: pmgr.0000.launching.0           : MainThread     : DEBUG   : get rcfg 1 for local.localhost_anaconda (8)
2018-10-11 11:46:33,006: rp.session.smic004.sdimitro.017815.0067: pmgr.0000.launching.0           : MainThread     : DEBUG   : get rcfg 2 for local.localhost_anaconda (8)
2018-10-11 11:46:33,006: rp.session.smic004.sdimitro.017815.0067: pmgr.0000.launching.0           : MainThread     : DEBUG   : rsup.PTYShell('fork://localhost/')
2018-10-11 11:46:35,047: rp.session.smic004.sdimitro.017815.0067: MainProcess                     : MainThread     : DEBUG   : bulk unit insert result: {'nModified': 0, 'nUpserted': 0, 'nMatched': 0, 'writeErrors': [], 'upserted': [], 'writeConcernErrors': [], 'nRemoved': 0, 'nInserted': 80}
2018-10-11 11:46:35,524: rp.session.smic004.sdimitro.017815.0067: pmgr.0000.launching.0           : MainThread     : DEBUG   : sandbox base fork://localhost/: '/home/sdimitro'
2018-10-11 12:04:29,829: rp.session.smic004.sdimitro.017815.0067: MainProcess                     : MainThread     : DEBUG   : session rp.session.smic004.sdimitro.017815.0067 closing
2018-10-11 12:04:29,830: rp.session.smic004.sdimitro.017815.0067: MainProcess                     : MainThread     : DEBUG   : session rp.session.smic004.sdimitro.017815.0067 closes umgr   umgr.0000
2018-10-11 12:04:35,370: rp.session.smic004.sdimitro.017815.0067: MainProcess                     : MainThread     : DEBUG   : session rp.session.smic004.sdimitro.017815.0067 closed umgr   umgr.0000
2018-10-11 12:04:35,371: rp.session.smic004.sdimitro.017815.0067: MainProcess                     : MainThread     : DEBUG   : session rp.session.smic004.sdimitro.017815.0067 closes pmgr   pmgr.0000
2018-10-11 12:04:36,366: rp.session.smic004.sdimitro.017815.0067: MainProcess                     : MainThread     : DEBUG   : session rp.session.smic004.sdimitro.017815.0067 closed pmgr   pmgr.0000
2018-10-11 12:04:36,366: rp.session.smic004.sdimitro.017815.0067: MainProcess                     : MainThread     : DEBUG   : session rp.session.smic004.sdimitro.017815.0067 closes comp   update.0
2018-10-11 12:04:36,366: rp.session.smic004.sdimitro.017815.0067: MainProcess                     : MainThread     : DEBUG   : update.0 stop called
2018-10-11 12:04:36,426: rp.session.smic004.sdimitro.017815.0067: update.0                        : MainThread     : DEBUG   : update.0.child stop called
2018-10-11 12:04:36,596: rp.session.smic004.sdimitro.017815.0067: update.0                        : MainThread     : DEBUG   : update.0.child stop called
2018-10-11 12:04:36,648: rp.session.smic004.sdimitro.017815.0067: MainProcess                     : MainThread     : DEBUG   : session rp.session.smic004.sdimitro.017815.0067 closed comp   update.0
2018-10-11 12:04:36,648: rp.session.smic004.sdimitro.017815.0067: MainProcess                     : MainThread     : DEBUG   : session rp.session.smic004.sdimitro.017815.0067 closes bridge control.pubsub.bridge.0000
2018-10-11 12:04:37,630: rp.session.smic004.sdimitro.017815.0067: MainProcess                     : MainThread     : DEBUG   : session rp.session.smic004.sdimitro.017815.0067 closed bridge control.pubsub.bridge.0000
2018-10-11 12:04:37,630: rp.session.smic004.sdimitro.017815.0067: MainProcess                     : MainThread     : DEBUG   : session rp.session.smic004.sdimitro.017815.0067 closes bridge state.pubsub.bridge.0000
2018-10-11 12:04:38,613: rp.session.smic004.sdimitro.017815.0067: MainProcess                     : MainThread     : DEBUG   : session rp.session.smic004.sdimitro.017815.0067 closed bridge state.pubsub.bridge.0000
2018-10-11 12:04:38,613: rp.session.smic004.sdimitro.017815.0067: MainProcess                     : MainThread     : DEBUG   : session rp.session.smic004.sdimitro.017815.0067 closes bridge log.pubsub.bridge.0000
2018-10-11 12:04:39,394: rp.session.smic004.sdimitro.017815.0067: MainProcess                     : MainThread     : DEBUG   : session rp.session.smic004.sdimitro.017815.0067 closed bridge log.pubsub.bridge.0000
2018-10-11 12:04:39,394: rp.session.smic004.sdimitro.017815.0067: MainProcess                     : MainThread     : DEBUG   : session rp.session.smic004.sdimitro.017815.0067 closes db (False)
2018-10-11 12:04:39,431: rp.session.smic004.sdimitro.017815.0067: MainProcess                     : MainThread     : DEBUG   : session rp.session.smic004.sdimitro.017815.0067 closed (delete=False)
2018-10-11 12:04:39,431: rp.session.smic004.sdimitro.017815.0067: MainProcess                     : MainThread     : DEBUG   : update.0 stop called
2018-10-11 12:04:39,435: rp.session.smic004.sdimitro.017815.0067: MainProcess                     : MainThread     : DEBUG   : start download
2018-10-11 12:04:40,224: rp.session.smic004.sdimitro.017815.0067: MainProcess                     : MainThread     : INFO    : session written to /home/sdimitro/rp.session.smic004.sdimitro.017815.0067/rp.session.smic004.sdimitro.017815.0067.json
2018-10-11 12:04:40,593: rp.session.smic004.sdimitro.017815.0067: MainProcess                     : MainThread     : DEBUG   : Session: rp.session.smic004.sdimitro.017815.0067
2018-10-11 12:04:40,594: rp.session.smic004.sdimitro.017815.0067: MainProcess                     : MainThread     : DEBUG   : Number of pilots in session: 1
2018-10-11 12:04:40,594: rp.session.smic004.sdimitro.017815.0067: MainProcess                     : MainThread     : DEBUG   : processing pilot 'pilot.0000'
2018-10-11 12:04:41,333: rp.session.smic004.sdimitro.017815.0067: MainProcess                     : MainThread     : INFO    : profiles tarball exists
2018-10-11 12:04:41,333: rp.session.smic004.sdimitro.017815.0067: MainProcess                     : MainThread     : INFO    : fetch 'file://localhost/home/sdimitro/radical.pilot.sandbox/rp.session.smic004.sdimitro.017815.0067/pilot.0000/pilot.0000.prof.tgz' to 'file://localhost/home/sdimitro/rp.session.smic004.sdimitro.017815.0067/'.
2018-10-11 12:04:41,648: rp.session.smic004.sdimitro.017815.0067: MainProcess                     : MainThread     : INFO    : Extract tarball /home/sdimitro/rp.session.smic004.sdimitro.017815.0067/pilot.0000.prof.tgz to '/home/sdimitro/rp.session.smic004.sdimitro.017815.0067/'.
2018-10-11 12:04:42,000: rp.session.smic004.sdimitro.017815.0067: MainProcess                     : MainThread     : INFO    : Session: rp.session.smic004.sdimitro.017815.0067
2018-10-11 12:04:42,000: rp.session.smic004.sdimitro.017815.0067: MainProcess                     : MainThread     : INFO    : Number of pilots in session: 1
2018-10-11 12:04:42,311: rp.session.smic004.sdimitro.017815.0067: MainProcess                     : MainThread     : INFO    : logfiles tarball exists
2018-10-11 12:04:42,311: rp.session.smic004.sdimitro.017815.0067: MainProcess                     : MainThread     : INFO    : Fetching 'file://localhost/home/sdimitro/radical.pilot.sandbox/rp.session.smic004.sdimitro.017815.0067/pilot.0000/pilot.0000.log.tgz' to 'file://localhost/home/sdimitro/rp.session.smic004.sdimitro.017815.0067/'.
2018-10-11 12:04:42,626: rp.session.smic004.sdimitro.017815.0067: MainProcess                     : MainThread     : DEBUG   : Extract tarball /home/sdimitro/rp.session.smic004.sdimitro.017815.0067/pilot.0000.log.tgz to /home/sdimitro/rp.session.smic004.sdimitro.017815.0067/
2018-10-11 12:04:42,692: rp.session.smic004.sdimitro.017815.0067: MainProcess                     : MainThread     : INFO    : tarball /home/sdimitro/rp.session.smic004.sdimitro.017815.0067/pilot.0000.log.tgz extracted to '/home/sdimitro/rp.session.smic004.sdimitro.017815.0067//pilot.0000/'.
