2018-10-11 11:08:36,169: control.pubsub.sub.0000: agent_0.staging.output.0        : MainThread     : INFO    : python.interpreter   version: 2.7.15 |Anaconda, Inc.| (default, Oct 10 2018, 21:32:13) [GCC 7.3.0]
2018-10-11 11:08:36,169: control.pubsub.sub.0000: agent_0.staging.output.0        : MainThread     : INFO    :                      pid/tid: 57091/MainThread
2018-10-11 11:08:36,170: control.pubsub.sub.0000: agent_0.staging.output.0        : MainThread     : INFO    : create control_pubsub - sub - tcp://204.90.41.2:42325
2018-10-11 11:08:36,170: control.pubsub.sub.0000: agent_0.staging.output.0        : MainThread     : DEBUG   : start process
2018-10-11 11:08:36,170: control.pubsub.sub.0000: agent_0.staging.output.0        : MainThread     : DEBUG   : ru_initialize_common (NOOP)
2018-10-11 11:08:36,170: control.pubsub.sub.0000: agent_0.staging.output.0        : MainThread     : DEBUG   : ru_initialize_parent (NOOP)
2018-10-11 11:08:36,170: control.pubsub.sub.0000: agent_0.staging.output.0        : MainThread     : DEBUG   : process class started (no child)
2018-10-11 11:08:36,434: control.pubsub.sub.0000: agent_0.scheduling.0            : MainThread     : INFO    : python.interpreter   version: 2.7.15 |Anaconda, Inc.| (default, Oct 10 2018, 21:32:13) [GCC 7.3.0]
2018-10-11 11:08:36,435: control.pubsub.sub.0000: agent_0.scheduling.0            : MainThread     : INFO    :                      pid/tid: 57111/MainThread
2018-10-11 11:08:36,435: control.pubsub.sub.0000: agent_0.scheduling.0            : MainThread     : INFO    : create control_pubsub - sub - tcp://204.90.41.2:42325
2018-10-11 11:08:36,435: control.pubsub.sub.0000: agent_0.scheduling.0            : MainThread     : DEBUG   : start process
2018-10-11 11:08:36,435: control.pubsub.sub.0000: agent_0.scheduling.0            : MainThread     : DEBUG   : ru_initialize_common (NOOP)
2018-10-11 11:08:36,435: control.pubsub.sub.0000: agent_0.scheduling.0            : MainThread     : DEBUG   : ru_initialize_parent (NOOP)
2018-10-11 11:08:36,435: control.pubsub.sub.0000: agent_0.scheduling.0            : MainThread     : DEBUG   : process class started (no child)
2018-10-11 11:08:36,712: control.pubsub.sub.0000: agent_0.staging.input.0         : MainThread     : INFO    : python.interpreter   version: 2.7.15 |Anaconda, Inc.| (default, Oct 10 2018, 21:32:13) [GCC 7.3.0]
2018-10-11 11:08:36,712: control.pubsub.sub.0000: agent_0.staging.input.0         : MainThread     : INFO    :                      pid/tid: 57141/MainThread
2018-10-11 11:08:36,712: control.pubsub.sub.0000: agent_0.staging.input.0         : MainThread     : INFO    : create control_pubsub - sub - tcp://204.90.41.2:42325
2018-10-11 11:08:36,713: control.pubsub.sub.0000: agent_0.staging.input.0         : MainThread     : DEBUG   : start process
2018-10-11 11:08:36,713: control.pubsub.sub.0000: agent_0.staging.input.0         : MainThread     : DEBUG   : ru_initialize_common (NOOP)
2018-10-11 11:08:36,713: control.pubsub.sub.0000: agent_0.staging.input.0         : MainThread     : DEBUG   : ru_initialize_parent (NOOP)
2018-10-11 11:08:36,713: control.pubsub.sub.0000: agent_0.staging.input.0         : MainThread     : DEBUG   : process class started (no child)
2018-10-11 11:08:36,918: control.pubsub.sub.0000: update.0                        : MainThread     : INFO    : python.interpreter   version: 2.7.15 |Anaconda, Inc.| (default, Oct 10 2018, 21:32:13) [GCC 7.3.0]
2018-10-11 11:08:36,918: control.pubsub.sub.0000: update.0                        : MainThread     : INFO    :                      pid/tid: 57164/MainThread
2018-10-11 11:08:36,918: control.pubsub.sub.0000: update.0                        : MainThread     : INFO    : create control_pubsub - sub - tcp://204.90.41.2:42325
2018-10-11 11:08:36,918: control.pubsub.sub.0000: update.0                        : MainThread     : DEBUG   : start process
2018-10-11 11:08:36,918: control.pubsub.sub.0000: update.0                        : MainThread     : DEBUG   : ru_initialize_common (NOOP)
2018-10-11 11:08:36,919: control.pubsub.sub.0000: update.0                        : MainThread     : DEBUG   : ru_initialize_parent (NOOP)
2018-10-11 11:08:36,919: control.pubsub.sub.0000: update.0                        : MainThread     : DEBUG   : process class started (no child)
2018-10-11 11:08:37,292: control.pubsub.sub.0000: agent_0.executing.0             : MainThread     : INFO    : python.interpreter   version: 2.7.15 |Anaconda, Inc.| (default, Oct 10 2018, 21:32:13) [GCC 7.3.0]
2018-10-11 11:08:37,292: control.pubsub.sub.0000: agent_0.executing.0             : MainThread     : INFO    :                      pid/tid: 57186/MainThread
2018-10-11 11:08:37,292: control.pubsub.sub.0000: agent_0.executing.0             : MainThread     : INFO    : create control_pubsub - sub - tcp://204.90.41.2:42325
2018-10-11 11:08:37,293: control.pubsub.sub.0000: agent_0.executing.0             : MainThread     : DEBUG   : start process
2018-10-11 11:08:37,293: control.pubsub.sub.0000: agent_0.executing.0             : MainThread     : DEBUG   : ru_initialize_common (NOOP)
2018-10-11 11:08:37,293: control.pubsub.sub.0000: agent_0.executing.0             : MainThread     : DEBUG   : ru_initialize_parent (NOOP)
2018-10-11 11:08:37,293: control.pubsub.sub.0000: agent_0.executing.0             : MainThread     : DEBUG   : process class started (no child)
2018-10-11 11:23:34,670: control.pubsub.sub.0000: agent_0.staging.output.0        : agent_0.staging.output.0.child.subscriber._cancel_monitor_cb: INFO    : parent stops child  57091 -> None [control.pubsub.sub.0000]
2018-10-11 11:23:34,670: control.pubsub.sub.0000: agent_0.staging.output.0        : agent_0.staging.output.0.child.subscriber._cancel_monitor_cb: DEBUG   : ru_finalize_parent (NOOP)
2018-10-11 11:23:34,670: control.pubsub.sub.0000: agent_0.staging.input.0         : agent_0.staging.input.0.child.subscriber._cancel_monitor_cb: INFO    : parent stops child  57141 -> None [control.pubsub.sub.0000]
2018-10-11 11:23:34,670: control.pubsub.sub.0000: agent_0.staging.input.0         : agent_0.staging.input.0.child.subscriber._cancel_monitor_cb: DEBUG   : ru_finalize_parent (NOOP)
2018-10-11 11:23:34,671: control.pubsub.sub.0000: agent_0.scheduling.0            : agent_0.scheduling.0.child.subscriber._cancel_monitor_cb: INFO    : parent stops child  57111 -> None [control.pubsub.sub.0000]
2018-10-11 11:23:34,671: control.pubsub.sub.0000: update.0                        : update.0.child.subscriber._cancel_monitor_cb: INFO    : parent stops child  57164 -> None [control.pubsub.sub.0000]
2018-10-11 11:23:34,671: control.pubsub.sub.0000: agent_0.scheduling.0            : agent_0.scheduling.0.child.subscriber._cancel_monitor_cb: DEBUG   : ru_finalize_parent (NOOP)
2018-10-11 11:23:34,671: control.pubsub.sub.0000: update.0                        : update.0.child.subscriber._cancel_monitor_cb: DEBUG   : ru_finalize_parent (NOOP)
2018-10-11 11:23:34,676: control.pubsub.sub.0000: agent_0.executing.0             : agent_0.executing.0.child.subscriber._cancel_monitor_cb: INFO    : parent stops child  57186 -> None [control.pubsub.sub.0000]
2018-10-11 11:23:34,676: control.pubsub.sub.0000: agent_0.executing.0             : agent_0.executing.0.child.subscriber._cancel_monitor_cb: DEBUG   : ru_finalize_parent (NOOP)
