2018-10-11 10:04:20,138: control.pubsub.sub.0000: agent_0.staging.output.0        : MainThread     : INFO    : python.interpreter   version: 2.7.15 |Anaconda, Inc.| (default, May 1 2018, 23:32:55) [GCC 7.2.0]
2018-10-11 10:04:20,138: control.pubsub.sub.0000: agent_0.staging.output.0        : MainThread     : INFO    :                      pid/tid: 100055/MainThread
2018-10-11 10:04:20,138: control.pubsub.sub.0000: agent_0.staging.output.0        : MainThread     : INFO    : create control_pubsub - sub - tcp://204.90.41.4:39817
2018-10-11 10:04:20,139: control.pubsub.sub.0000: agent_0.staging.output.0        : MainThread     : DEBUG   : start process
2018-10-11 10:04:20,139: control.pubsub.sub.0000: agent_0.staging.output.0        : MainThread     : DEBUG   : ru_initialize_common (NOOP)
2018-10-11 10:04:20,139: control.pubsub.sub.0000: agent_0.staging.output.0        : MainThread     : DEBUG   : ru_initialize_parent (NOOP)
2018-10-11 10:04:20,139: control.pubsub.sub.0000: agent_0.staging.output.0        : MainThread     : DEBUG   : process class started (no child)
2018-10-11 10:04:20,372: control.pubsub.sub.0000: agent_0.scheduling.0            : MainThread     : INFO    : python.interpreter   version: 2.7.15 |Anaconda, Inc.| (default, May 1 2018, 23:32:55) [GCC 7.2.0]
2018-10-11 10:04:20,372: control.pubsub.sub.0000: agent_0.scheduling.0            : MainThread     : INFO    :                      pid/tid: 100075/MainThread
2018-10-11 10:04:20,372: control.pubsub.sub.0000: agent_0.scheduling.0            : MainThread     : INFO    : create control_pubsub - sub - tcp://204.90.41.4:39817
2018-10-11 10:04:20,373: control.pubsub.sub.0000: agent_0.scheduling.0            : MainThread     : DEBUG   : start process
2018-10-11 10:04:20,373: control.pubsub.sub.0000: agent_0.scheduling.0            : MainThread     : DEBUG   : ru_initialize_common (NOOP)
2018-10-11 10:04:20,373: control.pubsub.sub.0000: agent_0.scheduling.0            : MainThread     : DEBUG   : ru_initialize_parent (NOOP)
2018-10-11 10:04:20,373: control.pubsub.sub.0000: agent_0.scheduling.0            : MainThread     : DEBUG   : process class started (no child)
2018-10-11 10:04:20,717: control.pubsub.sub.0000: agent_0.staging.input.0         : MainThread     : INFO    : python.interpreter   version: 2.7.15 |Anaconda, Inc.| (default, May 1 2018, 23:32:55) [GCC 7.2.0]
2018-10-11 10:04:20,717: control.pubsub.sub.0000: agent_0.staging.input.0         : MainThread     : INFO    :                      pid/tid: 100105/MainThread
2018-10-11 10:04:20,718: control.pubsub.sub.0000: agent_0.staging.input.0         : MainThread     : INFO    : create control_pubsub - sub - tcp://204.90.41.4:39817
2018-10-11 10:04:20,718: control.pubsub.sub.0000: agent_0.staging.input.0         : MainThread     : DEBUG   : start process
2018-10-11 10:04:20,718: control.pubsub.sub.0000: agent_0.staging.input.0         : MainThread     : DEBUG   : ru_initialize_common (NOOP)
2018-10-11 10:04:20,718: control.pubsub.sub.0000: agent_0.staging.input.0         : MainThread     : DEBUG   : ru_initialize_parent (NOOP)
2018-10-11 10:04:20,718: control.pubsub.sub.0000: agent_0.staging.input.0         : MainThread     : DEBUG   : process class started (no child)
2018-10-11 10:04:20,945: control.pubsub.sub.0000: update.0                        : MainThread     : INFO    : python.interpreter   version: 2.7.15 |Anaconda, Inc.| (default, May 1 2018, 23:32:55) [GCC 7.2.0]
2018-10-11 10:04:20,945: control.pubsub.sub.0000: update.0                        : MainThread     : INFO    :                      pid/tid: 100128/MainThread
2018-10-11 10:04:20,945: control.pubsub.sub.0000: update.0                        : MainThread     : INFO    : create control_pubsub - sub - tcp://204.90.41.4:39817
2018-10-11 10:04:20,945: control.pubsub.sub.0000: update.0                        : MainThread     : DEBUG   : start process
2018-10-11 10:04:20,945: control.pubsub.sub.0000: update.0                        : MainThread     : DEBUG   : ru_initialize_common (NOOP)
2018-10-11 10:04:20,945: control.pubsub.sub.0000: update.0                        : MainThread     : DEBUG   : ru_initialize_parent (NOOP)
2018-10-11 10:04:20,945: control.pubsub.sub.0000: update.0                        : MainThread     : DEBUG   : process class started (no child)
2018-10-11 10:04:21,560: control.pubsub.sub.0000: agent_0.executing.0             : MainThread     : INFO    : python.interpreter   version: 2.7.15 |Anaconda, Inc.| (default, May 1 2018, 23:32:55) [GCC 7.2.0]
2018-10-11 10:04:21,560: control.pubsub.sub.0000: agent_0.executing.0             : MainThread     : INFO    :                      pid/tid: 100150/MainThread
2018-10-11 10:04:21,560: control.pubsub.sub.0000: agent_0.executing.0             : MainThread     : INFO    : create control_pubsub - sub - tcp://204.90.41.4:39817
2018-10-11 10:04:21,561: control.pubsub.sub.0000: agent_0.executing.0             : MainThread     : DEBUG   : start process
2018-10-11 10:04:21,561: control.pubsub.sub.0000: agent_0.executing.0             : MainThread     : DEBUG   : ru_initialize_common (NOOP)
2018-10-11 10:04:21,561: control.pubsub.sub.0000: agent_0.executing.0             : MainThread     : DEBUG   : ru_initialize_parent (NOOP)
2018-10-11 10:04:21,561: control.pubsub.sub.0000: agent_0.executing.0             : MainThread     : DEBUG   : process class started (no child)
2018-10-11 10:19:18,646: control.pubsub.sub.0000: agent_0.scheduling.0            : agent_0.scheduling.0.child.subscriber._cancel_monitor_cb: INFO    : parent stops child  100075 -> None [control.pubsub.sub.0000]
2018-10-11 10:19:18,646: control.pubsub.sub.0000: agent_0.scheduling.0            : agent_0.scheduling.0.child.subscriber._cancel_monitor_cb: DEBUG   : ru_finalize_parent (NOOP)
2018-10-11 10:19:18,647: control.pubsub.sub.0000: agent_0.staging.input.0         : agent_0.staging.input.0.child.subscriber._cancel_monitor_cb: INFO    : parent stops child  100105 -> None [control.pubsub.sub.0000]
2018-10-11 10:19:18,647: control.pubsub.sub.0000: agent_0.staging.input.0         : agent_0.staging.input.0.child.subscriber._cancel_monitor_cb: DEBUG   : ru_finalize_parent (NOOP)
2018-10-11 10:19:18,649: control.pubsub.sub.0000: agent_0.staging.output.0        : agent_0.staging.output.0.child.subscriber._cancel_monitor_cb: INFO    : parent stops child  100055 -> None [control.pubsub.sub.0000]
2018-10-11 10:19:18,650: control.pubsub.sub.0000: agent_0.staging.output.0        : agent_0.staging.output.0.child.subscriber._cancel_monitor_cb: DEBUG   : ru_finalize_parent (NOOP)
2018-10-11 10:19:18,651: control.pubsub.sub.0000: update.0                        : update.0.child.subscriber._cancel_monitor_cb: INFO    : parent stops child  100128 -> None [control.pubsub.sub.0000]
2018-10-11 10:19:18,651: control.pubsub.sub.0000: update.0                        : update.0.child.subscriber._cancel_monitor_cb: DEBUG   : ru_finalize_parent (NOOP)
2018-10-11 10:19:18,652: control.pubsub.sub.0000: agent_0.executing.0             : agent_0.executing.0.child.subscriber._cancel_monitor_cb: INFO    : parent stops child  100150 -> None [control.pubsub.sub.0000]
2018-10-11 10:19:18,652: control.pubsub.sub.0000: agent_0.executing.0             : agent_0.executing.0.child.subscriber._cancel_monitor_cb: DEBUG   : ru_finalize_parent (NOOP)
