2018-10-11 10:19:55,216: pmgr.0000.launching.0: MainProcess                     : MainThread     : INFO    : python.interpreter   version: 2.7.15 |Anaconda, Inc.| (default, May 1 2018, 23:32:55) [GCC 7.2.0]
2018-10-11 10:19:55,216: pmgr.0000.launching.0: MainProcess                     : MainThread     : INFO    :                      pid/tid: 103321/MainThread
2018-10-11 10:19:55,217: pmgr.0000.launching.0: MainProcess                     : MainThread     : DEBUG   : alive check in term
2018-10-11 10:19:55,217: pmgr.0000.launching.0: MainProcess                     : MainThread     : DEBUG   : start process
2018-10-11 10:19:55,401: pmgr.0000.launching.0: MainProcess                     : MainThread     : INFO    : recv message: alive
2018-10-11 10:19:55,402: pmgr.0000.launching.0: MainProcess                     : MainThread     : INFO    : initialize pmgr.0000.launching.0
2018-10-11 10:19:55,403: pmgr.0000.launching.0: MainProcess                     : MainThread     : INFO    : cfg: {'agents': {},
 u'bridges': {u'control_pubsub': {'addr_in': 'tcp://204.90.41.4:35646',
                                  'addr_out': 'tcp://204.90.41.4:43931',
                                  u'bulk_size': 0,
                                  u'log_level': u'error',
                                  u'stall_hwm': 1},
              u'log_pubsub': {'addr_in': 'tcp://204.90.41.4:33014',
                              'addr_out': 'tcp://204.90.41.4:45414',
                              u'bulk_size': 0,
                              u'log_level': u'error',
                              u'stall_hwm': 1},
              u'pmgr_launching_queue': {'addr_in': 'tcp://204.90.41.4:40991',
                                        'addr_out': 'tcp://204.90.41.4:34590',
                                        u'bulk_size': 0,
                                        u'log_level': u'error',
                                        u'stall_hwm': 1},
              u'state_pubsub': {'addr_in': 'tcp://204.90.41.4:45403',
                                'addr_out': 'tcp://204.90.41.4:43231',
                                u'bulk_size': 0,
                                u'log_level': u'error',
                                u'stall_hwm': 1}},
 'cname': u'PMGRLaunchingComponent',
 u'components': {},
 u'count': 1,
 u'db_poll_sleeptime': 10.0,
 'number': 0,
 'owner': 'pmgr.0000',
 'uid': 'pmgr.0000'}
2018-10-11 10:19:55,403: pmgr.0000.launching.0: MainProcess                     : MainThread     : DEBUG   : alive check in term
2018-10-11 10:19:55,403: pmgr.0000.launching.0: MainProcess                     : MainThread     : DEBUG   : START: pmgr.0000.launching.0 register publisher log_pubsub
2018-10-11 10:19:55,403: pmgr.0000.launching.0: MainProcess                     : MainThread     : DEBUG   : using addr tcp://204.90.41.4:33014 for pubsub log_pubsub
2018-10-11 10:19:55,405: pmgr.0000.launching.0: MainProcess                     : MainThread     : DEBUG   : registered publisher : log_pubsub : log.pubsub.pub.0001
2018-10-11 10:19:55,405: pmgr.0000.launching.0: MainProcess                     : MainThread     : DEBUG   : alive check in term
2018-10-11 10:19:55,405: pmgr.0000.launching.0: MainProcess                     : MainThread     : DEBUG   : START: pmgr.0000.launching.0 register publisher state_pubsub
2018-10-11 10:19:55,405: pmgr.0000.launching.0: MainProcess                     : MainThread     : DEBUG   : using addr tcp://204.90.41.4:45403 for pubsub state_pubsub
2018-10-11 10:19:55,407: pmgr.0000.launching.0: MainProcess                     : MainThread     : DEBUG   : registered publisher : state_pubsub : state.pubsub.pub.0001
2018-10-11 10:19:55,407: pmgr.0000.launching.0: MainProcess                     : MainThread     : DEBUG   : alive check in term
2018-10-11 10:19:55,407: pmgr.0000.launching.0: MainProcess                     : MainThread     : DEBUG   : START: pmgr.0000.launching.0 register publisher control_pubsub
2018-10-11 10:19:55,407: pmgr.0000.launching.0: MainProcess                     : MainThread     : DEBUG   : using addr tcp://204.90.41.4:35646 for pubsub control_pubsub
2018-10-11 10:19:55,409: pmgr.0000.launching.0: MainProcess                     : MainThread     : DEBUG   : registered publisher : control_pubsub : control.pubsub.pub.0001
2018-10-11 10:19:55,409: pmgr.0000.launching.0: MainProcess                     : MainThread     : DEBUG   : parent name: pmgr.0000.launching.0.watch
2018-10-11 10:19:55,409: pmgr.0000.launching.0: MainProcess                     : MainThread     : DEBUG   : start thread
2018-10-11 10:19:55,409: pmgr.0000.launching.0: MainProcess                     : pmgr.0000.launching.0.watch: DEBUG   : child name: pmgr.0000.launching.0.watch.thread
2018-10-11 10:19:55,409: pmgr.0000.launching.0: MainProcess                     : pmgr.0000.launching.0.watch: INFO    : child (me) initializing
2018-10-11 10:19:55,410: pmgr.0000.launching.0: MainProcess                     : pmgr.0000.launching.0.watch: DEBUG   : ru_initialize_common (NOOP)
2018-10-11 10:19:55,410: pmgr.0000.launching.0: MainProcess                     : pmgr.0000.launching.0.watch: DEBUG   : ru_initialize_child (NOOP)
2018-10-11 10:19:55,410: pmgr.0000.launching.0: MainProcess                     : pmgr.0000.launching.0.watch: INFO    : send alive
2018-10-11 10:19:55,410: pmgr.0000.launching.0: MainProcess                     : pmgr.0000.launching.0.watch: INFO    : put message: [pmgr.0000.launching.0.watch.thread] alive
2018-10-11 10:19:55,411: pmgr.0000.launching.0: MainProcess                     : MainThread     : INFO    : get msg: alive
2018-10-11 10:19:55,411: pmgr.0000.launching.0: MainProcess                     : MainThread     : DEBUG   : ru_initialize_common (NOOP)
2018-10-11 10:19:55,411: pmgr.0000.launching.0: MainProcess                     : MainThread     : DEBUG   : ru_initialize_parent (NOOP)
2018-10-11 10:19:55,411: pmgr.0000.launching.0: MainProcess                     : MainThread     : DEBUG   : child thread pmgr.0000.launching.0.watch started
2018-10-11 10:19:55,411: pmgr.0000.launching.0: MainProcess                     : MainThread     : INFO    : child is alive
2018-10-11 10:19:55,411: pmgr.0000.launching.0: MainProcess                     : MainThread     : DEBUG   : process class started child
2018-10-11 10:35:51,195: pmgr.0000.launching.0: MainProcess                     : MainThread     : INFO    : stop pmgr.0000.launching.0 (103321 : 103413 : MainThread) [radical.pilot.pilot_manager.PilotManager.finalize_parent]
2018-10-11 10:35:51,199: pmgr.0000.launching.0: MainProcess                     : MainThread     : INFO    : parent stops child  103321 -> 103413 [pmgr.0000.launching.0]
2018-10-11 10:35:51,199: pmgr.0000.launching.0: MainProcess                     : MainThread     : INFO    : send message: [pmgr.0000.launching.0] STOP
2018-10-11 10:35:51,199: pmgr.0000.launching.0: MainProcess                     : MainThread     : DEBUG   : ru_finalize_common()
2018-10-11 10:35:51,199: pmgr.0000.launching.0: MainProcess                     : MainThread     : DEBUG   : TERM : pmgr.0000.launching.0 unregister publisher log_pubsub
2018-10-11 10:35:51,200: pmgr.0000.launching.0: MainProcess                     : pmgr.0000.launching.0.watch: INFO    : recv message: 
2018-10-11 10:35:51,200: pmgr.0000.launching.0: MainProcess                     : pmgr.0000.launching.0.watch: INFO    : message received: 
2018-10-11 10:35:51,200: pmgr.0000.launching.0: MainProcess                     : pmgr.0000.launching.0.watch: WARNING : received empty string, parent closed ep
2018-10-11 10:35:51,200: pmgr.0000.launching.0: MainProcess                     : pmgr.0000.launching.0.watch: INFO    : watcher closes
2018-10-11 10:35:51,200: pmgr.0000.launching.0: MainProcess                     : pmgr.0000.launching.0.watch: INFO    : put message: [pmgr.0000.launching.0.watch.thread] work finished
2018-10-11 10:35:51,200: pmgr.0000.launching.0: MainProcess                     : pmgr.0000.launching.0.watch: DEBUG   : ru_finalize_child (NOOP)
2018-10-11 10:35:51,200: pmgr.0000.launching.0: MainProcess                     : pmgr.0000.launching.0.watch: DEBUG   : ru_finalize_common (NOOP)
2018-10-11 10:35:51,200: pmgr.0000.launching.0: MainProcess                     : pmgr.0000.launching.0.watch: INFO    : put message: [pmgr.0000.launching.0.watch.thread] terminating
2018-10-11 10:35:51,204: pmgr.0000.launching.0: MainProcess                     : MainThread     : DEBUG   : unregistered publisher log_pubsub
2018-10-11 10:35:51,204: pmgr.0000.launching.0: MainProcess                     : MainThread     : DEBUG   : TERM : pmgr.0000.launching.0 unregister publisher state_pubsub
2018-10-11 10:35:51,209: pmgr.0000.launching.0: MainProcess                     : MainThread     : DEBUG   : unregistered publisher state_pubsub
2018-10-11 10:35:51,209: pmgr.0000.launching.0: MainProcess                     : MainThread     : DEBUG   : TERM : pmgr.0000.launching.0 unregister publisher control_pubsub
2018-10-11 10:35:51,214: pmgr.0000.launching.0: MainProcess                     : MainThread     : DEBUG   : unregistered publisher control_pubsub
2018-10-11 10:35:51,214: pmgr.0000.launching.0: MainProcess                     : MainThread     : DEBUG   : pmgr.0000.launching.0 close prof
2018-10-11 10:35:51,215: pmgr.0000.launching.0: MainProcess                     : MainThread     : INFO    : parent stops child
2018-10-11 10:35:51,215: pmgr.0000.launching.0: MainProcess                     : MainThread     : DEBUG   : ru_finalize_parent (NOOP)
2018-10-11 10:35:51,215: pmgr.0000.launching.0: MainProcess                     : MainThread     : DEBUG   : ru_finalize_common (NOOP)
2018-10-11 10:35:53,148: pmgr.0000.launching.0: MainProcess                     : MainThread     : INFO    : stop pmgr.0000.launching.0 (103321 : 103413 : MainThread) [radical.pilot.utils.component.PilotManager.ru_finalize_common]
2018-10-11 10:35:55,997: pmgr.0000.launching.0: MainProcess                     : MainThread     : INFO    : stop pmgr.0000.launching.0 (103321 : 103413 : MainThread) [radical.pilot.session.Session.close]
