2018-10-11 10:19:56,929: umgr.0000.staging.output.0.child: umgr.0000.staging.output.0      : MainThread     : INFO    : python.interpreter   version: 2.7.15 |Anaconda, Inc.| (default, May 1 2018, 23:32:55) [GCC 7.2.0]
2018-10-11 10:19:56,929: umgr.0000.staging.output.0.child: umgr.0000.staging.output.0      : MainThread     : INFO    :                      pid/tid: 103775/MainThread
2018-10-11 10:19:56,929: umgr.0000.staging.output.0.child: umgr.0000.staging.output.0      : MainThread     : INFO    : initialize umgr.0000.staging.output.0.child
2018-10-11 10:19:56,932: umgr.0000.staging.output.0.child: umgr.0000.staging.output.0      : MainThread     : INFO    : cfg: {'agents': {},
 u'bridges': {u'control_pubsub': {'addr_in': 'tcp://204.90.41.4:35646',
                                  'addr_out': 'tcp://204.90.41.4:43931',
                                  u'bulk_size': 0,
                                  u'log_level': u'error',
                                  u'stall_hwm': 1},
              u'log_pubsub': {'addr_in': 'tcp://204.90.41.4:33014',
                              'addr_out': 'tcp://204.90.41.4:45414',
                              u'bulk_size': 0,
                              u'log_level': u'error',
                              u'stall_hwm': 1},
              u'state_pubsub': {'addr_in': 'tcp://204.90.41.4:45403',
                                'addr_out': 'tcp://204.90.41.4:43231',
                                u'bulk_size': 0,
                                u'log_level': u'error',
                                u'stall_hwm': 1},
              u'umgr_reschedule_pubsub': {'addr_in': 'tcp://204.90.41.4:35683',
                                          'addr_out': 'tcp://204.90.41.4:45622',
                                          u'bulk_size': 0,
                                          u'log_level': u'error',
                                          u'stall_hwm': 1},
              u'umgr_scheduling_queue': {'addr_in': 'tcp://204.90.41.4:40857',
                                         'addr_out': 'tcp://204.90.41.4:34922',
                                         u'bulk_size': 0,
                                         u'log_level': u'error',
                                         u'stall_hwm': 1},
              u'umgr_staging_input_queue': {'addr_in': 'tcp://204.90.41.4:34194',
                                            'addr_out': 'tcp://204.90.41.4:45941',
                                            u'bulk_size': 0,
                                            u'log_level': u'error',
                                            u'stall_hwm': 1},
              u'umgr_staging_output_queue': {'addr_in': 'tcp://204.90.41.4:34460',
                                             'addr_out': 'tcp://204.90.41.4:44708',
                                             u'bulk_size': 0,
                                             u'log_level': u'error',
                                             u'stall_hwm': 1},
              u'umgr_unschedule_pubsub': {'addr_in': 'tcp://204.90.41.4:35815',
                                          'addr_out': 'tcp://204.90.41.4:44774',
                                          u'bulk_size': 0,
                                          u'log_level': u'error',
                                          u'stall_hwm': 1}},
 u'bulk_collection_size': 100,
 u'bulk_collection_time': 1.0,
 'cname': u'UMGRStagingOutputComponent',
 u'components': {},
 u'count': 1,
 u'db_poll_sleeptime': 1.0,
 'number': 0,
 'owner': 'umgr.0000',
 u'scheduler': u'round_robin',
 'uid': 'umgr.0000'}
2018-10-11 10:19:56,932: umgr.0000.staging.output.0.child: umgr.0000.staging.output.0      : MainThread     : DEBUG   : start components: {}
2018-10-11 10:19:56,932: umgr.0000.staging.output.0.child: umgr.0000.staging.output.0      : MainThread     : DEBUG   : alive check in term
2018-10-11 10:19:56,932: umgr.0000.staging.output.0.child: umgr.0000.staging.output.0      : MainThread     : DEBUG   : START: umgr.0000.staging.output.0.child register publisher log_pubsub
2018-10-11 10:19:56,932: umgr.0000.staging.output.0.child: umgr.0000.staging.output.0      : MainThread     : DEBUG   : using addr tcp://204.90.41.4:33014 for pubsub log_pubsub
2018-10-11 10:19:56,934: umgr.0000.staging.output.0.child: umgr.0000.staging.output.0      : MainThread     : DEBUG   : registered publisher : log_pubsub : log.pubsub.pub.0004
2018-10-11 10:19:56,934: umgr.0000.staging.output.0.child: umgr.0000.staging.output.0      : MainThread     : DEBUG   : alive check in term
2018-10-11 10:19:56,934: umgr.0000.staging.output.0.child: umgr.0000.staging.output.0      : MainThread     : DEBUG   : START: umgr.0000.staging.output.0.child register publisher state_pubsub
2018-10-11 10:19:56,934: umgr.0000.staging.output.0.child: umgr.0000.staging.output.0      : MainThread     : DEBUG   : using addr tcp://204.90.41.4:45403 for pubsub state_pubsub
2018-10-11 10:19:56,936: umgr.0000.staging.output.0.child: umgr.0000.staging.output.0      : MainThread     : DEBUG   : registered publisher : state_pubsub : state.pubsub.pub.0004
2018-10-11 10:19:56,936: umgr.0000.staging.output.0.child: umgr.0000.staging.output.0      : MainThread     : DEBUG   : alive check in term
2018-10-11 10:19:56,936: umgr.0000.staging.output.0.child: umgr.0000.staging.output.0      : MainThread     : DEBUG   : START: umgr.0000.staging.output.0.child register publisher control_pubsub
2018-10-11 10:19:56,936: umgr.0000.staging.output.0.child: umgr.0000.staging.output.0      : MainThread     : DEBUG   : using addr tcp://204.90.41.4:35646 for pubsub control_pubsub
2018-10-11 10:19:56,937: umgr.0000.staging.output.0.child: umgr.0000.staging.output.0      : MainThread     : DEBUG   : registered publisher : control_pubsub : control.pubsub.pub.0004
2018-10-11 10:19:56,938: umgr.0000.staging.output.0.child: umgr.0000.staging.output.0      : MainThread     : DEBUG   : alive check in term
2018-10-11 10:19:56,938: umgr.0000.staging.output.0.child: umgr.0000.staging.output.0      : MainThread     : DEBUG   : START: umgr.0000.staging.output.0.child register subscriber umgr.0000.staging.output.0.child.subscriber._cancel_monitor_cb
2018-10-11 10:19:56,938: umgr.0000.staging.output.0.child: umgr.0000.staging.output.0      : MainThread     : DEBUG   : using addr tcp://204.90.41.4:43931 for pubsub control_pubsub
2018-10-11 10:19:56,940: umgr.0000.staging.output.0.child: umgr.0000.staging.output.0      : MainThread     : DEBUG   : parent name: umgr.0000.staging.output.0.child.subscriber._cancel_monitor_cb
2018-10-11 10:19:56,940: umgr.0000.staging.output.0.child: umgr.0000.staging.output.0      : MainThread     : DEBUG   : start thread
2018-10-11 10:19:56,940: umgr.0000.staging.output.0.child: umgr.0000.staging.output.0      : umgr.0000.staging.output.0.child.subscriber._cancel_monitor_cb: DEBUG   : child name: umgr.0000.staging.output.0.child.subscriber._cancel_monitor_cb.thread
2018-10-11 10:19:56,940: umgr.0000.staging.output.0.child: umgr.0000.staging.output.0      : umgr.0000.staging.output.0.child.subscriber._cancel_monitor_cb: INFO    : child (me) initializing
2018-10-11 10:19:56,940: umgr.0000.staging.output.0.child: umgr.0000.staging.output.0      : umgr.0000.staging.output.0.child.subscriber._cancel_monitor_cb: DEBUG   : ru_initialize_common (NOOP)
2018-10-11 10:19:56,940: umgr.0000.staging.output.0.child: umgr.0000.staging.output.0      : umgr.0000.staging.output.0.child.subscriber._cancel_monitor_cb: DEBUG   : ru_initialize_child (NOOP)
2018-10-11 10:19:56,940: umgr.0000.staging.output.0.child: umgr.0000.staging.output.0      : umgr.0000.staging.output.0.child.subscriber._cancel_monitor_cb: INFO    : send alive
2018-10-11 10:19:56,940: umgr.0000.staging.output.0.child: umgr.0000.staging.output.0      : umgr.0000.staging.output.0.child.subscriber._cancel_monitor_cb: INFO    : put message: [umgr.0000.staging.output.0.child.subscriber._cancel_monitor_cb.thread] alive
2018-10-11 10:19:56,941: umgr.0000.staging.output.0.child: umgr.0000.staging.output.0      : MainThread     : INFO    : get msg: alive
2018-10-11 10:19:56,941: umgr.0000.staging.output.0.child: umgr.0000.staging.output.0      : MainThread     : DEBUG   : ru_initialize_common (NOOP)
2018-10-11 10:19:56,941: umgr.0000.staging.output.0.child: umgr.0000.staging.output.0      : MainThread     : DEBUG   : ru_initialize_parent (NOOP)
2018-10-11 10:19:56,941: umgr.0000.staging.output.0.child: umgr.0000.staging.output.0      : MainThread     : DEBUG   : child thread umgr.0000.staging.output.0.child.subscriber._cancel_monitor_cb started
2018-10-11 10:19:56,942: umgr.0000.staging.output.0.child: umgr.0000.staging.output.0      : MainThread     : DEBUG   : umgr.0000.staging.output.0.child registered control_pubsub subscriber umgr.0000.staging.output.0.child.subscriber._cancel_monitor_cb
2018-10-11 10:19:56,942: umgr.0000.staging.output.0.child: umgr.0000.staging.output.0      : MainThread     : DEBUG   : alive check in term
2018-10-11 10:19:56,942: umgr.0000.staging.output.0.child: umgr.0000.staging.output.0      : MainThread     : DEBUG   : using addr tcp://204.90.41.4:44708 for input umgr_staging_output_queue
2018-10-11 10:19:56,943: umgr.0000.staging.output.0.child: umgr.0000.staging.output.0      : MainThread     : DEBUG   : registered input umgr.0000.staging.output.0.child.work.UMGR_STAGING_OUTPUT_PENDING
2018-10-11 10:19:56,943: umgr.0000.staging.output.0.child: umgr.0000.staging.output.0      : MainThread     : DEBUG   : START: umgr.0000.staging.output.0.child register input UMGR_STAGING_OUTPUT_PENDING: umgr.0000.staging.output.0.child.work.UMGR_STAGING_OUTPUT_PENDING
2018-10-11 10:19:56,944: umgr.0000.staging.output.0.child: umgr.0000.staging.output.0      : MainThread     : DEBUG   : registered worker work [UMGR_STAGING_OUTPUT_PENDING]
2018-10-11 10:19:56,944: umgr.0000.staging.output.0.child: umgr.0000.staging.output.0      : MainThread     : INFO    : child (me) initializing
2018-10-11 10:19:56,944: umgr.0000.staging.output.0.child: umgr.0000.staging.output.0      : MainThread     : DEBUG   : parent name: umgr.0000.staging.output.0.child.watch
2018-10-11 10:19:56,944: umgr.0000.staging.output.0.child: umgr.0000.staging.output.0      : MainThread     : DEBUG   : start thread
2018-10-11 10:19:56,944: umgr.0000.staging.output.0.child: umgr.0000.staging.output.0      : umgr.0000.staging.output.0.child.watch: DEBUG   : child name: umgr.0000.staging.output.0.child.watch.thread
2018-10-11 10:19:56,944: umgr.0000.staging.output.0.child: umgr.0000.staging.output.0      : umgr.0000.staging.output.0.child.watch: INFO    : child (me) initializing
2018-10-11 10:19:56,944: umgr.0000.staging.output.0.child: umgr.0000.staging.output.0      : umgr.0000.staging.output.0.child.watch: DEBUG   : ru_initialize_common (NOOP)
2018-10-11 10:19:56,944: umgr.0000.staging.output.0.child: umgr.0000.staging.output.0      : umgr.0000.staging.output.0.child.watch: DEBUG   : ru_initialize_child (NOOP)
2018-10-11 10:19:56,944: umgr.0000.staging.output.0.child: umgr.0000.staging.output.0      : umgr.0000.staging.output.0.child.watch: INFO    : send alive
2018-10-11 10:19:56,944: umgr.0000.staging.output.0.child: umgr.0000.staging.output.0      : umgr.0000.staging.output.0.child.watch: INFO    : put message: [umgr.0000.staging.output.0.child.watch.thread] alive
2018-10-11 10:19:56,945: umgr.0000.staging.output.0.child: umgr.0000.staging.output.0      : MainThread     : INFO    : get msg: alive
2018-10-11 10:19:56,945: umgr.0000.staging.output.0.child: umgr.0000.staging.output.0      : MainThread     : DEBUG   : ru_initialize_common (NOOP)
2018-10-11 10:19:56,945: umgr.0000.staging.output.0.child: umgr.0000.staging.output.0      : MainThread     : DEBUG   : ru_initialize_parent (NOOP)
2018-10-11 10:19:56,945: umgr.0000.staging.output.0.child: umgr.0000.staging.output.0      : MainThread     : DEBUG   : child thread umgr.0000.staging.output.0.child.watch started
2018-10-11 10:19:56,945: umgr.0000.staging.output.0.child: umgr.0000.staging.output.0      : MainThread     : INFO    : child (me) is alive
2018-10-11 10:19:56,945: umgr.0000.staging.output.0.child: umgr.0000.staging.output.0      : MainThread     : INFO    : send alive
2018-10-11 10:19:56,945: umgr.0000.staging.output.0.child: umgr.0000.staging.output.0      : MainThread     : INFO    : send message: [umgr.0000.staging.output.0.child] alive
2018-10-11 10:19:57,271: umgr.0000.staging.output.0.child: umgr.0000.staging.output.0      : umgr.0000.staging.output.0.child.subscriber._cancel_monitor_cb: DEBUG   : command ignored: add_pilots
2018-10-11 10:25:46,506: umgr.0000.staging.output.0.child: umgr.0000.staging.output.0      : MainThread     : DEBUG   : got unit (unit.000047)
2018-10-11 10:25:46,510: umgr.0000.staging.output.0.child: umgr.0000.staging.output.0      : MainThread     : DEBUG   : advance bulk size: 1 [False, True]
2018-10-11 10:25:46,510: umgr.0000.staging.output.0.child: umgr.0000.staging.output.0      : MainThread     : DEBUG   : advance bulk size: 1 [True, True]
2018-10-11 10:25:46,510: umgr.0000.staging.output.0.child: umgr.0000.staging.output.0      : MainThread     : DEBUG   : final unit.000047 [DONE]
2018-10-11 10:26:17,909: umgr.0000.staging.output.0.child: umgr.0000.staging.output.0      : MainThread     : DEBUG   : got unit (unit.000043)
2018-10-11 10:26:17,909: umgr.0000.staging.output.0.child: umgr.0000.staging.output.0      : MainThread     : DEBUG   : advance bulk size: 1 [False, True]
2018-10-11 10:26:17,909: umgr.0000.staging.output.0.child: umgr.0000.staging.output.0      : MainThread     : DEBUG   : advance bulk size: 1 [True, True]
2018-10-11 10:26:17,909: umgr.0000.staging.output.0.child: umgr.0000.staging.output.0      : MainThread     : DEBUG   : final unit.000043 [DONE]
2018-10-11 10:27:02,700: umgr.0000.staging.output.0.child: umgr.0000.staging.output.0      : MainThread     : DEBUG   : got unit (unit.000057)
2018-10-11 10:27:02,700: umgr.0000.staging.output.0.child: umgr.0000.staging.output.0      : MainThread     : DEBUG   : advance bulk size: 1 [False, True]
2018-10-11 10:27:02,700: umgr.0000.staging.output.0.child: umgr.0000.staging.output.0      : MainThread     : DEBUG   : advance bulk size: 1 [True, True]
2018-10-11 10:27:02,700: umgr.0000.staging.output.0.child: umgr.0000.staging.output.0      : MainThread     : DEBUG   : final unit.000057 [DONE]
2018-10-11 10:27:09,755: umgr.0000.staging.output.0.child: umgr.0000.staging.output.0      : MainThread     : DEBUG   : got unit (unit.000061)
2018-10-11 10:27:09,755: umgr.0000.staging.output.0.child: umgr.0000.staging.output.0      : MainThread     : DEBUG   : advance bulk size: 1 [False, True]
2018-10-11 10:27:09,755: umgr.0000.staging.output.0.child: umgr.0000.staging.output.0      : MainThread     : DEBUG   : advance bulk size: 1 [True, True]
2018-10-11 10:27:09,755: umgr.0000.staging.output.0.child: umgr.0000.staging.output.0      : MainThread     : DEBUG   : final unit.000061 [DONE]
2018-10-11 10:27:26,331: umgr.0000.staging.output.0.child: umgr.0000.staging.output.0      : MainThread     : DEBUG   : got unit (unit.000056)
2018-10-11 10:27:26,331: umgr.0000.staging.output.0.child: umgr.0000.staging.output.0      : MainThread     : DEBUG   : advance bulk size: 1 [False, True]
2018-10-11 10:27:26,331: umgr.0000.staging.output.0.child: umgr.0000.staging.output.0      : MainThread     : DEBUG   : advance bulk size: 1 [True, True]
2018-10-11 10:27:26,331: umgr.0000.staging.output.0.child: umgr.0000.staging.output.0      : MainThread     : DEBUG   : final unit.000056 [DONE]
2018-10-11 10:27:42,865: umgr.0000.staging.output.0.child: umgr.0000.staging.output.0      : MainThread     : DEBUG   : got unit (unit.000060)
2018-10-11 10:27:42,865: umgr.0000.staging.output.0.child: umgr.0000.staging.output.0      : MainThread     : DEBUG   : advance bulk size: 1 [False, True]
2018-10-11 10:27:42,865: umgr.0000.staging.output.0.child: umgr.0000.staging.output.0      : MainThread     : DEBUG   : advance bulk size: 1 [True, True]
2018-10-11 10:27:42,865: umgr.0000.staging.output.0.child: umgr.0000.staging.output.0      : MainThread     : DEBUG   : final unit.000060 [DONE]
2018-10-11 10:28:43,709: umgr.0000.staging.output.0.child: umgr.0000.staging.output.0      : MainThread     : DEBUG   : got unit (unit.000050)
2018-10-11 10:28:43,709: umgr.0000.staging.output.0.child: umgr.0000.staging.output.0      : MainThread     : DEBUG   : advance bulk size: 1 [False, True]
2018-10-11 10:28:43,710: umgr.0000.staging.output.0.child: umgr.0000.staging.output.0      : MainThread     : DEBUG   : advance bulk size: 1 [True, True]
2018-10-11 10:28:43,710: umgr.0000.staging.output.0.child: umgr.0000.staging.output.0      : MainThread     : DEBUG   : final unit.000050 [DONE]
2018-10-11 10:30:13,789: umgr.0000.staging.output.0.child: umgr.0000.staging.output.0      : MainThread     : DEBUG   : got unit (unit.000046)
2018-10-11 10:30:13,791: umgr.0000.staging.output.0.child: umgr.0000.staging.output.0      : MainThread     : DEBUG   : advance bulk size: 1 [False, True]
2018-10-11 10:30:13,791: umgr.0000.staging.output.0.child: umgr.0000.staging.output.0      : MainThread     : DEBUG   : advance bulk size: 1 [True, True]
2018-10-11 10:30:13,791: umgr.0000.staging.output.0.child: umgr.0000.staging.output.0      : MainThread     : DEBUG   : final unit.000046 [DONE]
2018-10-11 10:30:16,175: umgr.0000.staging.output.0.child: umgr.0000.staging.output.0      : MainThread     : DEBUG   : got unit (unit.000048)
2018-10-11 10:30:16,175: umgr.0000.staging.output.0.child: umgr.0000.staging.output.0      : MainThread     : DEBUG   : advance bulk size: 1 [False, True]
2018-10-11 10:30:16,175: umgr.0000.staging.output.0.child: umgr.0000.staging.output.0      : MainThread     : DEBUG   : advance bulk size: 1 [True, True]
2018-10-11 10:30:16,176: umgr.0000.staging.output.0.child: umgr.0000.staging.output.0      : MainThread     : DEBUG   : final unit.000048 [DONE]
2018-10-11 10:30:53,327: umgr.0000.staging.output.0.child: umgr.0000.staging.output.0      : MainThread     : DEBUG   : got unit (unit.000052)
2018-10-11 10:30:53,327: umgr.0000.staging.output.0.child: umgr.0000.staging.output.0      : MainThread     : DEBUG   : advance bulk size: 1 [False, True]
2018-10-11 10:30:53,327: umgr.0000.staging.output.0.child: umgr.0000.staging.output.0      : MainThread     : DEBUG   : advance bulk size: 1 [True, True]
2018-10-11 10:30:53,327: umgr.0000.staging.output.0.child: umgr.0000.staging.output.0      : MainThread     : DEBUG   : final unit.000052 [DONE]
2018-10-11 10:30:56,905: umgr.0000.staging.output.0.child: umgr.0000.staging.output.0      : MainThread     : DEBUG   : got unit (unit.000040)
2018-10-11 10:30:56,905: umgr.0000.staging.output.0.child: umgr.0000.staging.output.0      : MainThread     : DEBUG   : advance bulk size: 1 [False, True]
2018-10-11 10:30:56,906: umgr.0000.staging.output.0.child: umgr.0000.staging.output.0      : MainThread     : DEBUG   : advance bulk size: 1 [True, True]
2018-10-11 10:30:56,906: umgr.0000.staging.output.0.child: umgr.0000.staging.output.0      : MainThread     : DEBUG   : final unit.000040 [DONE]
2018-10-11 10:31:41,444: umgr.0000.staging.output.0.child: umgr.0000.staging.output.0      : MainThread     : DEBUG   : got unit (unit.000044)
2018-10-11 10:31:41,444: umgr.0000.staging.output.0.child: umgr.0000.staging.output.0      : MainThread     : DEBUG   : advance bulk size: 1 [False, True]
2018-10-11 10:31:41,444: umgr.0000.staging.output.0.child: umgr.0000.staging.output.0      : MainThread     : DEBUG   : advance bulk size: 1 [True, True]
2018-10-11 10:31:41,444: umgr.0000.staging.output.0.child: umgr.0000.staging.output.0      : MainThread     : DEBUG   : final unit.000044 [DONE]
2018-10-11 10:31:55,574: umgr.0000.staging.output.0.child: umgr.0000.staging.output.0      : MainThread     : DEBUG   : got unit (unit.000049)
2018-10-11 10:31:55,574: umgr.0000.staging.output.0.child: umgr.0000.staging.output.0      : MainThread     : DEBUG   : advance bulk size: 1 [False, True]
2018-10-11 10:31:55,575: umgr.0000.staging.output.0.child: umgr.0000.staging.output.0      : MainThread     : DEBUG   : advance bulk size: 1 [True, True]
2018-10-11 10:31:55,575: umgr.0000.staging.output.0.child: umgr.0000.staging.output.0      : MainThread     : DEBUG   : final unit.000049 [DONE]
2018-10-11 10:32:20,414: umgr.0000.staging.output.0.child: umgr.0000.staging.output.0      : MainThread     : DEBUG   : got unit (unit.000045)
2018-10-11 10:32:20,414: umgr.0000.staging.output.0.child: umgr.0000.staging.output.0      : MainThread     : DEBUG   : advance bulk size: 1 [False, True]
2018-10-11 10:32:20,414: umgr.0000.staging.output.0.child: umgr.0000.staging.output.0      : MainThread     : DEBUG   : advance bulk size: 1 [True, True]
2018-10-11 10:32:20,414: umgr.0000.staging.output.0.child: umgr.0000.staging.output.0      : MainThread     : DEBUG   : final unit.000045 [DONE]
2018-10-11 10:32:29,809: umgr.0000.staging.output.0.child: umgr.0000.staging.output.0      : MainThread     : DEBUG   : got unit (unit.000054)
2018-10-11 10:32:29,809: umgr.0000.staging.output.0.child: umgr.0000.staging.output.0      : MainThread     : DEBUG   : advance bulk size: 1 [False, True]
2018-10-11 10:32:29,809: umgr.0000.staging.output.0.child: umgr.0000.staging.output.0      : MainThread     : DEBUG   : advance bulk size: 1 [True, True]
2018-10-11 10:32:29,809: umgr.0000.staging.output.0.child: umgr.0000.staging.output.0      : MainThread     : DEBUG   : final unit.000054 [DONE]
2018-10-11 10:32:36,923: umgr.0000.staging.output.0.child: umgr.0000.staging.output.0      : MainThread     : DEBUG   : got unit (unit.000067)
2018-10-11 10:32:36,924: umgr.0000.staging.output.0.child: umgr.0000.staging.output.0      : MainThread     : DEBUG   : advance bulk size: 1 [False, True]
2018-10-11 10:32:36,924: umgr.0000.staging.output.0.child: umgr.0000.staging.output.0      : MainThread     : DEBUG   : advance bulk size: 1 [True, True]
2018-10-11 10:32:36,924: umgr.0000.staging.output.0.child: umgr.0000.staging.output.0      : MainThread     : DEBUG   : final unit.000067 [DONE]
2018-10-11 10:32:47,567: umgr.0000.staging.output.0.child: umgr.0000.staging.output.0      : MainThread     : DEBUG   : got unit (unit.000051)
2018-10-11 10:32:47,567: umgr.0000.staging.output.0.child: umgr.0000.staging.output.0      : MainThread     : DEBUG   : advance bulk size: 1 [False, True]
2018-10-11 10:32:47,567: umgr.0000.staging.output.0.child: umgr.0000.staging.output.0      : MainThread     : DEBUG   : advance bulk size: 1 [True, True]
2018-10-11 10:32:47,567: umgr.0000.staging.output.0.child: umgr.0000.staging.output.0      : MainThread     : DEBUG   : final unit.000051 [DONE]
2018-10-11 10:33:12,363: umgr.0000.staging.output.0.child: umgr.0000.staging.output.0      : MainThread     : DEBUG   : got unit (unit.000042)
2018-10-11 10:33:12,363: umgr.0000.staging.output.0.child: umgr.0000.staging.output.0      : MainThread     : DEBUG   : advance bulk size: 1 [False, True]
2018-10-11 10:33:12,363: umgr.0000.staging.output.0.child: umgr.0000.staging.output.0      : MainThread     : DEBUG   : advance bulk size: 1 [True, True]
2018-10-11 10:33:12,363: umgr.0000.staging.output.0.child: umgr.0000.staging.output.0      : MainThread     : DEBUG   : final unit.000042 [DONE]
2018-10-11 10:33:47,887: umgr.0000.staging.output.0.child: umgr.0000.staging.output.0      : MainThread     : DEBUG   : got unit (unit.000059)
2018-10-11 10:33:47,887: umgr.0000.staging.output.0.child: umgr.0000.staging.output.0      : MainThread     : DEBUG   : advance bulk size: 1 [False, True]
2018-10-11 10:33:47,887: umgr.0000.staging.output.0.child: umgr.0000.staging.output.0      : MainThread     : DEBUG   : advance bulk size: 1 [True, True]
2018-10-11 10:33:47,888: umgr.0000.staging.output.0.child: umgr.0000.staging.output.0      : MainThread     : DEBUG   : final unit.000059 [DONE]
2018-10-11 10:33:49,069: umgr.0000.staging.output.0.child: umgr.0000.staging.output.0      : MainThread     : DEBUG   : got unit (unit.000041)
2018-10-11 10:33:49,069: umgr.0000.staging.output.0.child: umgr.0000.staging.output.0      : MainThread     : DEBUG   : advance bulk size: 1 [False, True]
2018-10-11 10:33:49,069: umgr.0000.staging.output.0.child: umgr.0000.staging.output.0      : MainThread     : DEBUG   : advance bulk size: 1 [True, True]
2018-10-11 10:33:49,069: umgr.0000.staging.output.0.child: umgr.0000.staging.output.0      : MainThread     : DEBUG   : final unit.000041 [DONE]
2018-10-11 10:34:16,234: umgr.0000.staging.output.0.child: umgr.0000.staging.output.0      : MainThread     : DEBUG   : got unit (unit.000063)
2018-10-11 10:34:16,234: umgr.0000.staging.output.0.child: umgr.0000.staging.output.0      : MainThread     : DEBUG   : advance bulk size: 1 [False, True]
2018-10-11 10:34:16,234: umgr.0000.staging.output.0.child: umgr.0000.staging.output.0      : MainThread     : DEBUG   : advance bulk size: 1 [True, True]
2018-10-11 10:34:16,235: umgr.0000.staging.output.0.child: umgr.0000.staging.output.0      : MainThread     : DEBUG   : final unit.000063 [DONE]
2018-10-11 10:34:21,003: umgr.0000.staging.output.0.child: umgr.0000.staging.output.0      : MainThread     : DEBUG   : got unit (unit.000066)
2018-10-11 10:34:21,003: umgr.0000.staging.output.0.child: umgr.0000.staging.output.0      : MainThread     : DEBUG   : advance bulk size: 1 [False, True]
2018-10-11 10:34:21,003: umgr.0000.staging.output.0.child: umgr.0000.staging.output.0      : MainThread     : DEBUG   : advance bulk size: 1 [True, True]
2018-10-11 10:34:21,003: umgr.0000.staging.output.0.child: umgr.0000.staging.output.0      : MainThread     : DEBUG   : final unit.000066 [DONE]
2018-10-11 10:34:33,961: umgr.0000.staging.output.0.child: umgr.0000.staging.output.0      : MainThread     : DEBUG   : got unit (unit.000055)
2018-10-11 10:34:33,961: umgr.0000.staging.output.0.child: umgr.0000.staging.output.0      : MainThread     : DEBUG   : advance bulk size: 1 [False, True]
2018-10-11 10:34:33,961: umgr.0000.staging.output.0.child: umgr.0000.staging.output.0      : MainThread     : DEBUG   : advance bulk size: 1 [True, True]
2018-10-11 10:34:33,961: umgr.0000.staging.output.0.child: umgr.0000.staging.output.0      : MainThread     : DEBUG   : final unit.000055 [DONE]
2018-10-11 10:34:39,920: umgr.0000.staging.output.0.child: umgr.0000.staging.output.0      : MainThread     : DEBUG   : got unit (unit.000053)
2018-10-11 10:34:39,920: umgr.0000.staging.output.0.child: umgr.0000.staging.output.0      : MainThread     : DEBUG   : advance bulk size: 1 [False, True]
2018-10-11 10:34:39,920: umgr.0000.staging.output.0.child: umgr.0000.staging.output.0      : MainThread     : DEBUG   : advance bulk size: 1 [True, True]
2018-10-11 10:34:39,920: umgr.0000.staging.output.0.child: umgr.0000.staging.output.0      : MainThread     : DEBUG   : final unit.000053 [DONE]
2018-10-11 10:35:07,115: umgr.0000.staging.output.0.child: umgr.0000.staging.output.0      : MainThread     : DEBUG   : got unit (unit.000058)
2018-10-11 10:35:07,115: umgr.0000.staging.output.0.child: umgr.0000.staging.output.0      : MainThread     : DEBUG   : advance bulk size: 1 [False, True]
2018-10-11 10:35:07,115: umgr.0000.staging.output.0.child: umgr.0000.staging.output.0      : MainThread     : DEBUG   : advance bulk size: 1 [True, True]
2018-10-11 10:35:07,115: umgr.0000.staging.output.0.child: umgr.0000.staging.output.0      : MainThread     : DEBUG   : final unit.000058 [DONE]
2018-10-11 10:35:20,124: umgr.0000.staging.output.0.child: umgr.0000.staging.output.0      : MainThread     : DEBUG   : got unit (unit.000062)
2018-10-11 10:35:20,125: umgr.0000.staging.output.0.child: umgr.0000.staging.output.0      : MainThread     : DEBUG   : advance bulk size: 1 [False, True]
2018-10-11 10:35:20,125: umgr.0000.staging.output.0.child: umgr.0000.staging.output.0      : MainThread     : DEBUG   : advance bulk size: 1 [True, True]
2018-10-11 10:35:20,125: umgr.0000.staging.output.0.child: umgr.0000.staging.output.0      : MainThread     : DEBUG   : final unit.000062 [DONE]
2018-10-11 10:35:45,264: umgr.0000.staging.output.0.child: umgr.0000.staging.output.0      : umgr.0000.staging.output.0.child.watch: INFO    : recv message: STOP
2018-10-11 10:35:45,268: umgr.0000.staging.output.0.child: umgr.0000.staging.output.0      : umgr.0000.staging.output.0.child.watch: INFO    : message received: STOP
2018-10-11 10:35:45,268: umgr.0000.staging.output.0.child: umgr.0000.staging.output.0      : umgr.0000.staging.output.0.child.watch: INFO    : STOP received: STOP
2018-10-11 10:35:45,268: umgr.0000.staging.output.0.child: umgr.0000.staging.output.0      : umgr.0000.staging.output.0.child.watch: INFO    : watcher closes
2018-10-11 10:35:45,268: umgr.0000.staging.output.0.child: umgr.0000.staging.output.0      : umgr.0000.staging.output.0.child.watch: INFO    : put message: [umgr.0000.staging.output.0.child.watch.thread] work finished
2018-10-11 10:35:45,268: umgr.0000.staging.output.0.child: umgr.0000.staging.output.0      : umgr.0000.staging.output.0.child.watch: DEBUG   : ru_finalize_child (NOOP)
2018-10-11 10:35:45,268: umgr.0000.staging.output.0.child: umgr.0000.staging.output.0      : umgr.0000.staging.output.0.child.watch: DEBUG   : ru_finalize_common (NOOP)
2018-10-11 10:35:45,268: umgr.0000.staging.output.0.child: umgr.0000.staging.output.0      : umgr.0000.staging.output.0.child.watch: INFO    : put message: [umgr.0000.staging.output.0.child.watch.thread] terminating
2018-10-11 10:35:46,254: umgr.0000.staging.output.0.child: umgr.0000.staging.output.0      : MainThread     : DEBUG   : ru_finalize_common()
2018-10-11 10:35:46,254: umgr.0000.staging.output.0.child: umgr.0000.staging.output.0      : MainThread     : WARNING : alive check: proc invalid - stop [False - True]
2018-10-11 10:35:46,332: umgr.0000.staging.output.0.child: umgr.0000.staging.output.0      : MainThread     : INFO    : stop umgr.0000.staging.output.0.child (103775 : 103775 : MainThread) [radical.utils.process.Default.is_valid]
2018-10-11 10:35:46,333: umgr.0000.staging.output.0.child: umgr.0000.staging.output.0      : MainThread     : INFO    : parent stops child  103775 -> 103775 [umgr.0000.staging.output.0.child]
2018-10-11 10:35:46,333: umgr.0000.staging.output.0.child: umgr.0000.staging.output.0      : MainThread     : INFO    : send message: [umgr.0000.staging.output.0.child] STOP
2018-10-11 10:35:46,333: umgr.0000.staging.output.0.child: umgr.0000.staging.output.0      : MainThread     : WARNING : send failed ([Errno 9] Bad file descriptor) - terminate
2018-10-11 10:35:46,333: umgr.0000.staging.output.0.child: umgr.0000.staging.output.0      : MainThread     : DEBUG   : ru_finalize_common()
2018-10-11 10:35:46,333: umgr.0000.staging.output.0.child: umgr.0000.staging.output.0      : MainThread     : DEBUG   : TERM : umgr.0000.staging.output.0.child unregister publisher log_pubsub
2018-10-11 10:35:46,335: umgr.0000.staging.output.0.child: umgr.0000.staging.output.0      : MainThread     : DEBUG   : unregistered publisher log_pubsub
2018-10-11 10:35:46,335: umgr.0000.staging.output.0.child: umgr.0000.staging.output.0      : MainThread     : DEBUG   : TERM : umgr.0000.staging.output.0.child unregister publisher state_pubsub
2018-10-11 10:35:46,336: umgr.0000.staging.output.0.child: umgr.0000.staging.output.0      : MainThread     : DEBUG   : unregistered publisher state_pubsub
2018-10-11 10:35:46,336: umgr.0000.staging.output.0.child: umgr.0000.staging.output.0      : MainThread     : DEBUG   : TERM : umgr.0000.staging.output.0.child unregister publisher control_pubsub
2018-10-11 10:35:46,341: umgr.0000.staging.output.0.child: umgr.0000.staging.output.0      : MainThread     : DEBUG   : unregistered publisher control_pubsub
2018-10-11 10:35:46,341: umgr.0000.staging.output.0.child: umgr.0000.staging.output.0      : MainThread     : DEBUG   : umgr.0000.staging.output.0.child close prof
2018-10-11 10:35:46,342: umgr.0000.staging.output.0.child: umgr.0000.staging.output.0      : MainThread     : INFO    : parent stops child
2018-10-11 10:35:46,342: umgr.0000.staging.output.0.child: umgr.0000.staging.output.0      : MainThread     : DEBUG   : ru_finalize_parent (NOOP)
2018-10-11 10:35:46,342: umgr.0000.staging.output.0.child: umgr.0000.staging.output.0      : MainThread     : DEBUG   : ru_finalize_common (NOOP)
2018-10-11 10:35:46,342: umgr.0000.staging.output.0.child: umgr.0000.staging.output.0      : MainThread     : INFO    : parent stops child
2018-10-11 10:35:46,342: umgr.0000.staging.output.0.child: umgr.0000.staging.output.0      : MainThread     : DEBUG   : ru_finalize_parent (NOOP)
2018-10-11 10:35:46,342: umgr.0000.staging.output.0.child: umgr.0000.staging.output.0      : umgr.0000.staging.output.0.child.subscriber._cancel_monitor_cb: DEBUG   : ru_finalize_child (NOOP)
2018-10-11 10:35:46,342: umgr.0000.staging.output.0.child: umgr.0000.staging.output.0      : umgr.0000.staging.output.0.child.subscriber._cancel_monitor_cb: INFO    : put message: [umgr.0000.staging.output.0.child.subscriber._cancel_monitor_cb.thread] terminating
2018-10-11 10:35:46,343: umgr.0000.staging.output.0.child: umgr.0000.staging.output.0      : MainThread     : WARNING : super umgr.0000.staging.output.0.child is invalid
2018-10-11 10:35:46,343: umgr.0000.staging.output.0.child: umgr.0000.staging.output.0      : MainThread     : WARNING : component umgr.0000.staging.output.0.child is invalid
2018-10-11 10:35:46,344: umgr.0000.staging.output.0.child: umgr.0000.staging.output.0      : MainThread     : INFO    : stop umgr.0000.staging.output.0.child (103775 : 103775 : MainThread) [radical.pilot.utils.component.Default.is_valid]
2018-10-11 10:35:46,344: umgr.0000.staging.output.0.child: umgr.0000.staging.output.0      : MainThread     : WARNING : publisher log_pubsub is not registered
2018-10-11 10:35:46,344: umgr.0000.staging.output.0.child: umgr.0000.staging.output.0      : MainThread     : WARNING : publisher state_pubsub is not registered
2018-10-11 10:35:46,344: umgr.0000.staging.output.0.child: umgr.0000.staging.output.0      : MainThread     : WARNING : publisher control_pubsub is not registered
2018-10-11 10:35:46,344: umgr.0000.staging.output.0.child: umgr.0000.staging.output.0      : MainThread     : DEBUG   : umgr.0000.staging.output.0.child close prof
2018-10-11 10:35:46,344: umgr.0000.staging.output.0.child: umgr.0000.staging.output.0      : MainThread     : INFO    : send message: [umgr.0000.staging.output.0.child] terminating
2018-10-11 10:35:46,345: umgr.0000.staging.output.0.child: umgr.0000.staging.output.0      : MainThread     : WARNING : send failed ([Errno 9] Bad file descriptor) - terminate
2018-10-11 10:35:46,345: umgr.0000.staging.output.0.child: umgr.0000.staging.output.0      : MainThread     : INFO    : parent stops child
